   *** running Tcl script ... ***
   ***   -*- Tcl script done -*- ***
  -*- memory usage : 418.40MB -*-
  -*- CPU Time :     0.17s -*-
   *** running Tcl script ... ***
   ***   -*- Tcl script done -*- ***
  -*- memory usage : 418.40MB -*-
  -*- CPU Time :     0.17s -*-
   *** running Tcl script ... ***
   ***   -*- Tcl script done -*- ***
  -*- memory usage : 421.36MB -*-
  -*- CPU Time :     0.17s -*-
   *** running Tcl script ... ***
   ***   -*- Tcl script done -*- ***
  -*- memory usage : 421.36MB -*-
  -*- CPU Time :     0.17s -*-
   *** running Tcl script ... ***
   ***   -*- Tcl script done -*- ***
  -*- memory usage : 421.36MB -*-
  -*- CPU Time :     0.17s -*-
sx_set_data_directory {/home/Cordero_Matamoros_I_2024_vlsi/simulation/tarea_2,compleja_def,schematic/history_1/simulation/default/PrimeSimHSPICE/nominal/results}
   *** running Tcl script ... ***
   ***   -*- Tcl script done -*- ***
  -*- memory usage : 421.75MB -*-
  -*- CPU Time :     0.18s -*-
[16:19:35.480] I| Created new database /home/Cordero_Matamoros_I_2024_vlsi/simulation/tarea_2,compleja_def,schematic/history_1/simulation/default/FineSimProVCS/nominal/results/post_results.db
[16:19:35.480] I| Setup simulation complete: 
    results directory: /home/Cordero_Matamoros_I_2024_vlsi/simulation/tarea_2,compleja_def,schematic/history_1/simulation/default/FineSimProVCS/nominal/results 
    post database directory: /home/Cordero_Matamoros_I_2024_vlsi/simulation/tarea_2,compleja_def,schematic/history_1/simulation/default/FineSimProVCS/nominal/results
   *** loading waveform file /home/Cordero_Matamoros_I_2024_vlsi/simulation/tarea_2,compleja_def,schematic/history_1/simulation/default/FineSimProVCS/nominal/results/resultsMap.xml ... ***
   *** loading waveform file /home/Cordero_Matamoros_I_2024_vlsi/simulation/tarea_2,compleja_def,schematic/history_1/simulation/default/FineSimProVCS/nominal/results/inter.fsdb ... ***
   *** Loading waveform file finished ***
   *** Evaluating Equations... ***
Nominal: Start to call cckDBHandler to create handler
Nominal: Start to integrate database
Start to post process[16:19:36.530] I| Start generating post results database...
[16:19:36.530] I| Clear post result data in database.
[16:19:36.550] I| Create Post WDF File ...n/default/FineSimProVCS/nominal/results/post1.wave
[16:19:36.550] I| Generate post results database complete.
sx_exit
   *** running Tcl script ... ***
   ***   -*- Tcl script done -*- ***
  -*- memory usage : 418.40MB -*-
  -*- CPU Time :     0.17s -*-
   *** running Tcl script ... ***
   ***   -*- Tcl script done -*- ***
  -*- memory usage : 418.40MB -*-
  -*- CPU Time :     0.17s -*-
   *** running Tcl script ... ***
   ***   -*- Tcl script done -*- ***
  -*- memory usage : 421.36MB -*-
  -*- CPU Time :     0.17s -*-
   *** running Tcl script ... ***
   ***   -*- Tcl script done -*- ***
  -*- memory usage : 421.36MB -*-
  -*- CPU Time :     0.18s -*-
   *** running Tcl script ... ***
   ***   -*- Tcl script done -*- ***
  -*- memory usage : 421.36MB -*-
  -*- CPU Time :     0.18s -*-
sx_set_data_directory {/home/Cordero_Matamoros_I_2024_vlsi/simulation/tarea_2,compleja_def,schematic/history_1/simulation/default/FineSimProVCS/nominal/results}
   *** running Tcl script ... ***
   ***   -*- Tcl script done -*- ***
  -*- memory usage : 421.75MB -*-
  -*- CPU Time :     0.18s -*-
sx_exit
