[15:46:06.11] /o 
              /c                    PrimeWave Design Environment
              /c 
              /c            Version U-2023.03-SP2 for linux64 - Aug 24, 2023 00:53:01 
              /c 
              /c                     Copyright (c) 2000 - 2023 Synopsys, Inc.
              /c    This software and the associated documentation are proprietary to Synopsys,
              /c  Inc. This software may only be used in accordance with the terms and conditions
              /c  of a written license agreement with Synopsys, Inc. All other use, reproduction,
              /c    or distribution of this software is strictly prohibited.  Licensed Products
              /c      communicate with Synopsys servers for the purpose of providing software
              /c     updates, detecting software piracy and verifying that customers are using
              /c     Licensed Products in conformity with the applicable License Key for such
              /c   Licensed Products. Synopsys will use information gathered in connection with
              /c     this process to deliver software updates and pursue software pirates and
              /c                                    infringers.
              /c 
              /c  Inclusivity & Diversity - Visit SolvNetPlus to read the "Synopsys Statement on
              /c             Inclusivity and Diversity" (Refer to article 000036315 at
              /c                         https://solvnetplus.synopsys.com)
              /c 
              /c Build  (OPT) Config 9117514 compiled on Wed Aug 23 10:56:58 2023 for CentOS64 7.3
              /c Invocation: /mnt/vol_synopsys2023/synopsys/primewave/U-2023.03-SP2/linux64/platform/bin/primewave_st -gui 0 -log pw_shell_session4_job1 -libDefFile /mnt/vol_NFS_rh003/Est_VLSI_I_2024/Cordero_Matamoros_I_2024_vlsi/tarea_2/lib.defs
              /c Execution time: Mon Apr 29 15:46:03 2024
              /c Host: redhat003
              /c 
[15:46:06.14] /m Information: Started sharing "Custom WaveView ADV" license. (WAVEFORM-110)
[15:46:06.14] /m Information: Started sharing "Primewave" license. (WAVEFORM-110)
[15:46:06.14] /m Information: Feature 'SynopsysCustomSAE' checked out. (LICENSE-003)
[15:46:08.85] /r giShowFrameTabs true
[15:46:08.85] /r giWindowId 1
[15:46:08.85] /r giWindowGeometry 1040x800
[15:46:08.92] /i ::sa::_backgroundSaeShell::signalProcessReady 1714427162 539908
[15:46:08.92] /o saeInterBGSaeShell:  ::sa::_backgroundSaeShell::processReady 6
[15:46:08.93] /i ::wf::updateViewerLicense 2
[15:46:09.43] /i ::wf::updateViewerLicense 2
[15:47:18.37] /i ::sa::_backgroundSaeShell::runScript /home/Cordero_Matamoros_I_2024_vlsi/simulation/tarea_2,compleja_def,schematic/bg_script.tcl 0 sa::_testSuite::netlistAndRun::structNetlistingDone scriptDir /home/Cordero_Matamoros_I_2024_vlsi/simulation/tarea_2,compleja_def,schematic testSuiteName saeSession2 cmdArgs {default 1 1 0 1 0} taskId 2 isReRun 1
[15:47:18.81] /w Warning: The environment option digitalOutputDataFormat is reset to FineSimProVCS default.
[15:47:18.81] /w Warning: The environment option mergedFile is reset to FineSimProVCS default.
[15:47:18.81] /w Warning: The environment option compilationOptions is reset to FineSimProVCS default.
[15:47:18.81] /w Warning: The environment option vhdlanOptions is reset to FineSimProVCS default.
[15:47:18.81] /w Warning: The environment option elaborationOptions is reset to FineSimProVCS default.
[15:47:18.81] /w Warning: The environment option analogSimulatorOptions is reset to FineSimProVCS default.
[15:47:18.81] /w Warning: The environment option numProcesses is reset to FineSimProVCS default.
[15:47:18.81] /w Warning: The environment option outputDataFormat is reset to FineSimProVCS default.
[15:47:18.81] /w Warning: The environment option commandLineOptions is reset to FineSimProVCS default.
[15:47:18.81] /w Warning: The environment option switchViewList is reset to FineSimProVCS default.
[15:47:18.81] /w Warning: The environment option stopViewList is reset to FineSimProVCS default.
[15:47:18.98] /o 
[15:47:18.98] /o <> -------------------------------------------
[15:47:18.98] /o <>
[15:47:18.98] /o <> Loading XFAB PDK components
[15:47:18.98] /o <>  basic                            O.K
[15:47:19.00] /o <>  exports                          O.K
[15:47:19.00] /o <>  custom                           O.K
[15:47:19.01] /o <>  cdf                              O.K
[15:47:19.01] /o <>  netlisting                       O.K
[15:47:19.02] /o <>  useability                       WRN
[15:47:19.03] /e Error: "Following error happened during execution of ::gi::_giConsoleMessenger::_addToWindowType procedure during TCL callback Error: There are no registered attributes for object type 'string'. (TCL_OBJECT-008)" (POSTMAN-005)
[15:47:19.03] /o <>  synopsys                         O.K
[15:47:19.06] /o <>  pcellkit                         O.K
[15:47:19.07] /o <>  trigger_callbacks                O.K
[15:47:19.07] /o <> Loading XFAB PDK preferences
[15:47:19.08] /w Warning: Could not set the value of preference xtDRCTool because it does not exist. (PREFERENCE-016)
[15:47:19.08] /w Warning: Could not set the value of preference xtLVSTool because it does not exist. (PREFERENCE-016)
[15:47:19.08] /w Warning: Could not set the value of preference xtLVSSchNetlister because it does not exist. (PREFERENCE-016)
[15:47:19.08] /w Warning: Could not set the value of preference xtLPELVSTool because it does not exist. (PREFERENCE-016)
[15:47:19.08] /w Warning: Could not set the value of preference lxSplit because it does not exist. (PREFERENCE-016)
[15:47:19.08] /w Warning: Could not set the value of preference lxMFactorNames because it does not exist. (PREFERENCE-016)
[15:47:19.08] /w Warning: Could not set the value of preference lxTopBottomPinLPP because it does not exist. (PREFERENCE-016)
[15:47:19.08] /w Warning: Could not set the value of preference lxLeftRightPinLPP because it does not exist. (PREFERENCE-016)
[15:47:19.08] /w Warning: Preference 'nlPromoteTerms' is deprecated and scheduled for removal in a future release with no replacement. For migration assistance, see the Custom Compiler Tcl Reference Manual. (PREFERENCE-058)
[15:47:19.08] /w Warning: Could not set the value of preference xtPVLayerMapFile because it does not exist. (PREFERENCE-016)
[15:47:19.08] /w Warning: Could not set the value of preference xtLPEStarRunsetFile because it does not exist. (PREFERENCE-016)
[15:47:19.08] /w Warning: Could not set the value of preference xtStarTcadGrdFile because it does not exist. (PREFERENCE-016)
[15:47:19.08] /w Warning: Could not set the value of preference xtDRCICVIncludePaths because it does not exist. (PREFERENCE-016)
[15:47:19.08] /w Warning: Could not set the value of preference xtLVSICVIncludePaths because it does not exist. (PREFERENCE-016)
[15:47:19.08] /w Warning: Could not set the value of preference xtCDLViewSearchList because it does not exist. (PREFERENCE-016)
[15:47:19.08] /w Warning: Could not set the value of preference xtCDLViewStopList because it does not exist. (PREFERENCE-016)
[15:47:19.08] /w Warning: Could not set the value of preference xtDRCICVRunsetFile because it does not exist. (PREFERENCE-016)
[15:47:19.08] /w Warning: Could not set the value of preference xtLVSICVRunsetFile because it does not exist. (PREFERENCE-016)
[15:47:19.08] /w Warning: Could not set the value of preference xtDRCICVControlVars because it does not exist. (PREFERENCE-016)
[15:47:19.08] /w Warning: Could not set the value of preference xtLVSICVControlVars because it does not exist. (PREFERENCE-016)
[15:47:19.08] /o <> Loading Calibre presets for XFAB PDK
[15:47:19.08] /w Warning: Could not set the value of preference xtCalibreNetlistExportNetlisterEnabled because it does not exist. (PREFERENCE-016)
[15:47:19.08] /w Warning: Could not set the value of preference xtCalibreNetlistExportNetlister because it does not exist. (PREFERENCE-016)
[15:47:19.08] /w Warning: Could not set the value of preference xtCalibreNetlistExportViewList because it does not exist. (PREFERENCE-016)
[15:47:19.08] /w Warning: Could not set the value of preference xtCalibreNetlistExportStopList because it does not exist. (PREFERENCE-016)
[15:47:19.08] /o <> Loading .xfabrc user script
[15:47:19.08] /o <>
[15:47:19.08] /o <> -------------------------------------------
[15:47:19.08] /o <>
[15:47:19.08] /o <> Technology     xt018
[15:47:19.08] /o <> Version        v12_1_1_1
[15:47:19.08] /o <> LibCode        1243
[15:47:19.08] /o <> Core           LP 1.8V
[15:47:19.08] /o <> Metal          Thin4
[15:47:19.08] /o <> TopMetal       METTP&METTPL
[15:47:19.08] /o <>
[15:47:19.08] /o <> -------------------------------------------
[15:47:19.08] /o 
[15:47:19.08] /m Information: WARNLOAD  /mnt/vol_synopsys2023/pdks/xfab/design/xkit/xt018/synopsys/v12_1/PDK/CustomCompiler/v12_1_1_1/scripts/useability/xt018_mimant_check.tcl
[15:47:19.41] /w Warning: Preference 'dbParamTrimTrailingZeroesAfterDecimalPoint' is deprecated and scheduled for removal in a future release with no replacement. For migration assistance, see the Custom Compiler Tcl Reference Manual. (PREFERENCE-058)
[15:47:19.44] /w Warning: Error: Initializing startup file ':/auxx/layout_editor/startup.tcl' failed:
              /c Error: Initializing startup file ':/auxx/constraints/startup.tcl' failed:
              /c Error: Initializing startup file ':/auxx/constraints/bindings.tcl' failed:
              /c Error: Could not execute command 'gi::createBinding' because the supplied object 'cmDelete' for argument '-action' is invalid: Action with specified name does not exist. (COMMAND-026) (STARTUP-002) (STARTUP-002) (STARTUP-002)
[15:47:19.46] /w Warning: Preference 'nlNanoSimShortPropNames' is deprecated and scheduled for removal in a future release. Use 'nlNanoSimIgnorePropNames' instead. For migration assistance, see the Custom Compiler Tcl Reference Manual. (PREFERENCE-070)
[15:47:19.46] /w Warning: Preference 'nlCDLPromoteConnectDefsAtTop' is deprecated and scheduled for removal in a future release. Use 'nlCDLTopVirtualTerms' instead. For migration assistance, see the Custom Compiler Tcl Reference Manual. (PREFERENCE-070)
[15:47:19.46] /w Warning: Preference 'nlVerilogShortPropNames' is deprecated and scheduled for removal in a future release. Use 'nlVerilogIgnorePropNames' instead. For migration assistance, see the Custom Compiler Tcl Reference Manual. (PREFERENCE-070)
[15:47:19.46] /w Warning: Preference 'nlCDLShortPropNames' is deprecated and scheduled for removal in a future release. Use 'nlCDLIgnorePropNames' instead. For migration assistance, see the Custom Compiler Tcl Reference Manual. (PREFERENCE-070)
[15:47:19.46] /w Warning: Preference 'nlEldoShortPropNames' is deprecated and scheduled for removal in a future release. Use 'nlEldoIgnorePropNames' instead. For migration assistance, see the Custom Compiler Tcl Reference Manual. (PREFERENCE-070)
[15:47:19.46] /w Warning: Preference 'nlSpectreAMSShortPropNames' is deprecated and scheduled for removal in a future release. Use 'nlSpectreAMSIgnorePropNames' instead. For migration assistance, see the Custom Compiler Tcl Reference Manual. (PREFERENCE-070)
[15:47:19.46] /w Warning: Preference 'nlVHDLShortPropNames' is deprecated and scheduled for removal in a future release. Use 'nlVHDLIgnorePropNames' instead. For migration assistance, see the Custom Compiler Tcl Reference Manual. (PREFERENCE-070)
[15:47:19.46] /w Warning: Preference 'nlVerilogICCShortPropNames' is deprecated and scheduled for removal in a future release. Use 'nlVerilogICCIgnorePropNames' instead. For migration assistance, see the Custom Compiler Tcl Reference Manual. (PREFERENCE-070)
[15:47:19.46] /w Warning: Preference 'nlPromoteTerms' is deprecated and scheduled for removal in a future release with no replacement. For migration assistance, see the Custom Compiler Tcl Reference Manual. (PREFERENCE-058)
[15:47:19.46] /w Warning: Preference 'nlAMSShortPropNames' is deprecated and scheduled for removal in a future release. Use 'nlAMSIgnorePropNames' instead. For migration assistance, see the Custom Compiler Tcl Reference Manual. (PREFERENCE-070)
[15:47:19.46] /w Warning: Preference 'nlSpectreShortPropNames' is deprecated and scheduled for removal in a future release. Use 'nlSpectreIgnorePropNames' instead. For migration assistance, see the Custom Compiler Tcl Reference Manual. (PREFERENCE-070)
[15:47:19.46] /w Warning: Preference 'nlHSPICEShortPropNames' is deprecated and scheduled for removal in a future release. Use 'nlHSPICEIgnorePropNames' instead. For migration assistance, see the Custom Compiler Tcl Reference Manual. (PREFERENCE-070)
[15:47:19.48] /o saeInterBGSaeShell:  ::sa::netlistAndRun::updateBgNRunMsg /home/Cordero_Matamoros_I_2024_vlsi/simulation/tarea_2,compleja_def,schematic/history_1/simulation/default/FineSimProVCS/nominal/results "Creating structural netlist for testbench default ..." 0 1
[15:47:19.50] /m Information: "Starting incremental netlisting for design "tarea_2/compleja_def/schematic"..." (NETLISTING-010)
[15:47:19.51] /o Netlisting
[15:47:19.65] /o No Design Integrity rule violations found in "tarea_2/compleja_def/schematic"
[15:47:19.65] /o Scanning: tarea_2/compleja_def/schematic
[15:47:19.76] /m Information: 
[15:47:19.76] /o Checking "tarea_2/compleja_def_not/schematic"
[15:47:19.77] /o No rule violations found in "tarea_2/compleja_def_not/schematic"
[15:47:19.77] /o Scanning: tarea_2/compleja_def_not/schematic
[15:47:19.78] /o Scanning: D_CELLS_HDLL/INHDLLX0/functional
[15:47:19.79] /o Computing terminal lists
[15:47:19.79] /o Processing terminals of module tarea_2/compleja_def_not/schematic
[15:47:19.80] /o Processing terminals of module tarea_2/compleja_def/schematic
[15:47:19.81] /o Creating output directories
[15:47:19.82] /o Netlisting
[15:47:19.83] /o Formatting tarea_2/compleja_def/schematic
[15:47:19.88] /m Information: "tarea_2 compleja_def schematic" renetlisted. (NETLISTING-056)
[15:47:19.89] /m Information: "Netlisting design "tarea_2/compleja_def/schematic" finished successfully." (NETLISTING-012)
[15:47:19.89] /m Information: Composing simulator input file for design "tarea_2/compleja_def/schematic"...
[15:47:21.87] /o 
[15:47:21.87] /o Analyzing Hierarchy
[15:47:21.87] /o Finalizing
[15:47:21.87] /m Information: Simulator input file composed successfully for design "tarea_2/compleja_def/schematic"
[15:47:21.87] /o saeInterBGSaeShell:  ::sa::netlistAndRun::updateBgNRunMsg /home/Cordero_Matamoros_I_2024_vlsi/simulation/tarea_2,compleja_def,schematic/history_1/simulation/default/FineSimProVCS/nominal/results "Creating final netlist for testbench default ..." 0 0
[15:47:22.15] /o 
[15:47:23.52] /o saeInterBGSaeShell:  ::sa::netlistAndRun::updateBgNRunMsg /home/Cordero_Matamoros_I_2024_vlsi/simulation/tarea_2,compleja_def,schematic/history_1/simulation/default/FineSimProVCS/nominal/results "Composing simulation job for testbench default - Nominal " 1 1
[15:47:23.53] /o saeInterBGSaeShell:  ::sa::_backgroundSaeShell::scriptFinished 5.1 {} sa::_testSuite::netlistAndRun::structNetlistingDone scriptDir /home/Cordero_Matamoros_I_2024_vlsi/simulation/tarea_2,compleja_def,schematic testSuiteName saeSession2 cmdArgs {default 1 1 0 1 0} taskId 2 isReRun 1
[15:47:23.53] /o false
[15:47:23.54] /i db::setAttr geometry -of [gi::getFrames 1] -value 1014x710+5+52
[15:47:56.15] /i ::sa::_backgroundSaeShell::runScript /home/Cordero_Matamoros_I_2024_vlsi/simulation/tarea_2,compleja_def,schematic/history_1/simulation/default/FineSimProVCS/nominal/.bg_measurement_script.tcl 0 sa::_resultsDatabase::saeShellProcessingCompletedProc testSuiteName saeSession2 uniqueSessionName {} testbenchName default resultsDir /home/Cordero_Matamoros_I_2024_vlsi/simulation/tarea_2,compleja_def,schematic/history_1/simulation/default/FineSimProVCS/nominal/results testSuiteDir /home/Cordero_Matamoros_I_2024_vlsi/simulation/tarea_2,compleja_def,schematic/history_1/simulation/default/FineSimProVCS/nominal databaseName /home/Cordero_Matamoros_I_2024_vlsi/simulation/tarea_2,compleja_def,schematic/history_1/simulation/default/FineSimProVCS/nominal/resultsDatabase remoteRun {} testbenchId 1 saveImages true
[15:47:56.16] /m Information: Feature 'SynopsysCustomSAE' checked in. (LICENSE-004)
[15:47:56.16] /o 
[15:47:56.17] /m Information: Feature 'SynopsysCustomSAE' checked out. (LICENSE-003)
[15:47:56.21] /w Warning: The environment option digitalOutputDataFormat is reset to FineSimProVCS default.
[15:47:56.21] /w Warning: The environment option mergedFile is reset to FineSimProVCS default.
[15:47:56.21] /w Warning: The environment option compilationOptions is reset to FineSimProVCS default.
[15:47:56.21] /w Warning: The environment option vhdlanOptions is reset to FineSimProVCS default.
[15:47:56.21] /w Warning: The environment option elaborationOptions is reset to FineSimProVCS default.
[15:47:56.21] /w Warning: The environment option analogSimulatorOptions is reset to FineSimProVCS default.
[15:47:56.21] /w Warning: The environment option numProcesses is reset to FineSimProVCS default.
[15:47:56.21] /w Warning: The environment option outputDataFormat is reset to FineSimProVCS default.
[15:47:56.21] /w Warning: The environment option commandLineOptions is reset to FineSimProVCS default.
[15:47:56.21] /w Warning: The environment option switchViewList is reset to FineSimProVCS default.
[15:47:56.21] /w Warning: The environment option stopViewList is reset to FineSimProVCS default.
[15:47:56.26] /m Information: Loading preferences from /home/Cordero_Matamoros_I_2024_vlsi/simulation/tarea_2,compleja_def,schematic/history_1/simulation/default/FineSimProVCS/nominal/pw_shell_session_prefs.xml
[15:47:56.49] /e Error: "Enabling/disabling freezing is not allowed if there are open superMasters" (PCELL_FREEZING-005)
[15:47:56.49] /w Warning: Preference cannot be modified (Value 'false' for preference 'dbPcellFreezeEnabled' is invalid.). (PREFERENCE-035)
[15:47:56.57] /m Information: Start incremental database creation...
[15:47:56.58] /m Information: Create Iter role param id map
[15:47:56.60] /o saeInterBGSaeShell:  ::sa::_backgroundSaeShell::scriptFinished 0.4 {} sa::_resultsDatabase::saeShellProcessingCompletedProc testSuiteName saeSession2 uniqueSessionName {} testbenchName default resultsDir /home/Cordero_Matamoros_I_2024_vlsi/simulation/tarea_2,compleja_def,schematic/history_1/simulation/default/FineSimProVCS/nominal/results testSuiteDir /home/Cordero_Matamoros_I_2024_vlsi/simulation/tarea_2,compleja_def,schematic/history_1/simulation/default/FineSimProVCS/nominal databaseName /home/Cordero_Matamoros_I_2024_vlsi/simulation/tarea_2,compleja_def,schematic/history_1/simulation/default/FineSimProVCS/nominal/resultsDatabase remoteRun {} testbenchId 1 saveImages true
[15:47:56.60] /o false
[15:47:56.61] /i ::wf::viewerExited
[15:52:58.42] /m Information: Feature 'SynopsysCustomSAE' checked in. (LICENSE-004)
[15:52:58.42] /m Information: Stopped sharing "Primewave" license. (WAVEFORM-111)
[15:52:58.42] /m Information: Stopped sharing "Custom WaveView ADV" license. (WAVEFORM-111)
[15:52:59.85] /o saeInterBGSaeShell:  ::sa::_backgroundSaeShell::pingBack
[15:53:02.22] /i ::sa::_backgroundSaeShell::parentRunning
[15:53:02.22] /o false
[15:54:00.23] /i ::sa::_backgroundSaeShell::runScript /home/Cordero_Matamoros_I_2024_vlsi/simulation/tarea_2,compleja_def,schematic/bg_script.tcl 0 sa::_testSuite::run::netlistingComplete scriptDir /home/Cordero_Matamoros_I_2024_vlsi/simulation/tarea_2,compleja_def,schematic testSuiteName saeSession2 cmdArgs {default 0 overwrite {{}}} taskId 3
[15:54:00.24] /o 
[15:54:00.24] /m Information: Feature 'SynopsysCustomSAE' checked out. (LICENSE-003)
[15:54:00.25] /m Information: Started sharing "Custom WaveView ADV" license. (WAVEFORM-110)
[15:54:00.25] /m Information: Started sharing "Primewave" license. (WAVEFORM-110)
[15:54:00.33] /w Warning: The environment option digitalOutputDataFormat is reset to FineSimProVCS default.
[15:54:00.33] /w Warning: The environment option mergedFile is reset to FineSimProVCS default.
[15:54:00.33] /w Warning: The environment option compilationOptions is reset to FineSimProVCS default.
[15:54:00.33] /w Warning: The environment option vhdlanOptions is reset to FineSimProVCS default.
[15:54:00.33] /w Warning: The environment option elaborationOptions is reset to FineSimProVCS default.
[15:54:00.33] /w Warning: The environment option analogSimulatorOptions is reset to FineSimProVCS default.
[15:54:00.33] /w Warning: The environment option numProcesses is reset to FineSimProVCS default.
[15:54:00.33] /w Warning: The environment option outputDataFormat is reset to FineSimProVCS default.
[15:54:00.33] /w Warning: The environment option commandLineOptions is reset to FineSimProVCS default.
[15:54:00.33] /w Warning: The environment option switchViewList is reset to FineSimProVCS default.
[15:54:00.33] /w Warning: The environment option stopViewList is reset to FineSimProVCS default.
[15:54:00.62] /w Warning: Preference 'dbParamTrimTrailingZeroesAfterDecimalPoint' is deprecated and scheduled for removal in a future release with no replacement. For migration assistance, see the Custom Compiler Tcl Reference Manual. (PREFERENCE-058)
[15:54:00.70] /w Warning: Preference 'nlNanoSimShortPropNames' is deprecated and scheduled for removal in a future release. Use 'nlNanoSimIgnorePropNames' instead. For migration assistance, see the Custom Compiler Tcl Reference Manual. (PREFERENCE-070)
[15:54:00.70] /w Warning: Preference 'nlCDLPromoteConnectDefsAtTop' is deprecated and scheduled for removal in a future release. Use 'nlCDLTopVirtualTerms' instead. For migration assistance, see the Custom Compiler Tcl Reference Manual. (PREFERENCE-070)
[15:54:00.70] /w Warning: Preference 'nlVerilogShortPropNames' is deprecated and scheduled for removal in a future release. Use 'nlVerilogIgnorePropNames' instead. For migration assistance, see the Custom Compiler Tcl Reference Manual. (PREFERENCE-070)
[15:54:00.70] /w Warning: Preference 'nlCDLShortPropNames' is deprecated and scheduled for removal in a future release. Use 'nlCDLIgnorePropNames' instead. For migration assistance, see the Custom Compiler Tcl Reference Manual. (PREFERENCE-070)
[15:54:00.70] /w Warning: Preference 'nlEldoShortPropNames' is deprecated and scheduled for removal in a future release. Use 'nlEldoIgnorePropNames' instead. For migration assistance, see the Custom Compiler Tcl Reference Manual. (PREFERENCE-070)
[15:54:00.70] /w Warning: Preference 'nlSpectreAMSShortPropNames' is deprecated and scheduled for removal in a future release. Use 'nlSpectreAMSIgnorePropNames' instead. For migration assistance, see the Custom Compiler Tcl Reference Manual. (PREFERENCE-070)
[15:54:00.70] /w Warning: Preference 'nlVHDLShortPropNames' is deprecated and scheduled for removal in a future release. Use 'nlVHDLIgnorePropNames' instead. For migration assistance, see the Custom Compiler Tcl Reference Manual. (PREFERENCE-070)
[15:54:00.70] /w Warning: Preference 'nlVerilogICCShortPropNames' is deprecated and scheduled for removal in a future release. Use 'nlVerilogICCIgnorePropNames' instead. For migration assistance, see the Custom Compiler Tcl Reference Manual. (PREFERENCE-070)
[15:54:00.70] /w Warning: Preference 'nlPromoteTerms' is deprecated and scheduled for removal in a future release with no replacement. For migration assistance, see the Custom Compiler Tcl Reference Manual. (PREFERENCE-058)
[15:54:00.70] /w Warning: Preference 'nlAMSShortPropNames' is deprecated and scheduled for removal in a future release. Use 'nlAMSIgnorePropNames' instead. For migration assistance, see the Custom Compiler Tcl Reference Manual. (PREFERENCE-070)
[15:54:00.70] /w Warning: Preference 'nlSpectreShortPropNames' is deprecated and scheduled for removal in a future release. Use 'nlSpectreIgnorePropNames' instead. For migration assistance, see the Custom Compiler Tcl Reference Manual. (PREFERENCE-070)
[15:54:00.70] /w Warning: Preference 'nlHSPICEShortPropNames' is deprecated and scheduled for removal in a future release. Use 'nlHSPICEIgnorePropNames' instead. For migration assistance, see the Custom Compiler Tcl Reference Manual. (PREFERENCE-070)
[15:54:00.81] /o 
[15:54:00.86] /m Information: Composing simulator input file for design "tarea_2/compleja_def/schematic"...
[15:54:01.79] /o 
[15:54:01.79] /o Analyzing Hierarchy
[15:54:01.79] /o Finalizing
[15:54:01.79] /m Information: Simulator input file composed successfully for design "tarea_2/compleja_def/schematic"
[15:54:02.15] /o saeInterBGSaeShell:  ::sa::netlistAndRun::updateBgNRunMsg /home/Cordero_Matamoros_I_2024_vlsi/simulation/tarea_2,compleja_def,schematic/history_1/simulation/default/FineSimProVCS/nominal/results "Composing simulation job for testbench default - Nominal " 1 1
[15:54:02.16] /o saeInterBGSaeShell:  ::sa::_backgroundSaeShell::scriptFinished 1.9 {} sa::_testSuite::run::netlistingComplete scriptDir /home/Cordero_Matamoros_I_2024_vlsi/simulation/tarea_2,compleja_def,schematic testSuiteName saeSession2 cmdArgs {default 0 overwrite {{}}} taskId 3
[15:54:02.16] /o false
[15:54:31.11] /i ::sa::_backgroundSaeShell::runScript /home/Cordero_Matamoros_I_2024_vlsi/simulation/tarea_2,compleja_def,schematic/history_1/simulation/default/FineSimProVCS/nominal/.bg_measurement_script.tcl 0 sa::_resultsDatabase::saeShellProcessingCompletedProc testSuiteName saeSession2 uniqueSessionName {} testbenchName default resultsDir /home/Cordero_Matamoros_I_2024_vlsi/simulation/tarea_2,compleja_def,schematic/history_1/simulation/default/FineSimProVCS/nominal/results testSuiteDir /home/Cordero_Matamoros_I_2024_vlsi/simulation/tarea_2,compleja_def,schematic/history_1/simulation/default/FineSimProVCS/nominal databaseName /home/Cordero_Matamoros_I_2024_vlsi/simulation/tarea_2,compleja_def,schematic/history_1/simulation/default/FineSimProVCS/nominal/resultsDatabase remoteRun {} testbenchId 1 saveImages true
[15:54:31.12] /m Information: Stopped sharing "Primewave" license. (WAVEFORM-111)
[15:54:31.12] /m Information: Stopped sharing "Custom WaveView ADV" license. (WAVEFORM-111)
[15:54:31.13] /m Information: Feature 'SynopsysCustomSAE' checked in. (LICENSE-004)
[15:54:31.13] /o 
[15:54:31.13] /m Information: Feature 'SynopsysCustomSAE' checked out. (LICENSE-003)
[15:54:31.13] /m Information: Started sharing "Custom WaveView ADV" license. (WAVEFORM-110)
[15:54:31.13] /m Information: Started sharing "Primewave" license. (WAVEFORM-110)
[15:54:31.17] /w Warning: The environment option digitalOutputDataFormat is reset to FineSimProVCS default.
[15:54:31.17] /w Warning: The environment option mergedFile is reset to FineSimProVCS default.
[15:54:31.17] /w Warning: The environment option compilationOptions is reset to FineSimProVCS default.
[15:54:31.17] /w Warning: The environment option vhdlanOptions is reset to FineSimProVCS default.
[15:54:31.17] /w Warning: The environment option elaborationOptions is reset to FineSimProVCS default.
[15:54:31.17] /w Warning: The environment option analogSimulatorOptions is reset to FineSimProVCS default.
[15:54:31.17] /w Warning: The environment option numProcesses is reset to FineSimProVCS default.
[15:54:31.17] /w Warning: The environment option outputDataFormat is reset to FineSimProVCS default.
[15:54:31.17] /w Warning: The environment option commandLineOptions is reset to FineSimProVCS default.
[15:54:31.17] /w Warning: The environment option switchViewList is reset to FineSimProVCS default.
[15:54:31.17] /w Warning: The environment option stopViewList is reset to FineSimProVCS default.
[15:54:31.23] /m Information: Loading preferences from /home/Cordero_Matamoros_I_2024_vlsi/simulation/tarea_2,compleja_def,schematic/history_1/simulation/default/FineSimProVCS/nominal/pw_shell_session_prefs.xml
[15:54:31.43] /e Error: "Enabling/disabling freezing is not allowed if there are open superMasters" (PCELL_FREEZING-005)
[15:54:31.43] /w Warning: Preference cannot be modified (Value 'false' for preference 'dbPcellFreezeEnabled' is invalid.). (PREFERENCE-035)
[15:54:31.50] /m Information: Start incremental database creation...
[15:54:31.51] /m Information: Create Iter role param id map
[15:54:31.53] /o saeInterBGSaeShell:  ::sa::_backgroundSaeShell::scriptFinished 0.4 {} sa::_resultsDatabase::saeShellProcessingCompletedProc testSuiteName saeSession2 uniqueSessionName {} testbenchName default resultsDir /home/Cordero_Matamoros_I_2024_vlsi/simulation/tarea_2,compleja_def,schematic/history_1/simulation/default/FineSimProVCS/nominal/results testSuiteDir /home/Cordero_Matamoros_I_2024_vlsi/simulation/tarea_2,compleja_def,schematic/history_1/simulation/default/FineSimProVCS/nominal databaseName /home/Cordero_Matamoros_I_2024_vlsi/simulation/tarea_2,compleja_def,schematic/history_1/simulation/default/FineSimProVCS/nominal/resultsDatabase remoteRun {} testbenchId 1 saveImages true
[15:54:31.53] /o false
[15:54:31.53] /i ::wf::viewerExited
[15:57:29.82] /i ::wf::viewerExited
[15:57:30.85] /i ::wf::updateViewerLicense 2
[15:59:36.42] /o saeInterBGSaeShell:  ::sa::_backgroundSaeShell::pingBack
[15:59:36.42] /m Information: Feature 'SynopsysCustomSAE' checked in. (LICENSE-004)
[15:59:36.42] /m Information: Stopped sharing "Primewave" license. (WAVEFORM-111)
[15:59:36.42] /m Information: Stopped sharing "Custom WaveView ADV" license. (WAVEFORM-111)
[15:59:36.69] /i ::sa::_backgroundSaeShell::parentRunning
[15:59:36.69] /o false
[16:00:07.33] /i ::sa::_backgroundSaeShell::runScript /home/Cordero_Matamoros_I_2024_vlsi/simulation/tarea_2,compleja_def,schematic/bg_script.tcl 0 sa::_testSuite::netlistAndRun::structNetlistingDone scriptDir /home/Cordero_Matamoros_I_2024_vlsi/simulation/tarea_2,compleja_def,schematic testSuiteName saeSession2 cmdArgs {default 1 1 0 1 0} taskId 4 isReRun 1
[16:00:07.34] /o 
[16:00:07.34] /m Information: Feature 'SynopsysCustomSAE' checked out. (LICENSE-003)
[16:00:07.35] /m Information: Started sharing "Custom WaveView ADV" license. (WAVEFORM-110)
[16:00:07.35] /m Information: Started sharing "Primewave" license. (WAVEFORM-110)
[16:00:07.42] /w Warning: The environment option digitalOutputDataFormat is reset to FineSimProVCS default.
[16:00:07.42] /w Warning: The environment option mergedFile is reset to FineSimProVCS default.
[16:00:07.42] /w Warning: The environment option compilationOptions is reset to FineSimProVCS default.
[16:00:07.42] /w Warning: The environment option vhdlanOptions is reset to FineSimProVCS default.
[16:00:07.42] /w Warning: The environment option elaborationOptions is reset to FineSimProVCS default.
[16:00:07.42] /w Warning: The environment option analogSimulatorOptions is reset to FineSimProVCS default.
[16:00:07.42] /w Warning: The environment option numProcesses is reset to FineSimProVCS default.
[16:00:07.42] /w Warning: The environment option outputDataFormat is reset to FineSimProVCS default.
[16:00:07.42] /w Warning: The environment option commandLineOptions is reset to FineSimProVCS default.
[16:00:07.42] /w Warning: The environment option switchViewList is reset to FineSimProVCS default.
[16:00:07.42] /w Warning: The environment option stopViewList is reset to FineSimProVCS default.
[16:00:07.73] /w Warning: Preference 'dbParamTrimTrailingZeroesAfterDecimalPoint' is deprecated and scheduled for removal in a future release with no replacement. For migration assistance, see the Custom Compiler Tcl Reference Manual. (PREFERENCE-058)
[16:00:07.77] /w Warning: Preference 'nlNanoSimShortPropNames' is deprecated and scheduled for removal in a future release. Use 'nlNanoSimIgnorePropNames' instead. For migration assistance, see the Custom Compiler Tcl Reference Manual. (PREFERENCE-070)
[16:00:07.77] /w Warning: Preference 'nlCDLPromoteConnectDefsAtTop' is deprecated and scheduled for removal in a future release. Use 'nlCDLTopVirtualTerms' instead. For migration assistance, see the Custom Compiler Tcl Reference Manual. (PREFERENCE-070)
[16:00:07.77] /w Warning: Preference 'nlVerilogShortPropNames' is deprecated and scheduled for removal in a future release. Use 'nlVerilogIgnorePropNames' instead. For migration assistance, see the Custom Compiler Tcl Reference Manual. (PREFERENCE-070)
[16:00:07.77] /w Warning: Preference 'nlCDLShortPropNames' is deprecated and scheduled for removal in a future release. Use 'nlCDLIgnorePropNames' instead. For migration assistance, see the Custom Compiler Tcl Reference Manual. (PREFERENCE-070)
[16:00:07.77] /w Warning: Preference 'nlEldoShortPropNames' is deprecated and scheduled for removal in a future release. Use 'nlEldoIgnorePropNames' instead. For migration assistance, see the Custom Compiler Tcl Reference Manual. (PREFERENCE-070)
[16:00:07.77] /w Warning: Preference 'nlSpectreAMSShortPropNames' is deprecated and scheduled for removal in a future release. Use 'nlSpectreAMSIgnorePropNames' instead. For migration assistance, see the Custom Compiler Tcl Reference Manual. (PREFERENCE-070)
[16:00:07.77] /w Warning: Preference 'nlVHDLShortPropNames' is deprecated and scheduled for removal in a future release. Use 'nlVHDLIgnorePropNames' instead. For migration assistance, see the Custom Compiler Tcl Reference Manual. (PREFERENCE-070)
[16:00:07.77] /w Warning: Preference 'nlVerilogICCShortPropNames' is deprecated and scheduled for removal in a future release. Use 'nlVerilogICCIgnorePropNames' instead. For migration assistance, see the Custom Compiler Tcl Reference Manual. (PREFERENCE-070)
[16:00:07.77] /w Warning: Preference 'nlPromoteTerms' is deprecated and scheduled for removal in a future release with no replacement. For migration assistance, see the Custom Compiler Tcl Reference Manual. (PREFERENCE-058)
[16:00:07.77] /w Warning: Preference 'nlAMSShortPropNames' is deprecated and scheduled for removal in a future release. Use 'nlAMSIgnorePropNames' instead. For migration assistance, see the Custom Compiler Tcl Reference Manual. (PREFERENCE-070)
[16:00:07.77] /w Warning: Preference 'nlSpectreShortPropNames' is deprecated and scheduled for removal in a future release. Use 'nlSpectreIgnorePropNames' instead. For migration assistance, see the Custom Compiler Tcl Reference Manual. (PREFERENCE-070)
[16:00:07.77] /w Warning: Preference 'nlHSPICEShortPropNames' is deprecated and scheduled for removal in a future release. Use 'nlHSPICEIgnorePropNames' instead. For migration assistance, see the Custom Compiler Tcl Reference Manual. (PREFERENCE-070)
[16:00:07.79] /o saeInterBGSaeShell:  ::sa::netlistAndRun::updateBgNRunMsg /home/Cordero_Matamoros_I_2024_vlsi/simulation/tarea_2,compleja_def,schematic/history_1/simulation/default/FineSimProVCS/nominal/results "Creating structural netlist for testbench default ..." 0 1
[16:00:07.81] /m Information: "Starting incremental netlisting for design "tarea_2/compleja_def/schematic"..." (NETLISTING-010)
[16:00:07.81] /o Netlisting
[16:00:07.84] /o No Design Integrity rule violations found in "tarea_2/compleja_def/schematic"
[16:00:07.84] /o Scanning: tarea_2/compleja_def/schematic
[16:00:07.86] /m Information: 
[16:00:07.86] /o Checking "tarea_2/compleja_def_not/schematic"
[16:00:07.86] /o No rule violations found in "tarea_2/compleja_def_not/schematic"
[16:00:07.86] /o Scanning: tarea_2/compleja_def_not/schematic
[16:00:07.87] /o Scanning: D_CELLS_HDLL/INHDLLX0/functional
[16:00:07.88] /w Warning: The following design(s) are outdated: tarea_2/compleja_def/schematic (NETLISTING-112)
[16:00:07.89] /o Computing terminal lists
[16:00:07.89] /o Processing terminals of module tarea_2/compleja_def_not/schematic
[16:00:07.89] /o Processing terminals of module tarea_2/compleja_def/schematic
[16:00:07.90] /o Creating output directories
[16:00:07.92] /o Netlisting
[16:00:07.93] /m Information: "Netlisting design "tarea_2/compleja_def/schematic" finished successfully." (NETLISTING-012)
[16:00:07.94] /m Information: Composing simulator input file for design "tarea_2/compleja_def/schematic"...
[16:00:08.81] /o 
[16:00:08.81] /o Analyzing Hierarchy
[16:00:08.81] /o Finalizing
[16:00:08.81] /m Information: Simulator input file composed successfully for design "tarea_2/compleja_def/schematic"
[16:00:08.81] /o saeInterBGSaeShell:  ::sa::netlistAndRun::updateBgNRunMsg /home/Cordero_Matamoros_I_2024_vlsi/simulation/tarea_2,compleja_def,schematic/history_1/simulation/default/FineSimProVCS/nominal/results "Creating final netlist for testbench default ..." 0 0
[16:00:08.90] /o 
[16:00:09.33] /o saeInterBGSaeShell:  ::sa::netlistAndRun::updateBgNRunMsg /home/Cordero_Matamoros_I_2024_vlsi/simulation/tarea_2,compleja_def,schematic/history_1/simulation/default/FineSimProVCS/nominal/results "Composing simulation job for testbench default - Nominal " 1 1
[16:00:09.35] /o saeInterBGSaeShell:  ::sa::_backgroundSaeShell::scriptFinished 2.0 {} sa::_testSuite::netlistAndRun::structNetlistingDone scriptDir /home/Cordero_Matamoros_I_2024_vlsi/simulation/tarea_2,compleja_def,schematic testSuiteName saeSession2 cmdArgs {default 1 1 0 1 0} taskId 4 isReRun 1
[16:00:09.35] /o false
[16:00:39.32] /i ::sa::_backgroundSaeShell::runScript /home/Cordero_Matamoros_I_2024_vlsi/simulation/tarea_2,compleja_def,schematic/history_1/simulation/default/FineSimProVCS/nominal/.bg_measurement_script.tcl 0 sa::_resultsDatabase::saeShellProcessingCompletedProc testSuiteName saeSession2 uniqueSessionName {} testbenchName default resultsDir /home/Cordero_Matamoros_I_2024_vlsi/simulation/tarea_2,compleja_def,schematic/history_1/simulation/default/FineSimProVCS/nominal/results testSuiteDir /home/Cordero_Matamoros_I_2024_vlsi/simulation/tarea_2,compleja_def,schematic/history_1/simulation/default/FineSimProVCS/nominal databaseName /home/Cordero_Matamoros_I_2024_vlsi/simulation/tarea_2,compleja_def,schematic/history_1/simulation/default/FineSimProVCS/nominal/resultsDatabase remoteRun {} testbenchId 1 saveImages true
[16:00:39.33] /m Information: Stopped sharing "Primewave" license. (WAVEFORM-111)
[16:00:39.33] /m Information: Stopped sharing "Custom WaveView ADV" license. (WAVEFORM-111)
[16:00:39.33] /m Information: Feature 'SynopsysCustomSAE' checked in. (LICENSE-004)
[16:00:39.34] /o 
[16:00:39.34] /m Information: Feature 'SynopsysCustomSAE' checked out. (LICENSE-003)
[16:00:39.35] /m Information: Started sharing "Custom WaveView ADV" license. (WAVEFORM-110)
[16:00:39.35] /m Information: Started sharing "Primewave" license. (WAVEFORM-110)
[16:00:39.38] /w Warning: The environment option digitalOutputDataFormat is reset to FineSimProVCS default.
[16:00:39.38] /w Warning: The environment option mergedFile is reset to FineSimProVCS default.
[16:00:39.38] /w Warning: The environment option compilationOptions is reset to FineSimProVCS default.
[16:00:39.38] /w Warning: The environment option vhdlanOptions is reset to FineSimProVCS default.
[16:00:39.38] /w Warning: The environment option elaborationOptions is reset to FineSimProVCS default.
[16:00:39.38] /w Warning: The environment option analogSimulatorOptions is reset to FineSimProVCS default.
[16:00:39.38] /w Warning: The environment option numProcesses is reset to FineSimProVCS default.
[16:00:39.38] /w Warning: The environment option outputDataFormat is reset to FineSimProVCS default.
[16:00:39.38] /w Warning: The environment option commandLineOptions is reset to FineSimProVCS default.
[16:00:39.38] /w Warning: The environment option switchViewList is reset to FineSimProVCS default.
[16:00:39.38] /w Warning: The environment option stopViewList is reset to FineSimProVCS default.
[16:00:39.44] /m Information: Loading preferences from /home/Cordero_Matamoros_I_2024_vlsi/simulation/tarea_2,compleja_def,schematic/history_1/simulation/default/FineSimProVCS/nominal/pw_shell_session_prefs.xml
[16:00:39.62] /e Error: "Enabling/disabling freezing is not allowed if there are open superMasters" (PCELL_FREEZING-005)
[16:00:39.62] /w Warning: Preference cannot be modified (Value 'false' for preference 'dbPcellFreezeEnabled' is invalid.). (PREFERENCE-035)
[16:00:39.69] /m Information: Start incremental database creation...
[16:00:39.70] /m Information: Create Iter role param id map
[16:00:39.73] /o saeInterBGSaeShell:  ::sa::_backgroundSaeShell::scriptFinished 0.4 {} sa::_resultsDatabase::saeShellProcessingCompletedProc testSuiteName saeSession2 uniqueSessionName {} testbenchName default resultsDir /home/Cordero_Matamoros_I_2024_vlsi/simulation/tarea_2,compleja_def,schematic/history_1/simulation/default/FineSimProVCS/nominal/results testSuiteDir /home/Cordero_Matamoros_I_2024_vlsi/simulation/tarea_2,compleja_def,schematic/history_1/simulation/default/FineSimProVCS/nominal databaseName /home/Cordero_Matamoros_I_2024_vlsi/simulation/tarea_2,compleja_def,schematic/history_1/simulation/default/FineSimProVCS/nominal/resultsDatabase remoteRun {} testbenchId 1 saveImages true
[16:00:39.73] /o false
[16:00:39.73] /i ::wf::viewerExited
[16:01:14.72] /i ::wf::viewerExited
[16:01:15.65] /i ::wf::updateViewerLicense 2
[16:02:55.58] /i ::sa::_backgroundSaeShell::runScript /home/Cordero_Matamoros_I_2024_vlsi/simulation/tarea_2,compleja_def,schematic/bg_script.tcl 0 sa::_testSuite::netlistAndRun::structNetlistingDone scriptDir /home/Cordero_Matamoros_I_2024_vlsi/simulation/tarea_2,compleja_def,schematic testSuiteName saeSession2 cmdArgs {default 1 1 0 1 0} taskId 5 isReRun 1
[16:02:55.59] /m Information: Stopped sharing "Primewave" license. (WAVEFORM-111)
[16:02:55.59] /m Information: Stopped sharing "Custom WaveView ADV" license. (WAVEFORM-111)
[16:02:55.59] /m Information: Feature 'SynopsysCustomSAE' checked in. (LICENSE-004)
[16:02:55.60] /o 
[16:02:55.60] /m Information: Feature 'SynopsysCustomSAE' checked out. (LICENSE-003)
[16:02:55.60] /m Information: Started sharing "Custom WaveView ADV" license. (WAVEFORM-110)
[16:02:55.60] /m Information: Started sharing "Primewave" license. (WAVEFORM-110)
[16:02:55.71] /w Warning: The environment option digitalOutputDataFormat is reset to FineSimProVCS default.
[16:02:55.71] /w Warning: The environment option mergedFile is reset to FineSimProVCS default.
[16:02:55.71] /w Warning: The environment option compilationOptions is reset to FineSimProVCS default.
[16:02:55.71] /w Warning: The environment option vhdlanOptions is reset to FineSimProVCS default.
[16:02:55.71] /w Warning: The environment option elaborationOptions is reset to FineSimProVCS default.
[16:02:55.71] /w Warning: The environment option analogSimulatorOptions is reset to FineSimProVCS default.
[16:02:55.71] /w Warning: The environment option numProcesses is reset to FineSimProVCS default.
[16:02:55.71] /w Warning: The environment option outputDataFormat is reset to FineSimProVCS default.
[16:02:55.71] /w Warning: The environment option commandLineOptions is reset to FineSimProVCS default.
[16:02:55.71] /w Warning: The environment option switchViewList is reset to FineSimProVCS default.
[16:02:55.71] /w Warning: The environment option stopViewList is reset to FineSimProVCS default.
[16:02:56.08] /w Warning: Preference 'dbParamTrimTrailingZeroesAfterDecimalPoint' is deprecated and scheduled for removal in a future release with no replacement. For migration assistance, see the Custom Compiler Tcl Reference Manual. (PREFERENCE-058)
[16:02:56.27] /w Warning: Preference 'nlNanoSimShortPropNames' is deprecated and scheduled for removal in a future release. Use 'nlNanoSimIgnorePropNames' instead. For migration assistance, see the Custom Compiler Tcl Reference Manual. (PREFERENCE-070)
[16:02:56.27] /w Warning: Preference 'nlCDLPromoteConnectDefsAtTop' is deprecated and scheduled for removal in a future release. Use 'nlCDLTopVirtualTerms' instead. For migration assistance, see the Custom Compiler Tcl Reference Manual. (PREFERENCE-070)
[16:02:56.27] /w Warning: Preference 'nlVerilogShortPropNames' is deprecated and scheduled for removal in a future release. Use 'nlVerilogIgnorePropNames' instead. For migration assistance, see the Custom Compiler Tcl Reference Manual. (PREFERENCE-070)
[16:02:56.28] /w Warning: Preference 'nlCDLShortPropNames' is deprecated and scheduled for removal in a future release. Use 'nlCDLIgnorePropNames' instead. For migration assistance, see the Custom Compiler Tcl Reference Manual. (PREFERENCE-070)
[16:02:56.28] /w Warning: Preference 'nlEldoShortPropNames' is deprecated and scheduled for removal in a future release. Use 'nlEldoIgnorePropNames' instead. For migration assistance, see the Custom Compiler Tcl Reference Manual. (PREFERENCE-070)
[16:02:56.28] /w Warning: Preference 'nlSpectreAMSShortPropNames' is deprecated and scheduled for removal in a future release. Use 'nlSpectreAMSIgnorePropNames' instead. For migration assistance, see the Custom Compiler Tcl Reference Manual. (PREFERENCE-070)
[16:02:56.28] /w Warning: Preference 'nlVHDLShortPropNames' is deprecated and scheduled for removal in a future release. Use 'nlVHDLIgnorePropNames' instead. For migration assistance, see the Custom Compiler Tcl Reference Manual. (PREFERENCE-070)
[16:02:56.28] /w Warning: Preference 'nlVerilogICCShortPropNames' is deprecated and scheduled for removal in a future release. Use 'nlVerilogICCIgnorePropNames' instead. For migration assistance, see the Custom Compiler Tcl Reference Manual. (PREFERENCE-070)
[16:02:56.28] /w Warning: Preference 'nlPromoteTerms' is deprecated and scheduled for removal in a future release with no replacement. For migration assistance, see the Custom Compiler Tcl Reference Manual. (PREFERENCE-058)
[16:02:56.28] /w Warning: Preference 'nlAMSShortPropNames' is deprecated and scheduled for removal in a future release. Use 'nlAMSIgnorePropNames' instead. For migration assistance, see the Custom Compiler Tcl Reference Manual. (PREFERENCE-070)
[16:02:56.28] /w Warning: Preference 'nlSpectreShortPropNames' is deprecated and scheduled for removal in a future release. Use 'nlSpectreIgnorePropNames' instead. For migration assistance, see the Custom Compiler Tcl Reference Manual. (PREFERENCE-070)
[16:02:56.28] /w Warning: Preference 'nlHSPICEShortPropNames' is deprecated and scheduled for removal in a future release. Use 'nlHSPICEIgnorePropNames' instead. For migration assistance, see the Custom Compiler Tcl Reference Manual. (PREFERENCE-070)
[16:02:56.33] /o saeInterBGSaeShell:  ::sa::netlistAndRun::updateBgNRunMsg /home/Cordero_Matamoros_I_2024_vlsi/simulation/tarea_2,compleja_def,schematic/history_1/simulation/default/FineSimProVCS/nominal/results "Creating structural netlist for testbench default ..." 0 1
[16:02:56.35] /m Information: "Starting incremental netlisting for design "tarea_2/compleja_def/schematic"..." (NETLISTING-010)
[16:02:56.37] /o Netlisting
[16:02:56.40] /o No Design Integrity rule violations found in "tarea_2/compleja_def/schematic"
[16:02:56.40] /o Scanning: tarea_2/compleja_def/schematic
[16:02:56.42] /m Information: 
[16:02:56.42] /o Checking "tarea_2/compleja_def_not/schematic"
[16:02:56.43] /o No rule violations found in "tarea_2/compleja_def_not/schematic"
[16:02:56.43] /o Scanning: tarea_2/compleja_def_not/schematic
[16:02:56.44] /o Scanning: D_CELLS_HDLL/INHDLLX0/functional
[16:02:56.44] /w Warning: The following design(s) are outdated: tarea_2/compleja_def/schematic (NETLISTING-112)
[16:02:56.45] /o Computing terminal lists
[16:02:56.45] /o Processing terminals of module tarea_2/compleja_def_not/schematic
[16:02:56.46] /o Processing terminals of module tarea_2/compleja_def/schematic
[16:02:56.47] /o Creating output directories
[16:02:56.50] /o Netlisting
[16:02:56.52] /m Information: "Netlisting design "tarea_2/compleja_def/schematic" finished successfully." (NETLISTING-012)
[16:02:56.53] /m Information: Composing simulator input file for design "tarea_2/compleja_def/schematic"...
[16:02:57.48] /o 
[16:02:57.48] /o Analyzing Hierarchy
[16:02:57.49] /o Finalizing
[16:02:57.49] /m Information: Simulator input file composed successfully for design "tarea_2/compleja_def/schematic"
[16:02:57.49] /o saeInterBGSaeShell:  ::sa::netlistAndRun::updateBgNRunMsg /home/Cordero_Matamoros_I_2024_vlsi/simulation/tarea_2,compleja_def,schematic/history_1/simulation/default/FineSimProVCS/nominal/results "Creating final netlist for testbench default ..." 0 0
[16:02:57.64] /o 
[16:02:58.16] /o saeInterBGSaeShell:  ::sa::netlistAndRun::updateBgNRunMsg /home/Cordero_Matamoros_I_2024_vlsi/simulation/tarea_2,compleja_def,schematic/history_1/simulation/default/FineSimProVCS/nominal/results "Composing simulation job for testbench default - Nominal " 1 1
[16:02:58.18] /o saeInterBGSaeShell:  ::sa::_backgroundSaeShell::scriptFinished 2.5 {} sa::_testSuite::netlistAndRun::structNetlistingDone scriptDir /home/Cordero_Matamoros_I_2024_vlsi/simulation/tarea_2,compleja_def,schematic testSuiteName saeSession2 cmdArgs {default 1 1 0 1 0} taskId 5 isReRun 1
[16:02:58.18] /o false
[16:03:31.29] /i ::sa::_backgroundSaeShell::runScript /home/Cordero_Matamoros_I_2024_vlsi/simulation/tarea_2,compleja_def,schematic/history_1/simulation/default/FineSimProVCS/nominal/.bg_measurement_script.tcl 0 sa::_resultsDatabase::saeShellProcessingCompletedProc testSuiteName saeSession2 uniqueSessionName {} testbenchName default resultsDir /home/Cordero_Matamoros_I_2024_vlsi/simulation/tarea_2,compleja_def,schematic/history_1/simulation/default/FineSimProVCS/nominal/results testSuiteDir /home/Cordero_Matamoros_I_2024_vlsi/simulation/tarea_2,compleja_def,schematic/history_1/simulation/default/FineSimProVCS/nominal databaseName /home/Cordero_Matamoros_I_2024_vlsi/simulation/tarea_2,compleja_def,schematic/history_1/simulation/default/FineSimProVCS/nominal/resultsDatabase remoteRun {} testbenchId 1 saveImages true
[16:03:31.31] /m Information: Stopped sharing "Primewave" license. (WAVEFORM-111)
[16:03:31.32] /m Information: Stopped sharing "Custom WaveView ADV" license. (WAVEFORM-111)
[16:03:31.32] /m Information: Feature 'SynopsysCustomSAE' checked in. (LICENSE-004)
[16:03:31.32] /o 
[16:03:31.32] /m Information: Feature 'SynopsysCustomSAE' checked out. (LICENSE-003)
[16:03:31.33] /m Information: Started sharing "Custom WaveView ADV" license. (WAVEFORM-110)
[16:03:31.33] /m Information: Started sharing "Primewave" license. (WAVEFORM-110)
[16:03:31.37] /w Warning: The environment option digitalOutputDataFormat is reset to FineSimProVCS default.
[16:03:31.37] /w Warning: The environment option mergedFile is reset to FineSimProVCS default.
[16:03:31.37] /w Warning: The environment option compilationOptions is reset to FineSimProVCS default.
[16:03:31.37] /w Warning: The environment option vhdlanOptions is reset to FineSimProVCS default.
[16:03:31.37] /w Warning: The environment option elaborationOptions is reset to FineSimProVCS default.
[16:03:31.37] /w Warning: The environment option analogSimulatorOptions is reset to FineSimProVCS default.
[16:03:31.37] /w Warning: The environment option numProcesses is reset to FineSimProVCS default.
[16:03:31.37] /w Warning: The environment option outputDataFormat is reset to FineSimProVCS default.
[16:03:31.37] /w Warning: The environment option commandLineOptions is reset to FineSimProVCS default.
[16:03:31.37] /w Warning: The environment option switchViewList is reset to FineSimProVCS default.
[16:03:31.37] /w Warning: The environment option stopViewList is reset to FineSimProVCS default.
[16:03:31.43] /m Information: Loading preferences from /home/Cordero_Matamoros_I_2024_vlsi/simulation/tarea_2,compleja_def,schematic/history_1/simulation/default/FineSimProVCS/nominal/pw_shell_session_prefs.xml
[16:03:31.64] /e Error: "Enabling/disabling freezing is not allowed if there are open superMasters" (PCELL_FREEZING-005)
[16:03:31.64] /w Warning: Preference cannot be modified (Value 'false' for preference 'dbPcellFreezeEnabled' is invalid.). (PREFERENCE-035)
[16:03:31.73] /m Information: Start incremental database creation...
[16:03:31.75] /m Information: Create Iter role param id map
[16:03:31.77] /o saeInterBGSaeShell:  ::sa::_backgroundSaeShell::scriptFinished 0.4 {} sa::_resultsDatabase::saeShellProcessingCompletedProc testSuiteName saeSession2 uniqueSessionName {} testbenchName default resultsDir /home/Cordero_Matamoros_I_2024_vlsi/simulation/tarea_2,compleja_def,schematic/history_1/simulation/default/FineSimProVCS/nominal/results testSuiteDir /home/Cordero_Matamoros_I_2024_vlsi/simulation/tarea_2,compleja_def,schematic/history_1/simulation/default/FineSimProVCS/nominal databaseName /home/Cordero_Matamoros_I_2024_vlsi/simulation/tarea_2,compleja_def,schematic/history_1/simulation/default/FineSimProVCS/nominal/resultsDatabase remoteRun {} testbenchId 1 saveImages true
[16:03:31.77] /o false
[16:03:31.77] /i ::wf::viewerExited
[16:04:18.62] /i ::wf::viewerExited
[16:04:19.78] /i ::wf::updateViewerLicense 2
[16:04:24.09] /i ::sa::_backgroundSaeShell::exit
[16:04:24.09] /o saeInterBGSaeShell:  ::sa::_backgroundSaeShell::childFormallyExiting
[16:04:26.88] /o Shutdown time: Mon Apr 29 16:04:26 2024
[16:04:26.88] /o Elapsed session real time: 18.35 minutes
[16:04:26.89] /o Session terminated. Log is at /mnt/vol_NFS_rh003/Est_VLSI_I_2024/Cordero_Matamoros_I_2024_vlsi/tarea_2/synopsys_custom/logs/primewave.Cordero_Matamoros_I_2024_vlsi.2024_4_29_154603_588512.log
