[16:14:58.11] /o 
              /c                    PrimeWave Design Environment
              /c 
              /c            Version U-2023.03-SP2 for linux64 - Aug 24, 2023 00:53:01 
              /c 
              /c                     Copyright (c) 2000 - 2023 Synopsys, Inc.
              /c    This software and the associated documentation are proprietary to Synopsys,
              /c  Inc. This software may only be used in accordance with the terms and conditions
              /c  of a written license agreement with Synopsys, Inc. All other use, reproduction,
              /c    or distribution of this software is strictly prohibited.  Licensed Products
              /c      communicate with Synopsys servers for the purpose of providing software
              /c     updates, detecting software piracy and verifying that customers are using
              /c     Licensed Products in conformity with the applicable License Key for such
              /c   Licensed Products. Synopsys will use information gathered in connection with
              /c     this process to deliver software updates and pursue software pirates and
              /c                                    infringers.
              /c 
              /c  Inclusivity & Diversity - Visit SolvNetPlus to read the "Synopsys Statement on
              /c             Inclusivity and Diversity" (Refer to article 000036315 at
              /c                         https://solvnetplus.synopsys.com)
              /c 
              /c Build  (OPT) Config 9117514 compiled on Wed Aug 23 10:56:58 2023 for CentOS64 7.3
              /c Invocation: /mnt/vol_synopsys2023/synopsys/primewave/U-2023.03-SP2/linux64/platform/bin/primewave_st -gui 0 -log pw_shell_session8_job1 -libDefFile /mnt/vol_NFS_rh003/Est_VLSI_I_2024/Cordero_Matamoros_I_2024_vlsi/tarea_2/lib.defs
              /c Execution time: Mon Apr 29 16:14:55 2024
              /c Host: redhat003
              /c 
[16:14:58.13] /m Information: Started sharing "Custom WaveView ADV" license. (WAVEFORM-110)
[16:14:58.13] /m Information: Started sharing "Primewave" license. (WAVEFORM-110)
[16:14:58.13] /m Information: Feature 'SynopsysCustomSAE' checked out. (LICENSE-003)
[16:15:00.71] /r giShowFrameTabs true
[16:15:00.71] /r giWindowId 1
[16:15:00.71] /r giWindowGeometry 1040x800
[16:15:00.78] /i ::sa::_backgroundSaeShell::signalProcessReady 1714428894 539908
[16:15:00.78] /o saeInterBGSaeShell:  ::sa::_backgroundSaeShell::processReady 6
[16:15:00.79] /i ::wf::updateViewerLicense 2
[16:15:00.93] /i ::wf::updateViewerLicense 2
[16:19:03.22] /i ::sa::_backgroundSaeShell::runScript /home/Cordero_Matamoros_I_2024_vlsi/simulation/tarea_2,compleja_def,schematic/bg_script.tcl 0 sa::_testSuite::netlistAndRun::structNetlistingDone scriptDir /home/Cordero_Matamoros_I_2024_vlsi/simulation/tarea_2,compleja_def,schematic testSuiteName saeSession4 cmdArgs {default 1 1 0 1 0} taskId 7 isReRun 1
[16:19:03.67] /w Warning: The environment option digitalOutputDataFormat is reset to FineSimProVCS default.
[16:19:03.67] /w Warning: The environment option mergedFile is reset to FineSimProVCS default.
[16:19:03.67] /w Warning: The environment option compilationOptions is reset to FineSimProVCS default.
[16:19:03.67] /w Warning: The environment option vhdlanOptions is reset to FineSimProVCS default.
[16:19:03.67] /w Warning: The environment option elaborationOptions is reset to FineSimProVCS default.
[16:19:03.67] /w Warning: The environment option analogSimulatorOptions is reset to FineSimProVCS default.
[16:19:03.67] /w Warning: The environment option numProcesses is reset to FineSimProVCS default.
[16:19:03.67] /w Warning: The environment option outputDataFormat is reset to FineSimProVCS default.
[16:19:03.67] /w Warning: The environment option commandLineOptions is reset to FineSimProVCS default.
[16:19:03.67] /w Warning: The environment option switchViewList is reset to FineSimProVCS default.
[16:19:03.67] /w Warning: The environment option stopViewList is reset to FineSimProVCS default.
[16:19:03.84] /o 
[16:19:03.84] /o <> -------------------------------------------
[16:19:03.84] /o <>
[16:19:03.84] /o <> Loading XFAB PDK components
[16:19:03.85] /o <>  basic                            O.K
[16:19:03.86] /o <>  exports                          O.K
[16:19:03.87] /o <>  custom                           O.K
[16:19:03.87] /o <>  cdf                              O.K
[16:19:03.88] /o <>  netlisting                       O.K
[16:19:03.89] /o <>  useability                       WRN
[16:19:03.89] /e Error: "Following error happened during execution of ::gi::_giConsoleMessenger::_addToWindowType procedure during TCL callback Error: There are no registered attributes for object type 'string'. (TCL_OBJECT-008)" (POSTMAN-005)
[16:19:03.90] /o <>  synopsys                         O.K
[16:19:03.93] /o <>  pcellkit                         O.K
[16:19:03.94] /o <>  trigger_callbacks                O.K
[16:19:03.94] /o <> Loading XFAB PDK preferences
[16:19:03.95] /w Warning: Could not set the value of preference xtDRCTool because it does not exist. (PREFERENCE-016)
[16:19:03.95] /w Warning: Could not set the value of preference xtLVSTool because it does not exist. (PREFERENCE-016)
[16:19:03.95] /w Warning: Could not set the value of preference xtLVSSchNetlister because it does not exist. (PREFERENCE-016)
[16:19:03.95] /w Warning: Could not set the value of preference xtLPELVSTool because it does not exist. (PREFERENCE-016)
[16:19:03.95] /w Warning: Could not set the value of preference lxSplit because it does not exist. (PREFERENCE-016)
[16:19:03.95] /w Warning: Could not set the value of preference lxMFactorNames because it does not exist. (PREFERENCE-016)
[16:19:03.95] /w Warning: Could not set the value of preference lxTopBottomPinLPP because it does not exist. (PREFERENCE-016)
[16:19:03.95] /w Warning: Could not set the value of preference lxLeftRightPinLPP because it does not exist. (PREFERENCE-016)
[16:19:03.95] /w Warning: Preference 'nlPromoteTerms' is deprecated and scheduled for removal in a future release with no replacement. For migration assistance, see the Custom Compiler Tcl Reference Manual. (PREFERENCE-058)
[16:19:03.95] /w Warning: Could not set the value of preference xtPVLayerMapFile because it does not exist. (PREFERENCE-016)
[16:19:03.95] /w Warning: Could not set the value of preference xtLPEStarRunsetFile because it does not exist. (PREFERENCE-016)
[16:19:03.95] /w Warning: Could not set the value of preference xtStarTcadGrdFile because it does not exist. (PREFERENCE-016)
[16:19:03.95] /w Warning: Could not set the value of preference xtDRCICVIncludePaths because it does not exist. (PREFERENCE-016)
[16:19:03.95] /w Warning: Could not set the value of preference xtLVSICVIncludePaths because it does not exist. (PREFERENCE-016)
[16:19:03.95] /w Warning: Could not set the value of preference xtCDLViewSearchList because it does not exist. (PREFERENCE-016)
[16:19:03.95] /w Warning: Could not set the value of preference xtCDLViewStopList because it does not exist. (PREFERENCE-016)
[16:19:03.95] /w Warning: Could not set the value of preference xtDRCICVRunsetFile because it does not exist. (PREFERENCE-016)
[16:19:03.95] /w Warning: Could not set the value of preference xtLVSICVRunsetFile because it does not exist. (PREFERENCE-016)
[16:19:03.95] /w Warning: Could not set the value of preference xtDRCICVControlVars because it does not exist. (PREFERENCE-016)
[16:19:03.95] /w Warning: Could not set the value of preference xtLVSICVControlVars because it does not exist. (PREFERENCE-016)
[16:19:03.95] /o <> Loading Calibre presets for XFAB PDK
[16:19:03.95] /w Warning: Could not set the value of preference xtCalibreNetlistExportNetlisterEnabled because it does not exist. (PREFERENCE-016)
[16:19:03.95] /w Warning: Could not set the value of preference xtCalibreNetlistExportNetlister because it does not exist. (PREFERENCE-016)
[16:19:03.95] /w Warning: Could not set the value of preference xtCalibreNetlistExportViewList because it does not exist. (PREFERENCE-016)
[16:19:03.95] /w Warning: Could not set the value of preference xtCalibreNetlistExportStopList because it does not exist. (PREFERENCE-016)
[16:19:03.95] /o <> Loading .xfabrc user script
[16:19:03.95] /o <>
[16:19:03.95] /o <> -------------------------------------------
[16:19:03.95] /o <>
[16:19:03.95] /o <> Technology     xt018
[16:19:03.95] /o <> Version        v12_1_1_1
[16:19:03.95] /o <> LibCode        1243
[16:19:03.95] /o <> Core           LP 1.8V
[16:19:03.95] /o <> Metal          Thin4
[16:19:03.95] /o <> TopMetal       METTP&METTPL
[16:19:03.95] /o <>
[16:19:03.95] /o <> -------------------------------------------
[16:19:03.95] /o 
[16:19:03.95] /m Information: WARNLOAD  /mnt/vol_synopsys2023/pdks/xfab/design/xkit/xt018/synopsys/v12_1/PDK/CustomCompiler/v12_1_1_1/scripts/useability/xt018_mimant_check.tcl
[16:19:04.23] /w Warning: Preference 'dbParamTrimTrailingZeroesAfterDecimalPoint' is deprecated and scheduled for removal in a future release with no replacement. For migration assistance, see the Custom Compiler Tcl Reference Manual. (PREFERENCE-058)
[16:19:04.27] /w Warning: Error: Initializing startup file ':/auxx/layout_editor/startup.tcl' failed:
              /c Error: Initializing startup file ':/auxx/constraints/startup.tcl' failed:
              /c Error: Initializing startup file ':/auxx/constraints/bindings.tcl' failed:
              /c Error: Could not execute command 'gi::createBinding' because the supplied object 'cmDelete' for argument '-action' is invalid: Action with specified name does not exist. (COMMAND-026) (STARTUP-002) (STARTUP-002) (STARTUP-002)
[16:19:04.29] /w Warning: Preference 'nlNanoSimShortPropNames' is deprecated and scheduled for removal in a future release. Use 'nlNanoSimIgnorePropNames' instead. For migration assistance, see the Custom Compiler Tcl Reference Manual. (PREFERENCE-070)
[16:19:04.29] /w Warning: Preference 'nlCDLPromoteConnectDefsAtTop' is deprecated and scheduled for removal in a future release. Use 'nlCDLTopVirtualTerms' instead. For migration assistance, see the Custom Compiler Tcl Reference Manual. (PREFERENCE-070)
[16:19:04.29] /w Warning: Preference 'nlVerilogShortPropNames' is deprecated and scheduled for removal in a future release. Use 'nlVerilogIgnorePropNames' instead. For migration assistance, see the Custom Compiler Tcl Reference Manual. (PREFERENCE-070)
[16:19:04.29] /w Warning: Preference 'nlCDLShortPropNames' is deprecated and scheduled for removal in a future release. Use 'nlCDLIgnorePropNames' instead. For migration assistance, see the Custom Compiler Tcl Reference Manual. (PREFERENCE-070)
[16:19:04.29] /w Warning: Preference 'nlEldoShortPropNames' is deprecated and scheduled for removal in a future release. Use 'nlEldoIgnorePropNames' instead. For migration assistance, see the Custom Compiler Tcl Reference Manual. (PREFERENCE-070)
[16:19:04.29] /w Warning: Preference 'nlSpectreAMSShortPropNames' is deprecated and scheduled for removal in a future release. Use 'nlSpectreAMSIgnorePropNames' instead. For migration assistance, see the Custom Compiler Tcl Reference Manual. (PREFERENCE-070)
[16:19:04.29] /w Warning: Preference 'nlVHDLShortPropNames' is deprecated and scheduled for removal in a future release. Use 'nlVHDLIgnorePropNames' instead. For migration assistance, see the Custom Compiler Tcl Reference Manual. (PREFERENCE-070)
[16:19:04.29] /w Warning: Preference 'nlVerilogICCShortPropNames' is deprecated and scheduled for removal in a future release. Use 'nlVerilogICCIgnorePropNames' instead. For migration assistance, see the Custom Compiler Tcl Reference Manual. (PREFERENCE-070)
[16:19:04.29] /w Warning: Preference 'nlPromoteTerms' is deprecated and scheduled for removal in a future release with no replacement. For migration assistance, see the Custom Compiler Tcl Reference Manual. (PREFERENCE-058)
[16:19:04.29] /w Warning: Preference 'nlAMSShortPropNames' is deprecated and scheduled for removal in a future release. Use 'nlAMSIgnorePropNames' instead. For migration assistance, see the Custom Compiler Tcl Reference Manual. (PREFERENCE-070)
[16:19:04.29] /w Warning: Preference 'nlSpectreShortPropNames' is deprecated and scheduled for removal in a future release. Use 'nlSpectreIgnorePropNames' instead. For migration assistance, see the Custom Compiler Tcl Reference Manual. (PREFERENCE-070)
[16:19:04.29] /w Warning: Preference 'nlHSPICEShortPropNames' is deprecated and scheduled for removal in a future release. Use 'nlHSPICEIgnorePropNames' instead. For migration assistance, see the Custom Compiler Tcl Reference Manual. (PREFERENCE-070)
[16:19:04.31] /o saeInterBGSaeShell:  ::sa::netlistAndRun::updateBgNRunMsg /home/Cordero_Matamoros_I_2024_vlsi/simulation/tarea_2,compleja_def,schematic/history_1/simulation/default/FineSimProVCS/nominal/results "Creating structural netlist for testbench default ..." 0 1
[16:19:04.33] /m Information: "Starting incremental netlisting for design "tarea_2/compleja_def/schematic"..." (NETLISTING-010)
[16:19:04.34] /o Netlisting
[16:19:04.49] /o No Design Integrity rule violations found in "tarea_2/compleja_def/schematic"
[16:19:04.49] /o Scanning: tarea_2/compleja_def/schematic
[16:19:04.59] /m Information: 
[16:19:04.59] /o Checking "tarea_2/compleja_def_not/schematic"
[16:19:04.59] /o No rule violations found in "tarea_2/compleja_def_not/schematic"
[16:19:04.59] /o Scanning: tarea_2/compleja_def_not/schematic
[16:19:04.61] /o Scanning: D_CELLS_HDLL/INHDLLX0/functional
[16:19:04.62] /o Computing terminal lists
[16:19:04.62] /o Processing terminals of module tarea_2/compleja_def_not/schematic
[16:19:04.62] /o Processing terminals of module tarea_2/compleja_def/schematic
[16:19:04.63] /o Creating output directories
[16:19:04.64] /o Netlisting
[16:19:04.65] /o Formatting tarea_2/compleja_def/schematic
[16:19:04.70] /m Information: "tarea_2 compleja_def schematic" renetlisted. (NETLISTING-056)
[16:19:04.70] /m Information: "Netlisting design "tarea_2/compleja_def/schematic" finished successfully." (NETLISTING-012)
[16:19:04.71] /m Information: Composing simulator input file for design "tarea_2/compleja_def/schematic"...
[16:19:06.63] /o 
[16:19:06.63] /o Analyzing Hierarchy
[16:19:06.63] /o Writing A2D Lines
[16:19:06.64] /o Finalizing
[16:19:06.65] /m Information: Simulator input file composed successfully for design "tarea_2/compleja_def/schematic"
[16:19:06.65] /o saeInterBGSaeShell:  ::sa::netlistAndRun::updateBgNRunMsg /home/Cordero_Matamoros_I_2024_vlsi/simulation/tarea_2,compleja_def,schematic/history_1/simulation/default/FineSimProVCS/nominal/results "Creating final netlist for testbench default ..." 0 0
[16:19:06.73] /o 
[16:19:07.53] /o saeInterBGSaeShell:  ::sa::netlistAndRun::updateBgNRunMsg /home/Cordero_Matamoros_I_2024_vlsi/simulation/tarea_2,compleja_def,schematic/history_1/simulation/default/FineSimProVCS/nominal/results "Composing simulation job for testbench default - Nominal " 1 1
[16:19:07.55] /o saeInterBGSaeShell:  ::sa::_backgroundSaeShell::scriptFinished 4.3 {} sa::_testSuite::netlistAndRun::structNetlistingDone scriptDir /home/Cordero_Matamoros_I_2024_vlsi/simulation/tarea_2,compleja_def,schematic testSuiteName saeSession4 cmdArgs {default 1 1 0 1 0} taskId 7 isReRun 1
[16:19:07.55] /o false
[16:19:07.56] /i db::setAttr geometry -of [gi::getFrames 1] -value 1014x710+5+52
[16:19:38.60] /i ::sa::_backgroundSaeShell::runScript /home/Cordero_Matamoros_I_2024_vlsi/simulation/tarea_2,compleja_def,schematic/history_1/simulation/default/FineSimProVCS/nominal/.bg_measurement_script.tcl 0 sa::_resultsDatabase::saeShellProcessingCompletedProc testSuiteName saeSession4 uniqueSessionName {} testbenchName default resultsDir /home/Cordero_Matamoros_I_2024_vlsi/simulation/tarea_2,compleja_def,schematic/history_1/simulation/default/FineSimProVCS/nominal/results testSuiteDir /home/Cordero_Matamoros_I_2024_vlsi/simulation/tarea_2,compleja_def,schematic/history_1/simulation/default/FineSimProVCS/nominal databaseName /home/Cordero_Matamoros_I_2024_vlsi/simulation/tarea_2,compleja_def,schematic/history_1/simulation/default/FineSimProVCS/nominal/resultsDatabase remoteRun {} testbenchId 1 saveImages true
[16:19:38.61] /m Information: Feature 'SynopsysCustomSAE' checked in. (LICENSE-004)
[16:19:38.62] /o 
[16:19:38.62] /m Information: Feature 'SynopsysCustomSAE' checked out. (LICENSE-003)
[16:19:38.66] /w Warning: The environment option digitalOutputDataFormat is reset to FineSimProVCS default.
[16:19:38.66] /w Warning: The environment option mergedFile is reset to FineSimProVCS default.
[16:19:38.66] /w Warning: The environment option compilationOptions is reset to FineSimProVCS default.
[16:19:38.66] /w Warning: The environment option vhdlanOptions is reset to FineSimProVCS default.
[16:19:38.66] /w Warning: The environment option elaborationOptions is reset to FineSimProVCS default.
[16:19:38.66] /w Warning: The environment option analogSimulatorOptions is reset to FineSimProVCS default.
[16:19:38.66] /w Warning: The environment option numProcesses is reset to FineSimProVCS default.
[16:19:38.66] /w Warning: The environment option outputDataFormat is reset to FineSimProVCS default.
[16:19:38.66] /w Warning: The environment option commandLineOptions is reset to FineSimProVCS default.
[16:19:38.66] /w Warning: The environment option switchViewList is reset to FineSimProVCS default.
[16:19:38.66] /w Warning: The environment option stopViewList is reset to FineSimProVCS default.
[16:19:38.70] /m Information: Loading preferences from /home/Cordero_Matamoros_I_2024_vlsi/simulation/tarea_2,compleja_def,schematic/history_1/simulation/default/FineSimProVCS/nominal/pw_shell_session_prefs.xml
[16:19:38.88] /e Error: "Enabling/disabling freezing is not allowed if there are open superMasters" (PCELL_FREEZING-005)
[16:19:38.88] /w Warning: Preference cannot be modified (Value 'false' for preference 'dbPcellFreezeEnabled' is invalid.). (PREFERENCE-035)
[16:19:38.95] /m Information: Start incremental database creation...
[16:19:38.96] /m Information: Create Iter role param id map
[16:19:38.97] /o saeInterBGSaeShell:  ::sa::_backgroundSaeShell::scriptFinished 0.3 {} sa::_resultsDatabase::saeShellProcessingCompletedProc testSuiteName saeSession4 uniqueSessionName {} testbenchName default resultsDir /home/Cordero_Matamoros_I_2024_vlsi/simulation/tarea_2,compleja_def,schematic/history_1/simulation/default/FineSimProVCS/nominal/results testSuiteDir /home/Cordero_Matamoros_I_2024_vlsi/simulation/tarea_2,compleja_def,schematic/history_1/simulation/default/FineSimProVCS/nominal databaseName /home/Cordero_Matamoros_I_2024_vlsi/simulation/tarea_2,compleja_def,schematic/history_1/simulation/default/FineSimProVCS/nominal/resultsDatabase remoteRun {} testbenchId 1 saveImages true
[16:19:38.97] /o false
[16:19:38.97] /i ::wf::viewerExited
[16:21:01.93] /i ::sa::_backgroundSaeShell::exit
[16:21:01.93] /o saeInterBGSaeShell:  ::sa::_backgroundSaeShell::childFormallyExiting
[16:21:04.10] /o Shutdown time: Mon Apr 29 16:21:04 2024
[16:21:04.10] /o Elapsed session real time: 6.1 minutes
[16:21:04.10] /o Session terminated. Log is at /mnt/vol_NFS_rh003/Est_VLSI_I_2024/Cordero_Matamoros_I_2024_vlsi/tarea_2/synopsys_custom/logs/primewave.Cordero_Matamoros_I_2024_vlsi.2024_4_29_161455_641704.log
