[15:27:48.84] /o 
              /c                    PrimeWave Design Environment
              /c 
              /c            Version U-2023.03-SP2 for linux64 - Aug 24, 2023 00:53:01 
              /c 
              /c                     Copyright (c) 2000 - 2023 Synopsys, Inc.
              /c    This software and the associated documentation are proprietary to Synopsys,
              /c  Inc. This software may only be used in accordance with the terms and conditions
              /c  of a written license agreement with Synopsys, Inc. All other use, reproduction,
              /c    or distribution of this software is strictly prohibited.  Licensed Products
              /c      communicate with Synopsys servers for the purpose of providing software
              /c     updates, detecting software piracy and verifying that customers are using
              /c     Licensed Products in conformity with the applicable License Key for such
              /c   Licensed Products. Synopsys will use information gathered in connection with
              /c     this process to deliver software updates and pursue software pirates and
              /c                                    infringers.
              /c 
              /c  Inclusivity & Diversity - Visit SolvNetPlus to read the "Synopsys Statement on
              /c             Inclusivity and Diversity" (Refer to article 000036315 at
              /c                         https://solvnetplus.synopsys.com)
              /c 
              /c Build  (OPT) Config 9117514 compiled on Wed Aug 23 10:56:58 2023 for CentOS64 7.3
              /c Invocation: /mnt/vol_synopsys2023/synopsys/primewave/U-2023.03-SP2/linux64/platform/bin/primewave_st -gui 0 -log pw_shell_session7_job2 -libDefFile /mnt/vol_NFS_rh003/Est_VLSI_I_2024/Cordero_Matamoros_I_2024_vlsi/tarea_2/lib.defs
              /c Execution time: Mon Apr 15 15:27:46 2024
              /c Host: redhat003
              /c 
[15:27:48.86] /m Information: Started sharing "Custom WaveView ADV" license. (WAVEFORM-110)
[15:27:48.86] /m Information: Started sharing "Primewave" license. (WAVEFORM-110)
[15:27:48.87] /m Information: Feature 'SynopsysCustomSAE' checked out. (LICENSE-003)
[15:27:51.32] /r giShowFrameTabs true
[15:27:51.32] /r giWindowId 1
[15:27:51.32] /r giWindowGeometry 1040x800
[15:27:51.36] /i ::sa::_backgroundSaeShell::signalProcessReady 1713216464 75160
[15:27:51.37] /o saeInterBGSaeShell:  ::sa::_backgroundSaeShell::processReady 7
[15:27:51.38] /i ::wf::viewerExited
[15:27:51.48] /i ::wf::viewerExited
[15:27:51.49] /i ::wf::viewerExited
[15:28:44.57] /i ::wf::updateViewerLicense 2
[15:28:44.57] /i ::wf::updateViewerLicense 2
[15:32:52.57] /o saeInterBGSaeShell:  ::sa::_backgroundSaeShell::pingBack
[15:32:52.77] /i ::sa::_backgroundSaeShell::parentRunning
[15:32:52.77] /o false
[15:32:53.47] /m Information: Feature 'SynopsysCustomSAE' checked in. (LICENSE-004)
[15:32:53.47] /m Information: Stopped sharing "Primewave" license. (WAVEFORM-111)
[15:32:53.47] /m Information: Stopped sharing "Custom WaveView ADV" license. (WAVEFORM-111)
[15:36:13.97] /i ::wf::viewerExited
[15:36:13.98] /i ::wf::viewerExited
[15:36:13.98] /i ::wf::viewerExited
[15:36:36.65] /i ::wf::updateViewerLicense 2
[15:36:36.65] /i ::wf::updateViewerLicense 2
[15:37:53.77] /o saeInterBGSaeShell:  ::sa::_backgroundSaeShell::pingBack
[15:37:53.97] /i ::sa::_backgroundSaeShell::parentRunning
[15:37:53.97] /o false
[15:42:54.99] /o saeInterBGSaeShell:  ::sa::_backgroundSaeShell::pingBack
[15:42:55.16] /i ::sa::_backgroundSaeShell::parentRunning
[15:42:55.17] /o false
[15:44:34.87] /i ::wf::viewerExited
[15:44:34.97] /i ::wf::viewerExited
[15:44:34.98] /i ::wf::viewerExited
[15:45:24.15] /i ::wf::updateViewerLicense 2
[15:45:24.15] /i ::wf::updateViewerLicense 2
[15:47:56.19] /o saeInterBGSaeShell:  ::sa::_backgroundSaeShell::pingBack
[15:47:56.26] /i ::sa::_backgroundSaeShell::parentRunning
[15:47:56.26] /o false
[15:52:57.39] /o saeInterBGSaeShell:  ::sa::_backgroundSaeShell::pingBack
[15:52:57.57] /i ::sa::_backgroundSaeShell::parentRunning
[15:52:57.57] /o false
[15:57:58.59] /o saeInterBGSaeShell:  ::sa::_backgroundSaeShell::pingBack
[15:57:58.77] /i ::sa::_backgroundSaeShell::parentRunning
[15:57:58.77] /o false
[16:02:59.79] /o saeInterBGSaeShell:  ::sa::_backgroundSaeShell::pingBack
[16:02:59.97] /i ::sa::_backgroundSaeShell::parentRunning
[16:02:59.97] /o false
[16:08:01.11] /o saeInterBGSaeShell:  ::sa::_backgroundSaeShell::pingBack
[16:08:01.27] /i ::sa::_backgroundSaeShell::parentRunning
[16:08:01.27] /o false
[16:13:02.31] /o saeInterBGSaeShell:  ::sa::_backgroundSaeShell::pingBack
[16:13:02.36] /i ::sa::_backgroundSaeShell::parentRunning
[16:13:02.36] /o false
[16:17:43.74] /i ::wf::viewerExited
[16:18:03.51] /o saeInterBGSaeShell:  ::sa::_backgroundSaeShell::pingBack
[16:18:03.66] /i ::sa::_backgroundSaeShell::parentRunning
[16:18:03.66] /o false
[16:18:48.37] /i ::wf::viewerExited
[16:18:49.46] /i ::wf::updateViewerLicense 2
[16:19:29.02] /i ::wf::viewerExited
[16:23:04.71] /o saeInterBGSaeShell:  ::sa::_backgroundSaeShell::pingBack
[16:23:04.86] /i ::sa::_backgroundSaeShell::parentRunning
[16:23:04.87] /o false
[16:28:05.91] /o saeInterBGSaeShell:  ::sa::_backgroundSaeShell::pingBack
[16:28:06.06] /i ::sa::_backgroundSaeShell::parentRunning
[16:28:06.07] /o false
[16:31:50.57] /i ::wf::viewerExited
[16:31:51.64] /i ::wf::updateViewerLicense 2
[16:33:07.14] /o saeInterBGSaeShell:  ::sa::_backgroundSaeShell::pingBack
[16:33:07.17] /i ::sa::_backgroundSaeShell::parentRunning
[16:33:07.17] /o false
[16:38:08.34] /o saeInterBGSaeShell:  ::sa::_backgroundSaeShell::pingBack
[16:38:08.37] /i ::sa::_backgroundSaeShell::parentRunning
[16:38:08.37] /o false
[16:43:09.54] /o saeInterBGSaeShell:  ::sa::_backgroundSaeShell::pingBack
[16:43:09.67] /i ::sa::_backgroundSaeShell::parentRunning
[16:43:09.67] /o false
[16:48:10.73] /o saeInterBGSaeShell:  ::sa::_backgroundSaeShell::pingBack
[16:48:10.87] /i ::sa::_backgroundSaeShell::parentRunning
[16:48:10.87] /o false
[16:53:11.96] /o saeInterBGSaeShell:  ::sa::_backgroundSaeShell::pingBack
[16:53:12.07] /i ::sa::_backgroundSaeShell::parentRunning
[16:53:12.07] /o false
[16:58:13.16] /o saeInterBGSaeShell:  ::sa::_backgroundSaeShell::pingBack
[16:58:13.27] /i ::sa::_backgroundSaeShell::parentRunning
[16:58:13.27] /o false
[17:03:14.37] /o saeInterBGSaeShell:  ::sa::_backgroundSaeShell::pingBack
[17:03:24.57] /i ::sa::_backgroundSaeShell::parentRunning
[17:03:24.57] /o false
[17:08:25.94] /o saeInterBGSaeShell:  ::sa::_backgroundSaeShell::pingBack
[17:08:25.97] /i ::sa::_backgroundSaeShell::parentRunning
[17:08:25.97] /o false
[17:13:27.18] /o saeInterBGSaeShell:  ::sa::_backgroundSaeShell::pingBack
[17:13:27.27] /i ::sa::_backgroundSaeShell::parentRunning
[17:13:27.27] /o false
[17:18:28.38] /o saeInterBGSaeShell:  ::sa::_backgroundSaeShell::pingBack
[17:18:28.47] /i ::sa::_backgroundSaeShell::parentRunning
[17:18:28.47] /o false
[17:23:29.58] /o saeInterBGSaeShell:  ::sa::_backgroundSaeShell::pingBack
[17:23:29.67] /i ::sa::_backgroundSaeShell::parentRunning
[17:23:29.67] /o false
[17:28:30.78] /o saeInterBGSaeShell:  ::sa::_backgroundSaeShell::pingBack
[17:28:30.97] /i ::sa::_backgroundSaeShell::parentRunning
[17:28:30.97] /o false
[17:33:32.14] /o saeInterBGSaeShell:  ::sa::_backgroundSaeShell::pingBack
[17:33:32.16] /i ::sa::_backgroundSaeShell::parentRunning
[17:33:32.16] /o false
[17:38:33.34] /o saeInterBGSaeShell:  ::sa::_backgroundSaeShell::pingBack
[17:38:33.47] /i ::sa::_backgroundSaeShell::parentRunning
[17:38:33.47] /o false
[17:43:34.54] /o saeInterBGSaeShell:  ::sa::_backgroundSaeShell::pingBack
[17:43:34.57] /i ::sa::_backgroundSaeShell::parentRunning
[17:43:34.57] /o false
[17:48:35.74] /o saeInterBGSaeShell:  ::sa::_backgroundSaeShell::pingBack
[17:48:35.87] /i ::sa::_backgroundSaeShell::parentRunning
[17:48:35.87] /o false
[17:53:36.94] /o saeInterBGSaeShell:  ::sa::_backgroundSaeShell::pingBack
[17:53:37.06] /i ::sa::_backgroundSaeShell::parentRunning
[17:53:37.07] /o false
[17:58:38.14] /o saeInterBGSaeShell:  ::sa::_backgroundSaeShell::pingBack
[17:58:38.27] /i ::sa::_backgroundSaeShell::parentRunning
[17:58:38.27] /o false
[18:03:39.34] /o saeInterBGSaeShell:  ::sa::_backgroundSaeShell::pingBack
[18:03:39.47] /i ::sa::_backgroundSaeShell::parentRunning
[18:03:39.47] /o false
[18:08:40.54] /o saeInterBGSaeShell:  ::sa::_backgroundSaeShell::pingBack
[18:08:40.57] /i ::sa::_backgroundSaeShell::parentRunning
[18:08:40.57] /o false
[18:13:41.74] /o saeInterBGSaeShell:  ::sa::_backgroundSaeShell::pingBack
[18:13:41.86] /i ::sa::_backgroundSaeShell::parentRunning
[18:13:41.86] /o false
[18:18:42.93] /o saeInterBGSaeShell:  ::sa::_backgroundSaeShell::pingBack
[18:18:43.06] /i ::sa::_backgroundSaeShell::parentRunning
[18:18:43.07] /o false
[18:22:11.07] /i ::wf::viewerExited
[18:22:11.07] /i ::wf::viewerExited
[18:22:11.07] /i ::wf::viewerExited
[18:23:44.14] /o saeInterBGSaeShell:  ::sa::_backgroundSaeShell::pingBack
[18:23:44.27] /i ::sa::_backgroundSaeShell::parentRunning
[18:23:44.27] /o false
[18:28:45.33] /o saeInterBGSaeShell:  ::sa::_backgroundSaeShell::pingBack
[18:28:45.47] /i ::sa::_backgroundSaeShell::parentRunning
[18:28:45.47] /o false
[18:33:46.54] /o saeInterBGSaeShell:  ::sa::_backgroundSaeShell::pingBack
[18:33:46.56] /i ::sa::_backgroundSaeShell::parentRunning
[18:33:46.57] /o false
[18:38:47.73] /o saeInterBGSaeShell:  ::sa::_backgroundSaeShell::pingBack
[18:38:47.76] /i ::sa::_backgroundSaeShell::parentRunning
[18:38:47.76] /o false
[18:43:48.93] /o saeInterBGSaeShell:  ::sa::_backgroundSaeShell::pingBack
[18:43:49.07] /i ::sa::_backgroundSaeShell::parentRunning
[18:43:49.07] /o false
[18:48:50.13] /o saeInterBGSaeShell:  ::sa::_backgroundSaeShell::pingBack
[18:48:50.27] /i ::sa::_backgroundSaeShell::parentRunning
[18:48:50.27] /o false
[18:53:51.32] /o saeInterBGSaeShell:  ::sa::_backgroundSaeShell::pingBack
[18:53:51.46] /i ::sa::_backgroundSaeShell::parentRunning
[18:53:51.47] /o false
[18:58:52.57] /o saeInterBGSaeShell:  ::sa::_backgroundSaeShell::pingBack
[18:58:52.66] /i ::sa::_backgroundSaeShell::parentRunning
[18:58:52.67] /o false
[19:03:54.20] /o saeInterBGSaeShell:  ::sa::_backgroundSaeShell::pingBack
[19:03:54.36] /i ::sa::_backgroundSaeShell::parentRunning
[19:03:54.37] /o false
[19:08:55.45] /o saeInterBGSaeShell:  ::sa::_backgroundSaeShell::pingBack
[19:08:55.56] /i ::sa::_backgroundSaeShell::parentRunning
[19:08:55.57] /o false
[19:13:56.65] /o saeInterBGSaeShell:  ::sa::_backgroundSaeShell::pingBack
[19:13:56.66] /i ::sa::_backgroundSaeShell::parentRunning
[19:13:56.66] /o false
[19:18:57.81] /o saeInterBGSaeShell:  ::sa::_backgroundSaeShell::pingBack
[19:18:57.96] /i ::sa::_backgroundSaeShell::parentRunning
[19:18:57.96] /o false
[19:23:59.62] /o saeInterBGSaeShell:  ::sa::_backgroundSaeShell::pingBack
[19:23:59.76] /i ::sa::_backgroundSaeShell::parentRunning
[19:23:59.76] /o false
[19:24:43.84] /i ::wf::updateViewerLicense 2
[19:24:43.84] /i ::wf::updateViewerLicense 2
[19:24:47.26] /i ::wf::viewerExited
[19:24:47.27] /i ::wf::viewerExited
[19:24:47.27] /i ::wf::viewerExited
[19:27:30.05] /i ::wf::updateViewerLicense 2
[19:27:30.05] /i ::wf::updateViewerLicense 2
[19:29:00.94] /o saeInterBGSaeShell:  ::sa::_backgroundSaeShell::pingBack
[19:29:00.97] /i ::sa::_backgroundSaeShell::parentRunning
[19:29:00.97] /o false
[19:29:22.93] /i ::wf::viewerExited
[19:30:54.63] /i ::wf::viewerExited
[19:33:40.37] /i ::wf::viewerExited
[19:33:41.24] /i ::wf::updateViewerLicense 2
[19:33:48.25] /i ::wf::viewerExited
[19:33:48.25] /i ::wf::viewerExited
[19:33:48.25] /i ::wf::viewerExited
[19:34:02.21] /o saeInterBGSaeShell:  ::sa::_backgroundSaeShell::pingBack
[19:34:02.26] /i ::sa::_backgroundSaeShell::parentRunning
[19:34:02.27] /o false
[19:39:03.45] /o saeInterBGSaeShell:  ::sa::_backgroundSaeShell::pingBack
[19:39:03.46] /i ::sa::_backgroundSaeShell::parentRunning
[19:39:03.47] /o false
[19:44:04.63] /o saeInterBGSaeShell:  ::sa::_backgroundSaeShell::pingBack
[19:44:04.67] /i ::sa::_backgroundSaeShell::parentRunning
[19:44:04.67] /o false
[19:49:05.85] /o saeInterBGSaeShell:  ::sa::_backgroundSaeShell::pingBack
[19:49:05.86] /i ::sa::_backgroundSaeShell::parentRunning
[19:49:05.86] /o false
[19:54:07.01] /o saeInterBGSaeShell:  ::sa::_backgroundSaeShell::pingBack
[19:54:07.17] /i ::sa::_backgroundSaeShell::parentRunning
[19:54:07.17] /o false
[19:59:08.37] /o saeInterBGSaeShell:  ::sa::_backgroundSaeShell::pingBack
[19:59:08.47] /i ::sa::_backgroundSaeShell::parentRunning
[19:59:08.47] /o false
[20:04:09.69] /o saeInterBGSaeShell:  ::sa::_backgroundSaeShell::pingBack
[20:04:09.88] /i ::sa::_backgroundSaeShell::parentRunning
[20:04:09.88] /o false
[20:04:14.43] /i ::wf::updateViewerLicense 2
[20:04:14.43] /i ::wf::updateViewerLicense 2
[20:05:34.10] /i ::wf::viewerExited
[20:07:19.07] /i ::wf::viewerExited
[20:07:20.10] /i ::wf::updateViewerLicense 2
[20:07:25.27] /i ::wf::viewerExited
[20:07:25.29] /i ::wf::viewerExited
[20:07:25.29] /i ::wf::viewerExited
[20:09:10.97] /o saeInterBGSaeShell:  ::sa::_backgroundSaeShell::pingBack
[20:09:11.17] /i ::sa::_backgroundSaeShell::parentRunning
[20:09:11.17] /o false
[20:14:12.22] /o saeInterBGSaeShell:  ::sa::_backgroundSaeShell::pingBack
[20:14:12.26] /i ::sa::_backgroundSaeShell::parentRunning
[20:14:12.26] /o false
[20:19:13.42] /o saeInterBGSaeShell:  ::sa::_backgroundSaeShell::pingBack
[20:19:13.56] /i ::sa::_backgroundSaeShell::parentRunning
[20:19:13.57] /o false
[20:24:14.62] /o saeInterBGSaeShell:  ::sa::_backgroundSaeShell::pingBack
[20:24:14.66] /i ::sa::_backgroundSaeShell::parentRunning
[20:24:14.67] /o false
[20:29:15.82] /o saeInterBGSaeShell:  ::sa::_backgroundSaeShell::pingBack
[20:29:15.86] /i ::sa::_backgroundSaeShell::parentRunning
[20:29:15.86] /o false
[20:34:17.02] /o saeInterBGSaeShell:  ::sa::_backgroundSaeShell::pingBack
[20:34:17.16] /i ::sa::_backgroundSaeShell::parentRunning
[20:34:17.16] /o false
[20:39:18.54] /o saeInterBGSaeShell:  ::sa::_backgroundSaeShell::pingBack
[20:39:18.66] /i ::sa::_backgroundSaeShell::parentRunning
[20:39:18.66] /o false
[20:44:19.72] /o saeInterBGSaeShell:  ::sa::_backgroundSaeShell::pingBack
[20:44:19.77] /i ::sa::_backgroundSaeShell::parentRunning
[20:44:19.77] /o false
[20:49:21.33] /o saeInterBGSaeShell:  ::sa::_backgroundSaeShell::pingBack
[20:49:21.46] /i ::sa::_backgroundSaeShell::parentRunning
[20:49:21.46] /o false
[20:54:22.90] /o saeInterBGSaeShell:  ::sa::_backgroundSaeShell::pingBack
[20:54:22.97] /i ::sa::_backgroundSaeShell::parentRunning
[20:54:22.97] /o false
[20:59:25.34] /o saeInterBGSaeShell:  ::sa::_backgroundSaeShell::pingBack
[20:59:25.36] /i ::sa::_backgroundSaeShell::parentRunning
[20:59:25.36] /o false
[21:04:26.45] /o saeInterBGSaeShell:  ::sa::_backgroundSaeShell::pingBack
[21:04:26.46] /i ::sa::_backgroundSaeShell::parentRunning
[21:04:26.47] /o false
[21:09:27.71] /o saeInterBGSaeShell:  ::sa::_backgroundSaeShell::pingBack
[21:09:27.76] /i ::sa::_backgroundSaeShell::parentRunning
[21:09:27.76] /o false
[21:14:28.89] /o saeInterBGSaeShell:  ::sa::_backgroundSaeShell::pingBack
[21:14:29.07] /i ::sa::_backgroundSaeShell::parentRunning
[21:14:29.07] /o false
[21:19:30.17] /o saeInterBGSaeShell:  ::sa::_backgroundSaeShell::pingBack
[21:19:30.36] /i ::sa::_backgroundSaeShell::parentRunning
[21:19:30.37] /o false
[21:24:31.45] /o saeInterBGSaeShell:  ::sa::_backgroundSaeShell::pingBack
[21:24:31.57] /i ::sa::_backgroundSaeShell::parentRunning
[21:24:31.57] /o false
[21:29:32.94] /o saeInterBGSaeShell:  ::sa::_backgroundSaeShell::pingBack
[21:29:33.07] /i ::sa::_backgroundSaeShell::parentRunning
[21:29:33.07] /o false
[21:34:34.30] /o saeInterBGSaeShell:  ::sa::_backgroundSaeShell::pingBack
[21:34:34.47] /i ::sa::_backgroundSaeShell::parentRunning
[21:34:34.47] /o false
[21:37:05.20] /o signal number = 15
              /c Information: Received "Terminate" signal. Sending  PID: 111409 UID: 1221. Process is terminated.
[21:37:05.20] /e Error: The application was unexpectedly terminated.
              /c See the session log file for recovery details. (SHUT_DOWN-001)
