[15:34:31.72] /o 
              /c                    PrimeWave Design Environment
              /c 
              /c            Version U-2023.03-SP2 for linux64 - Aug 24, 2023 00:53:01 
              /c 
              /c                     Copyright (c) 2000 - 2023 Synopsys, Inc.
              /c    This software and the associated documentation are proprietary to Synopsys,
              /c  Inc. This software may only be used in accordance with the terms and conditions
              /c  of a written license agreement with Synopsys, Inc. All other use, reproduction,
              /c    or distribution of this software is strictly prohibited.  Licensed Products
              /c      communicate with Synopsys servers for the purpose of providing software
              /c     updates, detecting software piracy and verifying that customers are using
              /c     Licensed Products in conformity with the applicable License Key for such
              /c   Licensed Products. Synopsys will use information gathered in connection with
              /c     this process to deliver software updates and pursue software pirates and
              /c                                    infringers.
              /c 
              /c  Inclusivity & Diversity - Visit SolvNetPlus to read the "Synopsys Statement on
              /c             Inclusivity and Diversity" (Refer to article 000036315 at
              /c                         https://solvnetplus.synopsys.com)
              /c 
              /c Build  (OPT) Config 9117514 compiled on Wed Aug 23 10:56:58 2023 for CentOS64 7.3
              /c Invocation: /mnt/vol_synopsys2023/synopsys/primewave/U-2023.03-SP2/linux64/platform/bin/primewave_st -gui 0 -log pw_shell_session2_job1 -libDefFile /mnt/vol_NFS_rh003/Est_VLSI_I_2024/Cordero_Matamoros_I_2024_vlsi/tarea_2/lib.defs
              /c Execution time: Mon Apr 29 15:34:29 2024
              /c Host: redhat003
              /c 
[15:34:31.75] /m Information: Started sharing "Custom WaveView ADV" license. (WAVEFORM-110)
[15:34:31.75] /m Information: Started sharing "Primewave" license. (WAVEFORM-110)
[15:34:31.75] /m Information: Feature 'SynopsysCustomSAE' checked out. (LICENSE-003)
[15:34:34.67] /r giShowFrameTabs true
[15:34:34.67] /r giWindowId 1
[15:34:34.67] /r giWindowGeometry 1040x800
[15:34:34.75] /i ::sa::_backgroundSaeShell::signalProcessReady 1714426467 539908
[15:34:34.75] /o saeInterBGSaeShell:  ::sa::_backgroundSaeShell::processReady 7
[15:34:34.76] /i ::wf::updateViewerLicense 2
[15:34:34.93] /i ::wf::updateViewerLicense 2
[15:35:34.45] /i ::sa::_backgroundSaeShell::runScript /home/Cordero_Matamoros_I_2024_vlsi/simulation/tarea_2,compleja_def,schematic/bg_script.tcl 0 sa::_testSuite::netlistAndRun::structNetlistingDone scriptDir /home/Cordero_Matamoros_I_2024_vlsi/simulation/tarea_2,compleja_def,schematic testSuiteName saeSession1 cmdArgs {default 1 1 0 1 0} taskId 0 isReRun 1
[15:35:34.97] /w Warning: The environment option digitalOutputDataFormat is reset to FineSimProVCS default.
[15:35:34.97] /w Warning: The environment option mergedFile is reset to FineSimProVCS default.
[15:35:34.97] /w Warning: The environment option compilationOptions is reset to FineSimProVCS default.
[15:35:34.97] /w Warning: The environment option vhdlanOptions is reset to FineSimProVCS default.
[15:35:34.97] /w Warning: The environment option elaborationOptions is reset to FineSimProVCS default.
[15:35:34.97] /w Warning: The environment option analogSimulatorOptions is reset to FineSimProVCS default.
[15:35:34.97] /w Warning: The environment option numProcesses is reset to FineSimProVCS default.
[15:35:34.97] /w Warning: The environment option outputDataFormat is reset to FineSimProVCS default.
[15:35:34.97] /w Warning: The environment option commandLineOptions is reset to FineSimProVCS default.
[15:35:34.97] /w Warning: The environment option switchViewList is reset to FineSimProVCS default.
[15:35:34.97] /w Warning: The environment option stopViewList is reset to FineSimProVCS default.
[15:35:35.19] /o 
[15:35:35.19] /o <> -------------------------------------------
[15:35:35.19] /o <>
[15:35:35.19] /o <> Loading XFAB PDK components
[15:35:35.19] /o <>  basic                            O.K
[15:35:35.20] /o <>  exports                          O.K
[15:35:35.21] /o <>  custom                           O.K
[15:35:35.22] /o <>  cdf                              O.K
[15:35:35.22] /o <>  netlisting                       O.K
[15:35:35.24] /o <>  useability                       WRN
[15:35:35.24] /e Error: "Following error happened during execution of ::gi::_giConsoleMessenger::_addToWindowType procedure during TCL callback Error: There are no registered attributes for object type 'string'. (TCL_OBJECT-008)" (POSTMAN-005)
[15:35:35.24] /o <>  synopsys                         O.K
[15:35:35.27] /o <>  pcellkit                         O.K
[15:35:35.29] /o <>  trigger_callbacks                O.K
[15:35:35.29] /o <> Loading XFAB PDK preferences
[15:35:35.30] /w Warning: Could not set the value of preference xtDRCTool because it does not exist. (PREFERENCE-016)
[15:35:35.30] /w Warning: Could not set the value of preference xtLVSTool because it does not exist. (PREFERENCE-016)
[15:35:35.30] /w Warning: Could not set the value of preference xtLVSSchNetlister because it does not exist. (PREFERENCE-016)
[15:35:35.30] /w Warning: Could not set the value of preference xtLPELVSTool because it does not exist. (PREFERENCE-016)
[15:35:35.30] /w Warning: Could not set the value of preference lxSplit because it does not exist. (PREFERENCE-016)
[15:35:35.30] /w Warning: Could not set the value of preference lxMFactorNames because it does not exist. (PREFERENCE-016)
[15:35:35.30] /w Warning: Could not set the value of preference lxTopBottomPinLPP because it does not exist. (PREFERENCE-016)
[15:35:35.30] /w Warning: Could not set the value of preference lxLeftRightPinLPP because it does not exist. (PREFERENCE-016)
[15:35:35.30] /w Warning: Preference 'nlPromoteTerms' is deprecated and scheduled for removal in a future release with no replacement. For migration assistance, see the Custom Compiler Tcl Reference Manual. (PREFERENCE-058)
[15:35:35.30] /w Warning: Could not set the value of preference xtPVLayerMapFile because it does not exist. (PREFERENCE-016)
[15:35:35.30] /w Warning: Could not set the value of preference xtLPEStarRunsetFile because it does not exist. (PREFERENCE-016)
[15:35:35.30] /w Warning: Could not set the value of preference xtStarTcadGrdFile because it does not exist. (PREFERENCE-016)
[15:35:35.30] /w Warning: Could not set the value of preference xtDRCICVIncludePaths because it does not exist. (PREFERENCE-016)
[15:35:35.30] /w Warning: Could not set the value of preference xtLVSICVIncludePaths because it does not exist. (PREFERENCE-016)
[15:35:35.30] /w Warning: Could not set the value of preference xtCDLViewSearchList because it does not exist. (PREFERENCE-016)
[15:35:35.30] /w Warning: Could not set the value of preference xtCDLViewStopList because it does not exist. (PREFERENCE-016)
[15:35:35.30] /w Warning: Could not set the value of preference xtDRCICVRunsetFile because it does not exist. (PREFERENCE-016)
[15:35:35.30] /w Warning: Could not set the value of preference xtLVSICVRunsetFile because it does not exist. (PREFERENCE-016)
[15:35:35.30] /w Warning: Could not set the value of preference xtDRCICVControlVars because it does not exist. (PREFERENCE-016)
[15:35:35.30] /w Warning: Could not set the value of preference xtLVSICVControlVars because it does not exist. (PREFERENCE-016)
[15:35:35.30] /o <> Loading Calibre presets for XFAB PDK
[15:35:35.30] /w Warning: Could not set the value of preference xtCalibreNetlistExportNetlisterEnabled because it does not exist. (PREFERENCE-016)
[15:35:35.30] /w Warning: Could not set the value of preference xtCalibreNetlistExportNetlister because it does not exist. (PREFERENCE-016)
[15:35:35.30] /w Warning: Could not set the value of preference xtCalibreNetlistExportViewList because it does not exist. (PREFERENCE-016)
[15:35:35.30] /w Warning: Could not set the value of preference xtCalibreNetlistExportStopList because it does not exist. (PREFERENCE-016)
[15:35:35.30] /o <> Loading .xfabrc user script
[15:35:35.30] /o <>
[15:35:35.30] /o <> -------------------------------------------
[15:35:35.30] /o <>
[15:35:35.30] /o <> Technology     xt018
[15:35:35.30] /o <> Version        v12_1_1_1
[15:35:35.30] /o <> LibCode        1243
[15:35:35.30] /o <> Core           LP 1.8V
[15:35:35.30] /o <> Metal          Thin4
[15:35:35.30] /o <> TopMetal       METTP&METTPL
[15:35:35.30] /o <>
[15:35:35.30] /o <> -------------------------------------------
[15:35:35.30] /o 
[15:35:35.30] /m Information: WARNLOAD  /mnt/vol_synopsys2023/pdks/xfab/design/xkit/xt018/synopsys/v12_1/PDK/CustomCompiler/v12_1_1_1/scripts/useability/xt018_mimant_check.tcl
[15:35:35.68] /w Warning: Preference 'dbParamTrimTrailingZeroesAfterDecimalPoint' is deprecated and scheduled for removal in a future release with no replacement. For migration assistance, see the Custom Compiler Tcl Reference Manual. (PREFERENCE-058)
[15:35:35.73] /w Warning: Error: Initializing startup file ':/auxx/layout_editor/startup.tcl' failed:
              /c Error: Initializing startup file ':/auxx/constraints/startup.tcl' failed:
              /c Error: Initializing startup file ':/auxx/constraints/bindings.tcl' failed:
              /c Error: Could not execute command 'gi::createBinding' because the supplied object 'cmDelete' for argument '-action' is invalid: Action with specified name does not exist. (COMMAND-026) (STARTUP-002) (STARTUP-002) (STARTUP-002)
[15:35:35.75] /w Warning: Preference 'nlNanoSimShortPropNames' is deprecated and scheduled for removal in a future release. Use 'nlNanoSimIgnorePropNames' instead. For migration assistance, see the Custom Compiler Tcl Reference Manual. (PREFERENCE-070)
[15:35:35.75] /w Warning: Preference 'nlCDLPromoteConnectDefsAtTop' is deprecated and scheduled for removal in a future release. Use 'nlCDLTopVirtualTerms' instead. For migration assistance, see the Custom Compiler Tcl Reference Manual. (PREFERENCE-070)
[15:35:35.75] /w Warning: Preference 'nlVerilogShortPropNames' is deprecated and scheduled for removal in a future release. Use 'nlVerilogIgnorePropNames' instead. For migration assistance, see the Custom Compiler Tcl Reference Manual. (PREFERENCE-070)
[15:35:35.75] /w Warning: Preference 'nlCDLShortPropNames' is deprecated and scheduled for removal in a future release. Use 'nlCDLIgnorePropNames' instead. For migration assistance, see the Custom Compiler Tcl Reference Manual. (PREFERENCE-070)
[15:35:35.75] /w Warning: Preference 'nlEldoShortPropNames' is deprecated and scheduled for removal in a future release. Use 'nlEldoIgnorePropNames' instead. For migration assistance, see the Custom Compiler Tcl Reference Manual. (PREFERENCE-070)
[15:35:35.75] /w Warning: Preference 'nlSpectreAMSShortPropNames' is deprecated and scheduled for removal in a future release. Use 'nlSpectreAMSIgnorePropNames' instead. For migration assistance, see the Custom Compiler Tcl Reference Manual. (PREFERENCE-070)
[15:35:35.75] /w Warning: Preference 'nlVHDLShortPropNames' is deprecated and scheduled for removal in a future release. Use 'nlVHDLIgnorePropNames' instead. For migration assistance, see the Custom Compiler Tcl Reference Manual. (PREFERENCE-070)
[15:35:35.75] /w Warning: Preference 'nlVerilogICCShortPropNames' is deprecated and scheduled for removal in a future release. Use 'nlVerilogICCIgnorePropNames' instead. For migration assistance, see the Custom Compiler Tcl Reference Manual. (PREFERENCE-070)
[15:35:35.75] /w Warning: Preference 'nlPromoteTerms' is deprecated and scheduled for removal in a future release with no replacement. For migration assistance, see the Custom Compiler Tcl Reference Manual. (PREFERENCE-058)
[15:35:35.75] /w Warning: Preference 'nlAMSShortPropNames' is deprecated and scheduled for removal in a future release. Use 'nlAMSIgnorePropNames' instead. For migration assistance, see the Custom Compiler Tcl Reference Manual. (PREFERENCE-070)
[15:35:35.75] /w Warning: Preference 'nlSpectreShortPropNames' is deprecated and scheduled for removal in a future release. Use 'nlSpectreIgnorePropNames' instead. For migration assistance, see the Custom Compiler Tcl Reference Manual. (PREFERENCE-070)
[15:35:35.75] /w Warning: Preference 'nlHSPICEShortPropNames' is deprecated and scheduled for removal in a future release. Use 'nlHSPICEIgnorePropNames' instead. For migration assistance, see the Custom Compiler Tcl Reference Manual. (PREFERENCE-070)
[15:35:35.79] /o saeInterBGSaeShell:  ::sa::netlistAndRun::updateBgNRunMsg /home/Cordero_Matamoros_I_2024_vlsi/simulation/tarea_2,compleja_def,schematic/history_1/simulation/default/FineSimProVCS/nominal/results "Creating structural netlist for testbench default ..." 0 1
[15:35:35.80] /m Information: "Starting incremental netlisting for design "tarea_2/compleja_def/schematic"..." (NETLISTING-010)
[15:35:35.82] /o Netlisting
[15:35:35.95] /o No Design Integrity rule violations found in "tarea_2/compleja_def/schematic"
[15:35:35.95] /o Scanning: tarea_2/compleja_def/schematic
[15:35:36.07] /m Information: 
[15:35:36.07] /o Checking "tarea_2/compleja_def_not/schematic"
[15:35:36.26] /o No rule violations found in "tarea_2/compleja_def_not/schematic"
[15:35:36.26] /o Scanning: tarea_2/compleja_def_not/schematic
[15:35:36.27] /o Computing terminal lists
[15:35:36.27] /o Processing terminals of module tarea_2/compleja_def_not/schematic
[15:35:36.28] /o Processing terminals of module tarea_2/compleja_def/schematic
[15:35:36.28] /o Creating output directories
[15:35:36.31] /o Netlisting
[15:35:36.31] /o Formatting tarea_2/compleja_def_not/schematic
[15:35:36.32] /m Information: "tarea_2 compleja_def_not schematic" renetlisted. (NETLISTING-056)
[15:35:36.33] /o Formatting tarea_2/compleja_def/schematic
[15:35:36.38] /m Information: "tarea_2 compleja_def schematic" renetlisted. (NETLISTING-056)
[15:35:36.39] /m Information: "Netlisting design "tarea_2/compleja_def/schematic" finished successfully." (NETLISTING-012)
[15:35:36.39] /m Information: Composing simulator input file for design "tarea_2/compleja_def/schematic"...
[15:35:38.47] /o 
[15:35:38.47] /o Analyzing Hierarchy
[15:35:38.47] /o Finalizing
[15:35:38.47] /m Information: Simulator input file composed successfully for design "tarea_2/compleja_def/schematic"
[15:35:38.48] /o saeInterBGSaeShell:  ::sa::netlistAndRun::updateBgNRunMsg /home/Cordero_Matamoros_I_2024_vlsi/simulation/tarea_2,compleja_def,schematic/history_1/simulation/default/FineSimProVCS/nominal/results "Creating final netlist for testbench default ..." 0 0
[15:35:38.57] /o 
[15:35:39.51] /o saeInterBGSaeShell:  ::sa::netlistAndRun::updateBgNRunMsg /home/Cordero_Matamoros_I_2024_vlsi/simulation/tarea_2,compleja_def,schematic/history_1/simulation/default/FineSimProVCS/nominal/results "Composing simulation job for testbench default - Nominal " 1 1
[15:35:39.53] /o saeInterBGSaeShell:  ::sa::_backgroundSaeShell::scriptFinished 5.0 {} sa::_testSuite::netlistAndRun::structNetlistingDone scriptDir /home/Cordero_Matamoros_I_2024_vlsi/simulation/tarea_2,compleja_def,schematic testSuiteName saeSession1 cmdArgs {default 1 1 0 1 0} taskId 0 isReRun 1
[15:35:39.53] /o false
[15:35:39.54] /i db::setAttr geometry -of [gi::getFrames 1] -value 1014x710+5+52
[15:36:12.43] /i ::sa::_backgroundSaeShell::runScript /home/Cordero_Matamoros_I_2024_vlsi/simulation/tarea_2,compleja_def,schematic/history_1/simulation/default/FineSimProVCS/nominal/.bg_measurement_script.tcl 0 sa::_resultsDatabase::saeShellProcessingCompletedProc testSuiteName saeSession1 uniqueSessionName {} testbenchName default resultsDir /home/Cordero_Matamoros_I_2024_vlsi/simulation/tarea_2,compleja_def,schematic/history_1/simulation/default/FineSimProVCS/nominal/results testSuiteDir /home/Cordero_Matamoros_I_2024_vlsi/simulation/tarea_2,compleja_def,schematic/history_1/simulation/default/FineSimProVCS/nominal databaseName /home/Cordero_Matamoros_I_2024_vlsi/simulation/tarea_2,compleja_def,schematic/history_1/simulation/default/FineSimProVCS/nominal/resultsDatabase remoteRun {} testbenchId 1 saveImages true
[15:36:12.44] /m Information: Feature 'SynopsysCustomSAE' checked in. (LICENSE-004)
[15:36:12.45] /o 
[15:36:12.45] /m Information: Feature 'SynopsysCustomSAE' checked out. (LICENSE-003)
[15:36:12.49] /w Warning: The environment option digitalOutputDataFormat is reset to FineSimProVCS default.
[15:36:12.49] /w Warning: The environment option mergedFile is reset to FineSimProVCS default.
[15:36:12.49] /w Warning: The environment option compilationOptions is reset to FineSimProVCS default.
[15:36:12.49] /w Warning: The environment option vhdlanOptions is reset to FineSimProVCS default.
[15:36:12.49] /w Warning: The environment option elaborationOptions is reset to FineSimProVCS default.
[15:36:12.49] /w Warning: The environment option analogSimulatorOptions is reset to FineSimProVCS default.
[15:36:12.49] /w Warning: The environment option numProcesses is reset to FineSimProVCS default.
[15:36:12.49] /w Warning: The environment option outputDataFormat is reset to FineSimProVCS default.
[15:36:12.49] /w Warning: The environment option commandLineOptions is reset to FineSimProVCS default.
[15:36:12.49] /w Warning: The environment option switchViewList is reset to FineSimProVCS default.
[15:36:12.49] /w Warning: The environment option stopViewList is reset to FineSimProVCS default.
[15:36:12.52] /m Information: Loading preferences from /home/Cordero_Matamoros_I_2024_vlsi/simulation/tarea_2,compleja_def,schematic/history_1/simulation/default/FineSimProVCS/nominal/pw_shell_session_prefs.xml
[15:36:12.73] /e Error: "Enabling/disabling freezing is not allowed if there are open superMasters" (PCELL_FREEZING-005)
[15:36:12.73] /w Warning: Preference cannot be modified (Value 'false' for preference 'dbPcellFreezeEnabled' is invalid.). (PREFERENCE-035)
[15:36:12.79] /m Information: Start incremental database creation...
[15:36:12.81] /m Information: Create Iter role param id map
[15:36:12.83] /o saeInterBGSaeShell:  ::sa::_backgroundSaeShell::scriptFinished 0.3 {} sa::_resultsDatabase::saeShellProcessingCompletedProc testSuiteName saeSession1 uniqueSessionName {} testbenchName default resultsDir /home/Cordero_Matamoros_I_2024_vlsi/simulation/tarea_2,compleja_def,schematic/history_1/simulation/default/FineSimProVCS/nominal/results testSuiteDir /home/Cordero_Matamoros_I_2024_vlsi/simulation/tarea_2,compleja_def,schematic/history_1/simulation/default/FineSimProVCS/nominal databaseName /home/Cordero_Matamoros_I_2024_vlsi/simulation/tarea_2,compleja_def,schematic/history_1/simulation/default/FineSimProVCS/nominal/resultsDatabase remoteRun {} testbenchId 1 saveImages true
[15:36:12.83] /o false
[15:36:12.83] /i ::wf::viewerExited
[15:39:46.47] /i ::sa::_backgroundSaeShell::runScript /home/Cordero_Matamoros_I_2024_vlsi/simulation/tarea_2,compleja_def,schematic/bg_script.tcl 0 sa::_testSuite::netlistAndRun::structNetlistingDone scriptDir /home/Cordero_Matamoros_I_2024_vlsi/simulation/tarea_2,compleja_def,schematic testSuiteName saeSession1 cmdArgs {default 1 1 0 1 0} taskId 1 isReRun 1
[15:39:46.48] /m Information: Feature 'SynopsysCustomSAE' checked in. (LICENSE-004)
[15:39:46.48] /o 
[15:39:46.49] /m Information: Feature 'SynopsysCustomSAE' checked out. (LICENSE-003)
[15:39:46.58] /w Warning: The environment option digitalOutputDataFormat is reset to FineSimProVCS default.
[15:39:46.58] /w Warning: The environment option mergedFile is reset to FineSimProVCS default.
[15:39:46.58] /w Warning: The environment option compilationOptions is reset to FineSimProVCS default.
[15:39:46.58] /w Warning: The environment option vhdlanOptions is reset to FineSimProVCS default.
[15:39:46.58] /w Warning: The environment option elaborationOptions is reset to FineSimProVCS default.
[15:39:46.58] /w Warning: The environment option analogSimulatorOptions is reset to FineSimProVCS default.
[15:39:46.58] /w Warning: The environment option numProcesses is reset to FineSimProVCS default.
[15:39:46.58] /w Warning: The environment option outputDataFormat is reset to FineSimProVCS default.
[15:39:46.58] /w Warning: The environment option commandLineOptions is reset to FineSimProVCS default.
[15:39:46.58] /w Warning: The environment option switchViewList is reset to FineSimProVCS default.
[15:39:46.58] /w Warning: The environment option stopViewList is reset to FineSimProVCS default.
[15:39:46.95] /w Warning: Preference 'dbParamTrimTrailingZeroesAfterDecimalPoint' is deprecated and scheduled for removal in a future release with no replacement. For migration assistance, see the Custom Compiler Tcl Reference Manual. (PREFERENCE-058)
[15:39:47.08] /w Warning: Preference 'nlNanoSimShortPropNames' is deprecated and scheduled for removal in a future release. Use 'nlNanoSimIgnorePropNames' instead. For migration assistance, see the Custom Compiler Tcl Reference Manual. (PREFERENCE-070)
[15:39:47.08] /w Warning: Preference 'nlCDLPromoteConnectDefsAtTop' is deprecated and scheduled for removal in a future release. Use 'nlCDLTopVirtualTerms' instead. For migration assistance, see the Custom Compiler Tcl Reference Manual. (PREFERENCE-070)
[15:39:47.08] /w Warning: Preference 'nlVerilogShortPropNames' is deprecated and scheduled for removal in a future release. Use 'nlVerilogIgnorePropNames' instead. For migration assistance, see the Custom Compiler Tcl Reference Manual. (PREFERENCE-070)
[15:39:47.08] /w Warning: Preference 'nlCDLShortPropNames' is deprecated and scheduled for removal in a future release. Use 'nlCDLIgnorePropNames' instead. For migration assistance, see the Custom Compiler Tcl Reference Manual. (PREFERENCE-070)
[15:39:47.08] /w Warning: Preference 'nlEldoShortPropNames' is deprecated and scheduled for removal in a future release. Use 'nlEldoIgnorePropNames' instead. For migration assistance, see the Custom Compiler Tcl Reference Manual. (PREFERENCE-070)
[15:39:47.08] /w Warning: Preference 'nlSpectreAMSShortPropNames' is deprecated and scheduled for removal in a future release. Use 'nlSpectreAMSIgnorePropNames' instead. For migration assistance, see the Custom Compiler Tcl Reference Manual. (PREFERENCE-070)
[15:39:47.08] /w Warning: Preference 'nlVHDLShortPropNames' is deprecated and scheduled for removal in a future release. Use 'nlVHDLIgnorePropNames' instead. For migration assistance, see the Custom Compiler Tcl Reference Manual. (PREFERENCE-070)
[15:39:47.08] /w Warning: Preference 'nlVerilogICCShortPropNames' is deprecated and scheduled for removal in a future release. Use 'nlVerilogICCIgnorePropNames' instead. For migration assistance, see the Custom Compiler Tcl Reference Manual. (PREFERENCE-070)
[15:39:47.08] /w Warning: Preference 'nlPromoteTerms' is deprecated and scheduled for removal in a future release with no replacement. For migration assistance, see the Custom Compiler Tcl Reference Manual. (PREFERENCE-058)
[15:39:47.08] /w Warning: Preference 'nlAMSShortPropNames' is deprecated and scheduled for removal in a future release. Use 'nlAMSIgnorePropNames' instead. For migration assistance, see the Custom Compiler Tcl Reference Manual. (PREFERENCE-070)
[15:39:47.08] /w Warning: Preference 'nlSpectreShortPropNames' is deprecated and scheduled for removal in a future release. Use 'nlSpectreIgnorePropNames' instead. For migration assistance, see the Custom Compiler Tcl Reference Manual. (PREFERENCE-070)
[15:39:47.08] /w Warning: Preference 'nlHSPICEShortPropNames' is deprecated and scheduled for removal in a future release. Use 'nlHSPICEIgnorePropNames' instead. For migration assistance, see the Custom Compiler Tcl Reference Manual. (PREFERENCE-070)
[15:39:47.12] /o saeInterBGSaeShell:  ::sa::netlistAndRun::updateBgNRunMsg /home/Cordero_Matamoros_I_2024_vlsi/simulation/tarea_2,compleja_def,schematic/history_1/simulation/default/FineSimProVCS/nominal/results "Creating structural netlist for testbench default ..." 0 1
[15:39:47.13] /m Information: "Starting incremental netlisting for design "tarea_2/compleja_def/schematic"..." (NETLISTING-010)
[15:39:47.14] /o Netlisting
[15:39:47.17] /o No Design Integrity rule violations found in "tarea_2/compleja_def/schematic"
[15:39:47.17] /o Scanning: tarea_2/compleja_def/schematic
[15:39:47.19] /m Information: 
[15:39:47.19] /o Checking "tarea_2/compleja_def_not/schematic"
[15:39:47.19] /o No rule violations found in "tarea_2/compleja_def_not/schematic"
[15:39:47.19] /o Scanning: tarea_2/compleja_def_not/schematic
[15:39:47.20] /w Warning: The following design(s) are outdated: tarea_2/compleja_def/schematic (NETLISTING-112)
[15:39:47.21] /o Computing terminal lists
[15:39:47.21] /o Processing terminals of module tarea_2/compleja_def_not/schematic
[15:39:47.21] /o Processing terminals of module tarea_2/compleja_def/schematic
[15:39:47.22] /o Creating output directories
[15:39:47.24] /o Netlisting
[15:39:47.26] /m Information: "Netlisting design "tarea_2/compleja_def/schematic" finished successfully." (NETLISTING-012)
[15:39:47.27] /m Information: Composing simulator input file for design "tarea_2/compleja_def/schematic"...
[15:39:48.26] /o 
[15:39:48.26] /o Analyzing Hierarchy
[15:39:48.26] /o Finalizing
[15:39:48.26] /m Information: Simulator input file composed successfully for design "tarea_2/compleja_def/schematic"
[15:39:48.26] /o saeInterBGSaeShell:  ::sa::netlistAndRun::updateBgNRunMsg /home/Cordero_Matamoros_I_2024_vlsi/simulation/tarea_2,compleja_def,schematic/history_1/simulation/default/FineSimProVCS/nominal/results "Creating final netlist for testbench default ..." 0 0
[15:39:48.38] /o 
[15:39:48.82] /o saeInterBGSaeShell:  ::sa::netlistAndRun::updateBgNRunMsg /home/Cordero_Matamoros_I_2024_vlsi/simulation/tarea_2,compleja_def,schematic/history_1/simulation/default/FineSimProVCS/nominal/results "Composing simulation job for testbench default - Nominal " 1 1
[15:39:48.83] /o saeInterBGSaeShell:  ::sa::_backgroundSaeShell::scriptFinished 2.3 {} sa::_testSuite::netlistAndRun::structNetlistingDone scriptDir /home/Cordero_Matamoros_I_2024_vlsi/simulation/tarea_2,compleja_def,schematic testSuiteName saeSession1 cmdArgs {default 1 1 0 1 0} taskId 1 isReRun 1
[15:39:48.83] /o false
[15:40:16.36] /i ::sa::_backgroundSaeShell::runScript /home/Cordero_Matamoros_I_2024_vlsi/simulation/tarea_2,compleja_def,schematic/history_1/simulation/default/FineSimProVCS/nominal/.bg_measurement_script.tcl 0 sa::_resultsDatabase::saeShellProcessingCompletedProc testSuiteName saeSession1 uniqueSessionName {} testbenchName default resultsDir /home/Cordero_Matamoros_I_2024_vlsi/simulation/tarea_2,compleja_def,schematic/history_1/simulation/default/FineSimProVCS/nominal/results testSuiteDir /home/Cordero_Matamoros_I_2024_vlsi/simulation/tarea_2,compleja_def,schematic/history_1/simulation/default/FineSimProVCS/nominal databaseName /home/Cordero_Matamoros_I_2024_vlsi/simulation/tarea_2,compleja_def,schematic/history_1/simulation/default/FineSimProVCS/nominal/resultsDatabase remoteRun {} testbenchId 1 saveImages true
[15:40:16.37] /m Information: Feature 'SynopsysCustomSAE' checked in. (LICENSE-004)
[15:40:16.38] /o 
[15:40:16.38] /m Information: Feature 'SynopsysCustomSAE' checked out. (LICENSE-003)
[15:40:16.42] /w Warning: The environment option digitalOutputDataFormat is reset to FineSimProVCS default.
[15:40:16.42] /w Warning: The environment option mergedFile is reset to FineSimProVCS default.
[15:40:16.42] /w Warning: The environment option compilationOptions is reset to FineSimProVCS default.
[15:40:16.42] /w Warning: The environment option vhdlanOptions is reset to FineSimProVCS default.
[15:40:16.42] /w Warning: The environment option elaborationOptions is reset to FineSimProVCS default.
[15:40:16.42] /w Warning: The environment option analogSimulatorOptions is reset to FineSimProVCS default.
[15:40:16.42] /w Warning: The environment option numProcesses is reset to FineSimProVCS default.
[15:40:16.42] /w Warning: The environment option outputDataFormat is reset to FineSimProVCS default.
[15:40:16.42] /w Warning: The environment option commandLineOptions is reset to FineSimProVCS default.
[15:40:16.42] /w Warning: The environment option switchViewList is reset to FineSimProVCS default.
[15:40:16.42] /w Warning: The environment option stopViewList is reset to FineSimProVCS default.
[15:40:16.47] /m Information: Loading preferences from /home/Cordero_Matamoros_I_2024_vlsi/simulation/tarea_2,compleja_def,schematic/history_1/simulation/default/FineSimProVCS/nominal/pw_shell_session_prefs.xml
[15:40:16.67] /e Error: "Enabling/disabling freezing is not allowed if there are open superMasters" (PCELL_FREEZING-005)
[15:40:16.67] /w Warning: Preference cannot be modified (Value 'false' for preference 'dbPcellFreezeEnabled' is invalid.). (PREFERENCE-035)
[15:40:16.74] /m Information: Start incremental database creation...
[15:40:16.75] /m Information: Create Iter role param id map
[15:40:16.77] /o saeInterBGSaeShell:  ::sa::_backgroundSaeShell::scriptFinished 0.4 {} sa::_resultsDatabase::saeShellProcessingCompletedProc testSuiteName saeSession1 uniqueSessionName {} testbenchName default resultsDir /home/Cordero_Matamoros_I_2024_vlsi/simulation/tarea_2,compleja_def,schematic/history_1/simulation/default/FineSimProVCS/nominal/results testSuiteDir /home/Cordero_Matamoros_I_2024_vlsi/simulation/tarea_2,compleja_def,schematic/history_1/simulation/default/FineSimProVCS/nominal databaseName /home/Cordero_Matamoros_I_2024_vlsi/simulation/tarea_2,compleja_def,schematic/history_1/simulation/default/FineSimProVCS/nominal/resultsDatabase remoteRun {} testbenchId 1 saveImages true
[15:40:16.77] /o false
[15:40:16.77] /i ::wf::viewerExited
[15:40:40.41] /i ::sa::_backgroundSaeShell::exit
[15:40:40.41] /o saeInterBGSaeShell:  ::sa::_backgroundSaeShell::childFormallyExiting
[15:40:41.73] /o Shutdown time: Mon Apr 29 15:40:41 2024
[15:40:41.73] /o Elapsed session real time: 6.16 minutes
[15:40:41.74] /o Session terminated. Log is at /mnt/vol_NFS_rh003/Est_VLSI_I_2024/Cordero_Matamoros_I_2024_vlsi/tarea_2/synopsys_custom/logs/primewave.Cordero_Matamoros_I_2024_vlsi.2024_4_29_153429_566381.log
