### Custom WaveView ADV log file, revision U-2023.03-SP2 (build Aug 24, ) ###
### created at 16:14:54 on Mon Apr 29 2024 (Linux AMD64) ###
### Host Name: redhat003   User ID: Cordero_Matamoros_I_2024_vlsi   PID: 641456   ###
wv_start_log
# (0) running in waveview only mode
# (0) SW_SX_PERL_LIB defined
# (0) SW_SX_TCL_LIB defined
# (0) HOME defined
#source {/mnt/vol_synopsys2023/synopsys/primewave/U-2023.03-SP2/bin/../auxx/auxx_for_cc/../../linux64/swv/packages/SX-SNPSCUST-Link/snps_custom_link.tcl}
#source TCL files from directory {/mnt/vol_synopsys2023/synopsys/primewave/U-2023.03-SP2/bin/../auxx/auxx_for_cc}
#sx_set_data_directory {/home/Cordero_Matamoros_I_2024_vlsi/simulation/tarea_2,compleja_def,schematic/history_1/simulation/default/PrimeSimHSPICE/nominal/results}#
#[16:19:36.470] I| Setup simulation complete: 
#    results directory: /home/Cordero_Matamoros_I_2024_vlsi/simulation/tarea_2,compleja_def,schematic/history_1/simulation/default/FineSimProVCS/nominal/results 
#    post database directory: /home/Cordero_Matamoros_I_2024_vlsi/simulation/tarea_2,compleja_def,schematic/history_1/simulation/default/FineSimProVCS/nominal/results
# -history_name
#[16:19:36.480] I| Open section (null) for /home/Cordero_Matamoros_I_2024_vlsi/simulation/tarea_2,compleja_def,schematic/history_1/simulation/default/FineSimProVCS/nominal/results/resultsMap.xml, ref:/home/Cordero_Matamoros_I_2024_vlsi/simulation/tarea_2,compleja_def,schematic/history_1/simulation/default/FineSimProVCS/nominal/results/inter.fsdb
# -reset_sim false
#[16:19:37.300] I| Setup simulation complete: 
#    results directory: /home/Cordero_Matamoros_I_2024_vlsi/simulation/tarea_2,compleja_def,schematic/history_1/simulation/default/FineSimProVCS/nominal/results 
#    post database directory: /home/Cordero_Matamoros_I_2024_vlsi/simulation/tarea_2,compleja_def,schematic/history_1/simulation/default/FineSimProVCS/nominal/results
#[16:19:37.310] I| wvpp_output_all start
#::wf::_scalarValueDB::scalarValue1644741420
#::wf::_scalarValueDB::scalarValue1644741420
#[16:19:37.350] I| wvpp_output_all end
wv_resize_browser {Custom WaveView} {} {tran:1} 1904 868
#sx_exit#
