/* ICV_Nettran: RHEL64 U-2022.12-SP4.9133772 2023/08/28 */
/* Created:  4/29/2024  15:01   */

                                  ICV_Nettran 

          Version U-2022.12-SP4 for linux64 - Aug 28, 2023 cl#9133772

                    Copyright (c) 1996 - 2023 Synopsys, Inc.
   This software and the associated documentation are proprietary to Synopsys,
 Inc. This software may only be used in accordance with the terms and conditions
 of a written license agreement with Synopsys, Inc. All other use, reproduction,
   or distribution of this software is strictly prohibited.  Licensed Products
     communicate with Synopsys servers for the purpose of providing software
    updates, detecting software piracy and verifying that customers are using
    Licensed Products in conformity with the applicable License Key for such
  Licensed Products. Synopsys will use information gathered in connection with
    this process to deliver software updates and pursue software pirates and
                                   infringers.

 Inclusivity & Diversity - Visit SolvNetPlus to read the "Synopsys Statement on
            Inclusivity and Diversity" (Refer to article 000036315 at
                        https://solvnetplus.synopsys.com)

Options: -sp /mnt/vol_NFS_rh003/Est_VLSI_I_2024/Cordero_Matamoros_I_2024_vlsi/tarea_2/synopsys_custom/compleja_def.icv.lvs/compleja_def.icv.sp -mprop -cell compleja_def -fopen C -dupCell USE_MULTIPLE -sp-ndbConnect -sp-dupProp LAST -errorLimit 1000 -quiet -logFile run_details/icv_nettran.log -globalNets VDD VSS DVDD DVSS VDDO GNDO -wireLog run_details/nettran_wire.log -dupCellReportFile run_details/nettran_dupCell.log -outName /.netlist_database_sch100 -outType ndb -ndb-noOrgname -ndb-micron 

Pre-parsing "/mnt/vol_NFS_rh003/Est_VLSI_I_2024/Cordero_Matamoros_I_2024_vlsi/tarea_2/synopsys_custom/compleja_def.icv.lvs/compleja_def.icv.sp" netlist ...
Reading "/mnt/vol_NFS_rh003/Est_VLSI_I_2024/Cordero_Matamoros_I_2024_vlsi/tarea_2/synopsys_custom/compleja_def.icv.lvs/compleja_def.icv.sp" netlist ...
Loading cell "compleja_def" ...
[Nettran Report] Reading Netlist(s): Check Time=0:00:00  User=0.00 Sys=0.00 Mem=0.004 GB
Processing Hierarchy ...
[Nettran Report] Post Process: Check Time=0:00:00  User=0.00 Sys=0.00 Mem=0.004 GB
Writing NDB netlist ...
[Nettran Report] OutputNetlistAcctTreeFiles: Check Time=0:00:00  User=0.00 Sys=0.01 Mem=0.011 GB
Translation completed.
[Nettran Report] Nettran Total Runtime: Check Time=0:00:00  User=0.00 Sys=0.01 Mem=0.011 GB
