
                                 IC Validator 

          Version U-2022.12-SP4 for linux64 - Aug 28, 2023 cl#9133772

                    Copyright (c) 1996 - 2023 Synopsys, Inc.
   This software and the associated documentation are proprietary to Synopsys,
 Inc. This software may only be used in accordance with the terms and conditions
 of a written license agreement with Synopsys, Inc. All other use, reproduction,
   or distribution of this software is strictly prohibited.  Licensed Products
     communicate with Synopsys servers for the purpose of providing software
    updates, detecting software piracy and verifying that customers are using
    Licensed Products in conformity with the applicable License Key for such
  Licensed Products. Synopsys will use information gathered in connection with
    this process to deliver software updates and pursue software pirates and
                                   infringers.

 Inclusivity & Diversity - Visit SolvNetPlus to read the "Synopsys Statement on
            Inclusivity and Diversity" (Refer to article 000036315 at
                        https://solvnetplus.synopsys.com)

Time Started: 2024-04-23 11:56:18
Running on: redhat003 4.18.0-513.24.1.el8_9.x86_64

-------------

Called as: icv -f openaccess -i tarea_2 -c compleja_ -oa_view layout -oa_lib_defs /mnt/vol_NFS_rh003/Est_VLSI_I_2024/Cordero_Matamoros_I_2024_vlsi/tarea_2/lib.defs -oa_layer_map /mnt/vol_NFS_rh003/Est_VLSI_I_2024/Cordero_Matamoros_I_2024_vlsi/tarea_2/strmInOut.layertable -I /mnt/vol_NFS_rh003/Est_VLSI_I_2024/Cordero_Matamoros_I_2024_vlsi/tarea_2/./ICValidator -oa_dm6 -I /mnt/vol_synopsys2023/pdks/xfab/design/xkit/xt018/synopsys/v12_1/ICValidator/v12_1_1 -vue /mnt/vol_NFS_rh003/Est_VLSI_I_2024/Cordero_Matamoros_I_2024_vlsi/tarea_2/synopsys_custom/compleja_.icv.drc/xt018_1243_DRC_LP5MOS_MET4_METMID_METTHK.drc.rs

-------------

Command Line Summary:
icv
-c compleja_
-f openaccess
-i tarea_2
-oa_dm6
-oa_layer_map /mnt/vol_NFS_rh003/Est_VLSI_I_2024/Cordero_Matamoros_I_2024_vlsi/tarea_2/strmInOut.layertable
-oa_lib_defs /mnt/vol_NFS_rh003/Est_VLSI_I_2024/Cordero_Matamoros_I_2024_vlsi/tarea_2/lib.defs
-oa_view layout
-vue
-I /mnt/vol_NFS_rh003/Est_VLSI_I_2024/Cordero_Matamoros_I_2024_vlsi/tarea_2/./ICValidator
-I /mnt/vol_synopsys2023/pdks/xfab/design/xkit/xt018/synopsys/v12_1/ICValidator/v12_1_1
/mnt/vol_NFS_rh003/Est_VLSI_I_2024/Cordero_Matamoros_I_2024_vlsi/tarea_2/synopsys_custom/compleja_.icv.drc/xt018_1243_DRC_LP5MOS_MET4_METMID_METTHK.drc.rs

-------------


WARNING: The environment variable ICV_RSH_COMMAND is deprecated. Please use -host_login.
Using "ssh" as remote login program

Parsing runset "/mnt/vol_NFS_rh003/Est_VLSI_I_2024/Cordero_Matamoros_I_2024_vlsi/tarea_2/synopsys_custom/compleja_.icv.drc/xt018_1243_DRC_LP5MOS_MET4_METMID_METTHK.drc.rs"

/mnt/vol_NFS_rh003/Est_VLSI_I_2024/Cordero_Matamoros_I_2024_vlsi/tutorial/synopsys_custom/nand2x1.icv.drc/xt018_1243_DRC_LP5MOS_MET4_METMID_METTHK.drc.rs:1: warning: "VAR_ANT_RATIO" wasn't defined
    #undef VAR_ANT_RATIO
/mnt/vol_NFS_rh003/Est_VLSI_I_2024/Cordero_Matamoros_I_2024_vlsi/tutorial/synopsys_custom/nand2x1.icv.drc/xt018_1243_DRC_LP5MOS_MET4_METMID_METTHK.drc.rs:19: warning: "DUMMY_FILL" wasn't defined
    #undef DUMMY_FILL
/mnt/vol_NFS_rh003/Est_VLSI_I_2024/Cordero_Matamoros_I_2024_vlsi/tutorial/synopsys_custom/nand2x1.icv.drc/xt018_1243_DRC_LP5MOS_MET4_METMID_METTHK.drc.rs:20: warning: "FILL4MACRO" wasn't defined
    #undef FILL4MACRO
/mnt/vol_NFS_rh003/Est_VLSI_I_2024/Cordero_Matamoros_I_2024_vlsi/tutorial/synopsys_custom/nand2x1.icv.drc/xt018_1243_DRC_LP5MOS_MET4_METMID_METTHK.drc.rs:21: warning: "DUMMY_FILL_RESULTS" wasn't defined
    #undef DUMMY_FILL_RESULTS
/mnt/vol_NFS_rh003/Est_VLSI_I_2024/Cordero_Matamoros_I_2024_vlsi/tutorial/synopsys_custom/nand2x1.icv.drc/xt018_1243_DRC_LP5MOS_MET4_METMID_METTHK.drc.rs:22: warning: "DENSITY_LAY" wasn't defined
    #undef DENSITY_LAY
/mnt/vol_NFS_rh003/Est_VLSI_I_2024/Cordero_Matamoros_I_2024_vlsi/tutorial/synopsys_custom/nand2x1.icv.drc/xt018_1243_DRC_LP5MOS_MET4_METMID_METTHK.drc.rs:23: warning: "POPPING" wasn't defined
    #undef POPPING
/mnt/vol_NFS_rh003/Est_VLSI_I_2024/Cordero_Matamoros_I_2024_vlsi/tutorial/synopsys_custom/nand2x1.icv.drc/xt018_1243_DRC_LP5MOS_MET4_METMID_METTHK.drc.rs:24: warning: "PIMIDE" wasn't defined
    #undef PIMIDE
/mnt/vol_NFS_rh003/Est_VLSI_I_2024/Cordero_Matamoros_I_2024_vlsi/tutorial/synopsys_custom/nand2x1.icv.drc/xt018_1243_DRC_LP5MOS_MET4_METMID_METTHK.drc.rs:41: warning: "METAL5" wasn't defined
    #undef METAL5
/mnt/vol_NFS_rh003/Est_VLSI_I_2024/Cordero_Matamoros_I_2024_vlsi/tutorial/synopsys_custom/nand2x1.icv.drc/xt018_1243_DRC_LP5MOS_MET4_METMID_METTHK.drc.rs:42: warning: "METAL6" wasn't defined
    #undef METAL6
/mnt/vol_NFS_rh003/Est_VLSI_I_2024/Cordero_Matamoros_I_2024_vlsi/tutorial/synopsys_custom/nand2x1.icv.drc/xt018_1243_DRC_LP5MOS_MET4_METMID_METTHK.drc.rs:45: warning: "METCOP" wasn't defined
    #undef METCOP

Loaded runset from cache: /home/Cordero_Matamoros_I_2024_vlsi/.icvrscache/6379045188efa13cd12f1d7220c1495e-8C6FD6D5-F219-4C81-AF2C-66D72CFECF46-redhat003-1226475.rscache
Cached Runset Compile Time=0:00:05 User=4.22 Sys=0.15 Mem=0.685 GB

Virtual Machine Init Time=0:00:00 User=0.03 Sys=0.01 Mem=0.685 GB

/mnt/vol_synopsys2023/pdks/xfab/design/xkit/xt018/synopsys/v12_1/ICValidator/v12_1_1/xt018_icv_option.rs:66: warning: The error_limit_per_check in error_options is set to unlimited.  The user setting of unlimited will be honored but could result in very large error files and increased amount of time to process if the number of errors in a check is very large.

Host startup begins.
Host startup done: 2 successes, 0 failures.
	redhat003: 2 total cores, maximum 2 commands in parallel.
Selecting "redhat003" as Primary host

System Startup Time=0:00:00 User=0.00 Sys=0.03 Mem=0.685 GB


Command execution begins.  Details recorded in the summary and log files:
    /mnt/vol_NFS_rh003/Est_VLSI_I_2024/Cordero_Matamoros_I_2024_vlsi/tarea_2/synopsys_custom/compleja_.icv.drc/run_details/compleja_.sum
    /mnt/vol_NFS_rh003/Est_VLSI_I_2024/Cordero_Matamoros_I_2024_vlsi/tarea_2/synopsys_custom/compleja_.icv.drc/run_details/xt018_1243_DRC_LP5MOS_MET4_METMID_METTHK.drc.dp.log

Running ...
  [0:00:00][0%]   Total: 2 CPUs on 1 host
  [0:00:04][1%]   Rules: 0/1929, Rules with Violations: 0, Total Violations: 0
  [0:00:04][2%]   
  [0:00:06][3%]   Rules: 1818/1929, Rules with Violations: 0, Total Violations: 0
  [0:00:06][4%]   
  [0:00:06][5%]   
  [0:00:06][10%]  
  [0:00:06][15%]  
  [0:00:06][20%]  
  [0:00:06][25%]  Rules: 1819/1930, Rules with Violations: 0, Total Violations: 0
  [0:00:06][30%]  
  [0:00:06][35%]  
  [0:00:07][40%]  Rules: 1831/1930, Rules with Violations: 2, Total Violations: 26
  [0:00:07][45%]  Rules: 1847/1930, Rules with Violations: 3, Total Violations: 29
  [0:00:07][50%]  Rules: 1863/1930, Rules with Violations: 3, Total Violations: 29
  [0:00:08][55%]  Rules: 1871/1930, Rules with Violations: 5, Total Violations: 234
  [0:00:10][60%]  Rules: 1882/1930, Rules with Violations: 5, Total Violations: 234
  [0:00:11][65%]  Rules: 1890/1930, Rules with Violations: 5, Total Violations: 234
  [0:00:11][70%]  Rules: 1894/1930, Rules with Violations: 5, Total Violations: 234
  [0:00:11][75%]  
  [0:00:11][80%]  Rules: 1896/1930, Rules with Violations: 5, Total Violations: 234
  [0:00:11][85%]  Rules: 1905/1930, Rules with Violations: 7, Total Violations: 534
  [0:00:11][90%]  Rules: 1920/1930, Rules with Violations: 7, Total Violations: 534
  [0:00:11][95%]  Rules: 1926/1930, Rules with Violations: 7, Total Violations: 534
  [0:00:14][100%] Rules: 1930/1930, Rules with Violations: 8, Total Violations: 539

Completing error storage...
  Overall error storage time: User=0.01 Sys=0.01 Mem=0.001 GB

Generating compleja_.TOP_LAYOUT_ERRORS...
  Generation Time=0:00:00  User=0.00 Sys=0.00 Mem=0.001 GB


-------------
IC Validator Run: Time=0:00:20

IC Validator Machine Memory Report
redhat003    : Average = 0.885 GB, Peak = 0.885 GB

Overall Disk Usage Disk=0.007 GB
Network Disk Usage Peak=0.014 GB (no group)
Group File Disk Usage Peak=0.001 GB
Overall engine Time=0:00:20 Highest command Mem=0.058 GB

Overall Master Mem=0.737 GB

Time Ended: 2024-04-23 11:56:38

IC Validator is done.
