  + INFO: Connected to Custom Compiler at 40799.

< LAYOUT: start_vue >
V SET_COLOR white       white
V SET_COLOR red         red
V SET_COLOR darkRed     maroon
V SET_COLOR green       lime
V SET_COLOR darkGreen   forest
V SET_COLOR blue        blue
V SET_COLOR darkBlue    navy
V SET_COLOR cyan        cyan
V SET_COLOR darkCyan    cadetBlue
V SET_COLOR magenta     magenta
V SET_COLOR darkMagenta purple
V SET_COLOR yellow      yellow
V SET_FILL  blank       blank
V SET_FILL  solid       solid
V SET_FILL  backSlash   backSlash
V SET_FILL  slash       slash
V SET_FILL  dot         dots
V SET_FILL  diagCross   X
V SET_FILL  brick       brick
V SET_FILL  horizontal  hLine
V SET_FILL  vertical    vLine
L startFilter LAY
L setTopLayLCV  ""
L setCurLayLCV  ""

< LAYOUT: start_filter >
L setWorkingDir "[pwd]"

< LAYOUT: load_hercules >
L setWorkingDir /mnt/vol_NFS_rh003/Est_VLSI_I_2024/Fernandez_Rodriguez_I_2024_vlsi/Tarea_2_vlsi/synopsys_custom/NORS.icv.drc
L setTopLayLCV tarea_2/NORS/layout
L openLCV tarea_2/NORS/layout

< LAYOUT: redraw >

< LAYOUT: remove_hilites >
L clearAllHighlights

< LAYOUT: remove_hilites >
L clearAllHighlights

< LAYOUT: quit_vue >
  + INFO: Close the connection with Custom Compiler.
