
                                 IC Validator 

          Version U-2022.12-SP4 for linux64 - Aug 28, 2023 cl#9133772

                    Copyright (c) 1996 - 2023 Synopsys, Inc.
   This software and the associated documentation are proprietary to Synopsys,
 Inc. This software may only be used in accordance with the terms and conditions
 of a written license agreement with Synopsys, Inc. All other use, reproduction,
   or distribution of this software is strictly prohibited.  Licensed Products
     communicate with Synopsys servers for the purpose of providing software
    updates, detecting software piracy and verifying that customers are using
    Licensed Products in conformity with the applicable License Key for such
  Licensed Products. Synopsys will use information gathered in connection with
    this process to deliver software updates and pursue software pirates and
                                   infringers.

 Inclusivity & Diversity - Visit SolvNetPlus to read the "Synopsys Statement on
            Inclusivity and Diversity" (Refer to article 000036315 at
                        https://solvnetplus.synopsys.com)

Time Started: 2024-04-29 15:05:14
Running on: redhat003 4.18.0-513.24.1.el8_9.x86_64

-------------

Called as: icv -f openaccess -i tarea_2 -c compleja_def_not -oa_view layout -oa_lib_defs /mnt/vol_NFS_rh003/Est_VLSI_I_2024/Cordero_Matamoros_I_2024_vlsi/tarea_2/lib.defs -oa_layer_map /mnt/vol_NFS_rh003/Est_VLSI_I_2024/Cordero_Matamoros_I_2024_vlsi/tarea_2/strmInOut.layertable -I /mnt/vol_NFS_rh003/Est_VLSI_I_2024/Cordero_Matamoros_I_2024_vlsi/tarea_2/./ICValidator -I /mnt/vol_NFS_rh003/Est_VLSI_I_2024/Cordero_Matamoros_I_2024_vlsi/tarea_2/./StarRC -s /mnt/vol_NFS_rh003/Est_VLSI_I_2024/Cordero_Matamoros_I_2024_vlsi/tarea_2/synopsys_custom/compleja_def_not.icv.lvs/compleja_def_not.icv.sp -sf SPICE -stc compleja_def_not -oa_dm6 -I /mnt/vol_synopsys2023/pdks/xfab/design/xkit/xt018/synopsys/v12_1/StarRC/v12_1_1 -vue /mnt/vol_NFS_rh003/Est_VLSI_I_2024/Cordero_Matamoros_I_2024_vlsi/tarea_2/synopsys_custom/compleja_def_not.icv.lvs/xt018_1243_StarRCXT_LP5MOS_MET4_METMID_METTHK.lvs.rs

-------------

Command Line Summary:
icv
-c compleja_def_not
-f openaccess
-i tarea_2
-oa_dm6
-oa_layer_map /mnt/vol_NFS_rh003/Est_VLSI_I_2024/Cordero_Matamoros_I_2024_vlsi/tarea_2/strmInOut.layertable
-oa_lib_defs /mnt/vol_NFS_rh003/Est_VLSI_I_2024/Cordero_Matamoros_I_2024_vlsi/tarea_2/lib.defs
-oa_view layout
-s /mnt/vol_NFS_rh003/Est_VLSI_I_2024/Cordero_Matamoros_I_2024_vlsi/tarea_2/synopsys_custom/compleja_def_not.icv.lvs/compleja_def_not.icv.sp
-sf SPICE
-stc compleja_def_not
-vue
-I /mnt/vol_NFS_rh003/Est_VLSI_I_2024/Cordero_Matamoros_I_2024_vlsi/tarea_2/./ICValidator
-I /mnt/vol_NFS_rh003/Est_VLSI_I_2024/Cordero_Matamoros_I_2024_vlsi/tarea_2/./StarRC
-I /mnt/vol_synopsys2023/pdks/xfab/design/xkit/xt018/synopsys/v12_1/StarRC/v12_1_1
/mnt/vol_NFS_rh003/Est_VLSI_I_2024/Cordero_Matamoros_I_2024_vlsi/tarea_2/synopsys_custom/compleja_def_not.icv.lvs/xt018_1243_StarRCXT_LP5MOS_MET4_METMID_METTHK.lvs.rs

-------------


WARNING: The environment variable ICV_RSH_COMMAND is deprecated. Please use -host_login.
Using "ssh" as remote login program

Parsing runset "/mnt/vol_NFS_rh003/Est_VLSI_I_2024/Cordero_Matamoros_I_2024_vlsi/tarea_2/synopsys_custom/compleja_def_not.icv.lvs/xt018_1243_StarRCXT_LP5MOS_MET4_METMID_METTHK.lvs.rs"

/mnt/vol_NFS_rh003/Est_VLSI_I_2024/Cordero_Matamoros_I_2024_vlsi/tutorial/synopsys_custom/nand2x1.icv.lvs/xt018_1243_StarRCXT_LP5MOS_MET4_METMID_METTHK.lvs.rs:1: warning: "VAR_ANT_RATIO" wasn't defined
    #undef VAR_ANT_RATIO
/mnt/vol_NFS_rh003/Est_VLSI_I_2024/Cordero_Matamoros_I_2024_vlsi/tutorial/synopsys_custom/nand2x1.icv.lvs/xt018_1243_StarRCXT_LP5MOS_MET4_METMID_METTHK.lvs.rs:19: warning: "FloatingGate" wasn't defined
    #undef FloatingGate
/mnt/vol_NFS_rh003/Est_VLSI_I_2024/Cordero_Matamoros_I_2024_vlsi/tutorial/synopsys_custom/nand2x1.icv.lvs/xt018_1243_StarRCXT_LP5MOS_MET4_METMID_METTHK.lvs.rs:20: warning: "FloatingWell" wasn't defined
    #undef FloatingWell
/mnt/vol_NFS_rh003/Est_VLSI_I_2024/Cordero_Matamoros_I_2024_vlsi/tutorial/synopsys_custom/nand2x1.icv.lvs/xt018_1243_StarRCXT_LP5MOS_MET4_METMID_METTHK.lvs.rs:21: warning: "ParaDioAsDevDio" wasn't defined
    #undef ParaDioAsDevDio
/mnt/vol_NFS_rh003/Est_VLSI_I_2024/Cordero_Matamoros_I_2024_vlsi/tutorial/synopsys_custom/nand2x1.icv.lvs/xt018_1243_StarRCXT_LP5MOS_MET4_METMID_METTHK.lvs.rs:22: warning: "DTINBOXCAP" wasn't defined
    #undef DTINBOXCAP
xt018_1243_LVS_LP5MOS_MET4_METMID_METTHK.rs:17: warning: "METAL5" wasn't defined
    #undef METAL5
    from /mnt/vol_NFS_rh003/Est_VLSI_I_2024/Cordero_Matamoros_I_2024_vlsi/tutorial/synopsys_custom/nand2x1.icv.lvs/xt018_1243_StarRCXT_LP5MOS_MET4_METMID_METTHK.lvs.rs: 30:    #include <xt018_1243_LVS_LP5MOS_MET4_METMID_METTHK.rs>
xt018_1243_LVS_LP5MOS_MET4_METMID_METTHK.rs:18: warning: "METAL6" wasn't defined
    #undef METAL6
    from /mnt/vol_NFS_rh003/Est_VLSI_I_2024/Cordero_Matamoros_I_2024_vlsi/tutorial/synopsys_custom/nand2x1.icv.lvs/xt018_1243_StarRCXT_LP5MOS_MET4_METMID_METTHK.lvs.rs: 30:    #include <xt018_1243_LVS_LP5MOS_MET4_METMID_METTHK.rs>
xt018_1243_LVS_LP5MOS_MET4_METMID_METTHK.rs:21: warning: "METCOP" wasn't defined
    #undef METCOP
    from /mnt/vol_NFS_rh003/Est_VLSI_I_2024/Cordero_Matamoros_I_2024_vlsi/tutorial/synopsys_custom/nand2x1.icv.lvs/xt018_1243_StarRCXT_LP5MOS_MET4_METMID_METTHK.lvs.rs: 30:    #include <xt018_1243_LVS_LP5MOS_MET4_METMID_METTHK.rs>

/mnt/vol_synopsys2023/pdks/xfab/design/xkit/xt018/synopsys/v12_1/ICValidator/v12_1_1/xt018.rs:36255: warning: ICV LVS device settings currently use append mode. Use command line option '-D ICV_REVERT_DEVICE_SETTING_APPEND_MODE' or runset instruction '#define ICV_REVERT_DEVICE_SETTING_APPEND_MODE' to revert LVS device setting back to overwrite mode in this release.
Loaded runset from cache: /home/Cordero_Matamoros_I_2024_vlsi/.icvrscache/b778f3fbaccd418dab2a2c3d597a2d9a-076E67D0-2E14-489B-8318-370FDA41AE2B-redhat003-4149821.rscache
Cached Runset Compile Time=0:00:04 User=3.60 Sys=0.10 Mem=0.600 GB

Virtual Machine Init Time=0:00:00 User=0.06 Sys=0.01 Mem=0.600 GB

/mnt/vol_synopsys2023/pdks/xfab/design/xkit/xt018/synopsys/v12_1/ICValidator/v12_1_1/xt018_icv_option.rs:66: warning: The error_limit_per_check in error_options is set to unlimited.  The user setting of unlimited will be honored but could result in very large error files and increased amount of time to process if the number of errors in a check is very large.

Host startup begins.
Host startup done: 2 successes, 0 failures.
	redhat003: 2 total cores, maximum 2 commands in parallel.
Selecting "redhat003" as Primary host

System Startup Time=0:00:00 User=0.00 Sys=0.03 Mem=0.600 GB


Command execution begins.  Details recorded in the summary and log files:
    /mnt/vol_NFS_rh003/Est_VLSI_I_2024/Cordero_Matamoros_I_2024_vlsi/tarea_2/synopsys_custom/compleja_def_not.icv.lvs/run_details/compleja_def_not.sum
    /mnt/vol_NFS_rh003/Est_VLSI_I_2024/Cordero_Matamoros_I_2024_vlsi/tarea_2/synopsys_custom/compleja_def_not.icv.lvs/run_details/xt018_1243_StarRCXT_LP5MOS_MET4_METMID_METTHK.lvs.dp.log

Running ...
  [0:00:00][0%]   Total: 2 CPUs on 1 host
  [0:00:05][1%]   Rules: 22/26, Rules with Violations: 0, Total Violations: 0
  [0:00:05][2%]   
  [0:00:05][3%]   
  [0:00:05][4%]   
  [0:00:05][5%]   
  [0:00:05][10%]  
  [0:00:05][15%]  
  [0:00:06][20%]  
  [0:00:06][25%]  
  [0:00:06][30%]  
  [0:00:06][35%]  
  [0:00:06][40%]  
  [0:00:06][45%]  
  [0:00:06][50%]  
  [0:00:10][55%]  Rules: 24/27, Rules with Violations: 0, Total Violations: 0
  [0:00:12][60%]  
  [0:00:13][65%]  
  [0:00:13][70%]  
  [0:00:15][75%]  Rules: 26/27, Rules with Violations: 0, Total Violations: 0
  [0:00:15][80%]  
  [0:00:15][85%]  
  [0:00:15][90%]  
  [0:00:15][95%]  
Comparing schematic and layout netlists.
LVS compare start time    : 2024-04-29 15:05:39
  ICV_Compare [0:00:02][0%]
  ICV_Compare [0:00:02][5%]
  ICV_Compare [0:00:02][10%]
  ICV_Compare [0:00:02][15%]
  ICV_Compare [0:00:02][20%]
  ICV_Compare [0:00:02][25%]
  ICV_Compare [0:00:02][30%]
  ICV_Compare [0:00:02][100%]
LVS compare end time      : 2024-04-29 15:05:41
Total runtime for LVS compare Time=0:00:02  User=0.01 Sys=0.06 Mem=0.016 GB
   Check Time=0:00:02  User=0.01 Sys=0.00 Mem=0.033 GB

  [0:00:28][100%] Rules: 27/27, Rules with Violations: 0, Total Violations: 0

Completing error storage...
  Overall error storage time: None

Generating compleja_def_not.TOP_LAYOUT_ERRORS...
  Generation Time=0:00:00  User=0.00 Sys=0.00 Mem=0.001 GB


-------------
IC Validator Run: Time=0:00:39

IC Validator Machine Memory Report
redhat003    : Average = 1.480 GB, Peak = 1.480 GB

Overall Disk Usage Disk=0.023 GB
Network Disk Usage Peak=0.022 GB (no group)
Group File Disk Usage Peak=0.001 GB
Overall engine Time=0:00:40 Highest command Mem=0.127 GB

Overall Master Mem=1.372 GB

Time Ended: 2024-04-29 15:05:54

IC Validator is done.
