  + INFO: Connected to Custom Compiler at 9189.

< LAYOUT: start_vue >
V SET_COLOR white       white
V SET_COLOR red         red
V SET_COLOR darkRed     maroon
V SET_COLOR green       lime
V SET_COLOR darkGreen   forest
V SET_COLOR blue        blue
V SET_COLOR darkBlue    navy
V SET_COLOR cyan        cyan
V SET_COLOR darkCyan    cadetBlue
V SET_COLOR magenta     magenta
V SET_COLOR darkMagenta purple
V SET_COLOR yellow      yellow
V SET_FILL  blank       blank
V SET_FILL  solid       solid
V SET_FILL  backSlash   backSlash
V SET_FILL  slash       slash
V SET_FILL  dot         dots
V SET_FILL  diagCross   X
V SET_FILL  brick       brick
V SET_FILL  horizontal  hLine
V SET_FILL  vertical    vLine
L startFilter LAY
L setTopLayLCV  ""
L setCurLayLCV  ""

< LAYOUT: start_filter >
L setWorkingDir "[pwd]"

< LAYOUT: load_hercules >
L setWorkingDir /mnt/vol_NFS_rh003/Est_VLSI_I_2024/Cordero_Matamoros_I_2024_vlsi/tarea_2/synopsys_custom/compleja_def_not.icv.drc
L setTopLayLCV tarea_2/compleja_def_not/layout
L openLCV tarea_2/compleja_def_not/layout

< LAYOUT: redraw >

< LAYOUT: new_block >
V ZOOM_EXTENTS_RESET
L setCurLayLCV tarea_2/compleja_def_not/layout
L openLCV tarea_2/compleja_def_not/layout

< LAYOUT: before_hilite >
V ZOOM_EXTENTS_RESET
L setHiliteId

< LAYOUT: primary_hilite >
L setHighlightProperty blue brick

< LAYOUT: poly_set >
L highlightFromFile /home/Cordero_Matamoros_I_2024_vlsi/.synopsys/icv/vue_tmp_000000/highlight_20240428223446_000000.oas 26063e9ec5725f6a831e6968a35c378f

< LAYOUT: zoom_extents >
L setViewPort 12.444 2.154 13.506 2.266

< LAYOUT: drc_error >
L addErrorDescription Distance: 0.09

< LAYOUT: after_hilite >
L drawHighlights

< LAYOUT: redraw >

< LAYOUT: new_block >
V ZOOM_EXTENTS_RESET
L setCurLayLCV tarea_2/compleja_def_not/layout
L openLCV tarea_2/compleja_def_not/layout

< LAYOUT: before_hilite >
V ZOOM_EXTENTS_RESET
L setHiliteId

< LAYOUT: primary_hilite >
L setHighlightProperty blue brick

< LAYOUT: poly_set >
L highlightFromFile /home/Cordero_Matamoros_I_2024_vlsi/.synopsys/icv/vue_tmp_000000/highlight_20240428223517_000001.oas 26063e9ec5725f6a831e6968a35c378f

< LAYOUT: zoom_extents >
L setViewPort 12.444 2.154 13.506 2.266

< LAYOUT: drc_error >
L addErrorDescription Distance: 0.09

< LAYOUT: after_hilite >
L drawHighlights

< LAYOUT: redraw >

< LAYOUT: new_block >
V ZOOM_EXTENTS_RESET
L setCurLayLCV tarea_2/compleja_def_not/layout
L openLCV tarea_2/compleja_def_not/layout

< LAYOUT: before_hilite >
V ZOOM_EXTENTS_RESET
L setHiliteId

< LAYOUT: primary_hilite >
L setHighlightProperty blue brick

< LAYOUT: poly_set >
L highlightFromFile /home/Cordero_Matamoros_I_2024_vlsi/.synopsys/icv/vue_tmp_000000/highlight_20240428223520_000002.oas 9c73b07a9934f4575c1641cff75ab0f3

< LAYOUT: zoom_extents >
L setViewPort 13.3805 2.154 13.5755 2.266

< LAYOUT: drc_error >
L addErrorDescription Distance: 0.09

< LAYOUT: after_hilite >
L drawHighlights

< LAYOUT: redraw >

< LAYOUT: new_block >
V ZOOM_EXTENTS_RESET
L setCurLayLCV tarea_2/compleja_def_not/layout
L openLCV tarea_2/compleja_def_not/layout

< LAYOUT: before_hilite >
V ZOOM_EXTENTS_RESET
L setHiliteId

< LAYOUT: primary_hilite >
L setHighlightProperty blue brick

< LAYOUT: poly_set >
L highlightFromFile /home/Cordero_Matamoros_I_2024_vlsi/.synopsys/icv/vue_tmp_000000/highlight_20240428223532_000003.oas 519a97172b9f8972cec85c6a97624d16

< LAYOUT: zoom_extents >
L setViewPort 13.375 2.1175 13.626 2.5925

< LAYOUT: drc_error >
L addErrorDescription Distance: 0.38

< LAYOUT: after_hilite >
L drawHighlights

< LAYOUT: redraw >

< LAYOUT: remove_hilites >
L clearAllHighlights

< LAYOUT: load_hercules >
L setWorkingDir /mnt/vol_NFS_rh003/Est_VLSI_I_2024/Cordero_Matamoros_I_2024_vlsi/tarea_2/synopsys_custom/compleja_def_not.icv.drc
L setTopLayLCV tarea_2/compleja_def_not/layout
L openLCV tarea_2/compleja_def_not/layout

< LAYOUT: redraw >

< LAYOUT: new_block >
V ZOOM_EXTENTS_RESET
L setCurLayLCV tarea_2/compleja_def_not/layout
L openLCV tarea_2/compleja_def_not/layout

< LAYOUT: before_hilite >
V ZOOM_EXTENTS_RESET
L setHiliteId

< LAYOUT: primary_hilite >
L setHighlightProperty blue brick

< LAYOUT: poly_set >
L highlightFromFile /home/Cordero_Matamoros_I_2024_vlsi/.synopsys/icv/vue_tmp_000000/highlight_20240428223615_000004.oas 00882054550ec36bd5b43f7fb087bc82

< LAYOUT: zoom_extents >
L setViewPort 13.382 2.0895 13.562 2.5955

< LAYOUT: drc_error >
L addErrorDescription Distance: 0.405

< LAYOUT: after_hilite >
L drawHighlights

< LAYOUT: redraw >

< LAYOUT: new_block >
V ZOOM_EXTENTS_RESET
L setCurLayLCV tarea_2/compleja_def_not/layout
L openLCV tarea_2/compleja_def_not/layout

< LAYOUT: before_hilite >
V ZOOM_EXTENTS_RESET
L setHiliteId

< LAYOUT: primary_hilite >
L setHighlightProperty blue brick

< LAYOUT: poly_set >
L highlightFromFile /home/Cordero_Matamoros_I_2024_vlsi/.synopsys/icv/vue_tmp_000000/highlight_20240428223616_000005.oas 00882054550ec36bd5b43f7fb087bc82

< LAYOUT: zoom_extents >
L setViewPort 13.382 2.0895 13.562 2.5955

< LAYOUT: drc_error >
L addErrorDescription Distance: 0.405

< LAYOUT: after_hilite >
L drawHighlights

< LAYOUT: redraw >

< LAYOUT: new_block >
V ZOOM_EXTENTS_RESET
L setCurLayLCV tarea_2/compleja_def_not/layout
L openLCV tarea_2/compleja_def_not/layout

< LAYOUT: before_hilite >
V ZOOM_EXTENTS_RESET
L setHiliteId

< LAYOUT: primary_hilite >
L setHighlightProperty blue brick

< LAYOUT: poly_set >
L highlightFromFile /home/Cordero_Matamoros_I_2024_vlsi/.synopsys/icv/vue_tmp_000000/highlight_20240428223617_000006.oas 28f07df613f56856128ae20b3ca94fc2

< LAYOUT: zoom_extents >
L setViewPort 12.388 2.0895 12.568 2.5955

< LAYOUT: drc_error >
L addErrorDescription Distance: 0.405

< LAYOUT: after_hilite >
L drawHighlights

< LAYOUT: redraw >

< LAYOUT: remove_hilites >
L clearAllHighlights

< LAYOUT: load_hercules >
L setWorkingDir /mnt/vol_NFS_rh003/Est_VLSI_I_2024/Cordero_Matamoros_I_2024_vlsi/tarea_2/synopsys_custom/compleja_def_not.icv.drc
L setTopLayLCV tarea_2/compleja_def_not/layout
L openLCV tarea_2/compleja_def_not/layout

< LAYOUT: redraw >

< LAYOUT: new_block >
V ZOOM_EXTENTS_RESET
L setCurLayLCV tarea_2/compleja_def_not/layout
L openLCV tarea_2/compleja_def_not/layout

< LAYOUT: before_hilite >
V ZOOM_EXTENTS_RESET
L setHiliteId

< LAYOUT: primary_hilite >
L setHighlightProperty blue brick

< LAYOUT: poly_set >
L highlightFromFile /home/Cordero_Matamoros_I_2024_vlsi/.synopsys/icv/vue_tmp_000000/highlight_20240428223745_000007.oas 537373278f59aa8ef8db1065670b1ebc

< LAYOUT: zoom_extents >
L setViewPort 12.444 1.985 13.506 2.285

< LAYOUT: drc_error >
L addErrorDescription Distance: 0.24

< LAYOUT: after_hilite >
L drawHighlights

< LAYOUT: redraw >

< LAYOUT: remove_hilites >
L clearAllHighlights

< LAYOUT: load_hercules >
L setWorkingDir /mnt/vol_NFS_rh003/Est_VLSI_I_2024/Cordero_Matamoros_I_2024_vlsi/tarea_2/synopsys_custom/compleja_def_not.icv.drc
L setTopLayLCV tarea_2/compleja_def_not/layout
L openLCV tarea_2/compleja_def_not/layout

< LAYOUT: remove_hilites >
L clearAllHighlights

< LAYOUT: quit_vue >
  + INFO: Close the connection with Custom Compiler.
