[11:20:31.09] /o 
              /c                                 Custom Compiler™ 
              /c 
              /c                Version U-2023.03-SP2 for linux64 - Aug 25, 2023 
              /c 
              /c                     Copyright (c) 2004 - 2023 Synopsys, Inc.
              /c    This software and the associated documentation are proprietary to Synopsys,
              /c  Inc. This software may only be used in accordance with the terms and conditions
              /c  of a written license agreement with Synopsys, Inc. All other use, reproduction,
              /c    or distribution of this software is strictly prohibited.  Licensed Products
              /c      communicate with Synopsys servers for the purpose of providing software
              /c     updates, detecting software piracy and verifying that customers are using
              /c     Licensed Products in conformity with the applicable License Key for such
              /c   Licensed Products. Synopsys will use information gathered in connection with
              /c     this process to deliver software updates and pursue software pirates and
              /c                                    infringers.
              /c 
              /c  Inclusivity & Diversity - Visit SolvNetPlus to read the "Synopsys Statement on
              /c             Inclusivity and Diversity" (Refer to article 000036315 at
              /c                         https://solvnetplus.synopsys.com)
              /c 
              /c Build  (OPT) Config 9128410 compiled on Fri Aug 25 11:03:32 2023 for CentOS64 7.3
              /c Invocation: /mnt/vol_synopsys2023/synopsys/customcompiler/U-2023.03-SP2/linux64/platform/bin/cdesigner -loadAll true
              /c Execution time: Thu Apr 25 11:20:22 2024
              /c Host: redhat003
              /c Working directory: /mnt/vol_NFS_rh003/Est_VLSI_I_2024/Cordero_Matamoros_I_2024_vlsi/tarea_2
              /c 
[11:20:47.71] /m Information: Registering ICV PERC package...
[11:20:48.06] /o 
[11:20:48.06] /o <> -------------------------------------------
[11:20:48.06] /o <>
[11:20:48.06] /o <> Loading XFAB PDK components
[11:20:48.07] /o <>  basic                            O.K
[11:20:48.11] /o <>  exports                          O.K
[11:20:48.13] /o <>  custom                           O.K
[11:20:48.14] /o <>  cdf                              O.K
[11:20:48.14] /o <>  netlisting                       O.K
[11:20:48.17] /o <>  useability                       O.K
[11:20:48.18] /o <>  synopsys                         O.K
[11:20:48.26] /o <>  pcellkit                         O.K
[11:20:48.32] /o <>  trigger_callbacks                O.K
[11:20:48.32] /o <> Loading XFAB PDK preferences
[11:20:48.52] /w Warning: Preference 'nlPromoteTerms' is deprecated and scheduled for removal in a future release with no replacement. For migration assistance, see the Custom Compiler Tcl Reference Manual. (PREFERENCE-058)
[11:20:48.54] /w Warning: Preference 'xtStarTcadGrdFile' is deprecated and scheduled for removal in a future release with no replacement. For migration assistance, see the Custom Compiler Tcl Reference Manual. (PREFERENCE-058)
[11:20:48.55] /o <> Loading Calibre presets for XFAB PDK
[11:20:48.55] /o <> Loading .xfabrc user script
[11:20:48.55] /o <>
[11:20:48.55] /o <> -------------------------------------------
[11:20:48.55] /o <>
[11:20:48.55] /o <> Technology     xt018
[11:20:48.55] /o <> Version        v12_1_1_1
[11:20:48.55] /o <> LibCode        1243
[11:20:48.55] /o <> Core           LP 1.8V
[11:20:48.55] /o <> Metal          Thin4
[11:20:48.55] /o <> TopMetal       METTP&METTPL
[11:20:48.55] /o <>
[11:20:48.55] /o <> -------------------------------------------
[11:20:48.55] /o 
[11:20:49.06] /r giShowFrameTabs false
[11:20:59.02] /# gi::executeAction {deOpenDesign} -in [gi::getWindows 0]
[11:20:59.02] /i de::showOpenDesign
[11:20:59.07] /i gi::setActiveDialog [gi::getDialogs {deOpenDesign}]
[11:20:59.36] /i db::setAttr geometry -of [gi::getDialogs {deOpenDesign}] -value 645x491+628+268
[11:21:01.42] /i gi::setCurrentIndex {designLibs} -index {tarea_2} -in [gi::getDialogs {deOpenDesign}]
[11:21:01.43] /i gi::setItemSelection {designLibs} -index {tarea_2} -in [gi::getDialogs {deOpenDesign}]
[11:21:03.12] /i gi::setCurrentIndex {designCells} -index {compleja_def} -in [gi::getDialogs {deOpenDesign}]
[11:21:03.14] /i gi::setItemSelection {designCells} -index {compleja_def} -in [gi::getDialogs {deOpenDesign}]
[11:21:06.17] /i gi::setCurrentIndex {designCells} -index {compleja_def_not} -in [gi::getDialogs {deOpenDesign}]
[11:21:06.21] /i gi::setItemSelection {designCells} -index {compleja_def_not} -in [gi::getDialogs {deOpenDesign}]
[11:21:06.65] /i gi::setCurrentIndex {designCells} -index {compleja_def_prueba} -in [gi::getDialogs {deOpenDesign}]
[11:21:06.69] /i gi::setItemSelection {designCells} -index {compleja_def_prueba} -in [gi::getDialogs {deOpenDesign}]
[11:21:07.81] /i gi::setCurrentIndex {designCells} -index {compleja_pihofux} -in [gi::getDialogs {deOpenDesign}]
[11:21:07.84] /i gi::setItemSelection {designCells} -index {compleja_pihofux} -in [gi::getDialogs {deOpenDesign}]
[11:21:08.77] /i gi::setCurrentIndex {designCells} -index {compleja_sche_2} -in [gi::getDialogs {deOpenDesign}]
[11:21:08.81] /i gi::setItemSelection {designCells} -index {compleja_sche_2} -in [gi::getDialogs {deOpenDesign}]
[11:21:09.33] /i gi::setCurrentIndex {designCells} -index {compleja_pihofux} -in [gi::getDialogs {deOpenDesign}]
[11:21:09.34] /i gi::setItemSelection {designCells} -index {compleja_pihofux} -in [gi::getDialogs {deOpenDesign}]
[11:21:09.83] /i gi::setCurrentIndex {designCells} -index {compleja_def_prueba} -in [gi::getDialogs {deOpenDesign}]
[11:21:09.84] /i gi::setItemSelection {designCells} -index {compleja_def_prueba} -in [gi::getDialogs {deOpenDesign}]
[11:21:10.23] /i gi::setCurrentIndex {designCells} -index {compleja_def_not} -in [gi::getDialogs {deOpenDesign}]
[11:21:10.24] /i gi::setItemSelection {designCells} -index {compleja_def_not} -in [gi::getDialogs {deOpenDesign}]
[11:21:10.81] /i gi::setCurrentIndex {designCells} -index {compleja_def} -in [gi::getDialogs {deOpenDesign}]
[11:21:10.83] /i gi::setItemSelection {designCells} -index {compleja_def} -in [gi::getDialogs {deOpenDesign}]
[11:21:11.41] /i gi::setCurrentIndex {designCells} -index {compleja_3} -in [gi::getDialogs {deOpenDesign}]
[11:21:11.44] /i gi::setItemSelection {designCells} -index {compleja_3} -in [gi::getDialogs {deOpenDesign}]
[11:21:12.15] /i gi::setCurrentIndex {designCells} -index {compleja_2} -in [gi::getDialogs {deOpenDesign}]
[11:21:12.18] /i gi::setItemSelection {designCells} -index {compleja_2} -in [gi::getDialogs {deOpenDesign}]
[11:21:13.94] /i gi::setCurrentIndex {designCells} -index {compleja_def} -in [gi::getDialogs {deOpenDesign}]
[11:21:13.95] /i gi::setItemSelection {designCells} -index {compleja_def} -in [gi::getDialogs {deOpenDesign}]
[11:21:15.18] /i gi::setCurrentIndex {designViews} -index {layout} -in [gi::getDialogs {deOpenDesign}]
[11:21:15.19] /i gi::setItemSelection {designViews} -index {layout} -in [gi::getDialogs {deOpenDesign}]
[11:21:18.13] /i gi::pressButton {ok} -in [gi::getDialogs {deOpenDesign}]
[11:21:18.13] /# de::open [dm::findCellView {layout} -cellName {compleja_def} -libName {tarea_2}] -readOnly 0
[11:21:18.15] /m Information: Feature 'SynopsysCustomShapes' checked out. (LICENSE-003)
[11:21:18.36] /r giWindowId 1
[11:21:18.36] /r giWindowGeometry 1632x947
[11:21:18.84] /w Warning: "Failed to load config 'tarea_2 compleja_def layout.config' in  write mode: Unable to lock file "config.xml"" (HIERARCHY-018)
[11:21:18.87] /w Warning: "Failed to load config 'tarea_2 compleja_def layout.config' in  write mode: Unable to lock file "config.xml"" (HIERARCHY-018)
[11:21:18.91] /w Warning: "Failed to load config 'tarea_2 compleja_def layout.config' in  write mode: Unable to lock file "config.xml"" (HIERARCHY-018)
[11:21:18.92] /w Warning: "Failed to load config 'tarea_2 compleja_def layout.config' in  write mode: Unable to lock file "config.xml"" (HIERARCHY-018)
[11:21:22.13] /# gi::setField {heDesignNavigatorLCSelectorButton} -value { Schematic} -in [db::getAttr banner -of [gi::getAssistants heDesignNavigator -from [gi::getWindows 1]]]
[11:21:22.19] /o oa:0x4519f000 oa:0x451bb6c0 oa:0x43efde70 oa:0x457c88c0 oa:0x43f164f0 oa:0x45967c00 oa:0x45968960 oa:0x45969600 oa:0x4596ba00
[11:21:22.22] /i db::setAttr dockSize -of [gi::getAssistants dePropertyEditor -from [gi::getWindows 1]] -value 290x784
[11:21:22.48] /i db::setAttr dockSize -of [gi::getAssistants heDesignNavigator -from [gi::getWindows 1]] -value 256x460
[11:21:22.48] /i db::setAttr dockSize -of [gi::getAssistants lxSchematicAssistant -from [gi::getWindows 1]] -value 256x318
[11:21:22.48] /i db::setAttr dockSize -of [gi::getAssistants leObjectLayerPanel -from [gi::getWindows 1]] -value 200x784
[11:21:22.60] /i db::setAttr geometry -of [gi::getFrames 1] -value 1632x947+5+55
[11:21:24.34] /# gi::executeAction {deCanvasZoomInAtPoint} -in [gi::getWindows 1]
[11:21:24.34] /i de::zoom -window [gi::getWindows 1] -factor [db::getPrefValue deCanvasMouseZoomFactor] -center {26.806 1.138}
[11:21:24.37] /# gi::executeAction {deCanvasZoomInAtPoint} -in [gi::getWindows 1]
[11:21:24.37] /i de::zoom -window [gi::getWindows 1] -factor [db::getPrefValue deCanvasMouseZoomFactor] -center {26.806 1.138}
[11:21:24.42] /# gi::executeAction {deCanvasZoomInAtPoint} -in [gi::getWindows 1]
[11:21:24.42] /i de::zoom -window [gi::getWindows 1] -factor [db::getPrefValue deCanvasMouseZoomFactor] -center {26.806 1.138}
[11:21:30.51] /i gi::executeAction {deChangeMode} -in [gi::getWindows 1]
[11:21:33.50] /i gi::executeAction {deChangeMode} -in [gi::getWindows 1]
[11:21:35.15] /# gi::executeAction {deSelectActive} -in [gi::getWindows 1]
[11:21:38.65] /# gi::executeAction {xtDRCSetup} -in [gi::getWindows 1]
[11:21:38.65] /i xt::showDRCSetup -job drc -window 1
[11:21:39.58] /i db::setAttr geometry -of [gi::getDialogs {xtDRCSetup} -parent [gi::getWindows 1]] -value 669x510+738+356
[11:21:41.14] /i gi::pressButton {/ok} -in [gi::getDialogs {xtDRCSetup} -parent [gi::getWindows 1]]
[11:21:41.38] /# xt::physicalVerification::executePve drc 1 xtDRCExecutePve
[11:21:45.10] /# gi::executeAction {giPostContextMenu} -in [gi::getWindows 1]
[11:21:45.11] /i gi::executeAction {menuPreShow} -in [gi::getWindows 1]
[11:21:45.11] /r giMenuAccess db::getNext [gi::getMenus leRectContextMenu]
[11:21:45.73] /r giWindowId 2
[11:21:45.74] /r giWindowGeometry 800x600
[11:21:45.77] /i gi::setActiveWindow 1
[11:21:45.77] /i gi::setActiveWindow 1 -raise true
[11:21:45.84] /i gi::setActiveWindow 2
[11:21:45.84] /i gi::setActiveWindow 2 -raise true
[11:21:46.16] /i db::setAttr geometry -of [gi::getFrames 2] -value 800x600+55+105
[11:22:14.68] /m Information: 
              /c =============================
              /c JobID: icv_drc_3
              /c --- ERROR SUMMARY -----------
              /c Rule and DRC Error Summary
              /c 1930 total rules were run.
              /c 2 rules NOT EXECUTED.
              /c 2 rules have violations.
              /c There are 15 total violations.
              /c Refer to compleja_def.TOP_LAYOUT_ERRORS
              /c =============================
              /c 
[11:22:15.36] /m Information: IC Validator VUE Server initialized successfully at port 9189.
[11:22:30.50] /# gi::executeAction {deSelectActive} -in [gi::getWindows 1]
[11:22:30.50] /i de::deselectAll [db::getNext [de::getContexts -window 1]]
[11:22:30.51] /i de::select [de::getActiveFigure [gi::getWindows 1] -point {28.682 4.148} -index 0 -intent none]
[11:22:30.52] /o oa:0x2cc99da0
[11:22:31.05] /# gi::executeAction {deCanvasZoomOutAtPoint} -in [gi::getWindows 1]
[11:22:31.05] /i de::zoom -window [gi::getWindows 1] -factor [expr {1.0/[db::getPrefValue deCanvasMouseZoomFactor]}] -center {28.714 4.15}
[11:22:31.17] /# gi::executeAction {deCanvasZoomOutAtPoint} -in [gi::getWindows 1]
[11:22:31.17] /i de::zoom -window [gi::getWindows 1] -factor [expr {1.0/[db::getPrefValue deCanvasMouseZoomFactor]}] -center {28.72 4.15}
[11:22:31.53] /# gi::executeAction {deCanvasZoomOutAtPoint} -in [gi::getWindows 1]
[11:22:31.53] /i de::zoom -window [gi::getWindows 1] -factor [expr {1.0/[db::getPrefValue deCanvasMouseZoomFactor]}] -center {28.723 4.149}
[11:22:32.22] /# gi::executeAction {deCanvasZoomOutAtPoint} -in [gi::getWindows 1]
[11:22:32.22] /i de::zoom -window [gi::getWindows 1] -factor [expr {1.0/[db::getPrefValue deCanvasMouseZoomFactor]}] -center {28.935 4.282}
[11:22:33.16] /# gi::executeAction {deCanvasZoomInAtPoint} -in [gi::getWindows 1]
[11:22:33.16] /i de::zoom -window [gi::getWindows 1] -factor [db::getPrefValue deCanvasMouseZoomFactor] -center {28.555 4.084}
[11:22:33.62] /# gi::executeAction {deCanvasZoomInAtPoint} -in [gi::getWindows 1]
[11:22:33.62] /i de::zoom -window [gi::getWindows 1] -factor [db::getPrefValue deCanvasMouseZoomFactor] -center {28.555 4.084}
[11:22:33.69] /# gi::executeAction {deCanvasZoomInAtPoint} -in [gi::getWindows 1]
[11:22:33.69] /i de::zoom -window [gi::getWindows 1] -factor [db::getPrefValue deCanvasMouseZoomFactor] -center {28.555 4.084}
[11:22:34.61] /# gi::executeAction {deCanvasZoomOutAtPoint} -in [gi::getWindows 1]
[11:22:34.61] /i de::zoom -window [gi::getWindows 1] -factor [expr {1.0/[db::getPrefValue deCanvasMouseZoomFactor]}] -center {28.583 4.094}
[11:22:35.48] /# gi::executeAction {deCanvasZoomOutAtPoint} -in [gi::getWindows 1]
[11:22:35.48] /i de::zoom -window [gi::getWindows 1] -factor [expr {1.0/[db::getPrefValue deCanvasMouseZoomFactor]}] -center {28.62 4.101}
[11:22:36.05] /# gi::executeAction {deCanvasZoomOutAtPoint} -in [gi::getWindows 1]
[11:22:36.05] /i de::zoom -window [gi::getWindows 1] -factor [expr {1.0/[db::getPrefValue deCanvasMouseZoomFactor]}] -center {28.621 4.101}
[11:22:36.38] /# gi::executeAction {deCanvasZoomOutAtPoint} -in [gi::getWindows 1]
[11:22:36.38] /i de::zoom -window [gi::getWindows 1] -factor [expr {1.0/[db::getPrefValue deCanvasMouseZoomFactor]}] -center {28.62 4.1}
[11:22:37.01] /# gi::executeAction {deCanvasZoomInAtPoint} -in [gi::getWindows 1]
[11:22:37.01] /i de::zoom -window [gi::getWindows 1] -factor [db::getPrefValue deCanvasMouseZoomFactor] -center {28.682 3.993}
[11:22:38.29] /# gi::executeAction {deCanvasZoomInAtPoint} -in [gi::getWindows 1]
[11:22:38.29] /i de::zoom -window [gi::getWindows 1] -factor [db::getPrefValue deCanvasMouseZoomFactor] -center {28.756 4.091}
[11:22:39.33] /# gi::executeAction {deCanvasZoomInAtPoint} -in [gi::getWindows 1]
[11:22:39.33] /i de::zoom -window [gi::getWindows 1] -factor [db::getPrefValue deCanvasMouseZoomFactor] -center {28.75 4.092}
[11:22:41.64] /# gi::executeAction {deCanvasZoomOutAtPoint} -in [gi::getWindows 1]
[11:22:41.64] /i de::zoom -window [gi::getWindows 1] -factor [expr {1.0/[db::getPrefValue deCanvasMouseZoomFactor]}] -center {28.766 4.146}
[11:22:42.73] /# gi::executeAction {deSelectActive} -in [gi::getWindows 1]
[11:22:42.73] /i de::deselectAll [db::getNext [de::getContexts -window 1]]
[11:22:42.73] /i de::select [de::getActiveFigure [gi::getWindows 1] -point {28.785 4.12} -index 0 -intent none]
[11:22:42.73] /o oa:0x2e4e8a00
[11:22:43.33] /# gi::executeAction {deSelectActive} -in [gi::getWindows 1]
[11:22:43.33] /i de::deselectAll [db::getNext [de::getContexts -window 1]]
[11:22:43.33] /i de::select [de::getActiveFigure [gi::getWindows 1] -point {28.781 4.113} -index 0 -intent none]
[11:22:43.34] /o oa:0x4723f080
[11:22:44.12] /# gi::executeAction {deSelectActive} -in [gi::getWindows 1]
[11:22:44.13] /i de::deselectAll [db::getNext [de::getContexts -window 1]]
[11:22:44.13] /i de::select [de::getActiveFigure [gi::getWindows 1] -point {28.784 4.11} -index 0 -intent none]
[11:22:44.13] /o oa:0x459bc490
[11:22:44.84] /# gi::executeAction {deSelectActive} -in [gi::getWindows 1]
[11:22:44.84] /i de::cycleActiveFigure [gi::getWindows 1] -direction next
[11:22:44.84] /o oa:0x4593cee0
[11:22:44.84] /i de::deselectAll [db::getNext [de::getContexts -window 1]]
[11:22:44.84] /i de::select [de::getActiveFigure [gi::getWindows 1] -point {28.784 4.11} -index 1 -intent none]
[11:22:44.84] /o oa:0x44023650
[11:22:46.35] /# gi::executeAction {leStartStretchDrag} -in [gi::getWindows 1]
[11:22:46.35] /i layout_editor::directStretch [de::getActiveFigure [gi::getWindows 1] -point {28.784 4.11} -index 1 -intent none] 1
[11:22:46.36] /i ile::stretch -point {28.785 4.11}
[11:22:47.74] /# gi::executeAction {deEndDrag} -in [gi::getWindows 1]
[11:22:47.74] /i de::endDrag {28.788 4.11} -context [db::getNext [de::getContexts -window 1]]
[11:22:48.50] /# gi::executeAction {deCanvasZoomOutAtPoint} -in [gi::getWindows 1]
[11:22:48.50] /i de::zoom -window [gi::getWindows 1] -factor [expr {1.0/[db::getPrefValue deCanvasMouseZoomFactor]}] -center {28.788 4.11}
[11:22:48.68] /# gi::executeAction {deCanvasZoomOutAtPoint} -in [gi::getWindows 1]
[11:22:48.68] /i de::zoom -window [gi::getWindows 1] -factor [expr {1.0/[db::getPrefValue deCanvasMouseZoomFactor]}] -center {28.788 4.11}
[11:23:00.30] /# gi::executeAction {xtDRCSetup} -in [gi::getWindows 1]
[11:23:00.30] /i xt::showDRCSetup -job drc -window 1
[11:23:01.57] /i db::setAttr geometry -of [gi::getDialogs {xtDRCSetup} -parent [gi::getWindows 1]] -value 669x510+738+356
[11:23:28.86] /i gi::pressButton {/ok} -in [gi::getDialogs {xtDRCSetup} -parent [gi::getWindows 1]]
[11:23:29.27] /r giDialog gi::setActiveDialog [gi::getDialogs {xtShowDesignsPrompt}]
[11:23:29.27] /r giDialog gi::setCurrentIndex {target} -index {0,0} -in [gi::getDialogs {xtShowDesignsPrompt}]
[11:23:29.48] /r giDialog db::setAttr geometry -of [gi::getDialogs {xtShowDesignsPrompt}] -value 631x290+635+368
[11:23:30.14] /r giDialog gi::pressButton {ok} -in [gi::getDialogs {xtShowDesignsPrompt}]
[11:23:30.28] /# xt::physicalVerification::executePve drc 1 xtDRCExecutePve
[11:23:31.99] /i gi::setActiveTab {tabs} -tabName {stdout.drc.log} -in [gi::getWindows 2]
[11:23:31.99] /i gi::setActiveTab {tabs} -tabName {stdout.drc.log} -in [gi::getWindows 2]
[11:23:31.99] /i gi::setActiveTab {tabs} -tabName {stdout.drc.log} -in [gi::getWindows 2]
[11:23:31.99] /i gi::setActiveTab {tabs} -tabName {stdout.drc.log} -in [gi::getWindows 2]
[11:23:31.99] /i gi::setActiveTab {tabs} -tabName {stdout.drc.log} -in [gi::getWindows 2]
[11:23:31.99] /i gi::setActiveTab {tabs} -tabName {stdout.drc.log} -in [gi::getWindows 2]
[11:23:31.99] /i gi::setActiveTab {tabs} -tabName {stdout.drc.log} -in [gi::getWindows 2]
[11:23:31.99] /i gi::setActiveTab {tabs} -tabName {stdout.drc.log} -in [gi::getWindows 2]
[11:23:58.17] /m Information: 
              /c =============================
              /c JobID: icv_drc_4
              /c --- ERROR SUMMARY -----------
              /c Rule and DRC Error Summary
              /c 1930 total rules were run.
              /c 2 rules NOT EXECUTED.
              /c 2 rules have violations.
              /c There are 15 total violations.
              /c Refer to compleja_def.TOP_LAYOUT_ERRORS
              /c =============================
              /c 
[11:24:01.88] /i gi::executeAction giCloseWindow -in [gi::getWindows 2]
[11:24:01.97] /i gi::setActiveWindow 1
[11:24:01.97] /i gi::setActiveWindow 1 -raise true
[11:24:04.25] /i de::undoTransaction -design [db::getAttr editDesign -of [de::getContexts -window 1]] -steps 1
[11:24:07.07] /# gi::executeAction {deCanvasZoomOutAtPoint} -in [gi::getWindows 1]
[11:24:07.07] /i de::zoom -window [gi::getWindows 1] -factor [expr {1.0/[db::getPrefValue deCanvasMouseZoomFactor]}] -center {28.929 4.174}
[11:24:07.36] /# gi::executeAction {deCanvasZoomOutAtPoint} -in [gi::getWindows 1]
[11:24:07.36] /i de::zoom -window [gi::getWindows 1] -factor [expr {1.0/[db::getPrefValue deCanvasMouseZoomFactor]}] -center {28.808 4.053}
[11:24:07.55] /# gi::executeAction {deCanvasZoomOutAtPoint} -in [gi::getWindows 1]
[11:24:07.55] /i de::zoom -window [gi::getWindows 1] -factor [expr {1.0/[db::getPrefValue deCanvasMouseZoomFactor]}] -center {28.633 3.879}
[11:24:07.69] /# gi::executeAction {deCanvasZoomOutAtPoint} -in [gi::getWindows 1]
[11:24:07.69] /i de::zoom -window [gi::getWindows 1] -factor [expr {1.0/[db::getPrefValue deCanvasMouseZoomFactor]}] -center {28.499 3.528}
[11:24:09.07] /# gi::executeAction {deCanvasZoomInAtPoint} -in [gi::getWindows 1]
[11:24:09.07] /i de::zoom -window [gi::getWindows 1] -factor [db::getPrefValue deCanvasMouseZoomFactor] -center {36.26 4.606}
[11:24:09.97] /# gi::executeAction {deCanvasZoomInAtPoint} -in [gi::getWindows 1]
[11:24:09.97] /i de::zoom -window [gi::getWindows 1] -factor [db::getPrefValue deCanvasMouseZoomFactor] -center {32.649 2.774}
[11:24:10.32] /# gi::executeAction {deCanvasZoomInAtPoint} -in [gi::getWindows 1]
[11:24:10.32] /i de::zoom -window [gi::getWindows 1] -factor [db::getPrefValue deCanvasMouseZoomFactor] -center {32.649 2.774}
[11:24:11.91] /# gi::executeAction {deCanvasZoomOutAtPoint} -in [gi::getWindows 1]
[11:24:11.91] /i de::zoom -window [gi::getWindows 1] -factor [expr {1.0/[db::getPrefValue deCanvasMouseZoomFactor]}] -center {29.907 2.626}
[11:24:13.10] /# gi::executeAction {deCanvasZoomOutAtPoint} -in [gi::getWindows 1]
[11:24:13.10] /i de::zoom -window [gi::getWindows 1] -factor [expr {1.0/[db::getPrefValue deCanvasMouseZoomFactor]}] -center {35.378 2.046}
[11:29:12.34] /# gi::executeAction {deSelectActive} -in [gi::getWindows 1]
[11:29:12.35] /i de::deselectAll [db::getNext [de::getContexts -window 1]]
[11:29:14.67] /# gi::executeAction {deCanvasZoomInAtPoint} -in [gi::getWindows 1]
[11:29:14.67] /i de::zoom -window [gi::getWindows 1] -factor [db::getPrefValue deCanvasMouseZoomFactor] -center {27.967 3.636}
[11:29:15.26] /# gi::executeAction {deCanvasZoomInAtPoint} -in [gi::getWindows 1]
[11:29:15.26] /i de::zoom -window [gi::getWindows 1] -factor [db::getPrefValue deCanvasMouseZoomFactor] -center {27.967 3.636}
[11:29:18.02] /# gi::executeAction {deCanvasZoomOutAtPoint} -in [gi::getWindows 1]
[11:29:18.02] /i de::zoom -window [gi::getWindows 1] -factor [expr {1.0/[db::getPrefValue deCanvasMouseZoomFactor]}] -center {25.852 4.653}
[11:29:27.99] /# gi::executeAction {leGroup} -in [gi::getWindows 1]
[11:29:27.99] /i ile::createFigGroup
[11:29:30.14] /# gi::executeAction {deAbortCommand} -in [gi::getWindows 1]
[11:29:30.14] /i de::abortCommand -context [db::getNext [de::getContexts -window 1]]
[11:29:31.10] /# gi::executeAction {deSelectActive} -in [gi::getWindows 1]
[11:29:31.10] /i de::deselectAll [db::getNext [de::getContexts -window 1]]
[11:29:31.10] /i de::select [de::getActiveFigure [gi::getWindows 1] -point {25.703 4.182} -index 0 -intent none]
[11:29:31.11] /o oa:0x46c13990
[11:29:32.76] /# gi::executeAction {deSelectActive} -in [db::getAttr centralWidget -of [gi::getAssistants lxSchematicAssistant -from [gi::getWindows 1]]]
[11:29:32.76] /i de::deselectAll [db::getAttr context -of [db::getAttr centralWidget -of [gi::getAssistants lxSchematicAssistant -from [gi::getWindows 1]]]]
[11:29:32.78] /i de::select [de::getActiveFigure [db::getAttr centralWidget -of [gi::getAssistants lxSchematicAssistant -from [gi::getWindows 1]]] -point {11.45625 1.81875} -index 0 -intent none]
[11:29:32.78] /o oa:0x45e8fd10
[11:29:33.71] /# gi::executeAction {deSelectActive} -in [db::getAttr centralWidget -of [gi::getAssistants lxSchematicAssistant -from [gi::getWindows 1]]]
[11:29:33.71] /i de::cycleActiveFigure [db::getAttr centralWidget -of [gi::getAssistants lxSchematicAssistant -from [gi::getWindows 1]]] -direction next
[11:29:33.72] /o oa:0x4648bac0
[11:29:35.34] /# gi::executeAction {deSelectActive} -in [db::getAttr centralWidget -of [gi::getAssistants lxSchematicAssistant -from [gi::getWindows 1]]]
[11:29:35.34] /i de::deselectAll [db::getAttr context -of [db::getAttr centralWidget -of [gi::getAssistants lxSchematicAssistant -from [gi::getWindows 1]]]]
[11:29:35.35] /i de::deselectAllLogic -context [de::getContexts -filter {%editDesign==[db::getAttr editDesign -of [db::getAttr context -of [db::getAttr centralWidget -of [gi::getAssistants lxSchematicAssistant -from [gi::getWindows 1]]]]]}]
[11:29:36.74] /# gi::executeAction {deSelectActive} -in [gi::getWindows 1]
[11:29:36.74] /i de::deselectAll [db::getNext [de::getContexts -window 1]]
[11:29:36.74] /i de::select [de::getActiveFigure [gi::getWindows 1] -point {26.201 0.975} -index 0 -intent none]
[11:29:36.75] /o oa:0x47b31b80
[11:29:38.72] /# gi::executeAction {deSelectActive} -in [db::getAttr centralWidget -of [gi::getAssistants lxSchematicAssistant -from [gi::getWindows 1]]]
[11:29:38.72] /i de::deselectAllLogic -context [de::getContexts -filter {%editDesign==[db::getAttr editDesign -of [db::getAttr context -of [db::getAttr centralWidget -of [gi::getAssistants lxSchematicAssistant -from [gi::getWindows 1]]]]]}]
[11:29:40.26] /# gi::executeAction {deSelectActive} -in [db::getAttr centralWidget -of [gi::getAssistants lxSchematicAssistant -from [gi::getWindows 1]]]
[11:29:40.26] /i de::deselectAllLogic -context [de::getContexts -filter {%editDesign==[db::getAttr editDesign -of [db::getAttr context -of [db::getAttr centralWidget -of [gi::getAssistants lxSchematicAssistant -from [gi::getWindows 1]]]]]}]
[11:29:40.85] /# gi::executeAction {deCanvasZoomInAtPoint} -in [db::getAttr centralWidget -of [gi::getAssistants lxSchematicAssistant -from [gi::getWindows 1]]]
[11:29:40.85] /i de::zoom -window [db::getAttr centralWidget -of [gi::getAssistants lxSchematicAssistant -from [gi::getWindows 1]]] -factor [db::getPrefValue deCanvasMouseZoomFactor] -center {11.625 1.3875}
[11:29:41.66] /# gi::executeAction {deSelectActive} -in [db::getAttr centralWidget -of [gi::getAssistants lxSchematicAssistant -from [gi::getWindows 1]]]
[11:29:41.66] /i de::deselectAll [db::getAttr context -of [db::getAttr centralWidget -of [gi::getAssistants lxSchematicAssistant -from [gi::getWindows 1]]]]
[11:29:41.67] /i de::select [de::getActiveFigure [db::getAttr centralWidget -of [gi::getAssistants lxSchematicAssistant -from [gi::getWindows 1]]] -point {11.625 1.3875} -index 0 -intent none]
[11:29:41.67] /o oa:0x47413100
[11:29:42.53] /# gi::executeAction {deSelectActive} -in [db::getAttr centralWidget -of [gi::getAssistants lxSchematicAssistant -from [gi::getWindows 1]]]
[11:29:42.53] /i de::cycleActiveFigure [db::getAttr centralWidget -of [gi::getAssistants lxSchematicAssistant -from [gi::getWindows 1]]] -direction next
[11:29:42.53] /o oa:0x482b4250
[11:29:43.09] /# gi::executeAction {deSelectActive} -in [db::getAttr centralWidget -of [gi::getAssistants lxSchematicAssistant -from [gi::getWindows 1]]]
[11:29:43.09] /i de::cycleActiveFigure [db::getAttr centralWidget -of [gi::getAssistants lxSchematicAssistant -from [gi::getWindows 1]]] -direction next
[11:29:43.10] /o oa:0x469d8360
[11:29:43.98] /# gi::executeAction {deSelectActive} -in [db::getAttr centralWidget -of [gi::getAssistants lxSchematicAssistant -from [gi::getWindows 1]]]
[11:29:43.98] /i de::deselectAll [db::getAttr context -of [db::getAttr centralWidget -of [gi::getAssistants lxSchematicAssistant -from [gi::getWindows 1]]]]
[11:29:43.99] /i de::select [de::getActiveFigure [db::getAttr centralWidget -of [gi::getAssistants lxSchematicAssistant -from [gi::getWindows 1]]] -point {11.5625 1.84375} -index 0 -intent none]
[11:29:43.99] /o oa:0x472ad4c0
[11:29:46.09] /# gi::executeAction {deCanvasZoomOutAtPoint} -in [db::getAttr centralWidget -of [gi::getAssistants lxSchematicAssistant -from [gi::getWindows 1]]]
[11:29:46.09] /i de::zoom -window [db::getAttr centralWidget -of [gi::getAssistants lxSchematicAssistant -from [gi::getWindows 1]]] -factor [expr {1.0/[db::getPrefValue deCanvasMouseZoomFactor]}] -center {11.21875 1.81875}
[11:29:46.13] /# gi::executeAction {deCanvasZoomOutAtPoint} -in [db::getAttr centralWidget -of [gi::getAssistants lxSchematicAssistant -from [gi::getWindows 1]]]
[11:29:46.13] /i de::zoom -window [db::getAttr centralWidget -of [gi::getAssistants lxSchematicAssistant -from [gi::getWindows 1]]] -factor [expr {1.0/[db::getPrefValue deCanvasMouseZoomFactor]}] -center {11.21875 1.81875}
[11:29:46.93] /# gi::executeAction {deCanvasZoomInAtPoint} -in [db::getAttr centralWidget -of [gi::getAssistants lxSchematicAssistant -from [gi::getWindows 1]]]
[11:29:46.93] /i de::zoom -window [db::getAttr centralWidget -of [gi::getAssistants lxSchematicAssistant -from [gi::getWindows 1]]] -factor [db::getPrefValue deCanvasMouseZoomFactor] -center {10.4 5.5125}
[11:29:47.52] /# gi::executeAction {deCanvasZoomInAtPoint} -in [db::getAttr centralWidget -of [gi::getAssistants lxSchematicAssistant -from [gi::getWindows 1]]]
[11:29:47.52] /i de::zoom -window [db::getAttr centralWidget -of [gi::getAssistants lxSchematicAssistant -from [gi::getWindows 1]]] -factor [db::getPrefValue deCanvasMouseZoomFactor] -center {9.41875 5.36875}
[11:29:48.19] /# gi::executeAction {deCanvasZoomInAtPoint} -in [db::getAttr centralWidget -of [gi::getAssistants lxSchematicAssistant -from [gi::getWindows 1]]]
[11:29:48.19] /i de::zoom -window [db::getAttr centralWidget -of [gi::getAssistants lxSchematicAssistant -from [gi::getWindows 1]]] -factor [db::getPrefValue deCanvasMouseZoomFactor] -center {8.65 5.34375}
[11:29:49.07] /# gi::executeAction {deCanvasZoomOutAtPoint} -in [db::getAttr centralWidget -of [gi::getAssistants lxSchematicAssistant -from [gi::getWindows 1]]]
[11:29:49.07] /i de::zoom -window [db::getAttr centralWidget -of [gi::getAssistants lxSchematicAssistant -from [gi::getWindows 1]]] -factor [expr {1.0/[db::getPrefValue deCanvasMouseZoomFactor]}] -center {8.9625 5.2625}
[11:29:49.26] /# gi::executeAction {deCanvasZoomOutAtPoint} -in [db::getAttr centralWidget -of [gi::getAssistants lxSchematicAssistant -from [gi::getWindows 1]]]
[11:29:49.26] /i de::zoom -window [db::getAttr centralWidget -of [gi::getAssistants lxSchematicAssistant -from [gi::getWindows 1]]] -factor [expr {1.0/[db::getPrefValue deCanvasMouseZoomFactor]}] -center {8.9625 5.25625}
[11:29:50.52] /# gi::executeAction {deSelectActive} -in [db::getAttr centralWidget -of [gi::getAssistants lxSchematicAssistant -from [gi::getWindows 1]]]
[11:29:50.52] /i de::deselectAll [db::getAttr context -of [db::getAttr centralWidget -of [gi::getAssistants lxSchematicAssistant -from [gi::getWindows 1]]]]
[11:29:50.52] /i de::deselectAllLogic -context [de::getContexts -filter {%editDesign==[db::getAttr editDesign -of [db::getAttr context -of [db::getAttr centralWidget -of [gi::getAssistants lxSchematicAssistant -from [gi::getWindows 1]]]]]}]
[11:29:51.16] /# gi::executeAction {deSelectActive} -in [db::getAttr centralWidget -of [gi::getAssistants lxSchematicAssistant -from [gi::getWindows 1]]]
[11:29:51.16] /i de::deselectAllLogic -context [de::getContexts -filter {%editDesign==[db::getAttr editDesign -of [db::getAttr context -of [db::getAttr centralWidget -of [gi::getAssistants lxSchematicAssistant -from [gi::getWindows 1]]]]]}]
[11:29:52.06] /# gi::executeAction {deSelectActive} -in [db::getAttr centralWidget -of [gi::getAssistants lxSchematicAssistant -from [gi::getWindows 1]]]
[11:29:52.06] /i de::deselectAllLogic -context [de::getContexts -filter {%editDesign==[db::getAttr editDesign -of [db::getAttr context -of [db::getAttr centralWidget -of [gi::getAssistants lxSchematicAssistant -from [gi::getWindows 1]]]]]}]
[11:29:52.49] /# gi::executeAction {deSelectActive} -in [db::getAttr centralWidget -of [gi::getAssistants lxSchematicAssistant -from [gi::getWindows 1]]]
[11:29:52.49] /i de::deselectAllLogic -context [de::getContexts -filter {%editDesign==[db::getAttr editDesign -of [db::getAttr context -of [db::getAttr centralWidget -of [gi::getAssistants lxSchematicAssistant -from [gi::getWindows 1]]]]]}]
[11:29:53.01] /# gi::executeAction {deSelectActive} -in [db::getAttr centralWidget -of [gi::getAssistants lxSchematicAssistant -from [gi::getWindows 1]]]
[11:29:53.01] /i de::deselectAll [db::getAttr context -of [db::getAttr centralWidget -of [gi::getAssistants lxSchematicAssistant -from [gi::getWindows 1]]]]
[11:29:53.01] /i de::select [de::getActiveFigure [db::getAttr centralWidget -of [gi::getAssistants lxSchematicAssistant -from [gi::getWindows 1]]] -point {11.06875 4.83125} -index 0 -intent none]
[11:29:53.01] /o oa:0x482af040
[11:29:53.97] /# gi::executeAction {deSelectActive} -in [db::getAttr centralWidget -of [gi::getAssistants lxSchematicAssistant -from [gi::getWindows 1]]]
[11:29:53.97] /i de::cycleActiveFigure [db::getAttr centralWidget -of [gi::getAssistants lxSchematicAssistant -from [gi::getWindows 1]]] -direction next
[11:29:53.98] /o oa:0x471b00d0
[11:29:54.57] /# gi::executeAction {deSelectActive} -in [db::getAttr centralWidget -of [gi::getAssistants lxSchematicAssistant -from [gi::getWindows 1]]]
[11:29:54.57] /i de::cycleActiveFigure [db::getAttr centralWidget -of [gi::getAssistants lxSchematicAssistant -from [gi::getWindows 1]]] -direction next
[11:29:54.57] /o oa:0x47897af0
[11:29:55.38] /# gi::executeAction {deSelectActive} -in [db::getAttr centralWidget -of [gi::getAssistants lxSchematicAssistant -from [gi::getWindows 1]]]
[11:29:55.38] /i de::cycleActiveFigure [db::getAttr centralWidget -of [gi::getAssistants lxSchematicAssistant -from [gi::getWindows 1]]] -direction next
[11:29:55.38] /o oa:0x43f2f2f0
[11:29:56.74] /# gi::executeAction {deSelectActive} -in [db::getAttr centralWidget -of [gi::getAssistants lxSchematicAssistant -from [gi::getWindows 1]]]
[11:29:56.74] /i de::deselectAll [db::getAttr context -of [db::getAttr centralWidget -of [gi::getAssistants lxSchematicAssistant -from [gi::getWindows 1]]]]
[11:29:56.75] /i de::deselectAllLogic -context [de::getContexts -filter {%editDesign==[db::getAttr editDesign -of [db::getAttr context -of [db::getAttr centralWidget -of [gi::getAssistants lxSchematicAssistant -from [gi::getWindows 1]]]]]}]
[11:29:57.53] /# gi::executeAction {deSelectActive} -in [db::getAttr centralWidget -of [gi::getAssistants lxSchematicAssistant -from [gi::getWindows 1]]]
[11:29:57.53] /i de::deselectAllLogic -context [de::getContexts -filter {%editDesign==[db::getAttr editDesign -of [db::getAttr context -of [db::getAttr centralWidget -of [gi::getAssistants lxSchematicAssistant -from [gi::getWindows 1]]]]]}]
[11:29:59.73] /# gi::executeAction {deSelectActive} -in [db::getAttr centralWidget -of [gi::getAssistants lxSchematicAssistant -from [gi::getWindows 1]]]
[11:29:59.73] /i de::deselectAllLogic -context [de::getContexts -filter {%editDesign==[db::getAttr editDesign -of [db::getAttr context -of [db::getAttr centralWidget -of [gi::getAssistants lxSchematicAssistant -from [gi::getWindows 1]]]]]}]
[11:30:00.64] /# gi::executeAction {deSelectActive} -in [db::getAttr centralWidget -of [gi::getAssistants lxSchematicAssistant -from [gi::getWindows 1]]]
[11:30:00.64] /i de::deselectAllLogic -context [de::getContexts -filter {%editDesign==[db::getAttr editDesign -of [db::getAttr context -of [db::getAttr centralWidget -of [gi::getAssistants lxSchematicAssistant -from [gi::getWindows 1]]]]]}]
[11:30:02.37] /# gi::executeAction {deSelectActive} -in [db::getAttr centralWidget -of [gi::getAssistants lxSchematicAssistant -from [gi::getWindows 1]]]
[11:30:02.37] /i de::deselectAll [db::getAttr context -of [db::getAttr centralWidget -of [gi::getAssistants lxSchematicAssistant -from [gi::getWindows 1]]]]
[11:30:02.37] /i de::select [de::getActiveFigure [db::getAttr centralWidget -of [gi::getAssistants lxSchematicAssistant -from [gi::getWindows 1]]] -point {11.06875 4.83125} -index 0 -intent none]
[11:30:02.37] /o oa:0x46f43cc0
[11:30:13.42] /# gi::executeAction {deSelectActive} -in [db::getAttr centralWidget -of [gi::getAssistants lxSchematicAssistant -from [gi::getWindows 1]]]
[11:30:13.42] /i de::deselectAll [db::getAttr context -of [db::getAttr centralWidget -of [gi::getAssistants lxSchematicAssistant -from [gi::getWindows 1]]]]
[11:30:13.43] /i de::select [de::getActiveFigure [db::getAttr centralWidget -of [gi::getAssistants lxSchematicAssistant -from [gi::getWindows 1]]] -point {10.3 3.08125} -index 0 -intent none]
[11:30:13.43] /o oa:0x47297760
[11:30:14.23] /# gi::executeAction {deCanvasZoomOutAtPoint} -in [gi::getWindows 1]
[11:30:14.23] /i de::zoom -window [gi::getWindows 1] -factor [expr {1.0/[db::getPrefValue deCanvasMouseZoomFactor]}] -center {32.264 2.282}
[11:30:14.33] /# gi::executeAction {deCanvasZoomOutAtPoint} -in [gi::getWindows 1]
[11:30:14.33] /i de::zoom -window [gi::getWindows 1] -factor [expr {1.0/[db::getPrefValue deCanvasMouseZoomFactor]}] -center {32.265 2.282}
[11:30:15.43] /# gi::executeAction {deCanvasZoomInAtPoint} -in [gi::getWindows 1]
[11:30:15.43] /i de::zoom -window [gi::getWindows 1] -factor [db::getPrefValue deCanvasMouseZoomFactor] -center {11.893 3.63}
[11:30:16.15] /# gi::executeAction {deCanvasZoomInAtPoint} -in [gi::getWindows 1]
[11:30:16.15] /i de::zoom -window [gi::getWindows 1] -factor [db::getPrefValue deCanvasMouseZoomFactor] -center {11.893 3.63}
[11:30:16.51] /# gi::executeAction {deCanvasZoomInAtPoint} -in [gi::getWindows 1]
[11:30:16.51] /i de::zoom -window [gi::getWindows 1] -factor [db::getPrefValue deCanvasMouseZoomFactor] -center {11.893 3.63}
[11:30:17.82] /# gi::executeAction {deCanvasZoomOutAtPoint} -in [gi::getWindows 1]
[11:30:17.82] /i de::zoom -window [gi::getWindows 1] -factor [expr {1.0/[db::getPrefValue deCanvasMouseZoomFactor]}] -center {11.893 3.63}
[11:30:18.66] /# gi::executeAction {deCanvasZoomOutAtPoint} -in [gi::getWindows 1]
[11:30:18.66] /i de::zoom -window [gi::getWindows 1] -factor [expr {1.0/[db::getPrefValue deCanvasMouseZoomFactor]}] -center {14.803 3.644}
[11:30:19.96] /# gi::executeAction {deCanvasZoomOutAtPoint} -in [gi::getWindows 1]
[11:30:19.96] /i de::zoom -window [gi::getWindows 1] -factor [expr {1.0/[db::getPrefValue deCanvasMouseZoomFactor]}] -center {13.887 2.646}
[11:30:20.64] /# gi::executeAction {deCanvasZoomInAtPoint} -in [gi::getWindows 1]
[11:30:20.64] /i de::zoom -window [gi::getWindows 1] -factor [db::getPrefValue deCanvasMouseZoomFactor] -center {30.864 3.293}
[11:30:23.84] /# gi::executeAction {deSelectActive} -in [db::getAttr centralWidget -of [gi::getAssistants lxSchematicAssistant -from [gi::getWindows 1]]]
[11:30:23.84] /i de::deselectAll [db::getAttr context -of [db::getAttr centralWidget -of [gi::getAssistants lxSchematicAssistant -from [gi::getWindows 1]]]]
[11:30:23.84] /i de::select [de::getActiveFigure [db::getAttr centralWidget -of [gi::getAssistants lxSchematicAssistant -from [gi::getWindows 1]]] -point {11 5.5} -index 0 -intent none]
[11:30:23.84] /o oa:0x477f2020
[11:30:25.99] /# gi::executeAction {deSelectActive} -in [gi::getWindows 1]
[11:30:25.99] /i de::deselectAll [db::getNext [de::getContexts -window 1]]
[11:30:25.99] /i de::select [de::getActiveFigure [gi::getWindows 1] -point {32.508 1.945} -index 0 -intent none]
[11:30:25.99] /o oa:0x42ec32b0
[11:30:26.35] /# gi::executeAction {deCanvasZoomInAtPoint} -in [gi::getWindows 1]
[11:30:26.35] /i de::zoom -window [gi::getWindows 1] -factor [db::getPrefValue deCanvasMouseZoomFactor] -center {32.454 1.945}
[11:30:26.41] /# gi::executeAction {deCanvasZoomInAtPoint} -in [gi::getWindows 1]
[11:30:26.41] /i de::zoom -window [gi::getWindows 1] -factor [db::getPrefValue deCanvasMouseZoomFactor] -center {32.454 1.945}
[11:30:31.56] /# gi::executeAction {leRectangle} -in [gi::getWindows 1]
[11:30:36.37] /i de::setActiveLPP [de::getLPPs "POLY1 drawing" -from [db::getAttr editDesign -of [de::getContexts -window 1]]]
[11:30:36.39] /# gi::setItemSelection {lpps} -index {} -in [gi::getAssistants leObjectLayerPanel -from [gi::getWindows 1]]
[11:30:36.39] /# gi::setItemSelection {lpps} -index {POLY1 drawing} -in [gi::getAssistants leObjectLayerPanel -from [gi::getWindows 1]]
[11:30:36.41] /i de::setActiveLPP [de::getLPPs "POLY1 drawing" -from [db::getAttr editDesign -of [de::getContexts -window 1]]]
[11:30:36.41] /i gi::setField {statusbarLayerSelector} -value {POLY1\ drawing} -in [db::getAttr statusbar -of [gi::getWindows 1]]
[11:30:37.46] /# gi::executeAction {deCanvasZoomOutAtPoint} -in [gi::getWindows 1]
[11:30:37.46] /i de::zoom -window [gi::getWindows 1] -factor [expr {1.0/[db::getPrefValue deCanvasMouseZoomFactor]}] -center {28.533 3.117}
[11:30:37.51] /# gi::executeAction {deCanvasZoomOutAtPoint} -in [gi::getWindows 1]
[11:30:37.51] /i de::zoom -window [gi::getWindows 1] -factor [expr {1.0/[db::getPrefValue deCanvasMouseZoomFactor]}] -center {28.574 3.118}
[11:30:38.47] /# gi::executeAction {deCanvasZoomInAtPoint} -in [gi::getWindows 1]
[11:30:38.47] /i de::zoom -window [gi::getWindows 1] -factor [db::getPrefValue deCanvasMouseZoomFactor] -center {26.66 3.845}
[11:30:38.86] /# gi::executeAction {deCanvasZoomInAtPoint} -in [gi::getWindows 1]
[11:30:38.86] /i de::zoom -window [gi::getWindows 1] -factor [db::getPrefValue deCanvasMouseZoomFactor] -center {26.66 3.845}
[11:30:41.00] /# gi::executeAction {deCanvasZoomInAtPoint} -in [gi::getWindows 1]
[11:30:41.01] /i de::zoom -window [gi::getWindows 1] -factor [db::getPrefValue deCanvasMouseZoomFactor] -center {27.179 3.178}
[11:30:42.39] /# gi::executeAction {deCanvasZoomInAtPoint} -in [gi::getWindows 1]
[11:30:42.39] /i de::zoom -window [gi::getWindows 1] -factor [db::getPrefValue deCanvasMouseZoomFactor] -center {26.478 3.38}
[11:30:42.99] /# gi::executeAction {deCanvasZoomInAtPoint} -in [gi::getWindows 1]
[11:30:42.99] /i de::zoom -window [gi::getWindows 1] -factor [db::getPrefValue deCanvasMouseZoomFactor] -center {26.478 3.38}
[11:30:44.71] /# gi::executeAction {deAddPoint} -in [gi::getWindows 1]
[11:30:45.14] /# gi::executeAction {deCanvasZoomOutAtPoint} -in [gi::getWindows 1]
[11:30:45.14] /i de::zoom -window [gi::getWindows 1] -factor [expr {1.0/[db::getPrefValue deCanvasMouseZoomFactor]}] -center {26.569 3.348}
[11:30:45.16] /# gi::executeAction {deCanvasZoomOutAtPoint} -in [gi::getWindows 1]
[11:30:45.16] /i de::zoom -window [gi::getWindows 1] -factor [expr {1.0/[db::getPrefValue deCanvasMouseZoomFactor]}] -center {26.569 3.348}
[11:30:45.19] /# gi::executeAction {deCanvasZoomOutAtPoint} -in [gi::getWindows 1]
[11:30:45.19] /i de::zoom -window [gi::getWindows 1] -factor [expr {1.0/[db::getPrefValue deCanvasMouseZoomFactor]}] -center {26.569 3.348}
[11:30:45.21] /# gi::executeAction {deCanvasZoomOutAtPoint} -in [gi::getWindows 1]
[11:30:45.21] /i de::zoom -window [gi::getWindows 1] -factor [expr {1.0/[db::getPrefValue deCanvasMouseZoomFactor]}] -center {26.569 3.348}
[11:30:46.90] /# gi::executeAction {deCanvasZoomInAtPoint} -in [gi::getWindows 1]
[11:30:46.90] /i de::zoom -window [gi::getWindows 1] -factor [db::getPrefValue deCanvasMouseZoomFactor] -center {31.406 3.254}
[11:30:47.32] /# gi::executeAction {deCanvasZoomInAtPoint} -in [gi::getWindows 1]
[11:30:47.32] /i de::zoom -window [gi::getWindows 1] -factor [db::getPrefValue deCanvasMouseZoomFactor] -center {31.447 3.254}
[11:30:47.36] /# gi::executeAction {deCanvasZoomInAtPoint} -in [gi::getWindows 1]
[11:30:47.36] /i de::zoom -window [gi::getWindows 1] -factor [db::getPrefValue deCanvasMouseZoomFactor] -center {31.447 3.254}
[11:30:47.75] /# gi::executeAction {deCanvasZoomInAtPoint} -in [gi::getWindows 1]
[11:30:47.75] /i de::zoom -window [gi::getWindows 1] -factor [db::getPrefValue deCanvasMouseZoomFactor] -center {31.447 3.254}
[11:30:47.82] /# gi::executeAction {deCanvasZoomInAtPoint} -in [gi::getWindows 1]
[11:30:47.82] /i de::zoom -window [gi::getWindows 1] -factor [db::getPrefValue deCanvasMouseZoomFactor] -center {31.447 3.254}
[11:30:55.39] /# gi::executeAction {deAddPoint} -in [gi::getWindows 1]
[11:30:55.48] /i le::createRectangle {{26.48 3.185} {31.46 3.405}} -design [ed] -lpp {POLY1 drawing} -net D
[11:30:57.46] /# gi::executeAction {deAbortCommand} -in [gi::getWindows 1]
[11:30:58.25] /# gi::executeAction {deCanvasZoomOutAtPoint} -in [gi::getWindows 1]
[11:30:58.25] /i de::zoom -window [gi::getWindows 1] -factor [expr {1.0/[db::getPrefValue deCanvasMouseZoomFactor]}] -center {31.38 3.225}
[11:30:58.30] /# gi::executeAction {deCanvasZoomOutAtPoint} -in [gi::getWindows 1]
[11:30:58.31] /i de::zoom -window [gi::getWindows 1] -factor [expr {1.0/[db::getPrefValue deCanvasMouseZoomFactor]}] -center {31.381 3.225}
[11:30:58.42] /# gi::executeAction {deCanvasZoomOutAtPoint} -in [gi::getWindows 1]
[11:30:58.42] /i de::zoom -window [gi::getWindows 1] -factor [expr {1.0/[db::getPrefValue deCanvasMouseZoomFactor]}] -center {31.381 3.225}
[11:31:01.17] /# gi::executeAction {xtDRCSetup} -in [gi::getWindows 1]
[11:31:01.17] /i xt::showDRCSetup -job drc -window 1
[11:31:02.30] /i db::setAttr geometry -of [gi::getDialogs {xtDRCSetup} -parent [gi::getWindows 1]] -value 669x510+738+356
[11:31:03.38] /i gi::pressButton {/ok} -in [gi::getDialogs {xtDRCSetup} -parent [gi::getWindows 1]]
[11:31:03.76] /r giDialog gi::setActiveDialog [gi::getDialogs {xtShowDesignsPrompt}]
[11:31:03.76] /r giDialog gi::setCurrentIndex {target} -index {0,0} -in [gi::getDialogs {xtShowDesignsPrompt}]
[11:31:04.00] /r giDialog db::setAttr geometry -of [gi::getDialogs {xtShowDesignsPrompt}] -value 631x290+635+368
[11:31:04.85] /r giDialog gi::pressButton {ok} -in [gi::getDialogs {xtShowDesignsPrompt}]
[11:31:05.00] /# xt::physicalVerification::executePve drc 1 xtDRCExecutePve
[11:31:07.60] /r giWindowId 3
[11:31:07.62] /r giWindowGeometry 800x600+55+105
[11:31:33.76] /m Information: 
              /c =============================
              /c JobID: icv_drc_5
              /c --- ERROR SUMMARY -----------
              /c Rule and DRC Error Summary
              /c 1930 total rules were run.
              /c 2 rules NOT EXECUTED.
              /c 2 rules have violations.
              /c There are 15 total violations.
              /c Refer to compleja_def.TOP_LAYOUT_ERRORS
              /c =============================
              /c 
[11:32:06.54] /# gi::executeAction {deSelectActive} -in [gi::getWindows 1]
[11:32:06.55] /i de::deselectAll [db::getNext [de::getContexts -window 1]]
[11:32:06.55] /i de::select [de::getActiveFigure [gi::getWindows 1] -point {28.282 3.852} -index 0 -intent none]
[11:32:06.56] /o oa:0x4619d880
[11:32:07.50] /# gi::executeAction {deCanvasZoomOutAtPoint} -in [gi::getWindows 1]
[11:32:07.50] /i de::zoom -window [gi::getWindows 1] -factor [expr {1.0/[db::getPrefValue deCanvasMouseZoomFactor]}] -center {28.292 3.865}
[11:32:07.83] /# gi::executeAction {deCanvasZoomOutAtPoint} -in [gi::getWindows 1]
[11:32:07.83] /i de::zoom -window [gi::getWindows 1] -factor [expr {1.0/[db::getPrefValue deCanvasMouseZoomFactor]}] -center {28.291 3.865}
[11:32:08.33] /# gi::executeAction {deCanvasZoomOutAtPoint} -in [gi::getWindows 1]
[11:32:08.33] /i de::zoom -window [gi::getWindows 1] -factor [expr {1.0/[db::getPrefValue deCanvasMouseZoomFactor]}] -center {28.292 3.866}
[11:32:08.88] /# gi::executeAction {deCanvasZoomOutAtPoint} -in [gi::getWindows 1]
[11:32:08.88] /i de::zoom -window [gi::getWindows 1] -factor [expr {1.0/[db::getPrefValue deCanvasMouseZoomFactor]}] -center {28.291 3.865}
[11:32:09.77] /# gi::executeAction {deCanvasZoomInAtPoint} -in [gi::getWindows 1]
[11:32:09.77] /i de::zoom -window [gi::getWindows 1] -factor [db::getPrefValue deCanvasMouseZoomFactor] -center {28.287 3.875}
[11:32:09.82] /# gi::executeAction {deCanvasZoomInAtPoint} -in [gi::getWindows 1]
[11:32:09.82] /i de::zoom -window [gi::getWindows 1] -factor [db::getPrefValue deCanvasMouseZoomFactor] -center {28.287 3.875}
[11:32:10.40] /# gi::executeAction {deCanvasZoomInAtPoint} -in [gi::getWindows 1]
[11:32:10.40] /i de::zoom -window [gi::getWindows 1] -factor [db::getPrefValue deCanvasMouseZoomFactor] -center {28.287 3.875}
[11:32:12.13] /# gi::executeAction {deCanvasZoomOutAtPoint} -in [gi::getWindows 1]
[11:32:12.13] /i de::zoom -window [gi::getWindows 1] -factor [expr {1.0/[db::getPrefValue deCanvasMouseZoomFactor]}] -center {28.362 3.905}
[11:32:12.19] /# gi::executeAction {deCanvasZoomOutAtPoint} -in [gi::getWindows 1]
[11:32:12.19] /i de::zoom -window [gi::getWindows 1] -factor [expr {1.0/[db::getPrefValue deCanvasMouseZoomFactor]}] -center {28.363 3.905}
[11:32:14.20] /# gi::executeAction {deSelectActive} -in [gi::getWindows 1]
[11:32:14.20] /i de::deselectAll [db::getNext [de::getContexts -window 1]]
[11:32:14.20] /i de::select [de::getActiveFigure [gi::getWindows 1] -point {28.185 4.046} -index 0 -intent none]
[11:32:14.20] /o oa:0x451964d0
[11:32:17.18] /# gi::executeAction {dePropertyEditorToggle} -in [gi::getWindows 1]
[11:32:17.18] /i db::setAttr shown -of [gi::getAssistants dePropertyEditor -from [gi::getWindows 1]] -value true
[11:32:17.48] /i db::setAttr dockSize -of [gi::getAssistants leObjectLayerPanel -from [gi::getWindows 1]] -value 290x758
[11:32:17.58] /i db::setAttr dockSize -of [gi::getAssistants dePropertyEditor -from [gi::getWindows 1]] -value 290x758
[11:32:18.88] /# gi::executeAction {deSelectActive} -in [gi::getWindows 1]
[11:32:18.88] /i de::cycleActiveFigure [gi::getWindows 1] -direction next
[11:32:18.88] /o oa:0x472f2320
[11:32:18.88] /i de::deselectAll [db::getNext [de::getContexts -window 1]]
[11:32:18.88] /i de::select [de::getActiveFigure [gi::getWindows 1] -point {28.195 4.057} -index 1 -intent none]
[11:32:18.88] /o oa:0x4773b0a0
[11:32:20.20] /# gi::executeAction {deSelectActive} -in [gi::getWindows 1]
[11:32:20.20] /i de::cycleActiveFigure [gi::getWindows 1] -direction next
[11:32:20.20] /o oa:0x43e6f990
[11:32:20.20] /i de::deselectAll [db::getNext [de::getContexts -window 1]]
[11:32:20.20] /i de::select [de::getActiveFigure [gi::getWindows 1] -point {28.195 4.057} -index 2 -intent none]
[11:32:20.20] /o oa:0x4668ee40
[11:32:20.88] /# gi::executeAction {deSelectActive} -in [gi::getWindows 1]
[11:32:20.89] /i de::cycleActiveFigure [gi::getWindows 1] -direction next
[11:32:20.89] /o oa:0x48115d10
[11:32:20.89] /i de::deselectAll [db::getNext [de::getContexts -window 1]]
[11:32:20.89] /i de::select [de::getActiveFigure [gi::getWindows 1] -point {28.195 4.057} -index 3 -intent none]
[11:32:20.89] /o oa:0x46c2ea20
[11:32:22.14] /# gi::executeAction {deSelectActive} -in [gi::getWindows 1]
[11:32:22.14] /i de::deselectAll [db::getNext [de::getContexts -window 1]]
[11:32:22.14] /i de::select [de::getActiveFigure [gi::getWindows 1] -point {28.207 3.861} -index 0 -intent none]
[11:32:22.15] /o oa:0x43992bb0
[11:32:22.74] /# gi::executeAction {deSelectActive} -in [gi::getWindows 1]
[11:32:22.74] /i de::cycleActiveFigure [gi::getWindows 1] -direction next
[11:32:22.75] /o oa:0x47e09d60
[11:32:22.75] /i de::deselectAll [db::getNext [de::getContexts -window 1]]
[11:32:22.75] /i de::select [de::getActiveFigure [gi::getWindows 1] -point {28.207 3.861} -index 1 -intent none]
[11:32:22.75] /o oa:0x470006a0
[11:32:27.21] /# gi::executeAction {deCanvasZoomInAtPoint} -in [gi::getWindows 1]
[11:32:27.21] /i de::zoom -window [gi::getWindows 1] -factor [db::getPrefValue deCanvasMouseZoomFactor] -center {28.391 3.895}
[11:32:28.10] /# gi::executeAction {deSelectActive} -in [gi::getWindows 1]
[11:32:28.10] /i de::deselectAll [db::getNext [de::getContexts -window 1]]
[11:32:28.10] /i de::select [de::getActiveFigure [gi::getWindows 1] -point {28.348 3.937} -index 0 -intent none]
[11:32:28.10] /o oa:0x430d5020
[11:32:29.05] /# gi::executeAction {deSelectActive} -in [gi::getWindows 1]
[11:32:29.05] /i de::cycleActiveFigure [gi::getWindows 1] -direction next
[11:32:29.05] /o oa:0x45f76380
[11:32:29.05] /i de::deselectAll [db::getNext [de::getContexts -window 1]]
[11:32:29.05] /i de::select [de::getActiveFigure [gi::getWindows 1] -point {28.346 3.937} -index 1 -intent none]
[11:32:29.05] /o oa:0x46dbcb20
[11:32:29.68] /# gi::executeAction {deSelectActive} -in [gi::getWindows 1]
[11:32:29.69] /i de::cycleActiveFigure [gi::getWindows 1] -direction next
[11:32:29.69] /o oa:0x47264050
[11:32:29.69] /i de::deselectAll [db::getNext [de::getContexts -window 1]]
[11:32:29.69] /i de::select [de::getActiveFigure [gi::getWindows 1] -point {28.346 3.937} -index 2 -intent none]
[11:32:29.69] /o oa:0x45f4cf40
[11:32:30.35] /# gi::executeAction {deSelectActive} -in [gi::getWindows 1]
[11:32:30.35] /i de::cycleActiveFigure [gi::getWindows 1] -direction next
[11:32:30.35] /o oa:0x4836dd20
[11:32:30.35] /i de::deselectAll [db::getNext [de::getContexts -window 1]]
[11:32:30.35] /i de::select [de::getActiveFigure [gi::getWindows 1] -point {28.346 3.937} -index 3 -intent none]
[11:32:30.35] /o oa:0x462f1890
[11:32:30.97] /# gi::executeAction {deSelectActive} -in [gi::getWindows 1]
[11:32:30.97] /i de::cycleActiveFigure [gi::getWindows 1] -direction next
[11:32:30.97] /o oa:0x45b19290
[11:32:30.97] /i de::deselectAll [db::getNext [de::getContexts -window 1]]
[11:32:30.97] /i de::select [de::getActiveFigure [gi::getWindows 1] -point {28.346 3.937} -index 4 -intent none]
[11:32:30.97] /o oa:0x43407300
[11:32:31.68] /# gi::executeAction {deSelectActive} -in [gi::getWindows 1]
[11:32:31.68] /i de::deselectAll [db::getNext [de::getContexts -window 1]]
[11:32:31.68] /i de::select [de::getActiveFigure [gi::getWindows 1] -point {28.395 3.865} -index 0 -intent none]
[11:32:31.68] /o oa:0x2c7ed890
[11:32:32.47] /# gi::executeAction {leStartStretchDrag} -in [gi::getWindows 1]
[11:32:32.47] /i layout_editor::directStretch [de::getActiveFigure [gi::getWindows 1] -point {28.389 3.87} -index 0 -intent none] 1
[11:32:32.48] /i ile::stretch -point {28.39 3.87}
[11:32:34.11] /# gi::executeAction {deEndDrag} -in [gi::getWindows 1]
[11:32:34.11] /i de::endDrag {28.394 3.872} -context [db::getNext [de::getContexts -window 1]]
[11:32:34.46] /# gi::executeAction {deSelectActive} -in [gi::getWindows 1]
[11:32:34.46] /i de::cycleActiveFigure [gi::getWindows 1] -direction next
[11:32:34.46] /o oa:0x4658ed90
[11:32:34.46] /i de::deselectAll [db::getNext [de::getContexts -window 1]]
[11:32:34.46] /i de::select [de::getActiveFigure [gi::getWindows 1] -point {28.387 3.869} -index 1 -intent none]
[11:32:34.46] /o oa:0x459abe10
[11:32:36.53] /# gi::executeAction {deCanvasZoomOutAtPoint} -in [gi::getWindows 1]
[11:32:36.53] /i de::zoom -window [gi::getWindows 1] -factor [expr {1.0/[db::getPrefValue deCanvasMouseZoomFactor]}] -center {28.315 3.895}
[11:32:36.86] /# gi::executeAction {deCanvasZoomOutAtPoint} -in [gi::getWindows 1]
[11:32:36.86] /i de::zoom -window [gi::getWindows 1] -factor [expr {1.0/[db::getPrefValue deCanvasMouseZoomFactor]}] -center {28.316 3.895}
[11:32:45.20] /# gi::executeAction {deSelectActive} -in [gi::getWindows 1]
[11:32:45.20] /i de::deselectAll [db::getNext [de::getContexts -window 1]]
[11:32:45.20] /i de::select [de::getActiveFigure [gi::getWindows 1] -point {28.708 4.137} -index 0 -intent none]
[11:32:45.20] /o oa:0x47cbae30
[11:32:45.77] /# gi::executeAction {deCanvasZoomOutAtPoint} -in [gi::getWindows 1]
[11:32:45.77] /i de::zoom -window [gi::getWindows 1] -factor [expr {1.0/[db::getPrefValue deCanvasMouseZoomFactor]}] -center {28.741 4.148}
[11:32:45.84] /# gi::executeAction {deCanvasZoomOutAtPoint} -in [gi::getWindows 1]
[11:32:45.84] /i de::zoom -window [gi::getWindows 1] -factor [expr {1.0/[db::getPrefValue deCanvasMouseZoomFactor]}] -center {28.74 4.148}
[11:32:46.06] /# gi::executeAction {deCanvasZoomOutAtPoint} -in [gi::getWindows 1]
[11:32:46.06] /i de::zoom -window [gi::getWindows 1] -factor [expr {1.0/[db::getPrefValue deCanvasMouseZoomFactor]}] -center {28.741 4.148}
[11:32:47.06] /# gi::executeAction {deCanvasZoomOutAtPoint} -in [gi::getWindows 1]
[11:32:47.06] /i de::zoom -window [gi::getWindows 1] -factor [expr {1.0/[db::getPrefValue deCanvasMouseZoomFactor]}] -center {28.74 4.148}
[11:32:48.01] /# gi::executeAction {deCanvasZoomInAtPoint} -in [gi::getWindows 1]
[11:32:48.01] /i de::zoom -window [gi::getWindows 1] -factor [db::getPrefValue deCanvasMouseZoomFactor] -center {28.612 3.96}
[11:32:49.25] /# gi::executeAction {deCanvasZoomInAtPoint} -in [gi::getWindows 1]
[11:32:49.25] /i de::zoom -window [gi::getWindows 1] -factor [db::getPrefValue deCanvasMouseZoomFactor] -center {28.513 4.076}
[11:32:50.80] /# gi::executeAction {deSelectActive} -in [gi::getWindows 1]
[11:32:50.80] /i de::deselectAll [db::getNext [de::getContexts -window 1]]
[11:32:50.80] /i de::select [de::getActiveFigure [gi::getWindows 1] -point {28.442 4.236} -index 0 -intent none]
[11:32:50.80] /o oa:0x483a8370
[11:32:51.35] /# gi::executeAction {deSelectActive} -in [gi::getWindows 1]
[11:32:51.35] /i de::cycleActiveFigure [gi::getWindows 1] -direction next
[11:32:51.35] /o oa:0x468735f0
[11:32:51.35] /i de::deselectAll [db::getNext [de::getContexts -window 1]]
[11:32:51.35] /i de::select [de::getActiveFigure [gi::getWindows 1] -point {28.468 4.245} -index 1 -intent none]
[11:32:51.35] /o oa:0x4597f950
[11:32:52.09] /# gi::executeAction {deSelectActive} -in [gi::getWindows 1]
[11:32:52.09] /i de::deselectAll [db::getNext [de::getContexts -window 1]]
[11:32:52.09] /i de::select [de::getActiveFigure [gi::getWindows 1] -point {28.466 4.243} -index 0 -intent none]
[11:32:52.10] /o oa:0x433f4190
[11:32:53.23] /# gi::executeAction {deSelectActive} -in [gi::getWindows 1]
[11:32:53.23] /i de::deselectAll [db::getNext [de::getContexts -window 1]]
[11:32:53.23] /i de::select [de::getActiveFigure [gi::getWindows 1] -point {28.571 4.31} -index 0 -intent none]
[11:32:53.23] /o oa:0x4595d8c0
[11:32:53.90] /# gi::executeAction {deSelectActive} -in [gi::getWindows 1]
[11:32:53.90] /i de::deselectAll [db::getNext [de::getContexts -window 1]]
[11:32:53.90] /i de::select [de::getActiveFigure [gi::getWindows 1] -point {28.693 4.287} -index 0 -intent none]
[11:32:53.90] /o oa:0x433f9410
[11:32:54.54] /# gi::executeAction {deSelectActive} -in [gi::getWindows 1]
[11:32:54.54] /i de::deselectAll [db::getNext [de::getContexts -window 1]]
[11:32:54.54] /i de::select [de::getActiveFigure [gi::getWindows 1] -point {28.683 4.3} -index 0 -intent none]
[11:32:54.55] /o oa:0x47ed2540
[11:32:55.51] /# gi::executeAction {leStartStretchDrag} -in [gi::getWindows 1]
[11:32:55.51] /i layout_editor::directStretch [de::getActiveFigure [gi::getWindows 1] -point {28.683 4.3} -index 0 -intent none] 1
[11:32:55.51] /i ile::stretch -point {28.685 4.3}
[11:32:56.18] /# gi::executeAction {deEndDrag} -in [gi::getWindows 1]
[11:32:56.18] /i de::endDrag {28.68 4.301} -context [db::getNext [de::getContexts -window 1]]
[11:32:57.73] /# gi::executeAction {deSelectActive} -in [gi::getWindows 1]
[11:32:57.73] /i de::deselectAll [db::getNext [de::getContexts -window 1]]
[11:32:57.73] /i de::select [de::getActiveFigure [gi::getWindows 1] -point {28.72 4.245} -index 0 -intent none]
[11:32:57.73] /o oa:0x47242aa0
[11:32:58.48] /# gi::executeAction {deSelectActive} -in [gi::getWindows 1]
[11:32:58.48] /i de::deselectAll [db::getNext [de::getContexts -window 1]]
[11:32:58.48] /i de::select [de::getActiveFigure [gi::getWindows 1] -point {28.702 4.272} -index 0 -intent none]
[11:32:58.48] /o oa:0x48396d80
[11:32:58.97] /# gi::executeAction {deSelectActive} -in [gi::getWindows 1]
[11:32:58.97] /i de::cycleActiveFigure [gi::getWindows 1] -direction next
[11:32:58.97] /o oa:0x46d6b460
[11:32:58.97] /i de::deselectAll [db::getNext [de::getContexts -window 1]]
[11:32:58.97] /i de::select [de::getActiveFigure [gi::getWindows 1] -point {28.7 4.278} -index 1 -intent none]
[11:32:58.97] /o oa:0x4400bdb0
[11:32:59.66] /# gi::executeAction {deSelectActive} -in [gi::getWindows 1]
[11:32:59.66] /i de::cycleActiveFigure [gi::getWindows 1] -direction next
[11:32:59.67] /o oa:0x466abde0
[11:32:59.67] /i de::deselectAll [db::getNext [de::getContexts -window 1]]
[11:32:59.67] /i de::select [de::getActiveFigure [gi::getWindows 1] -point {28.7 4.278} -index 2 -intent none]
[11:32:59.67] /o oa:0x43e8aa20
[11:33:00.25] /# gi::executeAction {deSelectActive} -in [gi::getWindows 1]
[11:33:00.25] /i de::cycleActiveFigure [gi::getWindows 1] -direction next
[11:33:00.25] /o oa:0x46976250
[11:33:00.25] /i de::deselectAll [db::getNext [de::getContexts -window 1]]
[11:33:00.25] /i de::select [de::getActiveFigure [gi::getWindows 1] -point {28.7 4.278} -index 3 -intent none]
[11:33:00.25] /o oa:0x46dfacc0
[11:33:00.85] /# gi::executeAction {deSelectActive} -in [gi::getWindows 1]
[11:33:00.85] /i de::cycleActiveFigure [gi::getWindows 1] -direction next
[11:33:00.85] /o oa:0x47c33eb0
[11:33:00.85] /i de::deselectAll [db::getNext [de::getContexts -window 1]]
[11:33:00.85] /i de::select [de::getActiveFigure [gi::getWindows 1] -point {28.7 4.278} -index 4 -intent none]
[11:33:00.85] /o oa:0x47588c00
[11:33:01.39] /# gi::executeAction {deSelectActive} -in [gi::getWindows 1]
[11:33:01.39] /i de::cycleActiveFigure [gi::getWindows 1] -direction next
[11:33:01.39] /o oa:0x45cdeb20
[11:33:01.39] /i de::deselectAll [db::getNext [de::getContexts -window 1]]
[11:33:01.39] /i de::select [de::getActiveFigure [gi::getWindows 1] -point {28.7 4.278} -index 5 -intent none]
[11:33:01.39] /o oa:0x47869c60
[11:33:02.29] /# gi::executeAction {deCanvasZoomOutAtPoint} -in [gi::getWindows 1]
[11:33:02.30] /i de::zoom -window [gi::getWindows 1] -factor [expr {1.0/[db::getPrefValue deCanvasMouseZoomFactor]}] -center {28.729 4.072}
[11:33:02.75] /# gi::executeAction {deCanvasZoomOutAtPoint} -in [gi::getWindows 1]
[11:33:02.75] /i de::zoom -window [gi::getWindows 1] -factor [expr {1.0/[db::getPrefValue deCanvasMouseZoomFactor]}] -center {28.62 4.045}
[11:33:03.53] /# gi::executeAction {deCanvasZoomOutAtPoint} -in [gi::getWindows 1]
[11:33:03.53] /i de::zoom -window [gi::getWindows 1] -factor [expr {1.0/[db::getPrefValue deCanvasMouseZoomFactor]}] -center {28.34 4.455}
[11:33:04.18] /# gi::executeAction {deCanvasZoomInAtPoint} -in [gi::getWindows 1]
[11:33:04.18] /i de::zoom -window [gi::getWindows 1] -factor [db::getPrefValue deCanvasMouseZoomFactor] -center {28.583 3.727}
[11:33:04.24] /# gi::executeAction {deCanvasZoomInAtPoint} -in [gi::getWindows 1]
[11:33:04.24] /i de::zoom -window [gi::getWindows 1] -factor [db::getPrefValue deCanvasMouseZoomFactor] -center {28.583 3.727}
[11:33:07.84] /# gi::executeAction {deCanvasZoomInAtPoint} -in [gi::getWindows 1]
[11:33:07.84] /i de::zoom -window [gi::getWindows 1] -factor [db::getPrefValue deCanvasMouseZoomFactor] -center {28.553 3.864}
[11:33:08.77] /# gi::executeAction {deSelectActive} -in [gi::getWindows 1]
[11:33:08.77] /i de::deselectAll [db::getNext [de::getContexts -window 1]]
[11:33:08.77] /i de::select [de::getActiveFigure [gi::getWindows 1] -point {28.498 3.864} -index 0 -intent none]
[11:33:08.77] /o oa:0x48115dc0
[11:33:09.39] /# gi::executeAction {deCanvasZoomOutAtPoint} -in [gi::getWindows 1]
[11:33:09.39] /i de::zoom -window [gi::getWindows 1] -factor [expr {1.0/[db::getPrefValue deCanvasMouseZoomFactor]}] -center {28.498 3.864}
[11:33:09.49] /# gi::executeAction {deCanvasZoomOutAtPoint} -in [gi::getWindows 1]
[11:33:09.49] /i de::zoom -window [gi::getWindows 1] -factor [expr {1.0/[db::getPrefValue deCanvasMouseZoomFactor]}] -center {28.498 3.863}
[11:33:12.09] /# gi::executeAction {deSelectActive} -in [gi::getWindows 1]
[11:33:12.09] /i de::deselectAll [db::getNext [de::getContexts -window 1]]
[11:33:12.09] /i de::select [de::getActiveFigure [gi::getWindows 1] -point {28.761 3.612} -index 0 -intent none]
[11:33:12.09] /o oa:0x433cd5f0
[11:33:12.79] /# gi::executeAction {deSelectActive} -in [gi::getWindows 1]
[11:33:12.79] /i de::deselectAll [db::getNext [de::getContexts -window 1]]
[11:33:12.79] /i de::select [de::getActiveFigure [gi::getWindows 1] -point {28.75 3.621} -index 0 -intent none]
[11:33:12.79] /o oa:0x43f19770
[11:33:13.69] /# gi::executeAction {leStartStretchDrag} -in [gi::getWindows 1]
[11:33:13.69] /i layout_editor::directStretch [de::getActiveFigure [gi::getWindows 1] -point {28.75 3.621} -index 0 -intent none] 1
[11:33:13.70] /i ile::stretch -point {28.75 3.62}
[11:33:18.86] /# gi::executeAction {deEndDrag} -in [gi::getWindows 1]
[11:33:18.86] /i de::endDrag {28.759 3.621} -context [db::getNext [de::getContexts -window 1]]
[11:33:19.96] /# gi::executeAction {deSelectActive} -in [gi::getWindows 1]
[11:33:19.96] /i de::deselectAll [db::getNext [de::getContexts -window 1]]
[11:33:19.96] /i de::select [de::getActiveFigure [gi::getWindows 1] -point {28.49 3.523} -index 0 -intent none]
[11:33:19.96] /o oa:0x47252190
[11:33:21.05] /# gi::executeAction {deSelectActive} -in [gi::getWindows 1]
[11:33:21.05] /i de::deselectAll [db::getNext [de::getContexts -window 1]]
[11:33:21.05] /i de::select [de::getActiveFigure [gi::getWindows 1] -point {28.89 3.561} -index 0 -intent none]
[11:33:21.05] /o oa:0x4726b040
[11:33:21.73] /# gi::executeAction {deSelectActive} -in [gi::getWindows 1]
[11:33:21.73] /i de::deselectAll [db::getNext [de::getContexts -window 1]]
[11:33:21.73] /i de::select [de::getActiveFigure [gi::getWindows 1] -point {28.85 3.489} -index 0 -intent none]
[11:33:21.73] /o oa:0x47681470
[11:33:25.55] /# gi::executeAction {xtDRCSetup} -in [gi::getWindows 1]
[11:33:25.55] /i xt::showDRCSetup -job drc -window 1
[11:33:26.64] /i db::setAttr geometry -of [gi::getDialogs {xtDRCSetup} -parent [gi::getWindows 1]] -value 669x510+738+356
[11:33:27.85] /i gi::pressButton {/ok} -in [gi::getDialogs {xtDRCSetup} -parent [gi::getWindows 1]]
[11:33:28.11] /r giDialog gi::setActiveDialog [gi::getDialogs {xtShowDesignsPrompt}]
[11:33:28.11] /r giDialog gi::setCurrentIndex {target} -index {0,0} -in [gi::getDialogs {xtShowDesignsPrompt}]
[11:33:28.36] /r giDialog db::setAttr geometry -of [gi::getDialogs {xtShowDesignsPrompt}] -value 631x290+635+368
[11:33:29.08] /r giDialog gi::pressButton {ok} -in [gi::getDialogs {xtShowDesignsPrompt}]
[11:33:29.19] /# xt::physicalVerification::executePve drc 1 xtDRCExecutePve
[11:33:31.08] /i gi::setActiveTab {tabs} -tabName {stdout.drc.log} -in [gi::getWindows 3]
[11:33:31.08] /i gi::setActiveTab {tabs} -tabName {stdout.drc.log} -in [gi::getWindows 3]
[11:33:31.08] /i gi::setActiveTab {tabs} -tabName {stdout.drc.log} -in [gi::getWindows 3]
[11:33:31.08] /i gi::setActiveTab {tabs} -tabName {stdout.drc.log} -in [gi::getWindows 3]
[11:33:31.09] /i gi::setActiveTab {tabs} -tabName {stdout.drc.log} -in [gi::getWindows 3]
[11:33:31.09] /i gi::setActiveTab {tabs} -tabName {stdout.drc.log} -in [gi::getWindows 3]
[11:33:31.09] /i gi::setActiveTab {tabs} -tabName {stdout.drc.log} -in [gi::getWindows 3]
[11:33:31.09] /i gi::setActiveTab {tabs} -tabName {stdout.drc.log} -in [gi::getWindows 3]
[11:34:05.74] /m Information: 
              /c =============================
              /c JobID: icv_drc_6
              /c --- ERROR SUMMARY -----------
              /c Rule and DRC Error Summary
              /c 1930 total rules were run.
              /c 2 rules NOT EXECUTED.
              /c 1 rule has violations.
              /c There are 3 total violations.
              /c Refer to compleja_def.TOP_LAYOUT_ERRORS
              /c =============================
              /c 
[11:34:43.50] /# gi::executeAction {deSelectActive} -in [gi::getWindows 1]
[11:34:43.51] /i de::deselectAll [db::getNext [de::getContexts -window 1]]
[11:34:43.51] /i de::select [de::getActiveFigure [gi::getWindows 1] -point {28.655 3.851} -index 0 -intent none]
[11:34:43.52] /o oa:0x470d1610
[11:34:44.60] /# gi::executeAction {deCanvasZoomOutAtPoint} -in [gi::getWindows 1]
[11:34:44.60] /i de::zoom -window [gi::getWindows 1] -factor [expr {1.0/[db::getPrefValue deCanvasMouseZoomFactor]}] -center {28.701 3.863}
[11:34:45.21] /# gi::executeAction {deCanvasZoomOutAtPoint} -in [gi::getWindows 1]
[11:34:45.21] /i de::zoom -window [gi::getWindows 1] -factor [expr {1.0/[db::getPrefValue deCanvasMouseZoomFactor]}] -center {28.7 3.864}
[11:34:45.74] /# gi::executeAction {deCanvasZoomOutAtPoint} -in [gi::getWindows 1]
[11:34:45.74] /i de::zoom -window [gi::getWindows 1] -factor [expr {1.0/[db::getPrefValue deCanvasMouseZoomFactor]}] -center {28.701 3.864}
[11:34:50.49] /# gi::executeAction {deSelectActive} -in [gi::getWindows 1]
[11:34:50.49] /i de::cycleActiveFigure [gi::getWindows 1] -direction next
[11:34:50.49] /o oa:0x48606bb0
[11:34:50.49] /i de::deselectAll [db::getNext [de::getContexts -window 1]]
[11:34:50.50] /i de::select [de::getActiveFigure [gi::getWindows 1] -point {28.631 3.855} -index 1 -intent none]
[11:34:50.50] /o oa:0x468c1660
[11:34:51.06] /# gi::executeAction {deSelectActive} -in [gi::getWindows 1]
[11:34:51.06] /i de::cycleActiveFigure [gi::getWindows 1] -direction next
[11:34:51.06] /o oa:0x46c5cd30
[11:34:51.06] /i de::deselectAll [db::getNext [de::getContexts -window 1]]
[11:34:51.06] /i de::select [de::getActiveFigure [gi::getWindows 1] -point {28.631 3.855} -index 2 -intent none]
[11:34:51.06] /o oa:0x47ea9b90
[11:34:52.21] /# gi::executeAction {deSelectActive} -in [gi::getWindows 1]
[11:34:52.21] /i de::deselectAll [db::getNext [de::getContexts -window 1]]
[11:34:52.21] /i de::select [de::getActiveFigure [gi::getWindows 1] -point {28.636 3.891} -index 0 -intent none]
[11:34:52.22] /o oa:0x47ff2ea0
[11:34:54.34] /# gi::executeAction {deSelectActive} -in [gi::getWindows 1]
[11:34:54.34] /i de::deselectAll [db::getNext [de::getContexts -window 1]]
[11:34:54.34] /i de::select [de::getActiveFigure [gi::getWindows 1] -point {28.67 4.199} -index 0 -intent none]
[11:34:54.34] /o oa:0x47440560
[11:35:00.27] /# gi::executeAction {deSelectActive} -in [gi::getWindows 1]
[11:35:00.27] /i de::deselectAll [db::getNext [de::getContexts -window 1]]
[11:35:00.27] /i de::select [de::getActiveFigure [gi::getWindows 1] -point {28.618 3.854} -index 0 -intent none]
[11:35:00.27] /o oa:0x47282f40
[11:35:00.77] /# gi::executeAction {deSelectActive} -in [gi::getWindows 1]
[11:35:00.77] /i de::deselectAll [db::getNext [de::getContexts -window 1]]
[11:35:00.77] /i de::select [de::getActiveFigure [gi::getWindows 1] -point {28.639 3.854} -index 0 -intent none]
[11:35:00.78] /o oa:0x46ae9ff0
[11:35:01.59] /# gi::executeAction {deSelectActive} -in [gi::getWindows 1]
[11:35:01.59] /i de::cycleActiveFigure [gi::getWindows 1] -direction next
[11:35:01.59] /o oa:0x479f0850
[11:35:01.60] /i de::deselectAll [db::getNext [de::getContexts -window 1]]
[11:35:01.60] /i de::select [de::getActiveFigure [gi::getWindows 1] -point {28.639 3.854} -index 1 -intent none]
[11:35:01.60] /o oa:0x47da5010
[11:35:02.23] /# gi::executeAction {deSelectActive} -in [gi::getWindows 1]
[11:35:02.23] /i de::cycleActiveFigure [gi::getWindows 1] -direction next
[11:35:02.23] /o oa:0x4713fdb0
[11:35:02.23] /i de::deselectAll [db::getNext [de::getContexts -window 1]]
[11:35:02.23] /i de::select [de::getActiveFigure [gi::getWindows 1] -point {28.639 3.854} -index 2 -intent none]
[11:35:02.23] /o oa:0x4865b220
[11:35:03.29] /# gi::executeAction {deSelectActive} -in [gi::getWindows 1]
[11:35:03.29] /i de::cycleActiveFigure [gi::getWindows 1] -direction next
[11:35:03.30] /o oa:0x46c79750
[11:35:03.30] /i de::deselectAll [db::getNext [de::getContexts -window 1]]
[11:35:03.30] /i de::select [de::getActiveFigure [gi::getWindows 1] -point {28.639 3.854} -index 3 -intent none]
[11:35:03.30] /o oa:0x4836d720
[11:35:04.40] /# gi::executeAction {deSelectActive} -in [gi::getWindows 1]
[11:35:04.40] /i de::deselectAll [db::getNext [de::getContexts -window 1]]
[11:35:04.40] /i de::select [de::getActiveFigure [gi::getWindows 1] -point {28.775 3.872} -index 0 -intent none]
[11:35:04.40] /o oa:0x465bbda0
[11:35:06.87] /# gi::executeAction {deCanvasZoomInAtPoint} -in [gi::getWindows 1]
[11:35:06.87] /i de::zoom -window [gi::getWindows 1] -factor [db::getPrefValue deCanvasMouseZoomFactor] -center {28.685 3.896}
[11:35:08.22] /# gi::executeAction {deSelectActive} -in [gi::getWindows 1]
[11:35:08.22] /i de::deselectAll [db::getNext [de::getContexts -window 1]]
[11:35:08.22] /i de::select [de::getActiveFigure [gi::getWindows 1] -point {28.752 3.861} -index 0 -intent none]
[11:35:08.22] /o oa:0x45f55be0
[11:35:08.89] /# gi::executeAction {deSelectActive} -in [gi::getWindows 1]
[11:35:08.89] /i de::cycleActiveFigure [gi::getWindows 1] -direction next
[11:35:08.90] /o oa:0x46100bb0
[11:35:08.90] /i de::deselectAll [db::getNext [de::getContexts -window 1]]
[11:35:08.90] /i de::select [de::getActiveFigure [gi::getWindows 1] -point {28.756 3.861} -index 1 -intent none]
[11:35:08.90] /o oa:0x467cdde0
[11:35:09.81] /# gi::executeAction {leStartStretchDrag} -in [gi::getWindows 1]
[11:35:09.81] /i layout_editor::directStretch [de::getActiveFigure [gi::getWindows 1] -point {28.756 3.861} -index 1 -intent none] 1
[11:35:09.81] /i ile::stretch -point {28.755 3.86}
[11:35:10.96] /# gi::executeAction {deEndDrag} -in [gi::getWindows 1]
[11:35:10.96] /i de::endDrag {28.757 3.857} -context [db::getNext [de::getContexts -window 1]]
[11:35:11.78] /# gi::executeAction {deCanvasZoomOutAtPoint} -in [gi::getWindows 1]
[11:35:11.78] /i de::zoom -window [gi::getWindows 1] -factor [expr {1.0/[db::getPrefValue deCanvasMouseZoomFactor]}] -center {28.611 3.898}
[11:35:11.80] /# gi::executeAction {deCanvasZoomOutAtPoint} -in [gi::getWindows 1]
[11:35:11.80] /i de::zoom -window [gi::getWindows 1] -factor [expr {1.0/[db::getPrefValue deCanvasMouseZoomFactor]}] -center {28.611 3.899}
[11:35:11.84] /# gi::executeAction {deCanvasZoomOutAtPoint} -in [gi::getWindows 1]
[11:35:11.84] /i de::zoom -window [gi::getWindows 1] -factor [expr {1.0/[db::getPrefValue deCanvasMouseZoomFactor]}] -center {28.611 3.899}
[11:35:11.88] /# gi::executeAction {deCanvasZoomOutAtPoint} -in [gi::getWindows 1]
[11:35:11.88] /i de::zoom -window [gi::getWindows 1] -factor [expr {1.0/[db::getPrefValue deCanvasMouseZoomFactor]}] -center {28.611 3.898}
[11:35:16.40] /# gi::executeAction {xtDRCSetup} -in [gi::getWindows 1]
[11:35:16.40] /i xt::showDRCSetup -job drc -window 1
[11:35:17.48] /i db::setAttr geometry -of [gi::getDialogs {xtDRCSetup} -parent [gi::getWindows 1]] -value 669x510+738+356
[11:35:18.37] /i gi::pressButton {/ok} -in [gi::getDialogs {xtDRCSetup} -parent [gi::getWindows 1]]
[11:35:18.62] /r giDialog gi::setActiveDialog [gi::getDialogs {xtShowDesignsPrompt}]
[11:35:18.62] /r giDialog gi::setCurrentIndex {target} -index {0,0} -in [gi::getDialogs {xtShowDesignsPrompt}]
[11:35:18.88] /r giDialog db::setAttr geometry -of [gi::getDialogs {xtShowDesignsPrompt}] -value 631x290+635+368
[11:35:19.77] /r giDialog gi::pressButton {ok} -in [gi::getDialogs {xtShowDesignsPrompt}]
[11:35:19.88] /# xt::physicalVerification::executePve drc 1 xtDRCExecutePve
[11:35:21.69] /i gi::setActiveTab {tabs} -tabName {stdout.drc.log} -in [gi::getWindows 3]
[11:35:21.69] /i gi::setActiveTab {tabs} -tabName {stdout.drc.log} -in [gi::getWindows 3]
[11:35:21.69] /i gi::setActiveTab {tabs} -tabName {stdout.drc.log} -in [gi::getWindows 3]
[11:35:21.69] /i gi::setActiveTab {tabs} -tabName {stdout.drc.log} -in [gi::getWindows 3]
[11:35:21.69] /i gi::setActiveTab {tabs} -tabName {stdout.drc.log} -in [gi::getWindows 3]
[11:35:21.69] /i gi::setActiveTab {tabs} -tabName {stdout.drc.log} -in [gi::getWindows 3]
[11:35:21.69] /i gi::setActiveTab {tabs} -tabName {stdout.drc.log} -in [gi::getWindows 3]
[11:35:21.69] /i gi::setActiveTab {tabs} -tabName {stdout.drc.log} -in [gi::getWindows 3]
[11:35:49.95] /m Information: 
              /c =============================
              /c JobID: icv_drc_7
              /c --- ERROR SUMMARY -----------
              /c Rule and DRC Error Summary
              /c 1930 total rules were run.
              /c 2 rules NOT EXECUTED.
              /c 0 rules have violations.
              /c There are 0 total violations.
              /c Refer to compleja_def.TOP_LAYOUT_ERRORS
              /c =============================
              /c 
[11:36:06.87] /i gi::executeAction giCloseWindow -in [gi::getWindows 3]
[11:36:06.93] /i gi::setActiveWindow 1
[11:36:06.93] /i gi::setActiveWindow 1 -raise true
[11:36:10.83] /# gi::executeAction {xtLVSSetup} -in [gi::getWindows 1]
[11:36:10.84] /i xt::showLVSSetup -job lvs -window 1
[11:36:12.36] /i db::setAttr geometry -of [gi::getDialogs {xtLVSSetup} -parent [gi::getWindows 1]] -value 824x454+664+337
[11:36:13.84] /i gi::pressButton {/ok} -in [gi::getDialogs {xtLVSSetup} -parent [gi::getWindows 1]]
[11:36:14.56] /# xt::physicalVerification::executePve lvs 1 xtLVSExecutePve
[11:36:15.72] /m Information: "Starting netlisting for design "tarea_2/compleja_def/schematic"..." (NETLISTING-010)
[11:36:15.79] /o No Design Integrity rule violations found in "tarea_2/compleja_def/schematic"
[11:36:16.01] /m Information: "Netlisting design "tarea_2/compleja_def/schematic" finished successfully." (NETLISTING-012)
[11:36:17.08] /r giWindowId 4
[11:36:17.10] /r giWindowGeometry 800x600+55+105
[12:07:42.71] /i gi::setActiveWindow 1
[12:07:42.74] /i gi::setActiveWindow 1 -raise true
[12:08:28.38] /# gi::executeAction {deSelectByWindow} -in [gi::getWindows 1]
[12:08:33.45] /i db::setPrefValue deSelectMode -value Replace -scope [db::getScopes [db::getNext [de::getContexts -window 1]]]; ide::selectByRegion -region rectangle -point {30.915 8.405} 
[12:11:40.47] /# gi::executeAction {deEndDrag} -in [gi::getWindows 1]
[12:11:46.60] /i de::endDrag {40.063 8.34} -context [db::getNext [de::getContexts -window 1]]
[12:23:19.09] /# gi::executeAction {deSelectActive} -in [gi::getWindows 1]
[12:37:20.52] /# gi::executeAction {deSelectActive} -in [gi::getWindows 1]
[12:39:54.19] /i de::deselectAll [db::getNext [de::getContexts -window 1]]
[12:58:18.94] /i de::select [de::getActiveFigure [gi::getWindows 1] -point {30.522 6.515} -index 0 -intent none]
[13:16:58.42] /o oa:0x441aa4b0
[13:17:01.47] /# gi::executeAction {deSelectActive} -in [gi::getWindows 1]
[13:17:01.48] /i de::deselectAll [db::getNext [de::getContexts -window 1]]
[13:17:01.79] /# gi::executeAction {deSelectActive} -in [gi::getWindows 1]
[13:17:03.03] /i db::setAttr iconified -of [gi::getFrames 1] -value true
[13:17:03.04] /# gi::executeAction {deSelectActive} -in [gi::getWindows 1]
[13:17:03.04] /# gi::executeAction {deSelectActive} -in [gi::getWindows 1]
[13:17:03.22] /i gi::executeAction giCloseWindow -in [gi::getWindows 1]
[13:17:06.47] /i gi::setActiveWindow 4
[13:17:06.47] /i gi::setActiveWindow 4 -raise true
[13:17:06.65] /i gi::setActiveTab {tabs} -tabName {stdout.lvs.log} -in [gi::getWindows 4]
[13:17:06.65] /i gi::setActiveTab {tabs} -tabName {stdout.lvs.log} -in [gi::getWindows 4]
[13:17:06.65] /i gi::setActiveTab {tabs} -tabName {stdout.lvs.log} -in [gi::getWindows 4]
[13:17:06.65] /i gi::setActiveTab {tabs} -tabName {stdout.lvs.log} -in [gi::getWindows 4]
[13:17:06.65] /i gi::setActiveTab {tabs} -tabName {stdout.lvs.log} -in [gi::getWindows 4]
[13:17:06.65] /i gi::setActiveTab {tabs} -tabName {stdout.lvs.log} -in [gi::getWindows 4]
[13:17:06.65] /i gi::setActiveTab {tabs} -tabName {stdout.lvs.log} -in [gi::getWindows 4]
[13:17:06.65] /i gi::setActiveTab {tabs} -tabName {stdout.lvs.log} -in [gi::getWindows 4]
[13:17:06.65] /i gi::setActiveTab {tabs} -tabName {stdout.lvs.log} -in [gi::getWindows 4]
[13:17:06.65] /i gi::setActiveTab {tabs} -tabName {stdout.lvs.log} -in [gi::getWindows 4]
[13:17:06.75] /e Error: The job 'icv_lvs_1' started on host 'localhost' with process id 3076555 failed to start or complete successfully; the job's return code is 33.
[03:12:23.19] /# Date and Time: Fri Apr 26 03:12:23 2024
[03:12:23.19] /w Warning: Fri Apr 26 02:33:14 2024: High CPU usage : current process (1%); Other processes (99%) for 0 minutes
              /c  (SML-002)
[12:10:49.48] /w Warning: "Problem while querying job status: Network operation timed out" (IPC-022)
[14:31:20.61] /w Warning: "Problem while querying job status: Network operation timed out" (IPC-022)
[05:15:34.28] /# Date and Time: Sat Apr 27 05:15:16 2024
[05:15:52.54] /w Warning: "Problem while querying job status: Network operation timed out" (IPC-022)
[13:37:47.10] /w Warning: Sat Apr 27 11:28:13 2024: High CPU usage : current process (2%); Other processes (98%) for 0 minutes
              /c  (SML-002)
[13:38:16.25] /w Warning: Sat Apr 27 12:41:16 2024: High CPU usage : current process (1%); Other processes (99%) for 0 minutes
              /c  (SML-002)
[13:38:44.45] /w Warning: Sat Apr 27 13:23:20 2024: High CPU usage : current process (2%); Other processes (98%) for 0 minutes
              /c  (SML-002)
[08:18:24.98] /# Date and Time: Sun Apr 28 08:18:24 2024
[08:18:24.98] /w Warning: Sun Apr 28 06:56:48 2024: High CPU usage : current process (1%); Other processes (99%) for 0 minutes
              /c  (SML-002)
