[11:05:11.24] /o 
              /c                                 Custom Compiler™ 
              /c 
              /c                Version U-2023.03-SP2 for linux64 - Aug 25, 2023 
              /c 
              /c                     Copyright (c) 2004 - 2023 Synopsys, Inc.
              /c    This software and the associated documentation are proprietary to Synopsys,
              /c  Inc. This software may only be used in accordance with the terms and conditions
              /c  of a written license agreement with Synopsys, Inc. All other use, reproduction,
              /c    or distribution of this software is strictly prohibited.  Licensed Products
              /c      communicate with Synopsys servers for the purpose of providing software
              /c     updates, detecting software piracy and verifying that customers are using
              /c     Licensed Products in conformity with the applicable License Key for such
              /c   Licensed Products. Synopsys will use information gathered in connection with
              /c     this process to deliver software updates and pursue software pirates and
              /c                                    infringers.
              /c 
              /c  Inclusivity & Diversity - Visit SolvNetPlus to read the "Synopsys Statement on
              /c             Inclusivity and Diversity" (Refer to article 000036315 at
              /c                         https://solvnetplus.synopsys.com)
              /c 
              /c Build  (OPT) Config 9128410 compiled on Fri Aug 25 11:03:32 2023 for CentOS64 7.3
              /c Invocation: /mnt/vol_synopsys2023/synopsys/customcompiler/U-2023.03-SP2/linux64/platform/bin/cdesigner -loadAll true
              /c Execution time: Fri Apr 19 11:05:07 2024
              /c Host: redhat003
              /c Working directory: /mnt/vol_NFS_rh003/Est_VLSI_I_2024/Cordero_Matamoros_I_2024_vlsi/tarea_2
              /c 
[11:05:19.00] /m Information: Registering ICV PERC package...
[11:05:19.41] /o 
[11:05:19.41] /o <> -------------------------------------------
[11:05:19.41] /o <>
[11:05:19.41] /o <> Loading XFAB PDK components
[11:05:19.41] /o <>  basic                            O.K
[11:05:19.43] /o <>  exports                          O.K
[11:05:19.46] /o <>  custom                           O.K
[11:05:19.46] /o <>  cdf                              O.K
[11:05:19.46] /o <>  netlisting                       O.K
[11:05:19.50] /o <>  useability                       O.K
[11:05:19.51] /o <>  synopsys                         O.K
[11:05:19.57] /o <>  pcellkit                         O.K
[11:05:19.63] /o <>  trigger_callbacks                O.K
[11:05:19.63] /o <> Loading XFAB PDK preferences
[11:05:19.96] /w Warning: Preference 'nlPromoteTerms' is deprecated and scheduled for removal in a future release with no replacement. For migration assistance, see the Custom Compiler Tcl Reference Manual. (PREFERENCE-058)
[11:05:19.98] /w Warning: Preference 'xtStarTcadGrdFile' is deprecated and scheduled for removal in a future release with no replacement. For migration assistance, see the Custom Compiler Tcl Reference Manual. (PREFERENCE-058)
[11:05:19.99] /o <> Loading Calibre presets for XFAB PDK
[11:05:19.99] /o <> Loading .xfabrc user script
[11:05:19.99] /o <>
[11:05:19.99] /o <> -------------------------------------------
[11:05:19.99] /o <>
[11:05:19.99] /o <> Technology     xt018
[11:05:19.99] /o <> Version        v12_1_1_1
[11:05:19.99] /o <> LibCode        1243
[11:05:19.99] /o <> Core           LP 1.8V
[11:05:19.99] /o <> Metal          Thin4
[11:05:19.99] /o <> TopMetal       METTP&METTPL
[11:05:19.99] /o <>
[11:05:19.99] /o <> -------------------------------------------
[11:05:19.99] /o 
[11:05:20.46] /r giShowFrameTabs false
[11:05:35.31] /i db::setAttr maximized -of [gi::getFrames 0] -value true
[11:05:35.64] /i db::setAttr geometry -of [gi::getFrames 0] -value 1910x1020+5+55
[11:05:46.39] /# gi::executeAction {deRecentFile_tarea_2_compleja_layout_maskLayout_Editing} -in [gi::getWindows 0]
[11:05:46.40] /a de::open tarea_2/compleja/layout -readOnly false
[11:05:46.46] /m Information: Feature 'SynopsysCustomShapes' checked out. (LICENSE-003)
[11:05:49.77] /r giWindowId 1
[11:05:49.78] /r giWindowGeometry 1910x1020+5+55
[11:05:49.78] /# db::setAttr maximized -of [gi::getFrames 1] -value true
[11:05:50.18] /w Warning: "Failed to load config 'tarea_2 compleja layout.config' in  write mode: Unable to lock file "config.xml"" (HIERARCHY-018)
[11:05:50.25] /w Warning: "Failed to load config 'tarea_2 compleja layout.config' in  write mode: Unable to lock file "config.xml"" (HIERARCHY-018)
[11:05:50.42] /w Warning: "Failed to load config 'tarea_2 compleja layout.config' in  write mode: Unable to lock file "config.xml"" (HIERARCHY-018)
[11:05:50.47] /w Warning: "Failed to load config 'tarea_2 compleja layout.config' in  write mode: Unable to lock file "config.xml"" (HIERARCHY-018)
[11:05:51.21] /# gi::setField {heDesignNavigatorLCSelectorButton} -value { Schematic} -in [db::getAttr banner -of [gi::getAssistants heDesignNavigator -from [gi::getWindows 1]]]
[11:05:51.29] /o oa:0x428b27b0
[11:05:51.31] /i db::setAttr dockSize -of [gi::getAssistants dePropertyEditor -from [gi::getWindows 1]] -value 290x857
[11:05:51.55] /i db::setAttr dockSize -of [gi::getAssistants heDesignNavigator -from [gi::getWindows 1]] -value 256x533
[11:05:51.55] /i db::setAttr dockSize -of [gi::getAssistants lxSchematicAssistant -from [gi::getWindows 1]] -value 256x318
[11:05:51.55] /i db::setAttr dockSize -of [gi::getAssistants leObjectLayerPanel -from [gi::getWindows 1]] -value 200x857
[11:05:58.22] /# gi::executeAction {deRecentFile_tarea_2_compleja_schematic_schematic_Editing} -in [gi::getWindows 1]
[11:05:58.22] /a de::open tarea_2/compleja/schematic -readOnly false
[11:05:58.37] /r giWindowId 2
[11:05:58.38] /r giWindowGeometry 1910x1020+5+55
[11:05:58.38] /# db::setAttr maximized -of [gi::getFrames 2] -value true
[11:05:58.55] /o oa:0x461107e0
[11:05:58.82] /i db::setAttr dockSize -of [gi::getAssistants dePropertyEditor -from [gi::getWindows 2]] -value 290x891
[11:06:02.42] /# gi::executeAction {deSelectActive} -in [gi::getWindows 2]
[11:06:02.42] /i de::deselectAll [db::getNext [de::getContexts -window 2]]
[11:06:02.42] /i de::select [de::getActiveFigure [gi::getWindows 2] -point {9.8875 5.75625} -index 0 -intent none]
[11:06:02.42] /o oa:0x4610f4f0
[11:06:12.39] /i gi::setItemSelection {parameters} -index {w,all} -in [gi::getAssistants dePropertyEditor -from [gi::getWindows 2]]
[11:06:12.40] /i gi::setCurrentIndex {parameters} -index {w,Value} -in [gi::getAssistants dePropertyEditor -from [gi::getWindows 2]]
[11:06:32.60] /i gi::setActiveWindow 1
[11:06:32.60] /i gi::setActiveWindow 1 -raise true
[11:06:33.63] /# gi::executeAction {deCanvasZoomInAtPoint} -in [gi::getWindows 1]
[11:06:33.63] /i de::zoom -window [gi::getWindows 1] -factor [db::getPrefValue deCanvasMouseZoomFactor] -center {3.428 6.532}
[11:06:33.65] /# gi::executeAction {deCanvasZoomInAtPoint} -in [gi::getWindows 1]
[11:06:33.65] /i de::zoom -window [gi::getWindows 1] -factor [db::getPrefValue deCanvasMouseZoomFactor] -center {3.428 6.532}
[11:06:33.74] /# gi::executeAction {deCanvasZoomInAtPoint} -in [gi::getWindows 1]
[11:06:33.74] /i de::zoom -window [gi::getWindows 1] -factor [db::getPrefValue deCanvasMouseZoomFactor] -center {3.428 6.532}
[11:06:34.46] /# gi::executeAction {deCanvasZoomOutAtPoint} -in [gi::getWindows 1]
[11:06:34.46] /i de::zoom -window [gi::getWindows 1] -factor [expr {1.0/[db::getPrefValue deCanvasMouseZoomFactor]}] -center {3.428 6.532}
[11:06:34.58] /# gi::executeAction {deCanvasZoomOutAtPoint} -in [gi::getWindows 1]
[11:06:34.58] /i de::zoom -window [gi::getWindows 1] -factor [expr {1.0/[db::getPrefValue deCanvasMouseZoomFactor]}] -center {3.428 6.532}
[11:06:35.66] /# gi::executeAction {deCanvasZoomInAtPoint} -in [gi::getWindows 1]
[11:06:35.66] /i de::zoom -window [gi::getWindows 1] -factor [db::getPrefValue deCanvasMouseZoomFactor] -center {4.318 4.797}
[11:06:35.71] /# gi::executeAction {deCanvasZoomInAtPoint} -in [gi::getWindows 1]
[11:06:35.71] /i de::zoom -window [gi::getWindows 1] -factor [db::getPrefValue deCanvasMouseZoomFactor] -center {4.318 4.797}
[11:06:36.52] /# gi::executeAction {deCanvasZoomOutAtPoint} -in [gi::getWindows 1]
[11:06:36.52] /i de::zoom -window [gi::getWindows 1] -factor [expr {1.0/[db::getPrefValue deCanvasMouseZoomFactor]}] -center {4.318 4.797}
[11:07:12.73] /# gi::executeAction {deCanvasZoomOutAtPoint} -in [gi::getWindows 1]
[11:07:12.73] /i de::zoom -window [gi::getWindows 1] -factor [expr {1.0/[db::getPrefValue deCanvasMouseZoomFactor]}] -center {4.318 4.797}
[11:07:12.81] /# gi::executeAction {deCanvasZoomOutAtPoint} -in [gi::getWindows 1]
[11:07:12.81] /i de::zoom -window [gi::getWindows 1] -factor [expr {1.0/[db::getPrefValue deCanvasMouseZoomFactor]}] -center {4.318 4.797}
[11:07:13.13] /# gi::executeAction {deCanvasZoomOutAtPoint} -in [gi::getWindows 1]
[11:07:13.13] /i de::zoom -window [gi::getWindows 1] -factor [expr {1.0/[db::getPrefValue deCanvasMouseZoomFactor]}] -center {4.318 4.796}
[11:07:14.89] /# gi::executeAction {deCanvasZoomInAtPoint} -in [gi::getWindows 1]
[11:07:14.90] /i de::zoom -window [gi::getWindows 1] -factor [db::getPrefValue deCanvasMouseZoomFactor] -center {10.058 2.972}
[11:07:14.92] /# gi::executeAction {deCanvasZoomInAtPoint} -in [gi::getWindows 1]
[11:07:14.92] /i de::zoom -window [gi::getWindows 1] -factor [db::getPrefValue deCanvasMouseZoomFactor] -center {10.058 2.972}
[11:07:14.98] /# gi::executeAction {deCanvasZoomInAtPoint} -in [gi::getWindows 1]
[11:07:14.98] /i de::zoom -window [gi::getWindows 1] -factor [db::getPrefValue deCanvasMouseZoomFactor] -center {10.058 2.972}
[11:07:16.63] /# gi::executeAction {deCanvasZoomOutAtPoint} -in [gi::getWindows 1]
[11:07:16.63] /i de::zoom -window [gi::getWindows 1] -factor [expr {1.0/[db::getPrefValue deCanvasMouseZoomFactor]}] -center {10.058 2.972}
[11:07:16.70] /# gi::executeAction {deCanvasZoomOutAtPoint} -in [gi::getWindows 1]
[11:07:16.70] /i de::zoom -window [gi::getWindows 1] -factor [expr {1.0/[db::getPrefValue deCanvasMouseZoomFactor]}] -center {10.058 2.972}
[11:07:49.29] /i gi::expand {/lxSdlAllInstances/lxSdlAllInstancesView} -index {M16} -in [gi::getAssistants heDesignNavigator -from [gi::getWindows 1]]
[11:07:51.18] /i gi::setCurrentIndex {/lxSdlAllInstances/lxSdlAllInstancesView} -index {M16.M16\.m1} -in [gi::getAssistants heDesignNavigator -from [gi::getWindows 1]]
[11:07:51.18] /i gi::setItemSelection {/lxSdlAllInstances/lxSdlAllInstancesView} -index {{M16.M16\.m1}} -in [gi::getAssistants heDesignNavigator -from [gi::getWindows 1]]
[11:07:52.46] /i gi::setCurrentIndex {/lxSdlAllInstances/lxSdlAllInstancesView} -index {M16.M16\.m2} -in [gi::getAssistants heDesignNavigator -from [gi::getWindows 1]]
[11:07:52.46] /i gi::setItemSelection {/lxSdlAllInstances/lxSdlAllInstancesView} -index {{M16.M16\.m2}} -in [gi::getAssistants heDesignNavigator -from [gi::getWindows 1]]
[11:07:53.44] /i gi::setCurrentIndex {/lxSdlAllInstances/lxSdlAllInstancesView} -index {M16.M16\.m3} -in [gi::getAssistants heDesignNavigator -from [gi::getWindows 1]]
[11:07:53.44] /i gi::setItemSelection {/lxSdlAllInstances/lxSdlAllInstancesView} -index {{M16.M16\.m3}} -in [gi::getAssistants heDesignNavigator -from [gi::getWindows 1]]
[11:07:54.80] /i gi::collapse {/lxSdlAllInstances/lxSdlAllInstancesView} -index {M16} -in [gi::getAssistants heDesignNavigator -from [gi::getWindows 1]]
[11:07:55.77] /i gi::setCurrentIndex {/lxSdlAllInstances/lxSdlAllInstancesView} -index {M14} -in [gi::getAssistants heDesignNavigator -from [gi::getWindows 1]]
[11:07:55.77] /i gi::setItemSelection {/lxSdlAllInstances/lxSdlAllInstancesView} -index {{M14}} -in [gi::getAssistants heDesignNavigator -from [gi::getWindows 1]]
[11:07:59.02] /i gi::expand {/lxSdlAllInstances/lxSdlAllInstancesView} -index {M12} -in [gi::getAssistants heDesignNavigator -from [gi::getWindows 1]]
[11:08:03.42] /i gi::expand {/lxSdlAllInstances/lxSdlAllInstancesView} -index {M11} -in [gi::getAssistants heDesignNavigator -from [gi::getWindows 1]]
[11:08:05.92] /i gi::expand {/lxSdlAllInstances/lxSdlAllInstancesView} -index {M13} -in [gi::getAssistants heDesignNavigator -from [gi::getWindows 1]]
[11:08:08.51] /i gi::expand {/lxSdlAllInstances/lxSdlAllInstancesView} -index {M14} -in [gi::getAssistants heDesignNavigator -from [gi::getWindows 1]]
[11:08:09.54] /i gi::setCurrentIndex {/lxSdlAllInstances/lxSdlAllInstancesView} -index {M14.M14\.m1} -in [gi::getAssistants heDesignNavigator -from [gi::getWindows 1]]
[11:08:09.54] /i gi::setItemSelection {/lxSdlAllInstances/lxSdlAllInstancesView} -index {{M14.M14\.m1}} -in [gi::getAssistants heDesignNavigator -from [gi::getWindows 1]]
[11:08:10.69] /i gi::setCurrentIndex {/lxSdlAllInstances/lxSdlAllInstancesView} -index {M14.M14\.m2} -in [gi::getAssistants heDesignNavigator -from [gi::getWindows 1]]
[11:08:10.69] /i gi::setItemSelection {/lxSdlAllInstances/lxSdlAllInstancesView} -index {{M14.M14\.m2}} -in [gi::getAssistants heDesignNavigator -from [gi::getWindows 1]]
[11:08:12.11] /# gi::executeAction {deCanvasZoomInAtPoint} -in [gi::getWindows 1]
[11:08:12.11] /i de::zoom -window [gi::getWindows 1] -factor [db::getPrefValue deCanvasMouseZoomFactor] -center {17.356 2.038}
[11:08:12.95] /# gi::executeAction {giPostContextMenu} -in [gi::getWindows 1]
[11:08:12.95] /i gi::executeAction {menuPreShow} -in [gi::getWindows 1]
[11:08:12.95] /r giMenuAccess db::getNext [gi::getMenus leRectContextMenu]
[11:08:15.93] /# gi::executeAction {deCanvasZoomInAtPoint} -in [gi::getWindows 1]
[11:08:15.93] /i de::zoom -window [gi::getWindows 1] -factor [db::getPrefValue deCanvasMouseZoomFactor] -center {13.44 2.538}
[11:08:16.00] /# gi::executeAction {deCanvasZoomInAtPoint} -in [gi::getWindows 1]
[11:08:16.00] /i de::zoom -window [gi::getWindows 1] -factor [db::getPrefValue deCanvasMouseZoomFactor] -center {13.44 2.538}
[11:08:16.63] /# gi::executeAction {deCanvasZoomOutAtPoint} -in [gi::getWindows 1]
[11:08:16.63] /i de::zoom -window [gi::getWindows 1] -factor [expr {1.0/[db::getPrefValue deCanvasMouseZoomFactor]}] -center {13.44 2.538}
[11:08:17.13] /# gi::executeAction {deCanvasZoomOutAtPoint} -in [gi::getWindows 1]
[11:08:17.13] /i de::zoom -window [gi::getWindows 1] -factor [expr {1.0/[db::getPrefValue deCanvasMouseZoomFactor]}] -center {13.44 2.538}
[11:08:25.30] /# gi::executeAction {deSelectActive} -in [gi::getWindows 1]
[11:08:25.30] /i de::deselectAll [db::getNext [de::getContexts -window 1]]
[11:08:25.30] /i de::select [de::getActiveFigure [gi::getWindows 1] -point {13.44 2.538} -index 0 -intent none]
[11:08:25.30] /o oa:0x4605b490
[11:08:59.95] /# gi::executeAction {deSelectActive} -in [gi::getWindows 1]
[11:08:59.95] /i de::deselectAll [db::getNext [de::getContexts -window 1]]
[11:08:59.96] /i de::select [de::getActiveFigure [gi::getWindows 1] -point {10.725 2.627} -index 0 -intent none]
[11:08:59.96] /o oa:0x46072180
[11:09:02.08] /# gi::executeAction {deCanvasZoomOutAtPoint} -in [gi::getWindows 1]
[11:09:02.08] /i de::zoom -window [gi::getWindows 1] -factor [expr {1.0/[db::getPrefValue deCanvasMouseZoomFactor]}] -center {12.416 2.572}
[11:09:03.89] /# gi::executeAction {deSelectActive} -in [gi::getWindows 1]
[11:09:03.89] /i de::deselectAll [db::getNext [de::getContexts -window 1]]
[11:09:03.89] /i de::select [de::getActiveFigure [gi::getWindows 1] -point {8.879 4.441} -index 0 -intent none]
[11:09:03.89] /o oa:0x46194200
[11:09:04.94] /# gi::executeAction {deSelectActive} -in [gi::getWindows 1]
[11:09:04.94] /i de::cycleActiveFigure [gi::getWindows 1] -direction next
[11:09:04.95] /o oa:0x45983420
[11:09:04.95] /i de::cycleActiveFigure [gi::getWindows 1] -direction next
[11:09:04.95] /o oa:0x46136cb0
[11:09:04.95] /i de::deselectAll [db::getNext [de::getContexts -window 1]]
[11:09:04.95] /i de::select [de::getActiveFigure [gi::getWindows 1] -point {8.879 4.441} -index 2 -intent none]
[11:09:04.95] /o oa:0x462b7f40
[11:09:05.67] /# gi::executeAction {deSelectActive} -in [gi::getWindows 1]
[11:09:05.67] /i de::cycleActiveFigure [gi::getWindows 1] -direction next
[11:09:05.67] /o oa:0x462911f0
[11:09:05.67] /i de::cycleActiveFigure [gi::getWindows 1] -direction next
[11:09:05.67] /o oa:0x4609a610
[11:09:05.67] /i de::cycleActiveFigure [gi::getWindows 1] -direction next
[11:09:05.67] /o oa:0x44becb30
[11:09:05.67] /i de::deselectAll [db::getNext [de::getContexts -window 1]]
[11:09:05.67] /i de::select [de::getActiveFigure [gi::getWindows 1] -point {8.879 4.441} -index 5 -intent none]
[11:09:05.67] /o oa:0x4617b020
[11:09:06.98] /# gi::executeAction {deSelectActive} -in [gi::getWindows 1]
[11:09:06.98] /i de::cycleActiveFigure [gi::getWindows 1] -direction next
[11:09:06.98] /o oa:0x46354260
[11:09:06.98] /i de::cycleActiveFigure [gi::getWindows 1] -direction next
[11:09:06.98] /o oa:0x46353f10
[11:09:06.98] /i de::deselectAll [db::getNext [de::getContexts -window 1]]
[11:09:06.98] /i de::select [de::getActiveFigure [gi::getWindows 1] -point {8.812 4.552} -index 2 -intent none]
[11:09:06.98] /o oa:0x462189f0
[11:09:07.20] /# gi::executeAction {deSelectActive} -in [gi::getWindows 1]
[11:09:07.20] /i de::cycleActiveFigure [gi::getWindows 1] -direction next
[11:09:07.20] /o oa:0x461f2860
[11:09:07.20] /i de::deselectAll [db::getNext [de::getContexts -window 1]]
[11:09:07.20] /i de::select [de::getActiveFigure [gi::getWindows 1] -point {8.812 4.552} -index 3 -intent none]
[11:09:07.20] /o oa:0x46111310
[11:09:08.06] /# gi::executeAction {deSelectActive} -in [gi::getWindows 1]
[11:09:08.06] /i de::cycleActiveFigure [gi::getWindows 1] -direction next
[11:09:08.06] /o oa:0x46301950
[11:09:08.06] /i de::deselectAll [db::getNext [de::getContexts -window 1]]
[11:09:08.06] /i de::select [de::getActiveFigure [gi::getWindows 1] -point {8.812 4.552} -index 4 -intent none]
[11:09:08.07] /o oa:0x44b26c90
[11:09:08.84] /# gi::executeAction {deSelectActive} -in [gi::getWindows 1]
[11:09:08.84] /i de::cycleActiveFigure [gi::getWindows 1] -direction next
[11:09:08.84] /o oa:0x461757f0
[11:09:08.84] /i de::cycleActiveFigure [gi::getWindows 1] -direction next
[11:09:08.84] /o oa:0x464b61b0
[11:09:08.84] /i de::cycleActiveFigure [gi::getWindows 1] -direction next
[11:09:08.84] /o oa:0x464b32f0
[11:09:08.84] /i de::deselectAll [db::getNext [de::getContexts -window 1]]
[11:09:08.84] /i de::select [de::getActiveFigure [gi::getWindows 1] -point {8.812 4.552} -index 2 -intent none]
[11:09:08.84] /o oa:0x4615bd60
[11:09:09.90] /# gi::executeAction {leStartStretchDrag} -in [gi::getWindows 1]
[11:09:09.90] /i layout_editor::directStretch [de::getActiveFigure [gi::getWindows 1] -point {8.812 4.552} -index 2 -intent none] 1
[11:09:09.90] /i ile::stretch -point {8.81 4.55}
[11:09:11.10] /# gi::executeAction {deEndDrag} -in [gi::getWindows 1]
[11:09:11.10] /i de::endDrag {8.501 10.537} -context [db::getNext [de::getContexts -window 1]]
[11:09:19.61] /# gi::executeAction {leUngroup} -in [gi::getWindows 1]
[11:09:19.61] /i ile::deleteFigGroup
[11:09:21.12] /# gi::executeAction {deSelectByWindow} -in [gi::getWindows 1]
[11:09:21.12] /i db::setPrefValue deSelectMode -value Replace -scope [db::getScopes [db::getNext [de::getContexts -window 1]]]; ide::selectByRegion -region rectangle -point {8.255 11.36} 
[11:09:21.71] /# gi::executeAction {deEndDrag} -in [gi::getWindows 1]
[11:09:21.71] /i de::endDrag {15.109 8.824} -context [db::getNext [de::getContexts -window 1]]
[11:09:22.48] /# gi::executeAction {deEditCanvasText} -in [gi::getWindows 1]
[11:09:22.48] /i ide::editCanvasText -object []
[11:09:22.48] /e Error: Could not execute command 'ide::editCanvasText' because the required argument '-object' was not specified or was empty. (COMMAND-016)
[11:09:23.76] /# gi::executeAction {deSelectActive} -in [gi::getWindows 1]
[11:09:23.76] /i de::deselectAll [db::getNext [de::getContexts -window 1]]
[11:09:25.03] /i gi::executeAction {deCanvasDragCancel} -in [gi::getWindows 1]
[11:09:26.69] /# gi::executeAction {deCanvasZoomInAtPoint} -in [gi::getWindows 1]
[11:09:26.69] /i de::zoom -window [gi::getWindows 1] -factor [db::getPrefValue deCanvasMouseZoomFactor] -center {11.015 10.448}
[11:09:26.70] /# gi::executeAction {deCanvasZoomInAtPoint} -in [gi::getWindows 1]
[11:09:26.70] /i de::zoom -window [gi::getWindows 1] -factor [db::getPrefValue deCanvasMouseZoomFactor] -center {11.015 10.448}
[11:09:28.93] /# gi::executeAction {deCanvasZoomOutAtPoint} -in [gi::getWindows 1]
[11:09:28.93] /i de::zoom -window [gi::getWindows 1] -factor [expr {1.0/[db::getPrefValue deCanvasMouseZoomFactor]}] -center {12.378 10.264}
[11:09:30.49] /# gi::executeAction {deSelectActive} -in [gi::getWindows 1]
[11:09:30.49] /i de::deselectAll [db::getNext [de::getContexts -window 1]]
[11:09:30.49] /i de::select [de::getActiveFigure [gi::getWindows 1] -point {13.579 10.588} -index 0 -intent none]
[11:09:30.49] /o oa:0x46325bf0
[11:09:31.43] /# gi::executeAction {leStartStretchDrag} -in [gi::getWindows 1]
[11:09:31.43] /i layout_editor::directStretch [de::getActiveFigure [gi::getWindows 1] -point {13.579 10.588} -index 0 -intent none] 1
[11:09:31.43] /i ile::stretch -point {13.58 10.59}
[11:09:32.39] /# gi::executeAction {deEndDrag} -in [gi::getWindows 1]
[11:09:32.39] /i de::endDrag {16.805 10.665} -context [db::getNext [de::getContexts -window 1]]
[11:09:34.23] /# gi::executeAction {deSelectActive} -in [gi::getWindows 1]
[11:09:34.23] /i de::deselectAll [db::getNext [de::getContexts -window 1]]
[11:09:34.23] /i de::select [de::getActiveFigure [gi::getWindows 1] -point {12.667 10.688} -index 0 -intent none]
[11:09:34.23] /o oa:0x2c6d2c60
[11:09:35.01] /# gi::executeAction {leStartStretchDrag} -in [gi::getWindows 1]
[11:09:35.01] /i layout_editor::directStretch [de::getActiveFigure [gi::getWindows 1] -point {12.667 10.688} -index 0 -intent none] 1
[11:09:35.02] /i ile::stretch -point {12.665 10.69}
[11:09:36.35] /# gi::executeAction {deEndDrag} -in [gi::getWindows 1]
[11:09:36.35] /i de::endDrag {14.38 10.721} -context [db::getNext [de::getContexts -window 1]]
[11:09:42.14] /# gi::executeAction {leAutoRotate90} -in [gi::getWindows 1]
[11:09:42.14] /i ::le::_impl::autoRotate ile::autoRotate90 R90 {7.138 10.599}
[11:09:42.36] /# gi::executeAction {leAutoRotate90} -in [gi::getWindows 1]
[11:09:42.36] /i ::le::_impl::autoRotate ile::autoRotate90 R90 {7.138 10.599}
[11:09:44.36] /# gi::executeAction {leStartStretchDrag} -in [gi::getWindows 1]
[11:09:44.36] /i layout_editor::directStretch [de::getActiveFigure [gi::getWindows 1] -point {14.536 11.188} -index 0 -intent none] 1
[11:09:44.36] /i ile::stretch -point {14.535 11.19}
[11:09:45.73] /# gi::executeAction {deEndDrag} -in [gi::getWindows 1]
[11:09:45.73] /i de::endDrag {14.58 10.821} -context [db::getNext [de::getContexts -window 1]]
[11:09:46.48] /# gi::executeAction {leStartStretchDrag} -in [gi::getWindows 1]
[11:09:46.48] /i layout_editor::directStretch [de::getActiveFigure [gi::getWindows 1] -point {14.58 10.821} -index 0 -intent none] 1
[11:09:46.48] /i ile::stretch -point {14.58 10.82}
[11:09:47.93] /# gi::executeAction {deEndDrag} -in [gi::getWindows 1]
[11:09:47.93] /i de::endDrag {15.882 10.855} -context [db::getNext [de::getContexts -window 1]]
[11:09:47.93] /m Information: Xpc: Instance 'M18.m2' abutted to instance 'M18.m1'.
[11:09:49.47] /# gi::executeAction {deSelectActive} -in [gi::getWindows 1]
[11:09:49.47] /i de::deselectAll [db::getNext [de::getContexts -window 1]]
[11:10:13.83] /# gi::executeAction {deSelectActive} -in [gi::getWindows 1]
[11:10:13.83] /i de::deselectAll [db::getNext [de::getContexts -window 1]]
[11:10:13.83] /i de::select [de::getActiveFigure [gi::getWindows 1] -point {11.744 10.599} -index 0 -intent none]
[11:10:13.83] /o oa:0x460f1d80
[11:10:14.73] /# gi::executeAction {leStartStretchDrag} -in [gi::getWindows 1]
[11:10:14.73] /i layout_editor::directStretch [de::getActiveFigure [gi::getWindows 1] -point {11.744 10.599} -index 0 -intent none] 1
[11:10:14.74] /i ile::stretch -point {11.745 10.6}
[11:10:16.73] /# gi::executeAction {deEndDrag} -in [gi::getWindows 1]
[11:10:16.73] /i de::endDrag {14.925 10.932} -context [db::getNext [de::getContexts -window 1]]
[11:10:16.74] /m Information: Xpc: Instance 'M18.m3' abutted to instance 'M18.m2'.
[11:10:18.14] /# gi::executeAction {deSelectActive} -in [gi::getWindows 1]
[11:10:18.14] /i de::deselectAll [db::getNext [de::getContexts -window 1]]
[11:10:23.81] /# gi::executeAction {deSelectActive} -in [gi::getWindows 1]
[11:10:23.81] /i de::deselectAll [db::getNext [de::getContexts -window 1]]
[11:10:23.81] /i de::select [de::getActiveFigure [gi::getWindows 1] -point {11.41 10.643} -index 0 -intent none]
[11:10:23.81] /o oa:0x46194590
[11:10:24.87] /# gi::executeAction {leStartStretchDrag} -in [gi::getWindows 1]
[11:10:24.87] /i layout_editor::directStretch [de::getActiveFigure [gi::getWindows 1] -point {11.154 10.51} -index 0 -intent none] 1
[11:10:24.87] /i ile::stretch -point {11.155 10.51}
[11:10:28.22] /# gi::executeAction {deEndDrag} -in [gi::getWindows 1]
[11:10:28.22] /i de::endDrag {12.978 10.198} -context [db::getNext [de::getContexts -window 1]]
[11:10:30.47] /# gi::executeAction {leAutoFlipHorizontal} -in [gi::getWindows 1]
[11:10:30.47] /i ::le::_impl::autoRotate ile::autoFlipHorizontal MY {7.06 6.994}
[11:10:32.54] /# gi::executeAction {leStartStretchDrag} -in [gi::getWindows 1]
[11:10:32.54] /i layout_editor::directStretch [de::getActiveFigure [gi::getWindows 1] -point {13.012 10.632} -index 0 -intent none] 1
[11:10:32.54] /i ile::stretch -point {13.01 10.63}
[11:10:34.12] /# gi::executeAction {deEndDrag} -in [gi::getWindows 1]
[11:10:34.12] /i de::endDrag {14.247 10.699} -context [db::getNext [de::getContexts -window 1]]
[11:10:34.13] /m Information: Xpc: Instance 'M18.m4' abutted to instance 'M18.m3'.
[11:10:35.62] /# gi::executeAction {deSelectActive} -in [gi::getWindows 1]
[11:10:35.62] /i de::deselectAll [db::getNext [de::getContexts -window 1]]
[11:10:37.19] /# gi::executeAction {deCanvasZoomOutAtPoint} -in [gi::getWindows 1]
[11:10:37.19] /i de::zoom -window [gi::getWindows 1] -factor [expr {1.0/[db::getPrefValue deCanvasMouseZoomFactor]}] -center {12.055 8.452}
[11:10:39.38] /# gi::executeAction {deCanvasZoomInAtPoint} -in [gi::getWindows 1]
[11:10:39.38] /i de::zoom -window [gi::getWindows 1] -factor [db::getPrefValue deCanvasMouseZoomFactor] -center {4.557 3.868}
[11:10:39.46] /# gi::executeAction {deCanvasZoomInAtPoint} -in [gi::getWindows 1]
[11:10:39.46] /i de::zoom -window [gi::getWindows 1] -factor [db::getPrefValue deCanvasMouseZoomFactor] -center {4.557 3.868}
[11:10:48.23] /# gi::executeAction {deSelectActive} -in [db::getAttr centralWidget -of [gi::getAssistants lxSchematicAssistant -from [gi::getWindows 1]]]
[11:10:48.23] /i de::deselectAll [db::getAttr context -of [db::getAttr centralWidget -of [gi::getAssistants lxSchematicAssistant -from [gi::getWindows 1]]]]
[11:10:48.23] /i de::deselectAllLogic -context [de::getContexts -filter {%editDesign==[db::getAttr editDesign -of [db::getAttr context -of [db::getAttr centralWidget -of [gi::getAssistants lxSchematicAssistant -from [gi::getWindows 1]]]]]}]
[11:10:49.21] /# gi::executeAction {deSelectActive} -in [db::getAttr centralWidget -of [gi::getAssistants lxSchematicAssistant -from [gi::getWindows 1]]]
[11:10:49.21] /i de::deselectAllLogic -context [de::getContexts -filter {%editDesign==[db::getAttr editDesign -of [db::getAttr context -of [db::getAttr centralWidget -of [gi::getAssistants lxSchematicAssistant -from [gi::getWindows 1]]]]]}]
[11:10:51.11] /# gi::executeAction {deSelectActive} -in [db::getAttr centralWidget -of [gi::getAssistants lxSchematicAssistant -from [gi::getWindows 1]]]
[11:10:51.11] /i de::deselectAll [db::getAttr context -of [db::getAttr centralWidget -of [gi::getAssistants lxSchematicAssistant -from [gi::getWindows 1]]]]
[11:10:51.11] /i de::select [de::getActiveFigure [db::getAttr centralWidget -of [gi::getAssistants lxSchematicAssistant -from [gi::getWindows 1]]] -point {10.01875 4.9125} -index 0 -intent none]
[11:10:51.11] /o oa:0x4688c6c0
[11:10:52.06] /# gi::executeAction {deSelectActive} -in [db::getAttr centralWidget -of [gi::getAssistants lxSchematicAssistant -from [gi::getWindows 1]]]
[11:10:52.06] /i de::cycleActiveFigure [db::getAttr centralWidget -of [gi::getAssistants lxSchematicAssistant -from [gi::getWindows 1]]] -direction next
[11:10:52.06] /o oa:0x46a44b40
[07:36:10.49] /# Date and Time: Sat Apr 20 07:34:49 2024
[07:36:40.41] /w Warning: Sat Apr 20 02:43:49 2024: High CPU usage : current process (1%); Other processes (99%) for 0 minutes
              /c  (SML-002)
[07:46:50.10] /w Warning: Sat Apr 20 03:33:04 2024: High CPU usage : current process (1%); Other processes (99%) for 0 minutes
              /c  (SML-002)
[07:59:12.69] /w Warning: Sat Apr 20 04:54:22 2024: High CPU usage : current process (0%); Other processes (100%) for 0 minutes
              /c  (SML-002)
[08:20:30.04] /w Warning: Sat Apr 20 05:58:55 2024: High CPU usage : current process (1%); Other processes (99%) for 0 minutes
              /c  (SML-002)
[08:26:00.17] /w Warning: Sat Apr 20 06:30:17 2024: High CPU usage : current process (1%); Other processes (99%) for 0 minutes
              /c  (SML-002)
[08:37:39.80] /w Warning: Sat Apr 20 06:51:11 2024: High CPU usage : current process (2%); Other processes (98%) for 0 minutes
              /c  (SML-002)
[09:09:16.81] /w Warning: Sat Apr 20 07:39:37 2024: High CPU usage : current process (2%); Other processes (98%) for 0 minutes
              /c  (SML-002)
[09:09:17.66] /w Warning: Sat Apr 20 08:25:58 2024: High CPU usage : current process (2%); Other processes (98%) for 0 minutes
              /c  (SML-002)
[11:13:35.94] /w Warning: Sat Apr 20 10:01:07 2024: High CPU usage : current process (1%); Other processes (99%) for 0 minutes
              /c  (SML-002)
