[20:04:18.24] /o 
              /c                    PrimeWave Design Environment
              /c 
              /c            Version U-2023.03-SP2 for linux64 - Aug 24, 2023 00:53:01 
              /c 
              /c                     Copyright (c) 2000 - 2023 Synopsys, Inc.
              /c    This software and the associated documentation are proprietary to Synopsys,
              /c  Inc. This software may only be used in accordance with the terms and conditions
              /c  of a written license agreement with Synopsys, Inc. All other use, reproduction,
              /c    or distribution of this software is strictly prohibited.  Licensed Products
              /c      communicate with Synopsys servers for the purpose of providing software
              /c     updates, detecting software piracy and verifying that customers are using
              /c     Licensed Products in conformity with the applicable License Key for such
              /c   Licensed Products. Synopsys will use information gathered in connection with
              /c     this process to deliver software updates and pursue software pirates and
              /c                                    infringers.
              /c 
              /c  Inclusivity & Diversity - Visit SolvNetPlus to read the "Synopsys Statement on
              /c             Inclusivity and Diversity" (Refer to article 000036315 at
              /c                         https://solvnetplus.synopsys.com)
              /c 
              /c Build  (OPT) Config 9117514 compiled on Wed Aug 23 10:56:58 2023 for CentOS64 7.3
              /c Invocation: /mnt/vol_synopsys2023/synopsys/primewave/U-2023.03-SP2/linux64/platform/bin/primewave_st -gui 0 -log pw_shell_session18_job1 -libDefFile /mnt/vol_NFS_rh003/Est_VLSI_I_2024/Cordero_Matamoros_I_2024_vlsi/tarea_2/lib.defs
              /c Execution time: Mon Apr 15 20:04:14 2024
              /c Host: redhat003
              /c 
[20:04:18.26] /m Information: Started sharing "Custom WaveView ADV" license. (WAVEFORM-110)
[20:04:18.26] /m Information: Started sharing "Primewave" license. (WAVEFORM-110)
[20:04:18.26] /m Information: Feature 'SynopsysCustomSAE' checked out. (LICENSE-003)
[20:04:23.65] /r giShowFrameTabs true
[20:04:23.65] /r giWindowId 1
[20:04:23.65] /r giWindowGeometry 1040x800
[20:04:23.69] /i ::sa::_backgroundSaeShell::signalProcessReady 1713233051 75160
[20:04:23.70] /o saeInterBGSaeShell:  ::sa::_backgroundSaeShell::processReady 12
[20:04:23.71] /i ::wf::updateViewerLicense 2
[20:04:23.97] /i ::wf::updateViewerLicense 2
[20:04:53.27] /i ::sa::_backgroundSaeShell::runScript /home/Cordero_Matamoros_I_2024_vlsi/simulation/tarea_2,compleja,schematic/bg_script.tcl 0 sa::_testSuite::netlistAndRun::structNetlistingDone scriptDir /home/Cordero_Matamoros_I_2024_vlsi/simulation/tarea_2,compleja,schematic testSuiteName saeSession10 cmdArgs {default 1 1 0 1 0} taskId 12 isReRun 1
[20:04:53.94] /w Warning: The environment option digitalOutputDataFormat is reset to FineSimProVCS default.
[20:04:53.94] /w Warning: The environment option mergedFile is reset to FineSimProVCS default.
[20:04:53.94] /w Warning: The environment option compilationOptions is reset to FineSimProVCS default.
[20:04:53.94] /w Warning: The environment option vhdlanOptions is reset to FineSimProVCS default.
[20:04:53.94] /w Warning: The environment option elaborationOptions is reset to FineSimProVCS default.
[20:04:53.94] /w Warning: The environment option analogSimulatorOptions is reset to FineSimProVCS default.
[20:04:53.94] /w Warning: The environment option outputDataFormat is reset to FineSimProVCS default.
[20:04:53.94] /w Warning: The environment option commandLineOptions is reset to FineSimProVCS default.
[20:04:53.94] /w Warning: The environment option switchViewList is reset to FineSimProVCS default.
[20:04:53.94] /w Warning: The environment option stopViewList is reset to FineSimProVCS default.
[20:04:54.67] /o 
[20:04:54.67] /o <> -------------------------------------------
[20:04:54.67] /o <>
[20:04:54.67] /o <> Loading XFAB PDK components
[20:04:54.67] /o <>  basic                            O.K
[20:04:54.69] /o <>  exports                          O.K
[20:04:54.70] /o <>  custom                           O.K
[20:04:54.71] /o <>  cdf                              O.K
[20:04:54.71] /o <>  netlisting                       O.K
[20:04:54.73] /o <>  useability                       WRN
[20:04:54.74] /e Error: "Following error happened during execution of ::gi::_giConsoleMessenger::_addToWindowType procedure during TCL callback Error: There are no registered attributes for object type 'string'. (TCL_OBJECT-008)" (POSTMAN-005)
[20:04:54.74] /o <>  synopsys                         O.K
[20:04:54.77] /o <>  pcellkit                         O.K
[20:04:54.80] /o <>  trigger_callbacks                O.K
[20:04:54.80] /o <> Loading XFAB PDK preferences
[20:04:54.81] /w Warning: Could not set the value of preference xtDRCTool because it does not exist. (PREFERENCE-016)
[20:04:54.81] /w Warning: Could not set the value of preference xtLVSTool because it does not exist. (PREFERENCE-016)
[20:04:54.81] /w Warning: Could not set the value of preference xtLVSSchNetlister because it does not exist. (PREFERENCE-016)
[20:04:54.81] /w Warning: Could not set the value of preference xtLPELVSTool because it does not exist. (PREFERENCE-016)
[20:04:54.81] /w Warning: Could not set the value of preference lxSplit because it does not exist. (PREFERENCE-016)
[20:04:54.81] /w Warning: Could not set the value of preference lxMFactorNames because it does not exist. (PREFERENCE-016)
[20:04:54.81] /w Warning: Could not set the value of preference lxTopBottomPinLPP because it does not exist. (PREFERENCE-016)
[20:04:54.81] /w Warning: Could not set the value of preference lxLeftRightPinLPP because it does not exist. (PREFERENCE-016)
[20:04:54.81] /w Warning: Preference 'nlPromoteTerms' is deprecated and scheduled for removal in a future release with no replacement. For migration assistance, see the Custom Compiler Tcl Reference Manual. (PREFERENCE-058)
[20:04:54.81] /w Warning: Could not set the value of preference xtPVLayerMapFile because it does not exist. (PREFERENCE-016)
[20:04:54.81] /w Warning: Could not set the value of preference xtLPEStarRunsetFile because it does not exist. (PREFERENCE-016)
[20:04:54.81] /w Warning: Could not set the value of preference xtStarTcadGrdFile because it does not exist. (PREFERENCE-016)
[20:04:54.81] /w Warning: Could not set the value of preference xtDRCICVIncludePaths because it does not exist. (PREFERENCE-016)
[20:04:54.81] /w Warning: Could not set the value of preference xtLVSICVIncludePaths because it does not exist. (PREFERENCE-016)
[20:04:54.81] /w Warning: Could not set the value of preference xtCDLViewSearchList because it does not exist. (PREFERENCE-016)
[20:04:54.81] /w Warning: Could not set the value of preference xtCDLViewStopList because it does not exist. (PREFERENCE-016)
[20:04:54.81] /w Warning: Could not set the value of preference xtDRCICVRunsetFile because it does not exist. (PREFERENCE-016)
[20:04:54.81] /w Warning: Could not set the value of preference xtLVSICVRunsetFile because it does not exist. (PREFERENCE-016)
[20:04:54.82] /w Warning: Could not set the value of preference xtDRCICVControlVars because it does not exist. (PREFERENCE-016)
[20:04:54.82] /w Warning: Could not set the value of preference xtLVSICVControlVars because it does not exist. (PREFERENCE-016)
[20:04:54.82] /o <> Loading Calibre presets for XFAB PDK
[20:04:54.82] /w Warning: Could not set the value of preference xtCalibreNetlistExportNetlisterEnabled because it does not exist. (PREFERENCE-016)
[20:04:54.82] /w Warning: Could not set the value of preference xtCalibreNetlistExportNetlister because it does not exist. (PREFERENCE-016)
[20:04:54.82] /w Warning: Could not set the value of preference xtCalibreNetlistExportViewList because it does not exist. (PREFERENCE-016)
[20:04:54.82] /w Warning: Could not set the value of preference xtCalibreNetlistExportStopList because it does not exist. (PREFERENCE-016)
[20:04:54.82] /o <> Loading .xfabrc user script
[20:04:54.82] /o <>
[20:04:54.82] /o <> -------------------------------------------
[20:04:54.82] /o <>
[20:04:54.82] /o <> Technology     xt018
[20:04:54.82] /o <> Version        v12_1_1_1
[20:04:54.82] /o <> LibCode        1243
[20:04:54.82] /o <> Core           LP 1.8V
[20:04:54.82] /o <> Metal          Thin4
[20:04:54.82] /o <> TopMetal       METTP&METTPL
[20:04:54.82] /o <>
[20:04:54.82] /o <> -------------------------------------------
[20:04:54.82] /o 
[20:04:54.82] /m Information: WARNLOAD  /mnt/vol_synopsys2023/pdks/xfab/design/xkit/xt018/synopsys/v12_1/PDK/CustomCompiler/v12_1_1_1/scripts/useability/xt018_mimant_check.tcl
[20:04:55.45] /w Warning: Preference 'dbParamTrimTrailingZeroesAfterDecimalPoint' is deprecated and scheduled for removal in a future release with no replacement. For migration assistance, see the Custom Compiler Tcl Reference Manual. (PREFERENCE-058)
[20:04:55.50] /w Warning: Error: Initializing startup file ':/auxx/layout_editor/startup.tcl' failed:
              /c Error: Initializing startup file ':/auxx/constraints/startup.tcl' failed:
              /c Error: Initializing startup file ':/auxx/constraints/bindings.tcl' failed:
              /c Error: Could not execute command 'gi::createBinding' because the supplied object 'cmDelete' for argument '-action' is invalid: Action with specified name does not exist. (COMMAND-026) (STARTUP-002) (STARTUP-002) (STARTUP-002)
[20:04:55.76] /w Warning: Preference 'nlNanoSimShortPropNames' is deprecated and scheduled for removal in a future release. Use 'nlNanoSimIgnorePropNames' instead. For migration assistance, see the Custom Compiler Tcl Reference Manual. (PREFERENCE-070)
[20:04:55.76] /w Warning: Preference 'nlCDLPromoteConnectDefsAtTop' is deprecated and scheduled for removal in a future release. Use 'nlCDLTopVirtualTerms' instead. For migration assistance, see the Custom Compiler Tcl Reference Manual. (PREFERENCE-070)
[20:04:55.76] /w Warning: Preference 'nlVerilogShortPropNames' is deprecated and scheduled for removal in a future release. Use 'nlVerilogIgnorePropNames' instead. For migration assistance, see the Custom Compiler Tcl Reference Manual. (PREFERENCE-070)
[20:04:55.76] /w Warning: Preference 'nlCDLShortPropNames' is deprecated and scheduled for removal in a future release. Use 'nlCDLIgnorePropNames' instead. For migration assistance, see the Custom Compiler Tcl Reference Manual. (PREFERENCE-070)
[20:04:55.76] /w Warning: Preference 'nlEldoShortPropNames' is deprecated and scheduled for removal in a future release. Use 'nlEldoIgnorePropNames' instead. For migration assistance, see the Custom Compiler Tcl Reference Manual. (PREFERENCE-070)
[20:04:55.76] /w Warning: Preference 'nlHSPICEShortPropNames' is deprecated and scheduled for removal in a future release. Use 'nlHSPICEIgnorePropNames' instead. For migration assistance, see the Custom Compiler Tcl Reference Manual. (PREFERENCE-070)
[20:04:55.76] /w Warning: Preference 'nlSpectreAMSShortPropNames' is deprecated and scheduled for removal in a future release. Use 'nlSpectreAMSIgnorePropNames' instead. For migration assistance, see the Custom Compiler Tcl Reference Manual. (PREFERENCE-070)
[20:04:55.76] /w Warning: Preference 'nlVHDLShortPropNames' is deprecated and scheduled for removal in a future release. Use 'nlVHDLIgnorePropNames' instead. For migration assistance, see the Custom Compiler Tcl Reference Manual. (PREFERENCE-070)
[20:04:55.76] /w Warning: Preference 'nlVerilogICCShortPropNames' is deprecated and scheduled for removal in a future release. Use 'nlVerilogICCIgnorePropNames' instead. For migration assistance, see the Custom Compiler Tcl Reference Manual. (PREFERENCE-070)
[20:04:55.76] /w Warning: Preference 'nlAMSShortPropNames' is deprecated and scheduled for removal in a future release. Use 'nlAMSIgnorePropNames' instead. For migration assistance, see the Custom Compiler Tcl Reference Manual. (PREFERENCE-070)
[20:04:55.76] /w Warning: Preference 'nlSpectreShortPropNames' is deprecated and scheduled for removal in a future release. Use 'nlSpectreIgnorePropNames' instead. For migration assistance, see the Custom Compiler Tcl Reference Manual. (PREFERENCE-070)
[20:04:55.76] /w Warning: Preference 'nlPromoteTerms' is deprecated and scheduled for removal in a future release with no replacement. For migration assistance, see the Custom Compiler Tcl Reference Manual. (PREFERENCE-058)
[20:04:55.79] /o saeInterBGSaeShell:  ::sa::netlistAndRun::updateBgNRunMsg /home/Cordero_Matamoros_I_2024_vlsi/simulation/tarea_2,compleja,schematic/history_1/simulation/default/FineSimProVCS/nominal/results "Creating structural netlist for testbench default ..." 0 1
[20:04:55.83] /m Information: "Starting incremental netlisting for design "tarea_2/compleja/schematic"..." (NETLISTING-010)
[20:04:55.95] /o Netlisting
[20:04:56.28] /o No Design Integrity rule violations found in "tarea_2/compleja/schematic"
[20:04:56.28] /o Scanning: tarea_2/compleja/schematic
[20:04:56.65] /o Computing terminal lists
[20:04:56.65] /o Processing terminals of module tarea_2/compleja/schematic
[20:04:56.67] /o Creating output directories
[20:04:56.69] /o Netlisting
[20:04:56.69] /o Formatting tarea_2/compleja/schematic
[20:04:56.74] /m Information: "tarea_2 compleja schematic" renetlisted. (NETLISTING-056)
[20:04:56.75] /m Information: "Netlisting design "tarea_2/compleja/schematic" finished successfully." (NETLISTING-012)
[20:04:56.76] /m Information: Composing simulator input file for design "tarea_2/compleja/schematic"...
[20:04:59.57] /o 
[20:04:59.57] /o Analyzing Hierarchy
[20:04:59.57] /o Finalizing
[20:04:59.57] /m Information: Simulator input file composed successfully for design "tarea_2/compleja/schematic"
[20:04:59.57] /o saeInterBGSaeShell:  ::sa::netlistAndRun::updateBgNRunMsg /home/Cordero_Matamoros_I_2024_vlsi/simulation/tarea_2,compleja,schematic/history_1/simulation/default/FineSimProVCS/nominal/results "Creating final netlist for testbench default ..." 0 0
[20:04:59.67] /o 
[20:05:02.20] /o saeInterBGSaeShell:  ::sa::netlistAndRun::updateBgNRunMsg /home/Cordero_Matamoros_I_2024_vlsi/simulation/tarea_2,compleja,schematic/history_1/simulation/default/FineSimProVCS/nominal/results "Composing simulation job for testbench default - Nominal " 1 1
[20:05:02.26] /o saeInterBGSaeShell:  ::sa::_backgroundSaeShell::scriptFinished 8.9 {} sa::_testSuite::netlistAndRun::structNetlistingDone scriptDir /home/Cordero_Matamoros_I_2024_vlsi/simulation/tarea_2,compleja,schematic testSuiteName saeSession10 cmdArgs {default 1 1 0 1 0} taskId 12 isReRun 1
[20:05:02.26] /o false
[20:05:02.44] /i db::setAttr geometry -of [gi::getFrames 1] -value 1014x710+5+52
[20:05:33.97] /i ::sa::_backgroundSaeShell::runScript /home/Cordero_Matamoros_I_2024_vlsi/simulation/tarea_2,compleja,schematic/history_1/simulation/default/FineSimProVCS/nominal/.bg_measurement_script.tcl 0 sa::_resultsDatabase::saeShellProcessingCompletedProc testSuiteName saeSession10 uniqueSessionName {} testbenchName default resultsDir /home/Cordero_Matamoros_I_2024_vlsi/simulation/tarea_2,compleja,schematic/history_1/simulation/default/FineSimProVCS/nominal/results testSuiteDir /home/Cordero_Matamoros_I_2024_vlsi/simulation/tarea_2,compleja,schematic/history_1/simulation/default/FineSimProVCS/nominal databaseName /home/Cordero_Matamoros_I_2024_vlsi/simulation/tarea_2,compleja,schematic/history_1/simulation/default/FineSimProVCS/nominal/resultsDatabase remoteRun {} testbenchId 1 saveImages true
[20:05:34.03] /m Information: Feature 'SynopsysCustomSAE' checked in. (LICENSE-004)
[20:05:34.03] /o 
[20:05:34.04] /m Information: Feature 'SynopsysCustomSAE' checked out. (LICENSE-003)
[20:05:34.63] /w Warning: The environment option digitalOutputDataFormat is reset to FineSimProVCS default.
[20:05:34.63] /w Warning: The environment option mergedFile is reset to FineSimProVCS default.
[20:05:34.63] /w Warning: The environment option compilationOptions is reset to FineSimProVCS default.
[20:05:34.63] /w Warning: The environment option vhdlanOptions is reset to FineSimProVCS default.
[20:05:34.63] /w Warning: The environment option elaborationOptions is reset to FineSimProVCS default.
[20:05:34.63] /w Warning: The environment option analogSimulatorOptions is reset to FineSimProVCS default.
[20:05:34.63] /w Warning: The environment option numProcesses is reset to FineSimProVCS default.
[20:05:34.63] /w Warning: The environment option outputDataFormat is reset to FineSimProVCS default.
[20:05:34.63] /w Warning: The environment option commandLineOptions is reset to FineSimProVCS default.
[20:05:34.63] /w Warning: The environment option switchViewList is reset to FineSimProVCS default.
[20:05:34.63] /w Warning: The environment option stopViewList is reset to FineSimProVCS default.
[20:05:34.69] /m Information: Loading preferences from /home/Cordero_Matamoros_I_2024_vlsi/simulation/tarea_2,compleja,schematic/history_1/simulation/default/FineSimProVCS/nominal/pw_shell_session_prefs.xml
[20:05:35.07] /e Error: "Enabling/disabling freezing is not allowed if there are open superMasters" (PCELL_FREEZING-005)
[20:05:35.07] /w Warning: Preference cannot be modified (Value 'false' for preference 'dbPcellFreezeEnabled' is invalid.). (PREFERENCE-035)
[20:05:35.17] /m Information: Start incremental database creation...
[20:05:35.18] /m Information: Create Iter role param id map
[20:05:35.20] /o saeInterBGSaeShell:  ::sa::_backgroundSaeShell::scriptFinished 1.2 {} sa::_resultsDatabase::saeShellProcessingCompletedProc testSuiteName saeSession10 uniqueSessionName {} testbenchName default resultsDir /home/Cordero_Matamoros_I_2024_vlsi/simulation/tarea_2,compleja,schematic/history_1/simulation/default/FineSimProVCS/nominal/results testSuiteDir /home/Cordero_Matamoros_I_2024_vlsi/simulation/tarea_2,compleja,schematic/history_1/simulation/default/FineSimProVCS/nominal databaseName /home/Cordero_Matamoros_I_2024_vlsi/simulation/tarea_2,compleja,schematic/history_1/simulation/default/FineSimProVCS/nominal/resultsDatabase remoteRun {} testbenchId 1 saveImages true
[20:05:35.20] /o false
[20:05:35.20] /i ::wf::viewerExited
[20:07:19.07] /i ::wf::viewerExited
[20:07:20.10] /i ::wf::updateViewerLicense 2
[20:07:24.97] /i ::sa::_backgroundSaeShell::exit
[20:07:24.97] /o saeInterBGSaeShell:  ::sa::_backgroundSaeShell::childFormallyExiting
[20:07:28.84] /o Shutdown time: Mon Apr 15 20:07:28 2024
[20:07:28.84] /o Elapsed session real time: 3.18 minutes
[20:07:28.84] /o Session terminated. Log is at /mnt/vol_NFS_rh003/Est_VLSI_I_2024/Cordero_Matamoros_I_2024_vlsi/tarea_2/synopsys_custom/logs/primewave.Cordero_Matamoros_I_2024_vlsi.2024_4_15_200414_518332.log
