[16:06:24.83] /o 
              /c                    PrimeWave Design Environment
              /c 
              /c            Version U-2023.03-SP2 for linux64 - Aug 24, 2023 00:53:01 
              /c 
              /c                     Copyright (c) 2000 - 2023 Synopsys, Inc.
              /c    This software and the associated documentation are proprietary to Synopsys,
              /c  Inc. This software may only be used in accordance with the terms and conditions
              /c  of a written license agreement with Synopsys, Inc. All other use, reproduction,
              /c    or distribution of this software is strictly prohibited.  Licensed Products
              /c      communicate with Synopsys servers for the purpose of providing software
              /c     updates, detecting software piracy and verifying that customers are using
              /c     Licensed Products in conformity with the applicable License Key for such
              /c   Licensed Products. Synopsys will use information gathered in connection with
              /c     this process to deliver software updates and pursue software pirates and
              /c                                    infringers.
              /c 
              /c  Inclusivity & Diversity - Visit SolvNetPlus to read the "Synopsys Statement on
              /c             Inclusivity and Diversity" (Refer to article 000036315 at
              /c                         https://solvnetplus.synopsys.com)
              /c 
              /c Build  (OPT) Config 9117514 compiled on Wed Aug 23 10:56:58 2023 for CentOS64 7.3
              /c Invocation: /mnt/vol_synopsys2023/synopsys/primewave/U-2023.03-SP2/linux64/platform/bin/primewave_st -gui 0 -log pw_shell_session6_job1 -libDefFile /mnt/vol_NFS_rh003/Est_VLSI_I_2024/Cordero_Matamoros_I_2024_vlsi/tarea_2/lib.defs
              /c Execution time: Mon Apr 29 16:06:19 2024
              /c Host: redhat003
              /c 
[16:06:24.85] /m Information: Started sharing "Custom WaveView ADV" license. (WAVEFORM-110)
[16:06:24.85] /m Information: Started sharing "Primewave" license. (WAVEFORM-110)
[16:06:24.85] /m Information: Feature 'SynopsysCustomSAE' checked out. (LICENSE-003)
[16:06:36.24] /r giShowFrameTabs true
[16:06:36.24] /r giWindowId 1
[16:06:36.24] /r giWindowGeometry 1040x800
[16:06:36.45] /i ::sa::_backgroundSaeShell::signalProcessReady 1714428375 539908
[16:06:36.46] /o saeInterBGSaeShell:  ::sa::_backgroundSaeShell::processReady 21
[16:06:36.48] /i ::wf::updateViewerLicense 2
[16:06:36.93] /i ::wf::updateViewerLicense 2
[16:08:18.51] /i ::sa::_backgroundSaeShell::runScript /home/Cordero_Matamoros_I_2024_vlsi/simulation/tarea_2,compleja_def,schematic/bg_script.tcl 0 sa::_testSuite::netlistAndRun::structNetlistingDone scriptDir /home/Cordero_Matamoros_I_2024_vlsi/simulation/tarea_2,compleja_def,schematic testSuiteName saeSession3 cmdArgs {default 1 1 0 1 0} taskId 6 isReRun 1
[16:08:19.03] /w Warning: The environment option digitalOutputDataFormat is reset to FineSimProVCS default.
[16:08:19.03] /w Warning: The environment option mergedFile is reset to FineSimProVCS default.
[16:08:19.03] /w Warning: The environment option compilationOptions is reset to FineSimProVCS default.
[16:08:19.03] /w Warning: The environment option vhdlanOptions is reset to FineSimProVCS default.
[16:08:19.03] /w Warning: The environment option elaborationOptions is reset to FineSimProVCS default.
[16:08:19.03] /w Warning: The environment option analogSimulatorOptions is reset to FineSimProVCS default.
[16:08:19.03] /w Warning: The environment option numProcesses is reset to FineSimProVCS default.
[16:08:19.03] /w Warning: The environment option outputDataFormat is reset to FineSimProVCS default.
[16:08:19.03] /w Warning: The environment option commandLineOptions is reset to FineSimProVCS default.
[16:08:19.03] /w Warning: The environment option switchViewList is reset to FineSimProVCS default.
[16:08:19.03] /w Warning: The environment option stopViewList is reset to FineSimProVCS default.
[16:08:19.32] /o 
[16:08:19.32] /o <> -------------------------------------------
[16:08:19.32] /o <>
[16:08:19.32] /o <> Loading XFAB PDK components
[16:08:19.33] /o <>  basic                            O.K
[16:08:19.36] /o <>  exports                          O.K
[16:08:19.40] /o <>  custom                           O.K
[16:08:19.42] /o <>  cdf                              O.K
[16:08:19.43] /o <>  netlisting                       O.K
[16:08:19.45] /o <>  useability                       WRN
[16:08:19.46] /e Error: "Following error happened during execution of ::gi::_giConsoleMessenger::_addToWindowType procedure during TCL callback Error: There are no registered attributes for object type 'string'. (TCL_OBJECT-008)" (POSTMAN-005)
[16:08:19.47] /o <>  synopsys                         O.K
[16:08:19.55] /o <>  pcellkit                         O.K
[16:08:19.58] /o <>  trigger_callbacks                O.K
[16:08:19.58] /o <> Loading XFAB PDK preferences
[16:08:19.59] /w Warning: Could not set the value of preference xtDRCTool because it does not exist. (PREFERENCE-016)
[16:08:19.59] /w Warning: Could not set the value of preference xtLVSTool because it does not exist. (PREFERENCE-016)
[16:08:19.59] /w Warning: Could not set the value of preference xtLVSSchNetlister because it does not exist. (PREFERENCE-016)
[16:08:19.59] /w Warning: Could not set the value of preference xtLPELVSTool because it does not exist. (PREFERENCE-016)
[16:08:19.60] /w Warning: Could not set the value of preference lxSplit because it does not exist. (PREFERENCE-016)
[16:08:19.60] /w Warning: Could not set the value of preference lxMFactorNames because it does not exist. (PREFERENCE-016)
[16:08:19.60] /w Warning: Could not set the value of preference lxTopBottomPinLPP because it does not exist. (PREFERENCE-016)
[16:08:19.60] /w Warning: Could not set the value of preference lxLeftRightPinLPP because it does not exist. (PREFERENCE-016)
[16:08:19.60] /w Warning: Preference 'nlPromoteTerms' is deprecated and scheduled for removal in a future release with no replacement. For migration assistance, see the Custom Compiler Tcl Reference Manual. (PREFERENCE-058)
[16:08:19.60] /w Warning: Could not set the value of preference xtPVLayerMapFile because it does not exist. (PREFERENCE-016)
[16:08:19.60] /w Warning: Could not set the value of preference xtLPEStarRunsetFile because it does not exist. (PREFERENCE-016)
[16:08:19.60] /w Warning: Could not set the value of preference xtStarTcadGrdFile because it does not exist. (PREFERENCE-016)
[16:08:19.60] /w Warning: Could not set the value of preference xtDRCICVIncludePaths because it does not exist. (PREFERENCE-016)
[16:08:19.60] /w Warning: Could not set the value of preference xtLVSICVIncludePaths because it does not exist. (PREFERENCE-016)
[16:08:19.60] /w Warning: Could not set the value of preference xtCDLViewSearchList because it does not exist. (PREFERENCE-016)
[16:08:19.60] /w Warning: Could not set the value of preference xtCDLViewStopList because it does not exist. (PREFERENCE-016)
[16:08:19.60] /w Warning: Could not set the value of preference xtDRCICVRunsetFile because it does not exist. (PREFERENCE-016)
[16:08:19.60] /w Warning: Could not set the value of preference xtLVSICVRunsetFile because it does not exist. (PREFERENCE-016)
[16:08:19.60] /w Warning: Could not set the value of preference xtDRCICVControlVars because it does not exist. (PREFERENCE-016)
[16:08:19.60] /w Warning: Could not set the value of preference xtLVSICVControlVars because it does not exist. (PREFERENCE-016)
[16:08:19.60] /o <> Loading Calibre presets for XFAB PDK
[16:08:19.60] /w Warning: Could not set the value of preference xtCalibreNetlistExportNetlisterEnabled because it does not exist. (PREFERENCE-016)
[16:08:19.60] /w Warning: Could not set the value of preference xtCalibreNetlistExportNetlister because it does not exist. (PREFERENCE-016)
[16:08:19.60] /w Warning: Could not set the value of preference xtCalibreNetlistExportViewList because it does not exist. (PREFERENCE-016)
[16:08:19.60] /w Warning: Could not set the value of preference xtCalibreNetlistExportStopList because it does not exist. (PREFERENCE-016)
[16:08:19.61] /o <> Loading .xfabrc user script
[16:08:19.61] /o <>
[16:08:19.61] /o <> -------------------------------------------
[16:08:19.61] /o <>
[16:08:19.61] /o <> Technology     xt018
[16:08:19.61] /o <> Version        v12_1_1_1
[16:08:19.61] /o <> LibCode        1243
[16:08:19.61] /o <> Core           LP 1.8V
[16:08:19.61] /o <> Metal          Thin4
[16:08:19.61] /o <> TopMetal       METTP&METTPL
[16:08:19.61] /o <>
[16:08:19.61] /o <> -------------------------------------------
[16:08:19.61] /o 
[16:08:19.61] /m Information: WARNLOAD  /mnt/vol_synopsys2023/pdks/xfab/design/xkit/xt018/synopsys/v12_1/PDK/CustomCompiler/v12_1_1_1/scripts/useability/xt018_mimant_check.tcl
[16:08:20.52] /w Warning: Preference 'dbParamTrimTrailingZeroesAfterDecimalPoint' is deprecated and scheduled for removal in a future release with no replacement. For migration assistance, see the Custom Compiler Tcl Reference Manual. (PREFERENCE-058)
[16:08:20.56] /w Warning: Error: Initializing startup file ':/auxx/layout_editor/startup.tcl' failed:
              /c Error: Initializing startup file ':/auxx/constraints/startup.tcl' failed:
              /c Error: Initializing startup file ':/auxx/constraints/bindings.tcl' failed:
              /c Error: Could not execute command 'gi::createBinding' because the supplied object 'cmDelete' for argument '-action' is invalid: Action with specified name does not exist. (COMMAND-026) (STARTUP-002) (STARTUP-002) (STARTUP-002)
[16:08:20.58] /w Warning: Preference 'nlNanoSimShortPropNames' is deprecated and scheduled for removal in a future release. Use 'nlNanoSimIgnorePropNames' instead. For migration assistance, see the Custom Compiler Tcl Reference Manual. (PREFERENCE-070)
[16:08:20.58] /w Warning: Preference 'nlCDLPromoteConnectDefsAtTop' is deprecated and scheduled for removal in a future release. Use 'nlCDLTopVirtualTerms' instead. For migration assistance, see the Custom Compiler Tcl Reference Manual. (PREFERENCE-070)
[16:08:20.58] /w Warning: Preference 'nlVerilogShortPropNames' is deprecated and scheduled for removal in a future release. Use 'nlVerilogIgnorePropNames' instead. For migration assistance, see the Custom Compiler Tcl Reference Manual. (PREFERENCE-070)
[16:08:20.58] /w Warning: Preference 'nlCDLShortPropNames' is deprecated and scheduled for removal in a future release. Use 'nlCDLIgnorePropNames' instead. For migration assistance, see the Custom Compiler Tcl Reference Manual. (PREFERENCE-070)
[16:08:20.58] /w Warning: Preference 'nlEldoShortPropNames' is deprecated and scheduled for removal in a future release. Use 'nlEldoIgnorePropNames' instead. For migration assistance, see the Custom Compiler Tcl Reference Manual. (PREFERENCE-070)
[16:08:20.58] /w Warning: Preference 'nlSpectreAMSShortPropNames' is deprecated and scheduled for removal in a future release. Use 'nlSpectreAMSIgnorePropNames' instead. For migration assistance, see the Custom Compiler Tcl Reference Manual. (PREFERENCE-070)
[16:08:20.58] /w Warning: Preference 'nlVHDLShortPropNames' is deprecated and scheduled for removal in a future release. Use 'nlVHDLIgnorePropNames' instead. For migration assistance, see the Custom Compiler Tcl Reference Manual. (PREFERENCE-070)
[16:08:20.58] /w Warning: Preference 'nlVerilogICCShortPropNames' is deprecated and scheduled for removal in a future release. Use 'nlVerilogICCIgnorePropNames' instead. For migration assistance, see the Custom Compiler Tcl Reference Manual. (PREFERENCE-070)
[16:08:20.58] /w Warning: Preference 'nlPromoteTerms' is deprecated and scheduled for removal in a future release with no replacement. For migration assistance, see the Custom Compiler Tcl Reference Manual. (PREFERENCE-058)
[16:08:20.58] /w Warning: Preference 'nlAMSShortPropNames' is deprecated and scheduled for removal in a future release. Use 'nlAMSIgnorePropNames' instead. For migration assistance, see the Custom Compiler Tcl Reference Manual. (PREFERENCE-070)
[16:08:20.58] /w Warning: Preference 'nlSpectreShortPropNames' is deprecated and scheduled for removal in a future release. Use 'nlSpectreIgnorePropNames' instead. For migration assistance, see the Custom Compiler Tcl Reference Manual. (PREFERENCE-070)
[16:08:20.58] /w Warning: Preference 'nlHSPICEShortPropNames' is deprecated and scheduled for removal in a future release. Use 'nlHSPICEIgnorePropNames' instead. For migration assistance, see the Custom Compiler Tcl Reference Manual. (PREFERENCE-070)
[16:08:20.61] /o saeInterBGSaeShell:  ::sa::netlistAndRun::updateBgNRunMsg /home/Cordero_Matamoros_I_2024_vlsi/simulation/tarea_2,compleja_def,schematic/history_1/simulation/default/FineSimProVCS/nominal/results "Creating structural netlist for testbench default ..." 0 1
[16:08:20.65] /m Information: "Starting incremental netlisting for design "tarea_2/compleja_def/schematic"..." (NETLISTING-010)
[16:08:20.72] /o Netlisting
[16:08:21.15] /o No Design Integrity rule violations found in "tarea_2/compleja_def/schematic"
[16:08:21.15] /o Scanning: tarea_2/compleja_def/schematic
[16:08:21.38] /m Information: 
[16:08:21.38] /o Checking "tarea_2/compleja_def_not/schematic"
[16:08:21.39] /o No rule violations found in "tarea_2/compleja_def_not/schematic"
[16:08:21.39] /o Scanning: tarea_2/compleja_def_not/schematic
[16:08:21.41] /o Scanning: D_CELLS_HDLL/INHDLLX0/functional
[16:08:21.42] /o Computing terminal lists
[16:08:21.42] /o Processing terminals of module tarea_2/compleja_def_not/schematic
[16:08:21.44] /o Processing terminals of module tarea_2/compleja_def/schematic
[16:08:21.45] /o Creating output directories
[16:08:21.47] /o Netlisting
[16:08:21.49] /o Formatting tarea_2/compleja_def/schematic
[16:08:21.54] /m Information: "tarea_2 compleja_def schematic" renetlisted. (NETLISTING-056)
[16:08:21.55] /m Information: "Netlisting design "tarea_2/compleja_def/schematic" finished successfully." (NETLISTING-012)
[16:08:21.56] /m Information: Composing simulator input file for design "tarea_2/compleja_def/schematic"...
[16:08:23.90] /o 
[16:08:23.90] /o Analyzing Hierarchy
[16:08:23.91] /o Writing A2D Lines
[16:08:24.00] /o Finalizing
[16:08:24.00] /m Information: Simulator input file composed successfully for design "tarea_2/compleja_def/schematic"
[16:08:24.00] /o saeInterBGSaeShell:  ::sa::netlistAndRun::updateBgNRunMsg /home/Cordero_Matamoros_I_2024_vlsi/simulation/tarea_2,compleja_def,schematic/history_1/simulation/default/FineSimProVCS/nominal/results "Creating final netlist for testbench default ..." 0 0
[16:08:24.09] /o 
[16:08:26.60] /o saeInterBGSaeShell:  ::sa::netlistAndRun::updateBgNRunMsg /home/Cordero_Matamoros_I_2024_vlsi/simulation/tarea_2,compleja_def,schematic/history_1/simulation/default/FineSimProVCS/nominal/results "Composing simulation job for testbench default - Nominal " 1 1
[16:08:26.64] /o saeInterBGSaeShell:  ::sa::_backgroundSaeShell::scriptFinished 8.1 {} sa::_testSuite::netlistAndRun::structNetlistingDone scriptDir /home/Cordero_Matamoros_I_2024_vlsi/simulation/tarea_2,compleja_def,schematic testSuiteName saeSession3 cmdArgs {default 1 1 0 1 0} taskId 6 isReRun 1
[16:08:26.64] /o false
[16:08:26.66] /i db::setAttr geometry -of [gi::getFrames 1] -value 1014x710+5+52
[16:09:07.58] /i ::sa::_backgroundSaeShell::runScript /home/Cordero_Matamoros_I_2024_vlsi/simulation/tarea_2,compleja_def,schematic/history_1/simulation/default/FineSimProVCS/nominal/.bg_measurement_script.tcl 0 sa::_resultsDatabase::saeShellProcessingCompletedProc testSuiteName saeSession3 uniqueSessionName {} testbenchName default resultsDir /home/Cordero_Matamoros_I_2024_vlsi/simulation/tarea_2,compleja_def,schematic/history_1/simulation/default/FineSimProVCS/nominal/results testSuiteDir /home/Cordero_Matamoros_I_2024_vlsi/simulation/tarea_2,compleja_def,schematic/history_1/simulation/default/FineSimProVCS/nominal databaseName /home/Cordero_Matamoros_I_2024_vlsi/simulation/tarea_2,compleja_def,schematic/history_1/simulation/default/FineSimProVCS/nominal/resultsDatabase remoteRun {} testbenchId 1 saveImages true
[16:09:07.65] /m Information: Feature 'SynopsysCustomSAE' checked in. (LICENSE-004)
[16:09:07.65] /o 
[16:09:07.65] /m Information: Feature 'SynopsysCustomSAE' checked out. (LICENSE-003)
[16:09:07.73] /w Warning: The environment option digitalOutputDataFormat is reset to FineSimProVCS default.
[16:09:07.73] /w Warning: The environment option mergedFile is reset to FineSimProVCS default.
[16:09:07.73] /w Warning: The environment option compilationOptions is reset to FineSimProVCS default.
[16:09:07.73] /w Warning: The environment option vhdlanOptions is reset to FineSimProVCS default.
[16:09:07.73] /w Warning: The environment option elaborationOptions is reset to FineSimProVCS default.
[16:09:07.73] /w Warning: The environment option analogSimulatorOptions is reset to FineSimProVCS default.
[16:09:07.73] /w Warning: The environment option numProcesses is reset to FineSimProVCS default.
[16:09:07.73] /w Warning: The environment option outputDataFormat is reset to FineSimProVCS default.
[16:09:07.73] /w Warning: The environment option commandLineOptions is reset to FineSimProVCS default.
[16:09:07.73] /w Warning: The environment option switchViewList is reset to FineSimProVCS default.
[16:09:07.73] /w Warning: The environment option stopViewList is reset to FineSimProVCS default.
[16:09:07.78] /m Information: Loading preferences from /home/Cordero_Matamoros_I_2024_vlsi/simulation/tarea_2,compleja_def,schematic/history_1/simulation/default/FineSimProVCS/nominal/pw_shell_session_prefs.xml
[16:09:08.32] /e Error: "Enabling/disabling freezing is not allowed if there are open superMasters" (PCELL_FREEZING-005)
[16:09:08.32] /w Warning: Preference cannot be modified (Value 'false' for preference 'dbPcellFreezeEnabled' is invalid.). (PREFERENCE-035)
[16:09:08.39] /m Information: Start incremental database creation...
[16:09:08.41] /m Information: Create Iter role param id map
[16:09:08.43] /o saeInterBGSaeShell:  ::sa::_backgroundSaeShell::scriptFinished 0.8 {} sa::_resultsDatabase::saeShellProcessingCompletedProc testSuiteName saeSession3 uniqueSessionName {} testbenchName default resultsDir /home/Cordero_Matamoros_I_2024_vlsi/simulation/tarea_2,compleja_def,schematic/history_1/simulation/default/FineSimProVCS/nominal/results testSuiteDir /home/Cordero_Matamoros_I_2024_vlsi/simulation/tarea_2,compleja_def,schematic/history_1/simulation/default/FineSimProVCS/nominal databaseName /home/Cordero_Matamoros_I_2024_vlsi/simulation/tarea_2,compleja_def,schematic/history_1/simulation/default/FineSimProVCS/nominal/resultsDatabase remoteRun {} testbenchId 1 saveImages true
[16:09:08.43] /o false
[16:09:08.43] /i ::wf::viewerExited
[16:10:32.93] /i ::sa::_backgroundSaeShell::exit
[16:10:32.93] /o saeInterBGSaeShell:  ::sa::_backgroundSaeShell::childFormallyExiting
[16:10:34.20] /o Shutdown time: Mon Apr 29 16:10:34 2024
[16:10:34.20] /o Elapsed session real time: 4.18 minutes
[16:10:34.20] /o Session terminated. Log is at /mnt/vol_NFS_rh003/Est_VLSI_I_2024/Cordero_Matamoros_I_2024_vlsi/tarea_2/synopsys_custom/logs/primewave.Cordero_Matamoros_I_2024_vlsi.2024_4_29_160619_634018.log
