[15:01:21.29] /o 
              /c                    PrimeWave Design Environment
              /c 
              /c            Version U-2023.03-SP2 for linux64 - Aug 24, 2023 00:53:01 
              /c 
              /c                     Copyright (c) 2000 - 2023 Synopsys, Inc.
              /c    This software and the associated documentation are proprietary to Synopsys,
              /c  Inc. This software may only be used in accordance with the terms and conditions
              /c  of a written license agreement with Synopsys, Inc. All other use, reproduction,
              /c    or distribution of this software is strictly prohibited.  Licensed Products
              /c      communicate with Synopsys servers for the purpose of providing software
              /c     updates, detecting software piracy and verifying that customers are using
              /c     Licensed Products in conformity with the applicable License Key for such
              /c   Licensed Products. Synopsys will use information gathered in connection with
              /c     this process to deliver software updates and pursue software pirates and
              /c                                    infringers.
              /c 
              /c  Inclusivity & Diversity - Visit SolvNetPlus to read the "Synopsys Statement on
              /c             Inclusivity and Diversity" (Refer to article 000036315 at
              /c                         https://solvnetplus.synopsys.com)
              /c 
              /c Build  (OPT) Config 9117514 compiled on Wed Aug 23 10:56:58 2023 for CentOS64 7.3
              /c Invocation: /mnt/vol_synopsys2023/synopsys/primewave/U-2023.03-SP2/linux64/platform/bin/primewave_st -gui 0 -log pw_shell_session0_job1 -libDefFile /mnt/vol_NFS_rh003/Est_VLSI_I_2024/Cordero_Matamoros_I_2024_vlsi/tarea_2/lib.defs
              /c Execution time: Mon Apr 15 15:01:18 2024
              /c Host: redhat003
              /c 
[15:01:21.32] /m Information: Started sharing "Custom WaveView ADV" license. (WAVEFORM-110)
[15:01:21.32] /m Information: Started sharing "Primewave" license. (WAVEFORM-110)
[15:01:21.32] /m Information: Feature 'SynopsysCustomSAE' checked out. (LICENSE-003)
[15:01:23.93] /r giShowFrameTabs true
[15:01:23.93] /r giWindowId 1
[15:01:23.93] /r giWindowGeometry 1040x800
[15:01:23.97] /i ::sa::_backgroundSaeShell::signalProcessReady 1713214877 75160
[15:01:23.98] /o saeInterBGSaeShell:  ::sa::_backgroundSaeShell::processReady 6
[15:01:23.98] /i ::wf::updateViewerLicense 2
[15:01:24.47] /i ::wf::updateViewerLicense 2
[15:06:25.25] /o saeInterBGSaeShell:  ::sa::_backgroundSaeShell::pingBack
[15:06:25.37] /i ::sa::_backgroundSaeShell::parentRunning
[15:06:25.37] /o false
[15:06:26.47] /m Information: Feature 'SynopsysCustomSAE' checked in. (LICENSE-004)
[15:06:26.47] /m Information: Stopped sharing "Primewave" license. (WAVEFORM-111)
[15:06:26.47] /m Information: Stopped sharing "Custom WaveView ADV" license. (WAVEFORM-111)
[15:11:26.77] /o saeInterBGSaeShell:  ::sa::_backgroundSaeShell::pingBack
[15:11:26.97] /i ::sa::_backgroundSaeShell::parentRunning
[15:11:26.97] /o false
[15:16:27.98] /o saeInterBGSaeShell:  ::sa::_backgroundSaeShell::pingBack
[15:16:34.67] /i ::sa::_backgroundSaeShell::parentRunning
[15:16:34.67] /o false
[15:16:38.48] /i ::sa::_backgroundSaeShell::exit
[15:16:38.48] /o saeInterBGSaeShell:  ::sa::_backgroundSaeShell::childFormallyExiting
[15:16:39.72] /o Shutdown time: Mon Apr 15 15:16:39 2024
[15:16:39.72] /o Elapsed session real time: 15.31 minutes
[15:16:39.72] /o Session terminated. Log is at /mnt/vol_NFS_rh003/Est_VLSI_I_2024/Cordero_Matamoros_I_2024_vlsi/tarea_2/synopsys_custom/logs/primewave.Cordero_Matamoros_I_2024_vlsi.2024_4_15_150118_98855.log
