[15:45:26.93] /o 
              /c                    PrimeWave Design Environment
              /c 
              /c            Version U-2023.03-SP2 for linux64 - Aug 24, 2023 00:53:01 
              /c 
              /c                     Copyright (c) 2000 - 2023 Synopsys, Inc.
              /c    This software and the associated documentation are proprietary to Synopsys,
              /c  Inc. This software may only be used in accordance with the terms and conditions
              /c  of a written license agreement with Synopsys, Inc. All other use, reproduction,
              /c    or distribution of this software is strictly prohibited.  Licensed Products
              /c      communicate with Synopsys servers for the purpose of providing software
              /c     updates, detecting software piracy and verifying that customers are using
              /c     Licensed Products in conformity with the applicable License Key for such
              /c   Licensed Products. Synopsys will use information gathered in connection with
              /c     this process to deliver software updates and pursue software pirates and
              /c                                    infringers.
              /c 
              /c  Inclusivity & Diversity - Visit SolvNetPlus to read the "Synopsys Statement on
              /c             Inclusivity and Diversity" (Refer to article 000036315 at
              /c                         https://solvnetplus.synopsys.com)
              /c 
              /c Build  (OPT) Config 9117514 compiled on Wed Aug 23 10:56:58 2023 for CentOS64 7.3
              /c Invocation: /mnt/vol_synopsys2023/synopsys/primewave/U-2023.03-SP2/linux64/platform/bin/primewave_st -gui 0 -log pw_shell_session12_job1 -libDefFile /mnt/vol_NFS_rh003/Est_VLSI_I_2024/Cordero_Matamoros_I_2024_vlsi/tarea_2/lib.defs
              /c Execution time: Mon Apr 15 15:45:24 2024
              /c Host: redhat003
              /c 
[15:45:26.95] /m Information: Started sharing "Custom WaveView ADV" license. (WAVEFORM-110)
[15:45:26.95] /m Information: Started sharing "Primewave" license. (WAVEFORM-110)
[15:45:26.95] /m Information: Feature 'SynopsysCustomSAE' checked out. (LICENSE-003)
[15:45:29.52] /r giShowFrameTabs true
[15:45:29.52] /r giWindowId 1
[15:45:29.52] /r giWindowGeometry 1040x800
[15:45:29.57] /i ::sa::_backgroundSaeShell::signalProcessReady 1713217523 75160
[15:45:29.57] /o saeInterBGSaeShell:  ::sa::_backgroundSaeShell::processReady 6
[15:45:29.58] /i ::wf::updateViewerLicense 2
[15:45:29.97] /i ::wf::updateViewerLicense 2
[15:46:04.54] /i ::sa::_backgroundSaeShell::runScript /home/Cordero_Matamoros_I_2024_vlsi/simulation/tarea_2,compleja,schematic/bg_script.tcl 0 sa::_testSuite::run::netlistingComplete scriptDir /home/Cordero_Matamoros_I_2024_vlsi/simulation/tarea_2,compleja,schematic testSuiteName saeSession7 cmdArgs {default 0 new {{}}} taskId 4
[15:46:04.83] /w Warning: The environment option digitalOutputDataFormat is reset to FineSimProVCS default.
[15:46:04.83] /w Warning: The environment option mergedFile is reset to FineSimProVCS default.
[15:46:04.83] /w Warning: The environment option compilationOptions is reset to FineSimProVCS default.
[15:46:04.83] /w Warning: The environment option vhdlanOptions is reset to FineSimProVCS default.
[15:46:04.83] /w Warning: The environment option elaborationOptions is reset to FineSimProVCS default.
[15:46:04.83] /w Warning: The environment option analogSimulatorOptions is reset to FineSimProVCS default.
[15:46:04.83] /w Warning: The environment option outputDataFormat is reset to FineSimProVCS default.
[15:46:04.83] /w Warning: The environment option commandLineOptions is reset to FineSimProVCS default.
[15:46:04.84] /w Warning: The environment option switchViewList is reset to FineSimProVCS default.
[15:46:04.84] /w Warning: The environment option stopViewList is reset to FineSimProVCS default.
[15:46:05.03] /o 
[15:46:05.03] /o <> -------------------------------------------
[15:46:05.03] /o <>
[15:46:05.03] /o <> Loading XFAB PDK components
[15:46:05.03] /o <>  basic                            O.K
[15:46:05.04] /o <>  exports                          O.K
[15:46:05.05] /o <>  custom                           O.K
[15:46:05.06] /o <>  cdf                              O.K
[15:46:05.06] /o <>  netlisting                       O.K
[15:46:05.08] /o <>  useability                       WRN
[15:46:05.08] /e Error: "Following error happened during execution of ::gi::_giConsoleMessenger::_addToWindowType procedure during TCL callback Error: There are no registered attributes for object type 'string'. (TCL_OBJECT-008)" (POSTMAN-005)
[15:46:05.08] /o <>  synopsys                         O.K
[15:46:05.12] /o <>  pcellkit                         O.K
[15:46:05.14] /o <>  trigger_callbacks                O.K
[15:46:05.14] /o <> Loading XFAB PDK preferences
[15:46:05.14] /w Warning: Could not set the value of preference xtDRCTool because it does not exist. (PREFERENCE-016)
[15:46:05.14] /w Warning: Could not set the value of preference xtLVSTool because it does not exist. (PREFERENCE-016)
[15:46:05.14] /w Warning: Could not set the value of preference xtLVSSchNetlister because it does not exist. (PREFERENCE-016)
[15:46:05.14] /w Warning: Could not set the value of preference xtLPELVSTool because it does not exist. (PREFERENCE-016)
[15:46:05.14] /w Warning: Could not set the value of preference lxSplit because it does not exist. (PREFERENCE-016)
[15:46:05.14] /w Warning: Could not set the value of preference lxMFactorNames because it does not exist. (PREFERENCE-016)
[15:46:05.14] /w Warning: Could not set the value of preference lxTopBottomPinLPP because it does not exist. (PREFERENCE-016)
[15:46:05.14] /w Warning: Could not set the value of preference lxLeftRightPinLPP because it does not exist. (PREFERENCE-016)
[15:46:05.14] /w Warning: Preference 'nlPromoteTerms' is deprecated and scheduled for removal in a future release with no replacement. For migration assistance, see the Custom Compiler Tcl Reference Manual. (PREFERENCE-058)
[15:46:05.14] /w Warning: Could not set the value of preference xtPVLayerMapFile because it does not exist. (PREFERENCE-016)
[15:46:05.14] /w Warning: Could not set the value of preference xtLPEStarRunsetFile because it does not exist. (PREFERENCE-016)
[15:46:05.14] /w Warning: Could not set the value of preference xtStarTcadGrdFile because it does not exist. (PREFERENCE-016)
[15:46:05.14] /w Warning: Could not set the value of preference xtDRCICVIncludePaths because it does not exist. (PREFERENCE-016)
[15:46:05.14] /w Warning: Could not set the value of preference xtLVSICVIncludePaths because it does not exist. (PREFERENCE-016)
[15:46:05.15] /w Warning: Could not set the value of preference xtCDLViewSearchList because it does not exist. (PREFERENCE-016)
[15:46:05.15] /w Warning: Could not set the value of preference xtCDLViewStopList because it does not exist. (PREFERENCE-016)
[15:46:05.15] /w Warning: Could not set the value of preference xtDRCICVRunsetFile because it does not exist. (PREFERENCE-016)
[15:46:05.15] /w Warning: Could not set the value of preference xtLVSICVRunsetFile because it does not exist. (PREFERENCE-016)
[15:46:05.15] /w Warning: Could not set the value of preference xtDRCICVControlVars because it does not exist. (PREFERENCE-016)
[15:46:05.15] /w Warning: Could not set the value of preference xtLVSICVControlVars because it does not exist. (PREFERENCE-016)
[15:46:05.15] /o <> Loading Calibre presets for XFAB PDK
[15:46:05.15] /w Warning: Could not set the value of preference xtCalibreNetlistExportNetlisterEnabled because it does not exist. (PREFERENCE-016)
[15:46:05.15] /w Warning: Could not set the value of preference xtCalibreNetlistExportNetlister because it does not exist. (PREFERENCE-016)
[15:46:05.15] /w Warning: Could not set the value of preference xtCalibreNetlistExportViewList because it does not exist. (PREFERENCE-016)
[15:46:05.15] /w Warning: Could not set the value of preference xtCalibreNetlistExportStopList because it does not exist. (PREFERENCE-016)
[15:46:05.15] /o <> Loading .xfabrc user script
[15:46:05.15] /o <>
[15:46:05.15] /o <> -------------------------------------------
[15:46:05.15] /o <>
[15:46:05.15] /o <> Technology     xt018
[15:46:05.15] /o <> Version        v12_1_1_1
[15:46:05.15] /o <> LibCode        1243
[15:46:05.15] /o <> Core           LP 1.8V
[15:46:05.15] /o <> Metal          Thin4
[15:46:05.15] /o <> TopMetal       METTP&METTPL
[15:46:05.15] /o <>
[15:46:05.15] /o <> -------------------------------------------
[15:46:05.15] /o 
[15:46:05.15] /m Information: WARNLOAD  /mnt/vol_synopsys2023/pdks/xfab/design/xkit/xt018/synopsys/v12_1/PDK/CustomCompiler/v12_1_1_1/scripts/useability/xt018_mimant_check.tcl
[15:46:05.43] /w Warning: Preference 'dbParamTrimTrailingZeroesAfterDecimalPoint' is deprecated and scheduled for removal in a future release with no replacement. For migration assistance, see the Custom Compiler Tcl Reference Manual. (PREFERENCE-058)
[15:46:05.47] /w Warning: Error: Initializing startup file ':/auxx/layout_editor/startup.tcl' failed:
              /c Error: Initializing startup file ':/auxx/constraints/startup.tcl' failed:
              /c Error: Initializing startup file ':/auxx/constraints/bindings.tcl' failed:
              /c Error: Could not execute command 'gi::createBinding' because the supplied object 'cmDelete' for argument '-action' is invalid: Action with specified name does not exist. (COMMAND-026) (STARTUP-002) (STARTUP-002) (STARTUP-002)
[15:46:05.48] /w Warning: Preference 'nlNanoSimShortPropNames' is deprecated and scheduled for removal in a future release. Use 'nlNanoSimIgnorePropNames' instead. For migration assistance, see the Custom Compiler Tcl Reference Manual. (PREFERENCE-070)
[15:46:05.48] /w Warning: Preference 'nlCDLPromoteConnectDefsAtTop' is deprecated and scheduled for removal in a future release. Use 'nlCDLTopVirtualTerms' instead. For migration assistance, see the Custom Compiler Tcl Reference Manual. (PREFERENCE-070)
[15:46:05.48] /w Warning: Preference 'nlVerilogShortPropNames' is deprecated and scheduled for removal in a future release. Use 'nlVerilogIgnorePropNames' instead. For migration assistance, see the Custom Compiler Tcl Reference Manual. (PREFERENCE-070)
[15:46:05.48] /w Warning: Preference 'nlCDLShortPropNames' is deprecated and scheduled for removal in a future release. Use 'nlCDLIgnorePropNames' instead. For migration assistance, see the Custom Compiler Tcl Reference Manual. (PREFERENCE-070)
[15:46:05.48] /w Warning: Preference 'nlEldoShortPropNames' is deprecated and scheduled for removal in a future release. Use 'nlEldoIgnorePropNames' instead. For migration assistance, see the Custom Compiler Tcl Reference Manual. (PREFERENCE-070)
[15:46:05.48] /w Warning: Preference 'nlHSPICEShortPropNames' is deprecated and scheduled for removal in a future release. Use 'nlHSPICEIgnorePropNames' instead. For migration assistance, see the Custom Compiler Tcl Reference Manual. (PREFERENCE-070)
[15:46:05.48] /w Warning: Preference 'nlSpectreAMSShortPropNames' is deprecated and scheduled for removal in a future release. Use 'nlSpectreAMSIgnorePropNames' instead. For migration assistance, see the Custom Compiler Tcl Reference Manual. (PREFERENCE-070)
[15:46:05.48] /w Warning: Preference 'nlVHDLShortPropNames' is deprecated and scheduled for removal in a future release. Use 'nlVHDLIgnorePropNames' instead. For migration assistance, see the Custom Compiler Tcl Reference Manual. (PREFERENCE-070)
[15:46:05.48] /w Warning: Preference 'nlVerilogICCShortPropNames' is deprecated and scheduled for removal in a future release. Use 'nlVerilogICCIgnorePropNames' instead. For migration assistance, see the Custom Compiler Tcl Reference Manual. (PREFERENCE-070)
[15:46:05.48] /w Warning: Preference 'nlAMSShortPropNames' is deprecated and scheduled for removal in a future release. Use 'nlAMSIgnorePropNames' instead. For migration assistance, see the Custom Compiler Tcl Reference Manual. (PREFERENCE-070)
[15:46:05.48] /w Warning: Preference 'nlSpectreShortPropNames' is deprecated and scheduled for removal in a future release. Use 'nlSpectreIgnorePropNames' instead. For migration assistance, see the Custom Compiler Tcl Reference Manual. (PREFERENCE-070)
[15:46:05.48] /w Warning: Preference 'nlPromoteTerms' is deprecated and scheduled for removal in a future release with no replacement. For migration assistance, see the Custom Compiler Tcl Reference Manual. (PREFERENCE-058)
[15:46:05.57] /o 
[15:46:07.61] /o saeInterBGSaeShell:  ::sa::netlistAndRun::updateBgNRunMsg /home/Cordero_Matamoros_I_2024_vlsi/simulation/tarea_2,compleja,schematic/history_1/simulation/default/FineSimProVCS/nominal/results "Composing simulation job for testbench default - Nominal " 1 1
[15:46:07.62] /o saeInterBGSaeShell:  ::sa::_backgroundSaeShell::scriptFinished 3.0 {} sa::_testSuite::run::netlistingComplete scriptDir /home/Cordero_Matamoros_I_2024_vlsi/simulation/tarea_2,compleja,schematic testSuiteName saeSession7 cmdArgs {default 0 new {{}}} taskId 4
[15:46:07.62] /o false
[15:46:07.63] /i db::setAttr geometry -of [gi::getFrames 1] -value 1014x710+5+52
[15:46:45.73] /i ::sa::_backgroundSaeShell::runScript /home/Cordero_Matamoros_I_2024_vlsi/simulation/tarea_2,compleja,schematic/bg_script.tcl 0 sa::_testSuite::createNetlist::netlistingComplete scriptDir /home/Cordero_Matamoros_I_2024_vlsi/simulation/tarea_2,compleja,schematic testSuiteName saeSession7 cmdArgs {default 1 1 0 0 0} taskId 5
[15:46:45.75] /m Information: Feature 'SynopsysCustomSAE' checked in. (LICENSE-004)
[15:46:45.75] /o 
[15:46:45.76] /m Information: Feature 'SynopsysCustomSAE' checked out. (LICENSE-003)
[15:46:46.04] /w Warning: The environment option digitalOutputDataFormat is reset to FineSimProVCS default.
[15:46:46.04] /w Warning: The environment option mergedFile is reset to FineSimProVCS default.
[15:46:46.04] /w Warning: The environment option compilationOptions is reset to FineSimProVCS default.
[15:46:46.04] /w Warning: The environment option vhdlanOptions is reset to FineSimProVCS default.
[15:46:46.04] /w Warning: The environment option elaborationOptions is reset to FineSimProVCS default.
[15:46:46.04] /w Warning: The environment option analogSimulatorOptions is reset to FineSimProVCS default.
[15:46:46.04] /w Warning: The environment option numProcesses is reset to FineSimProVCS default.
[15:46:46.04] /w Warning: The environment option outputDataFormat is reset to FineSimProVCS default.
[15:46:46.04] /w Warning: The environment option commandLineOptions is reset to FineSimProVCS default.
[15:46:46.04] /w Warning: The environment option switchViewList is reset to FineSimProVCS default.
[15:46:46.04] /w Warning: The environment option stopViewList is reset to FineSimProVCS default.
[15:46:46.32] /w Warning: Preference 'dbParamTrimTrailingZeroesAfterDecimalPoint' is deprecated and scheduled for removal in a future release with no replacement. For migration assistance, see the Custom Compiler Tcl Reference Manual. (PREFERENCE-058)
[15:46:46.37] /w Warning: Preference 'nlNanoSimShortPropNames' is deprecated and scheduled for removal in a future release. Use 'nlNanoSimIgnorePropNames' instead. For migration assistance, see the Custom Compiler Tcl Reference Manual. (PREFERENCE-070)
[15:46:46.37] /w Warning: Preference 'nlCDLPromoteConnectDefsAtTop' is deprecated and scheduled for removal in a future release. Use 'nlCDLTopVirtualTerms' instead. For migration assistance, see the Custom Compiler Tcl Reference Manual. (PREFERENCE-070)
[15:46:46.37] /w Warning: Preference 'nlVerilogShortPropNames' is deprecated and scheduled for removal in a future release. Use 'nlVerilogIgnorePropNames' instead. For migration assistance, see the Custom Compiler Tcl Reference Manual. (PREFERENCE-070)
[15:46:46.37] /w Warning: Preference 'nlCDLShortPropNames' is deprecated and scheduled for removal in a future release. Use 'nlCDLIgnorePropNames' instead. For migration assistance, see the Custom Compiler Tcl Reference Manual. (PREFERENCE-070)
[15:46:46.37] /w Warning: Preference 'nlEldoShortPropNames' is deprecated and scheduled for removal in a future release. Use 'nlEldoIgnorePropNames' instead. For migration assistance, see the Custom Compiler Tcl Reference Manual. (PREFERENCE-070)
[15:46:46.37] /w Warning: Preference 'nlHSPICEShortPropNames' is deprecated and scheduled for removal in a future release. Use 'nlHSPICEIgnorePropNames' instead. For migration assistance, see the Custom Compiler Tcl Reference Manual. (PREFERENCE-070)
[15:46:46.37] /w Warning: Preference 'nlSpectreAMSShortPropNames' is deprecated and scheduled for removal in a future release. Use 'nlSpectreAMSIgnorePropNames' instead. For migration assistance, see the Custom Compiler Tcl Reference Manual. (PREFERENCE-070)
[15:46:46.37] /w Warning: Preference 'nlVHDLShortPropNames' is deprecated and scheduled for removal in a future release. Use 'nlVHDLIgnorePropNames' instead. For migration assistance, see the Custom Compiler Tcl Reference Manual. (PREFERENCE-070)
[15:46:46.37] /w Warning: Preference 'nlVerilogICCShortPropNames' is deprecated and scheduled for removal in a future release. Use 'nlVerilogICCIgnorePropNames' instead. For migration assistance, see the Custom Compiler Tcl Reference Manual. (PREFERENCE-070)
[15:46:46.37] /w Warning: Preference 'nlAMSShortPropNames' is deprecated and scheduled for removal in a future release. Use 'nlAMSIgnorePropNames' instead. For migration assistance, see the Custom Compiler Tcl Reference Manual. (PREFERENCE-070)
[15:46:46.37] /w Warning: Preference 'nlSpectreShortPropNames' is deprecated and scheduled for removal in a future release. Use 'nlSpectreIgnorePropNames' instead. For migration assistance, see the Custom Compiler Tcl Reference Manual. (PREFERENCE-070)
[15:46:46.37] /w Warning: Preference 'nlPromoteTerms' is deprecated and scheduled for removal in a future release with no replacement. For migration assistance, see the Custom Compiler Tcl Reference Manual. (PREFERENCE-058)
[15:46:46.39] /o saeInterBGSaeShell:  ::sa::netlistAndRun::updateBgNRunMsg /home/Cordero_Matamoros_I_2024_vlsi/simulation/tarea_2,compleja,schematic/history_1/simulation/default/FineSimProVCS/nominal/results "Creating structural netlist for testbench default ..." 0 1
[15:46:46.41] /m Information: "Starting incremental netlisting for design "tarea_2/compleja/schematic"..." (NETLISTING-010)
[15:46:46.41] /o Netlisting
[15:46:46.43] /o No Design Integrity rule violations found in "tarea_2/compleja/schematic"
[15:46:46.43] /o Scanning: tarea_2/compleja/schematic
[15:46:46.45] /o Computing terminal lists
[15:46:46.45] /o Processing terminals of module tarea_2/compleja/schematic
[15:46:46.46] /o Creating output directories
[15:46:46.48] /o Netlisting
[15:46:46.48] /o Formatting tarea_2/compleja/schematic
[15:46:46.53] /m Information: "tarea_2 compleja schematic" renetlisted. (NETLISTING-056)
[15:46:46.53] /m Information: "Netlisting design "tarea_2/compleja/schematic" finished successfully." (NETLISTING-012)
[15:46:46.54] /m Information: Composing simulator input file for design "tarea_2/compleja/schematic"...
[15:46:47.41] /o 
[15:46:47.41] /o Analyzing Hierarchy
[15:46:47.42] /o Finalizing
[15:46:47.42] /m Information: Simulator input file composed successfully for design "tarea_2/compleja/schematic"
[15:46:47.42] /o saeInterBGSaeShell:  ::sa::netlistAndRun::updateBgNRunMsg /home/Cordero_Matamoros_I_2024_vlsi/simulation/tarea_2,compleja,schematic/history_1/simulation/default/FineSimProVCS/nominal/results "Creating final netlist for testbench default ..." 0 0
[15:46:47.43] /o saeInterBGSaeShell:  ::sa::_backgroundSaeShell::scriptFinished 1.6 {} sa::_testSuite::createNetlist::netlistingComplete scriptDir /home/Cordero_Matamoros_I_2024_vlsi/simulation/tarea_2,compleja,schematic testSuiteName saeSession7 cmdArgs {default 1 1 0 0 0} taskId 5
[15:46:47.43] /o false
[15:51:48.99] /o saeInterBGSaeShell:  ::sa::_backgroundSaeShell::pingBack
[15:51:49.07] /i ::sa::_backgroundSaeShell::parentRunning
[15:51:49.07] /o false
[15:56:50.19] /o saeInterBGSaeShell:  ::sa::_backgroundSaeShell::pingBack
[15:56:50.36] /i ::sa::_backgroundSaeShell::parentRunning
[15:56:50.36] /o false
[16:01:51.39] /o saeInterBGSaeShell:  ::sa::_backgroundSaeShell::pingBack
[16:01:51.47] /i ::sa::_backgroundSaeShell::parentRunning
[16:01:51.47] /o false
[16:06:52.68] /o saeInterBGSaeShell:  ::sa::_backgroundSaeShell::pingBack
[16:06:52.87] /i ::sa::_backgroundSaeShell::parentRunning
[16:06:52.87] /o false
[16:11:53.99] /o saeInterBGSaeShell:  ::sa::_backgroundSaeShell::pingBack
[16:11:54.17] /i ::sa::_backgroundSaeShell::parentRunning
[16:11:54.17] /o false
[16:16:55.19] /o saeInterBGSaeShell:  ::sa::_backgroundSaeShell::pingBack
[16:16:55.27] /i ::sa::_backgroundSaeShell::parentRunning
[16:16:55.27] /o false
[16:17:13.91] /i ::sa::_backgroundSaeShell::runScript /home/Cordero_Matamoros_I_2024_vlsi/simulation/tarea_2,compleja,schematic/bg_script.tcl 0 sa::_testSuite::netlistAndRun::structNetlistingDone scriptDir /home/Cordero_Matamoros_I_2024_vlsi/simulation/tarea_2,compleja,schematic testSuiteName saeSession7 cmdArgs {default 1 1 0 1 0} taskId 6 isReRun 1
[16:17:13.92] /m Information: Feature 'SynopsysCustomSAE' checked in. (LICENSE-004)
[16:17:13.92] /o 
[16:17:13.92] /m Information: Feature 'SynopsysCustomSAE' checked out. (LICENSE-003)
[16:17:14.00] /w Warning: The environment option digitalOutputDataFormat is reset to FineSimProVCS default.
[16:17:14.00] /w Warning: The environment option mergedFile is reset to FineSimProVCS default.
[16:17:14.00] /w Warning: The environment option compilationOptions is reset to FineSimProVCS default.
[16:17:14.00] /w Warning: The environment option vhdlanOptions is reset to FineSimProVCS default.
[16:17:14.00] /w Warning: The environment option elaborationOptions is reset to FineSimProVCS default.
[16:17:14.00] /w Warning: The environment option analogSimulatorOptions is reset to FineSimProVCS default.
[16:17:14.00] /w Warning: The environment option numProcesses is reset to FineSimProVCS default.
[16:17:14.00] /w Warning: The environment option outputDataFormat is reset to FineSimProVCS default.
[16:17:14.00] /w Warning: The environment option commandLineOptions is reset to FineSimProVCS default.
[16:17:14.00] /w Warning: The environment option switchViewList is reset to FineSimProVCS default.
[16:17:14.00] /w Warning: The environment option stopViewList is reset to FineSimProVCS default.
[16:17:14.40] /w Warning: Preference 'dbParamTrimTrailingZeroesAfterDecimalPoint' is deprecated and scheduled for removal in a future release with no replacement. For migration assistance, see the Custom Compiler Tcl Reference Manual. (PREFERENCE-058)
[16:17:14.54] /w Warning: Preference 'nlNanoSimShortPropNames' is deprecated and scheduled for removal in a future release. Use 'nlNanoSimIgnorePropNames' instead. For migration assistance, see the Custom Compiler Tcl Reference Manual. (PREFERENCE-070)
[16:17:14.54] /w Warning: Preference 'nlCDLPromoteConnectDefsAtTop' is deprecated and scheduled for removal in a future release. Use 'nlCDLTopVirtualTerms' instead. For migration assistance, see the Custom Compiler Tcl Reference Manual. (PREFERENCE-070)
[16:17:14.54] /w Warning: Preference 'nlVerilogShortPropNames' is deprecated and scheduled for removal in a future release. Use 'nlVerilogIgnorePropNames' instead. For migration assistance, see the Custom Compiler Tcl Reference Manual. (PREFERENCE-070)
[16:17:14.54] /w Warning: Preference 'nlCDLShortPropNames' is deprecated and scheduled for removal in a future release. Use 'nlCDLIgnorePropNames' instead. For migration assistance, see the Custom Compiler Tcl Reference Manual. (PREFERENCE-070)
[16:17:14.54] /w Warning: Preference 'nlEldoShortPropNames' is deprecated and scheduled for removal in a future release. Use 'nlEldoIgnorePropNames' instead. For migration assistance, see the Custom Compiler Tcl Reference Manual. (PREFERENCE-070)
[16:17:14.54] /w Warning: Preference 'nlHSPICEShortPropNames' is deprecated and scheduled for removal in a future release. Use 'nlHSPICEIgnorePropNames' instead. For migration assistance, see the Custom Compiler Tcl Reference Manual. (PREFERENCE-070)
[16:17:14.54] /w Warning: Preference 'nlSpectreAMSShortPropNames' is deprecated and scheduled for removal in a future release. Use 'nlSpectreAMSIgnorePropNames' instead. For migration assistance, see the Custom Compiler Tcl Reference Manual. (PREFERENCE-070)
[16:17:14.54] /w Warning: Preference 'nlVHDLShortPropNames' is deprecated and scheduled for removal in a future release. Use 'nlVHDLIgnorePropNames' instead. For migration assistance, see the Custom Compiler Tcl Reference Manual. (PREFERENCE-070)
[16:17:14.54] /w Warning: Preference 'nlVerilogICCShortPropNames' is deprecated and scheduled for removal in a future release. Use 'nlVerilogICCIgnorePropNames' instead. For migration assistance, see the Custom Compiler Tcl Reference Manual. (PREFERENCE-070)
[16:17:14.54] /w Warning: Preference 'nlAMSShortPropNames' is deprecated and scheduled for removal in a future release. Use 'nlAMSIgnorePropNames' instead. For migration assistance, see the Custom Compiler Tcl Reference Manual. (PREFERENCE-070)
[16:17:14.54] /w Warning: Preference 'nlSpectreShortPropNames' is deprecated and scheduled for removal in a future release. Use 'nlSpectreIgnorePropNames' instead. For migration assistance, see the Custom Compiler Tcl Reference Manual. (PREFERENCE-070)
[16:17:14.54] /w Warning: Preference 'nlPromoteTerms' is deprecated and scheduled for removal in a future release with no replacement. For migration assistance, see the Custom Compiler Tcl Reference Manual. (PREFERENCE-058)
[16:17:14.57] /o saeInterBGSaeShell:  ::sa::netlistAndRun::updateBgNRunMsg /home/Cordero_Matamoros_I_2024_vlsi/simulation/tarea_2,compleja,schematic/history_1/simulation/default/FineSimProVCS/nominal/results "Creating structural netlist for testbench default ..." 0 1
[16:17:14.59] /m Information: "Starting incremental netlisting for design "tarea_2/compleja/schematic"..." (NETLISTING-010)
[16:17:14.60] /o Netlisting
[16:17:14.64] /o No Design Integrity rule violations found in "tarea_2/compleja/schematic"
[16:17:14.64] /o Scanning: tarea_2/compleja/schematic
[16:17:14.67] /o Computing terminal lists
[16:17:14.67] /o Processing terminals of module tarea_2/compleja/schematic
[16:17:14.67] /o Creating output directories
[16:17:14.70] /o Netlisting
[16:17:14.72] /m Information: "Netlisting design "tarea_2/compleja/schematic" finished successfully." (NETLISTING-012)
[16:17:14.73] /m Information: Composing simulator input file for design "tarea_2/compleja/schematic"...
[16:17:15.64] /o 
[16:17:15.64] /o Analyzing Hierarchy
[16:17:15.65] /o Finalizing
[16:17:15.65] /m Information: Simulator input file composed successfully for design "tarea_2/compleja/schematic"
[16:17:15.65] /o saeInterBGSaeShell:  ::sa::netlistAndRun::updateBgNRunMsg /home/Cordero_Matamoros_I_2024_vlsi/simulation/tarea_2,compleja,schematic/history_1/simulation/default/FineSimProVCS/nominal/results "Creating final netlist for testbench default ..." 0 0
[16:17:15.74] /o 
[16:17:15.99] /o saeInterBGSaeShell:  ::sa::netlistAndRun::updateBgNRunMsg /home/Cordero_Matamoros_I_2024_vlsi/simulation/tarea_2,compleja,schematic/history_1/simulation/default/FineSimProVCS/nominal/results "Composing simulation job for testbench default - Nominal " 1 1
[16:17:16.01] /o saeInterBGSaeShell:  ::sa::_backgroundSaeShell::scriptFinished 2.1 {} sa::_testSuite::netlistAndRun::structNetlistingDone scriptDir /home/Cordero_Matamoros_I_2024_vlsi/simulation/tarea_2,compleja,schematic testSuiteName saeSession7 cmdArgs {default 1 1 0 1 0} taskId 6 isReRun 1
[16:17:16.01] /o false
[16:17:43.63] /i ::sa::_backgroundSaeShell::runScript /home/Cordero_Matamoros_I_2024_vlsi/simulation/tarea_2,compleja,schematic/history_1/simulation/default/FineSimProVCS/nominal/.bg_measurement_script.tcl 0 sa::_resultsDatabase::saeShellProcessingCompletedProc testSuiteName saeSession7 uniqueSessionName {} testbenchName default resultsDir /home/Cordero_Matamoros_I_2024_vlsi/simulation/tarea_2,compleja,schematic/history_1/simulation/default/FineSimProVCS/nominal/results testSuiteDir /home/Cordero_Matamoros_I_2024_vlsi/simulation/tarea_2,compleja,schematic/history_1/simulation/default/FineSimProVCS/nominal databaseName /home/Cordero_Matamoros_I_2024_vlsi/simulation/tarea_2,compleja,schematic/history_1/simulation/default/FineSimProVCS/nominal/resultsDatabase remoteRun {} testbenchId 1 saveImages true
[16:17:43.64] /m Information: Feature 'SynopsysCustomSAE' checked in. (LICENSE-004)
[16:17:43.64] /o 
[16:17:43.65] /m Information: Feature 'SynopsysCustomSAE' checked out. (LICENSE-003)
[16:17:43.69] /w Warning: The environment option digitalOutputDataFormat is reset to FineSimProVCS default.
[16:17:43.69] /w Warning: The environment option mergedFile is reset to FineSimProVCS default.
[16:17:43.69] /w Warning: The environment option compilationOptions is reset to FineSimProVCS default.
[16:17:43.69] /w Warning: The environment option vhdlanOptions is reset to FineSimProVCS default.
[16:17:43.69] /w Warning: The environment option elaborationOptions is reset to FineSimProVCS default.
[16:17:43.69] /w Warning: The environment option analogSimulatorOptions is reset to FineSimProVCS default.
[16:17:43.69] /w Warning: The environment option numProcesses is reset to FineSimProVCS default.
[16:17:43.69] /w Warning: The environment option outputDataFormat is reset to FineSimProVCS default.
[16:17:43.69] /w Warning: The environment option commandLineOptions is reset to FineSimProVCS default.
[16:17:43.69] /w Warning: The environment option switchViewList is reset to FineSimProVCS default.
[16:17:43.69] /w Warning: The environment option stopViewList is reset to FineSimProVCS default.
[16:17:43.74] /m Information: Loading preferences from /home/Cordero_Matamoros_I_2024_vlsi/simulation/tarea_2,compleja,schematic/history_1/simulation/default/FineSimProVCS/nominal/pw_shell_session_prefs.xml
[16:17:43.96] /e Error: "Enabling/disabling freezing is not allowed if there are open superMasters" (PCELL_FREEZING-005)
[16:17:43.96] /w Warning: Preference cannot be modified (Value 'false' for preference 'dbPcellFreezeEnabled' is invalid.). (PREFERENCE-035)
[16:17:44.05] /m Information: Start incremental database creation...
[16:17:44.06] /m Information: Create Iter role param id map
[16:17:44.08] /o saeInterBGSaeShell:  ::sa::_backgroundSaeShell::scriptFinished 0.4 {} sa::_resultsDatabase::saeShellProcessingCompletedProc testSuiteName saeSession7 uniqueSessionName {} testbenchName default resultsDir /home/Cordero_Matamoros_I_2024_vlsi/simulation/tarea_2,compleja,schematic/history_1/simulation/default/FineSimProVCS/nominal/results testSuiteDir /home/Cordero_Matamoros_I_2024_vlsi/simulation/tarea_2,compleja,schematic/history_1/simulation/default/FineSimProVCS/nominal databaseName /home/Cordero_Matamoros_I_2024_vlsi/simulation/tarea_2,compleja,schematic/history_1/simulation/default/FineSimProVCS/nominal/resultsDatabase remoteRun {} testbenchId 1 saveImages true
[16:17:44.08] /o false
[16:17:44.08] /i ::wf::viewerExited
[16:18:48.37] /i ::wf::viewerExited
[16:18:49.46] /i ::wf::updateViewerLicense 2
[16:18:59.31] /i ::sa::_backgroundSaeShell::runScript /home/Cordero_Matamoros_I_2024_vlsi/simulation/tarea_2,compleja,schematic/bg_script.tcl 0 sa::_testSuite::netlistAndRun::structNetlistingDone scriptDir /home/Cordero_Matamoros_I_2024_vlsi/simulation/tarea_2,compleja,schematic testSuiteName saeSession7 cmdArgs {default 1 1 0 1 0} taskId 7 isReRun 1
[16:18:59.33] /m Information: Feature 'SynopsysCustomSAE' checked in. (LICENSE-004)
[16:18:59.33] /o 
[16:18:59.34] /m Information: Feature 'SynopsysCustomSAE' checked out. (LICENSE-003)
[16:18:59.41] /w Warning: The environment option digitalOutputDataFormat is reset to FineSimProVCS default.
[16:18:59.41] /w Warning: The environment option mergedFile is reset to FineSimProVCS default.
[16:18:59.41] /w Warning: The environment option compilationOptions is reset to FineSimProVCS default.
[16:18:59.41] /w Warning: The environment option vhdlanOptions is reset to FineSimProVCS default.
[16:18:59.41] /w Warning: The environment option elaborationOptions is reset to FineSimProVCS default.
[16:18:59.41] /w Warning: The environment option analogSimulatorOptions is reset to FineSimProVCS default.
[16:18:59.41] /w Warning: The environment option numProcesses is reset to FineSimProVCS default.
[16:18:59.41] /w Warning: The environment option outputDataFormat is reset to FineSimProVCS default.
[16:18:59.41] /w Warning: The environment option commandLineOptions is reset to FineSimProVCS default.
[16:18:59.41] /w Warning: The environment option switchViewList is reset to FineSimProVCS default.
[16:18:59.41] /w Warning: The environment option stopViewList is reset to FineSimProVCS default.
[16:18:59.75] /w Warning: Preference 'dbParamTrimTrailingZeroesAfterDecimalPoint' is deprecated and scheduled for removal in a future release with no replacement. For migration assistance, see the Custom Compiler Tcl Reference Manual. (PREFERENCE-058)
[16:18:59.86] /w Warning: Preference 'nlNanoSimShortPropNames' is deprecated and scheduled for removal in a future release. Use 'nlNanoSimIgnorePropNames' instead. For migration assistance, see the Custom Compiler Tcl Reference Manual. (PREFERENCE-070)
[16:18:59.86] /w Warning: Preference 'nlCDLPromoteConnectDefsAtTop' is deprecated and scheduled for removal in a future release. Use 'nlCDLTopVirtualTerms' instead. For migration assistance, see the Custom Compiler Tcl Reference Manual. (PREFERENCE-070)
[16:18:59.86] /w Warning: Preference 'nlVerilogShortPropNames' is deprecated and scheduled for removal in a future release. Use 'nlVerilogIgnorePropNames' instead. For migration assistance, see the Custom Compiler Tcl Reference Manual. (PREFERENCE-070)
[16:18:59.86] /w Warning: Preference 'nlCDLShortPropNames' is deprecated and scheduled for removal in a future release. Use 'nlCDLIgnorePropNames' instead. For migration assistance, see the Custom Compiler Tcl Reference Manual. (PREFERENCE-070)
[16:18:59.86] /w Warning: Preference 'nlEldoShortPropNames' is deprecated and scheduled for removal in a future release. Use 'nlEldoIgnorePropNames' instead. For migration assistance, see the Custom Compiler Tcl Reference Manual. (PREFERENCE-070)
[16:18:59.86] /w Warning: Preference 'nlHSPICEShortPropNames' is deprecated and scheduled for removal in a future release. Use 'nlHSPICEIgnorePropNames' instead. For migration assistance, see the Custom Compiler Tcl Reference Manual. (PREFERENCE-070)
[16:18:59.86] /w Warning: Preference 'nlSpectreAMSShortPropNames' is deprecated and scheduled for removal in a future release. Use 'nlSpectreAMSIgnorePropNames' instead. For migration assistance, see the Custom Compiler Tcl Reference Manual. (PREFERENCE-070)
[16:18:59.86] /w Warning: Preference 'nlVHDLShortPropNames' is deprecated and scheduled for removal in a future release. Use 'nlVHDLIgnorePropNames' instead. For migration assistance, see the Custom Compiler Tcl Reference Manual. (PREFERENCE-070)
[16:18:59.86] /w Warning: Preference 'nlVerilogICCShortPropNames' is deprecated and scheduled for removal in a future release. Use 'nlVerilogICCIgnorePropNames' instead. For migration assistance, see the Custom Compiler Tcl Reference Manual. (PREFERENCE-070)
[16:18:59.86] /w Warning: Preference 'nlAMSShortPropNames' is deprecated and scheduled for removal in a future release. Use 'nlAMSIgnorePropNames' instead. For migration assistance, see the Custom Compiler Tcl Reference Manual. (PREFERENCE-070)
[16:18:59.86] /w Warning: Preference 'nlSpectreShortPropNames' is deprecated and scheduled for removal in a future release. Use 'nlSpectreIgnorePropNames' instead. For migration assistance, see the Custom Compiler Tcl Reference Manual. (PREFERENCE-070)
[16:18:59.86] /w Warning: Preference 'nlPromoteTerms' is deprecated and scheduled for removal in a future release with no replacement. For migration assistance, see the Custom Compiler Tcl Reference Manual. (PREFERENCE-058)
[16:18:59.88] /o saeInterBGSaeShell:  ::sa::netlistAndRun::updateBgNRunMsg /home/Cordero_Matamoros_I_2024_vlsi/simulation/tarea_2,compleja,schematic/history_1/simulation/default/FineSimProVCS/nominal/results "Creating structural netlist for testbench default ..." 0 1
[16:18:59.90] /m Information: "Starting incremental netlisting for design "tarea_2/compleja/schematic"..." (NETLISTING-010)
[16:18:59.91] /o Netlisting
[16:18:59.93] /o No Design Integrity rule violations found in "tarea_2/compleja/schematic"
[16:18:59.93] /o Scanning: tarea_2/compleja/schematic
[16:18:59.96] /o Computing terminal lists
[16:18:59.96] /o Processing terminals of module tarea_2/compleja/schematic
[16:18:59.96] /o Creating output directories
[16:18:59.98] /o Netlisting
[16:18:59.99] /m Information: "Netlisting design "tarea_2/compleja/schematic" finished successfully." (NETLISTING-012)
[16:19:00.00] /m Information: Composing simulator input file for design "tarea_2/compleja/schematic"...
[16:19:00.91] /o 
[16:19:00.91] /o Analyzing Hierarchy
[16:19:00.91] /o Finalizing
[16:19:00.91] /m Information: Simulator input file composed successfully for design "tarea_2/compleja/schematic"
[16:19:00.91] /o saeInterBGSaeShell:  ::sa::netlistAndRun::updateBgNRunMsg /home/Cordero_Matamoros_I_2024_vlsi/simulation/tarea_2,compleja,schematic/history_1/simulation/default/FineSimProVCS/nominal/results "Creating final netlist for testbench default ..." 0 0
[16:19:01.00] /o 
[16:19:01.27] /o saeInterBGSaeShell:  ::sa::netlistAndRun::updateBgNRunMsg /home/Cordero_Matamoros_I_2024_vlsi/simulation/tarea_2,compleja,schematic/history_1/simulation/default/FineSimProVCS/nominal/results "Composing simulation job for testbench default - Nominal " 1 1
[16:19:01.29] /o saeInterBGSaeShell:  ::sa::_backgroundSaeShell::scriptFinished 1.9 {} sa::_testSuite::netlistAndRun::structNetlistingDone scriptDir /home/Cordero_Matamoros_I_2024_vlsi/simulation/tarea_2,compleja,schematic testSuiteName saeSession7 cmdArgs {default 1 1 0 1 0} taskId 7 isReRun 1
[16:19:01.29] /o false
[16:19:28.91] /i ::sa::_backgroundSaeShell::runScript /home/Cordero_Matamoros_I_2024_vlsi/simulation/tarea_2,compleja,schematic/history_1/simulation/default/FineSimProVCS/nominal/.bg_measurement_script.tcl 0 sa::_resultsDatabase::saeShellProcessingCompletedProc testSuiteName saeSession7 uniqueSessionName {} testbenchName default resultsDir /home/Cordero_Matamoros_I_2024_vlsi/simulation/tarea_2,compleja,schematic/history_1/simulation/default/FineSimProVCS/nominal/results testSuiteDir /home/Cordero_Matamoros_I_2024_vlsi/simulation/tarea_2,compleja,schematic/history_1/simulation/default/FineSimProVCS/nominal databaseName /home/Cordero_Matamoros_I_2024_vlsi/simulation/tarea_2,compleja,schematic/history_1/simulation/default/FineSimProVCS/nominal/resultsDatabase remoteRun {} testbenchId 1 saveImages true
[16:19:28.92] /m Information: Feature 'SynopsysCustomSAE' checked in. (LICENSE-004)
[16:19:28.93] /o 
[16:19:28.93] /m Information: Feature 'SynopsysCustomSAE' checked out. (LICENSE-003)
[16:19:28.97] /w Warning: The environment option digitalOutputDataFormat is reset to FineSimProVCS default.
[16:19:28.97] /w Warning: The environment option mergedFile is reset to FineSimProVCS default.
[16:19:28.97] /w Warning: The environment option compilationOptions is reset to FineSimProVCS default.
[16:19:28.97] /w Warning: The environment option vhdlanOptions is reset to FineSimProVCS default.
[16:19:28.97] /w Warning: The environment option elaborationOptions is reset to FineSimProVCS default.
[16:19:28.97] /w Warning: The environment option analogSimulatorOptions is reset to FineSimProVCS default.
[16:19:28.97] /w Warning: The environment option numProcesses is reset to FineSimProVCS default.
[16:19:28.97] /w Warning: The environment option outputDataFormat is reset to FineSimProVCS default.
[16:19:28.97] /w Warning: The environment option commandLineOptions is reset to FineSimProVCS default.
[16:19:28.97] /w Warning: The environment option switchViewList is reset to FineSimProVCS default.
[16:19:28.97] /w Warning: The environment option stopViewList is reset to FineSimProVCS default.
[16:19:29.02] /m Information: Loading preferences from /home/Cordero_Matamoros_I_2024_vlsi/simulation/tarea_2,compleja,schematic/history_1/simulation/default/FineSimProVCS/nominal/pw_shell_session_prefs.xml
[16:19:29.24] /e Error: "Enabling/disabling freezing is not allowed if there are open superMasters" (PCELL_FREEZING-005)
[16:19:29.24] /w Warning: Preference cannot be modified (Value 'false' for preference 'dbPcellFreezeEnabled' is invalid.). (PREFERENCE-035)
[16:19:29.33] /m Information: Start incremental database creation...
[16:19:29.34] /m Information: Create Iter role param id map
[16:19:29.36] /o saeInterBGSaeShell:  ::sa::_backgroundSaeShell::scriptFinished 0.4 {} sa::_resultsDatabase::saeShellProcessingCompletedProc testSuiteName saeSession7 uniqueSessionName {} testbenchName default resultsDir /home/Cordero_Matamoros_I_2024_vlsi/simulation/tarea_2,compleja,schematic/history_1/simulation/default/FineSimProVCS/nominal/results testSuiteDir /home/Cordero_Matamoros_I_2024_vlsi/simulation/tarea_2,compleja,schematic/history_1/simulation/default/FineSimProVCS/nominal databaseName /home/Cordero_Matamoros_I_2024_vlsi/simulation/tarea_2,compleja,schematic/history_1/simulation/default/FineSimProVCS/nominal/resultsDatabase remoteRun {} testbenchId 1 saveImages true
[16:19:29.36] /o false
[16:19:29.36] /i ::wf::viewerExited
[16:24:32.47] /m Information: Feature 'SynopsysCustomSAE' checked in. (LICENSE-004)
[16:24:32.47] /m Information: Stopped sharing "Primewave" license. (WAVEFORM-111)
[16:24:32.47] /m Information: Stopped sharing "Custom WaveView ADV" license. (WAVEFORM-111)
[16:24:32.72] /o saeInterBGSaeShell:  ::sa::_backgroundSaeShell::pingBack
[16:24:32.77] /i ::sa::_backgroundSaeShell::parentRunning
[16:24:32.77] /o false
[16:29:33.93] /o saeInterBGSaeShell:  ::sa::_backgroundSaeShell::pingBack
[16:29:33.96] /i ::sa::_backgroundSaeShell::parentRunning
[16:29:33.97] /o false
[16:31:50.57] /i ::wf::viewerExited
[16:31:51.64] /i ::wf::updateViewerLicense 2
[16:34:35.13] /o saeInterBGSaeShell:  ::sa::_backgroundSaeShell::pingBack
[16:34:35.17] /i ::sa::_backgroundSaeShell::parentRunning
[16:34:35.17] /o false
[16:39:36.34] /o saeInterBGSaeShell:  ::sa::_backgroundSaeShell::pingBack
[16:39:36.47] /i ::sa::_backgroundSaeShell::parentRunning
[16:39:36.47] /o false
[16:44:37.54] /o saeInterBGSaeShell:  ::sa::_backgroundSaeShell::pingBack
[16:44:37.67] /i ::sa::_backgroundSaeShell::parentRunning
[16:44:37.67] /o false
[16:49:38.74] /o saeInterBGSaeShell:  ::sa::_backgroundSaeShell::pingBack
[16:49:38.87] /i ::sa::_backgroundSaeShell::parentRunning
[16:49:38.87] /o false
[16:54:39.94] /o saeInterBGSaeShell:  ::sa::_backgroundSaeShell::pingBack
[16:54:40.07] /i ::sa::_backgroundSaeShell::parentRunning
[16:54:40.07] /o false
[16:59:41.15] /o saeInterBGSaeShell:  ::sa::_backgroundSaeShell::pingBack
[16:59:41.27] /i ::sa::_backgroundSaeShell::parentRunning
[16:59:41.27] /o false
[17:04:42.35] /o saeInterBGSaeShell:  ::sa::_backgroundSaeShell::pingBack
[17:04:42.47] /i ::sa::_backgroundSaeShell::parentRunning
[17:04:42.47] /o false
[17:09:43.54] /o saeInterBGSaeShell:  ::sa::_backgroundSaeShell::pingBack
[17:09:43.67] /i ::sa::_backgroundSaeShell::parentRunning
[17:09:43.67] /o false
[17:14:44.76] /o saeInterBGSaeShell:  ::sa::_backgroundSaeShell::pingBack
[17:14:44.77] /i ::sa::_backgroundSaeShell::parentRunning
[17:14:44.77] /o false
[17:19:45.97] /o saeInterBGSaeShell:  ::sa::_backgroundSaeShell::pingBack
[17:19:46.17] /i ::sa::_backgroundSaeShell::parentRunning
[17:19:46.17] /o false
[17:24:47.16] /o saeInterBGSaeShell:  ::sa::_backgroundSaeShell::pingBack
[17:24:47.27] /i ::sa::_backgroundSaeShell::parentRunning
[17:24:47.27] /o false
[17:29:48.36] /o saeInterBGSaeShell:  ::sa::_backgroundSaeShell::pingBack
[17:29:48.36] /i ::sa::_backgroundSaeShell::parentRunning
[17:29:48.36] /o false
[17:34:49.56] /o saeInterBGSaeShell:  ::sa::_backgroundSaeShell::pingBack
[17:34:49.56] /i ::sa::_backgroundSaeShell::parentRunning
[17:34:49.56] /o false
[17:39:50.77] /o saeInterBGSaeShell:  ::sa::_backgroundSaeShell::pingBack
[17:39:50.97] /i ::sa::_backgroundSaeShell::parentRunning
[17:39:50.97] /o false
[17:44:51.96] /o saeInterBGSaeShell:  ::sa::_backgroundSaeShell::pingBack
[17:44:51.97] /i ::sa::_backgroundSaeShell::parentRunning
[17:44:51.97] /o false
[17:49:53.17] /o saeInterBGSaeShell:  ::sa::_backgroundSaeShell::pingBack
[17:49:53.27] /i ::sa::_backgroundSaeShell::parentRunning
[17:49:53.27] /o false
[17:54:54.38] /o saeInterBGSaeShell:  ::sa::_backgroundSaeShell::pingBack
[17:54:54.57] /i ::sa::_backgroundSaeShell::parentRunning
[17:54:54.57] /o false
[17:59:55.58] /o saeInterBGSaeShell:  ::sa::_backgroundSaeShell::pingBack
[17:59:55.67] /i ::sa::_backgroundSaeShell::parentRunning
[17:59:55.67] /o false
[18:04:56.78] /o saeInterBGSaeShell:  ::sa::_backgroundSaeShell::pingBack
[18:04:56.97] /i ::sa::_backgroundSaeShell::parentRunning
[18:04:56.97] /o false
[18:09:58.17] /o saeInterBGSaeShell:  ::sa::_backgroundSaeShell::pingBack
[18:09:58.37] /i ::sa::_backgroundSaeShell::parentRunning
[18:09:58.37] /o false
[18:14:59.37] /o saeInterBGSaeShell:  ::sa::_backgroundSaeShell::pingBack
[18:14:59.47] /i ::sa::_backgroundSaeShell::parentRunning
[18:14:59.47] /o false
[18:17:15.59] /i ::sa::_backgroundSaeShell::runScript /home/Cordero_Matamoros_I_2024_vlsi/simulation/tarea_2,compleja,schematic/bg_script.tcl 0 sa::_testSuite::createNetlist::netlistingComplete scriptDir /home/Cordero_Matamoros_I_2024_vlsi/simulation/tarea_2,compleja,schematic testSuiteName saeSession7 cmdArgs {default 1 1 0 0 0} taskId 8
[18:17:15.61] /o 
[18:17:15.61] /m Information: Feature 'SynopsysCustomSAE' checked out. (LICENSE-003)
[18:17:15.62] /m Information: Started sharing "Custom WaveView ADV" license. (WAVEFORM-110)
[18:17:15.62] /m Information: Started sharing "Primewave" license. (WAVEFORM-110)
[18:17:15.70] /w Warning: The environment option digitalOutputDataFormat is reset to FineSimProVCS default.
[18:17:15.70] /w Warning: The environment option mergedFile is reset to FineSimProVCS default.
[18:17:15.70] /w Warning: The environment option compilationOptions is reset to FineSimProVCS default.
[18:17:15.70] /w Warning: The environment option vhdlanOptions is reset to FineSimProVCS default.
[18:17:15.70] /w Warning: The environment option elaborationOptions is reset to FineSimProVCS default.
[18:17:15.70] /w Warning: The environment option analogSimulatorOptions is reset to FineSimProVCS default.
[18:17:15.70] /w Warning: The environment option numProcesses is reset to FineSimProVCS default.
[18:17:15.70] /w Warning: The environment option outputDataFormat is reset to FineSimProVCS default.
[18:17:15.70] /w Warning: The environment option commandLineOptions is reset to FineSimProVCS default.
[18:17:15.70] /w Warning: The environment option switchViewList is reset to FineSimProVCS default.
[18:17:15.70] /w Warning: The environment option stopViewList is reset to FineSimProVCS default.
[18:17:16.04] /w Warning: Preference 'dbParamTrimTrailingZeroesAfterDecimalPoint' is deprecated and scheduled for removal in a future release with no replacement. For migration assistance, see the Custom Compiler Tcl Reference Manual. (PREFERENCE-058)
[18:17:16.14] /w Warning: Preference 'nlNanoSimShortPropNames' is deprecated and scheduled for removal in a future release. Use 'nlNanoSimIgnorePropNames' instead. For migration assistance, see the Custom Compiler Tcl Reference Manual. (PREFERENCE-070)
[18:17:16.14] /w Warning: Preference 'nlCDLPromoteConnectDefsAtTop' is deprecated and scheduled for removal in a future release. Use 'nlCDLTopVirtualTerms' instead. For migration assistance, see the Custom Compiler Tcl Reference Manual. (PREFERENCE-070)
[18:17:16.14] /w Warning: Preference 'nlVerilogShortPropNames' is deprecated and scheduled for removal in a future release. Use 'nlVerilogIgnorePropNames' instead. For migration assistance, see the Custom Compiler Tcl Reference Manual. (PREFERENCE-070)
[18:17:16.14] /w Warning: Preference 'nlCDLShortPropNames' is deprecated and scheduled for removal in a future release. Use 'nlCDLIgnorePropNames' instead. For migration assistance, see the Custom Compiler Tcl Reference Manual. (PREFERENCE-070)
[18:17:16.14] /w Warning: Preference 'nlEldoShortPropNames' is deprecated and scheduled for removal in a future release. Use 'nlEldoIgnorePropNames' instead. For migration assistance, see the Custom Compiler Tcl Reference Manual. (PREFERENCE-070)
[18:17:16.14] /w Warning: Preference 'nlHSPICEShortPropNames' is deprecated and scheduled for removal in a future release. Use 'nlHSPICEIgnorePropNames' instead. For migration assistance, see the Custom Compiler Tcl Reference Manual. (PREFERENCE-070)
[18:17:16.14] /w Warning: Preference 'nlSpectreAMSShortPropNames' is deprecated and scheduled for removal in a future release. Use 'nlSpectreAMSIgnorePropNames' instead. For migration assistance, see the Custom Compiler Tcl Reference Manual. (PREFERENCE-070)
[18:17:16.14] /w Warning: Preference 'nlVHDLShortPropNames' is deprecated and scheduled for removal in a future release. Use 'nlVHDLIgnorePropNames' instead. For migration assistance, see the Custom Compiler Tcl Reference Manual. (PREFERENCE-070)
[18:17:16.14] /w Warning: Preference 'nlVerilogICCShortPropNames' is deprecated and scheduled for removal in a future release. Use 'nlVerilogICCIgnorePropNames' instead. For migration assistance, see the Custom Compiler Tcl Reference Manual. (PREFERENCE-070)
[18:17:16.14] /w Warning: Preference 'nlAMSShortPropNames' is deprecated and scheduled for removal in a future release. Use 'nlAMSIgnorePropNames' instead. For migration assistance, see the Custom Compiler Tcl Reference Manual. (PREFERENCE-070)
[18:17:16.14] /w Warning: Preference 'nlSpectreShortPropNames' is deprecated and scheduled for removal in a future release. Use 'nlSpectreIgnorePropNames' instead. For migration assistance, see the Custom Compiler Tcl Reference Manual. (PREFERENCE-070)
[18:17:16.14] /w Warning: Preference 'nlPromoteTerms' is deprecated and scheduled for removal in a future release with no replacement. For migration assistance, see the Custom Compiler Tcl Reference Manual. (PREFERENCE-058)
[18:17:16.17] /o saeInterBGSaeShell:  ::sa::netlistAndRun::updateBgNRunMsg /home/Cordero_Matamoros_I_2024_vlsi/simulation/tarea_2,compleja,schematic/history_1/simulation/default/FineSimProVCS/nominal/results "Creating structural netlist for testbench default ..." 0 1
[18:17:16.18] /m Information: "Starting incremental netlisting for design "tarea_2/compleja/schematic"..." (NETLISTING-010)
[18:17:16.20] /o Netlisting
[18:17:16.22] /o No Design Integrity rule violations found in "tarea_2/compleja/schematic"
[18:17:16.22] /o Scanning: tarea_2/compleja/schematic
[18:17:16.24] /w Warning: The following design(s) are outdated: tarea_2/compleja/schematic (NETLISTING-112)
[18:17:16.25] /o Computing terminal lists
[18:17:16.25] /o Processing terminals of module tarea_2/compleja/schematic
[18:17:16.26] /o Creating output directories
[18:17:16.28] /o Netlisting
[18:17:16.29] /m Information: "Netlisting design "tarea_2/compleja/schematic" finished successfully." (NETLISTING-012)
[18:17:16.29] /m Information: Composing simulator input file for design "tarea_2/compleja/schematic"...
[18:17:18.11] /o 
[18:17:18.11] /o Analyzing Hierarchy
[18:17:18.11] /o Finalizing
[18:17:18.11] /m Information: Simulator input file composed successfully for design "tarea_2/compleja/schematic"
[18:17:18.11] /o saeInterBGSaeShell:  ::sa::netlistAndRun::updateBgNRunMsg /home/Cordero_Matamoros_I_2024_vlsi/simulation/tarea_2,compleja,schematic/history_1/simulation/default/FineSimProVCS/nominal/results "Creating final netlist for testbench default ..." 0 0
[18:17:18.12] /o saeInterBGSaeShell:  ::sa::_backgroundSaeShell::scriptFinished 2.5 {} sa::_testSuite::createNetlist::netlistingComplete scriptDir /home/Cordero_Matamoros_I_2024_vlsi/simulation/tarea_2,compleja,schematic testSuiteName saeSession7 cmdArgs {default 1 1 0 0 0} taskId 8
[18:17:18.12] /o false
[18:22:10.48] /i ::sa::_backgroundSaeShell::exit
[18:22:10.49] /o saeInterBGSaeShell:  ::sa::_backgroundSaeShell::childFormallyExiting
[18:22:12.26] /o Shutdown time: Mon Apr 15 18:22:12 2024
[18:22:12.26] /o Elapsed session real time: 2 hours 36.75 minutes
[18:22:12.26] /o Session terminated. Log is at /mnt/vol_NFS_rh003/Est_VLSI_I_2024/Cordero_Matamoros_I_2024_vlsi/tarea_2/synopsys_custom/logs/primewave.Cordero_Matamoros_I_2024_vlsi.2024_4_15_154524_118771.log
