[15:47:22.76] /o 
              /c                    PrimeWave Design Environment
              /c 
              /c            Version U-2023.03-SP2 for linux64 - Aug 24, 2023 00:53:01 
              /c 
              /c                     Copyright (c) 2000 - 2023 Synopsys, Inc.
              /c    This software and the associated documentation are proprietary to Synopsys,
              /c  Inc. This software may only be used in accordance with the terms and conditions
              /c  of a written license agreement with Synopsys, Inc. All other use, reproduction,
              /c    or distribution of this software is strictly prohibited.  Licensed Products
              /c      communicate with Synopsys servers for the purpose of providing software
              /c     updates, detecting software piracy and verifying that customers are using
              /c     Licensed Products in conformity with the applicable License Key for such
              /c   Licensed Products. Synopsys will use information gathered in connection with
              /c     this process to deliver software updates and pursue software pirates and
              /c                                    infringers.
              /c 
              /c  Inclusivity & Diversity - Visit SolvNetPlus to read the "Synopsys Statement on
              /c             Inclusivity and Diversity" (Refer to article 000036315 at
              /c                         https://solvnetplus.synopsys.com)
              /c 
              /c Build  (OPT) Config 9117514 compiled on Wed Aug 23 10:56:58 2023 for CentOS64 7.3
              /c Invocation: /mnt/vol_synopsys2023/synopsys/primewave/U-2023.03-SP2/linux64/platform/bin/primewave_st -gui 0 -log pw_shell_session4_job2 -libDefFile /mnt/vol_NFS_rh003/Est_VLSI_I_2024/Cordero_Matamoros_I_2024_vlsi/tarea_2/lib.defs
              /c Execution time: Mon Apr 29 15:47:19 2024
              /c Host: redhat003
              /c 
[15:47:22.78] /m Information: Started sharing "Custom WaveView ADV" license. (WAVEFORM-110)
[15:47:22.78] /m Information: Started sharing "Primewave" license. (WAVEFORM-110)
[15:47:22.78] /m Information: Feature 'SynopsysCustomSAE' checked out. (LICENSE-003)
[15:47:27.37] /r giShowFrameTabs true
[15:47:27.37] /r giWindowId 1
[15:47:27.37] /r giWindowGeometry 1040x800
[15:47:27.44] /i ::sa::_backgroundSaeShell::signalProcessReady 1714427238 539908
[15:47:27.44] /o saeInterBGSaeShell:  ::sa::_backgroundSaeShell::processReady 9
[15:47:56.29] /i ::wf::viewerExited
[15:52:23.42] /m Information: Feature 'SynopsysCustomSAE' checked in. (LICENSE-004)
[15:52:23.42] /m Information: Stopped sharing "Primewave" license. (WAVEFORM-111)
[15:52:23.42] /m Information: Stopped sharing "Custom WaveView ADV" license. (WAVEFORM-111)
[15:52:28.63] /o saeInterBGSaeShell:  ::sa::_backgroundSaeShell::pingBack
[15:52:28.82] /i ::sa::_backgroundSaeShell::parentRunning
[15:52:28.82] /o false
[15:54:31.22] /i ::wf::viewerExited
[15:57:29.82] /i ::wf::viewerExited
[15:57:29.83] /o saeInterBGSaeShell:  ::sa::_backgroundSaeShell::pingBack
[15:57:29.95] /i ::sa::_backgroundSaeShell::parentRunning
[15:57:29.95] /o false
[15:57:30.85] /i ::wf::updateViewerLicense 2
[16:00:39.45] /i ::wf::viewerExited
[16:01:14.72] /i ::wf::viewerExited
[16:01:15.65] /i ::wf::updateViewerLicense 2
[16:02:31.03] /o saeInterBGSaeShell:  ::sa::_backgroundSaeShell::pingBack
[16:02:31.12] /i ::sa::_backgroundSaeShell::parentRunning
[16:02:31.12] /o false
[16:03:31.44] /i ::wf::viewerExited
[16:04:18.62] /i ::wf::viewerExited
[16:04:19.78] /i ::wf::updateViewerLicense 2
[16:04:24.09] /i ::sa::_backgroundSaeShell::exit
[16:04:24.09] /o saeInterBGSaeShell:  ::sa::_backgroundSaeShell::childFormallyExiting
[16:04:25.74] /o Shutdown time: Mon Apr 29 16:04:25 2024
[16:04:25.74] /o Elapsed session real time: 17.06 minutes
[16:04:25.74] /o Session terminated. Log is at /mnt/vol_NFS_rh003/Est_VLSI_I_2024/Cordero_Matamoros_I_2024_vlsi/tarea_2/synopsys_custom/logs/primewave.Cordero_Matamoros_I_2024_vlsi.2024_4_29_154719_597725.log
