[15:27:35.73] /o 
              /c                    PrimeWave Design Environment
              /c 
              /c            Version U-2023.03-SP2 for linux64 - Aug 24, 2023 00:53:01 
              /c 
              /c                     Copyright (c) 2000 - 2023 Synopsys, Inc.
              /c    This software and the associated documentation are proprietary to Synopsys,
              /c  Inc. This software may only be used in accordance with the terms and conditions
              /c  of a written license agreement with Synopsys, Inc. All other use, reproduction,
              /c    or distribution of this software is strictly prohibited.  Licensed Products
              /c      communicate with Synopsys servers for the purpose of providing software
              /c     updates, detecting software piracy and verifying that customers are using
              /c     Licensed Products in conformity with the applicable License Key for such
              /c   Licensed Products. Synopsys will use information gathered in connection with
              /c     this process to deliver software updates and pursue software pirates and
              /c                                    infringers.
              /c 
              /c  Inclusivity & Diversity - Visit SolvNetPlus to read the "Synopsys Statement on
              /c             Inclusivity and Diversity" (Refer to article 000036315 at
              /c                         https://solvnetplus.synopsys.com)
              /c 
              /c Build  (OPT) Config 9117514 compiled on Wed Aug 23 10:56:58 2023 for CentOS64 7.3
              /c Invocation: /mnt/vol_synopsys2023/synopsys/primewave/U-2023.03-SP2/linux64/platform/bin/primewave_st -gui 0 -log pw_shell_session7_job1 -libDefFile /mnt/vol_NFS_rh003/Est_VLSI_I_2024/Cordero_Matamoros_I_2024_vlsi/tarea_2/lib.defs
              /c Execution time: Mon Apr 15 15:27:33 2024
              /c Host: redhat003
              /c 
[15:27:35.76] /m Information: Started sharing "Custom WaveView ADV" license. (WAVEFORM-110)
[15:27:35.76] /m Information: Started sharing "Primewave" license. (WAVEFORM-110)
[15:27:35.76] /m Information: Feature 'SynopsysCustomSAE' checked out. (LICENSE-003)
[15:27:38.63] /r giShowFrameTabs true
[15:27:38.63] /r giWindowId 1
[15:27:38.63] /r giWindowGeometry 1040x800
[15:27:38.68] /i ::sa::_backgroundSaeShell::signalProcessReady 1713216451 75160
[15:27:38.68] /o saeInterBGSaeShell:  ::sa::_backgroundSaeShell::processReady 7
[15:27:38.70] /i ::wf::updateViewerLicense 2
[15:27:38.97] /i ::wf::updateViewerLicense 2
[15:27:44.95] /i ::sa::_backgroundSaeShell::runScript /home/Cordero_Matamoros_I_2024_vlsi/simulation/tarea_2,compleja,schematic/bg_script.tcl 0 sa::_testSuite::createNetlist::netlistingComplete scriptDir /home/Cordero_Matamoros_I_2024_vlsi/simulation/tarea_2,compleja,schematic testSuiteName saeSession4 cmdArgs {default 1 1 0 0 0} taskId 3
[15:27:45.26] /w Warning: The environment option digitalOutputDataFormat is reset to FineSimProVCS default.
[15:27:45.26] /w Warning: The environment option mergedFile is reset to FineSimProVCS default.
[15:27:45.26] /w Warning: The environment option compilationOptions is reset to FineSimProVCS default.
[15:27:45.26] /w Warning: The environment option vhdlanOptions is reset to FineSimProVCS default.
[15:27:45.26] /w Warning: The environment option elaborationOptions is reset to FineSimProVCS default.
[15:27:45.26] /w Warning: The environment option analogSimulatorOptions is reset to FineSimProVCS default.
[15:27:45.26] /w Warning: The environment option outputDataFormat is reset to FineSimProVCS default.
[15:27:45.26] /w Warning: The environment option commandLineOptions is reset to FineSimProVCS default.
[15:27:45.26] /w Warning: The environment option switchViewList is reset to FineSimProVCS default.
[15:27:45.26] /w Warning: The environment option stopViewList is reset to FineSimProVCS default.
[15:27:45.46] /o 
[15:27:45.46] /o <> -------------------------------------------
[15:27:45.46] /o <>
[15:27:45.46] /o <> Loading XFAB PDK components
[15:27:45.46] /o <>  basic                            O.K
[15:27:45.47] /o <>  exports                          O.K
[15:27:45.48] /o <>  custom                           O.K
[15:27:45.48] /o <>  cdf                              O.K
[15:27:45.49] /o <>  netlisting                       O.K
[15:27:45.50] /o <>  useability                       WRN
[15:27:45.51] /e Error: "Following error happened during execution of ::gi::_giConsoleMessenger::_addToWindowType procedure during TCL callback Error: There are no registered attributes for object type 'string'. (TCL_OBJECT-008)" (POSTMAN-005)
[15:27:45.51] /o <>  synopsys                         O.K
[15:27:45.54] /o <>  pcellkit                         O.K
[15:27:45.55] /o <>  trigger_callbacks                O.K
[15:27:45.55] /o <> Loading XFAB PDK preferences
[15:27:45.56] /w Warning: Could not set the value of preference xtDRCTool because it does not exist. (PREFERENCE-016)
[15:27:45.56] /w Warning: Could not set the value of preference xtLVSTool because it does not exist. (PREFERENCE-016)
[15:27:45.56] /w Warning: Could not set the value of preference xtLVSSchNetlister because it does not exist. (PREFERENCE-016)
[15:27:45.56] /w Warning: Could not set the value of preference xtLPELVSTool because it does not exist. (PREFERENCE-016)
[15:27:45.56] /w Warning: Could not set the value of preference lxSplit because it does not exist. (PREFERENCE-016)
[15:27:45.56] /w Warning: Could not set the value of preference lxMFactorNames because it does not exist. (PREFERENCE-016)
[15:27:45.56] /w Warning: Could not set the value of preference lxTopBottomPinLPP because it does not exist. (PREFERENCE-016)
[15:27:45.56] /w Warning: Could not set the value of preference lxLeftRightPinLPP because it does not exist. (PREFERENCE-016)
[15:27:45.56] /w Warning: Preference 'nlPromoteTerms' is deprecated and scheduled for removal in a future release with no replacement. For migration assistance, see the Custom Compiler Tcl Reference Manual. (PREFERENCE-058)
[15:27:45.56] /w Warning: Could not set the value of preference xtPVLayerMapFile because it does not exist. (PREFERENCE-016)
[15:27:45.56] /w Warning: Could not set the value of preference xtLPEStarRunsetFile because it does not exist. (PREFERENCE-016)
[15:27:45.56] /w Warning: Could not set the value of preference xtStarTcadGrdFile because it does not exist. (PREFERENCE-016)
[15:27:45.56] /w Warning: Could not set the value of preference xtDRCICVIncludePaths because it does not exist. (PREFERENCE-016)
[15:27:45.56] /w Warning: Could not set the value of preference xtLVSICVIncludePaths because it does not exist. (PREFERENCE-016)
[15:27:45.56] /w Warning: Could not set the value of preference xtCDLViewSearchList because it does not exist. (PREFERENCE-016)
[15:27:45.56] /w Warning: Could not set the value of preference xtCDLViewStopList because it does not exist. (PREFERENCE-016)
[15:27:45.56] /w Warning: Could not set the value of preference xtDRCICVRunsetFile because it does not exist. (PREFERENCE-016)
[15:27:45.56] /w Warning: Could not set the value of preference xtLVSICVRunsetFile because it does not exist. (PREFERENCE-016)
[15:27:45.56] /w Warning: Could not set the value of preference xtDRCICVControlVars because it does not exist. (PREFERENCE-016)
[15:27:45.56] /w Warning: Could not set the value of preference xtLVSICVControlVars because it does not exist. (PREFERENCE-016)
[15:27:45.56] /o <> Loading Calibre presets for XFAB PDK
[15:27:45.56] /w Warning: Could not set the value of preference xtCalibreNetlistExportNetlisterEnabled because it does not exist. (PREFERENCE-016)
[15:27:45.56] /w Warning: Could not set the value of preference xtCalibreNetlistExportNetlister because it does not exist. (PREFERENCE-016)
[15:27:45.56] /w Warning: Could not set the value of preference xtCalibreNetlistExportViewList because it does not exist. (PREFERENCE-016)
[15:27:45.56] /w Warning: Could not set the value of preference xtCalibreNetlistExportStopList because it does not exist. (PREFERENCE-016)
[15:27:45.57] /o <> Loading .xfabrc user script
[15:27:45.57] /o <>
[15:27:45.57] /o <> -------------------------------------------
[15:27:45.57] /o <>
[15:27:45.57] /o <> Technology     xt018
[15:27:45.57] /o <> Version        v12_1_1_1
[15:27:45.57] /o <> LibCode        1243
[15:27:45.57] /o <> Core           LP 1.8V
[15:27:45.57] /o <> Metal          Thin4
[15:27:45.57] /o <> TopMetal       METTP&METTPL
[15:27:45.57] /o <>
[15:27:45.57] /o <> -------------------------------------------
[15:27:45.57] /o 
[15:27:45.57] /m Information: WARNLOAD  /mnt/vol_synopsys2023/pdks/xfab/design/xkit/xt018/synopsys/v12_1/PDK/CustomCompiler/v12_1_1_1/scripts/useability/xt018_mimant_check.tcl
[15:27:45.84] /w Warning: Preference 'dbParamTrimTrailingZeroesAfterDecimalPoint' is deprecated and scheduled for removal in a future release with no replacement. For migration assistance, see the Custom Compiler Tcl Reference Manual. (PREFERENCE-058)
[15:27:45.88] /w Warning: Error: Initializing startup file ':/auxx/layout_editor/startup.tcl' failed:
              /c Error: Initializing startup file ':/auxx/constraints/startup.tcl' failed:
              /c Error: Initializing startup file ':/auxx/constraints/bindings.tcl' failed:
              /c Error: Could not execute command 'gi::createBinding' because the supplied object 'cmDelete' for argument '-action' is invalid: Action with specified name does not exist. (COMMAND-026) (STARTUP-002) (STARTUP-002) (STARTUP-002)
[15:27:45.90] /w Warning: Preference 'nlNanoSimShortPropNames' is deprecated and scheduled for removal in a future release. Use 'nlNanoSimIgnorePropNames' instead. For migration assistance, see the Custom Compiler Tcl Reference Manual. (PREFERENCE-070)
[15:27:45.90] /w Warning: Preference 'nlCDLPromoteConnectDefsAtTop' is deprecated and scheduled for removal in a future release. Use 'nlCDLTopVirtualTerms' instead. For migration assistance, see the Custom Compiler Tcl Reference Manual. (PREFERENCE-070)
[15:27:45.90] /w Warning: Preference 'nlVerilogShortPropNames' is deprecated and scheduled for removal in a future release. Use 'nlVerilogIgnorePropNames' instead. For migration assistance, see the Custom Compiler Tcl Reference Manual. (PREFERENCE-070)
[15:27:45.90] /w Warning: Preference 'nlCDLShortPropNames' is deprecated and scheduled for removal in a future release. Use 'nlCDLIgnorePropNames' instead. For migration assistance, see the Custom Compiler Tcl Reference Manual. (PREFERENCE-070)
[15:27:45.90] /w Warning: Preference 'nlEldoShortPropNames' is deprecated and scheduled for removal in a future release. Use 'nlEldoIgnorePropNames' instead. For migration assistance, see the Custom Compiler Tcl Reference Manual. (PREFERENCE-070)
[15:27:45.90] /w Warning: Preference 'nlHSPICEShortPropNames' is deprecated and scheduled for removal in a future release. Use 'nlHSPICEIgnorePropNames' instead. For migration assistance, see the Custom Compiler Tcl Reference Manual. (PREFERENCE-070)
[15:27:45.90] /w Warning: Preference 'nlSpectreAMSShortPropNames' is deprecated and scheduled for removal in a future release. Use 'nlSpectreAMSIgnorePropNames' instead. For migration assistance, see the Custom Compiler Tcl Reference Manual. (PREFERENCE-070)
[15:27:45.90] /w Warning: Preference 'nlVHDLShortPropNames' is deprecated and scheduled for removal in a future release. Use 'nlVHDLIgnorePropNames' instead. For migration assistance, see the Custom Compiler Tcl Reference Manual. (PREFERENCE-070)
[15:27:45.90] /w Warning: Preference 'nlVerilogICCShortPropNames' is deprecated and scheduled for removal in a future release. Use 'nlVerilogICCIgnorePropNames' instead. For migration assistance, see the Custom Compiler Tcl Reference Manual. (PREFERENCE-070)
[15:27:45.90] /w Warning: Preference 'nlAMSShortPropNames' is deprecated and scheduled for removal in a future release. Use 'nlAMSIgnorePropNames' instead. For migration assistance, see the Custom Compiler Tcl Reference Manual. (PREFERENCE-070)
[15:27:45.90] /w Warning: Preference 'nlSpectreShortPropNames' is deprecated and scheduled for removal in a future release. Use 'nlSpectreIgnorePropNames' instead. For migration assistance, see the Custom Compiler Tcl Reference Manual. (PREFERENCE-070)
[15:27:45.90] /w Warning: Preference 'nlPromoteTerms' is deprecated and scheduled for removal in a future release with no replacement. For migration assistance, see the Custom Compiler Tcl Reference Manual. (PREFERENCE-058)
[15:27:45.92] /o saeInterBGSaeShell:  ::sa::netlistAndRun::updateBgNRunMsg /home/Cordero_Matamoros_I_2024_vlsi/simulation/tarea_2,compleja,schematic/simulation/default/FineSimProVCS/nominal/results "Creating structural netlist for testbench default ..." 0 1
[15:27:45.93] /m Information: "Starting incremental netlisting for design "tarea_2/compleja/schematic"..." (NETLISTING-010)
[15:27:45.95] /o Netlisting
[15:27:46.04] /o No Design Integrity rule violations found in "tarea_2/compleja/schematic"
[15:27:46.04] /o Scanning: tarea_2/compleja/schematic
[15:27:46.13] /o Computing terminal lists
[15:27:46.13] /o Processing terminals of module tarea_2/compleja/schematic
[15:27:46.14] /o Creating output directories
[15:27:46.15] /o Netlisting
[15:27:46.15] /o Formatting tarea_2/compleja/schematic
[15:27:46.23] /m Information: "tarea_2 compleja schematic" renetlisted. (NETLISTING-056)
[15:27:46.23] /m Information: "Netlisting design "tarea_2/compleja/schematic" finished successfully." (NETLISTING-012)
[15:27:46.24] /m Information: Composing simulator input file for design "tarea_2/compleja/schematic"...
[15:27:48.22] /o 
[15:27:48.22] /o Analyzing Hierarchy
[15:27:48.22] /o Finalizing
[15:27:48.23] /m Information: Simulator input file composed successfully for design "tarea_2/compleja/schematic"
[15:27:48.23] /o saeInterBGSaeShell:  ::sa::netlistAndRun::updateBgNRunMsg /home/Cordero_Matamoros_I_2024_vlsi/simulation/tarea_2,compleja,schematic/simulation/default/FineSimProVCS/nominal/results "Creating final netlist for testbench default ..." 0 0
[15:27:48.23] /o saeInterBGSaeShell:  ::sa::_backgroundSaeShell::scriptFinished 3.2 {} sa::_testSuite::createNetlist::netlistingComplete scriptDir /home/Cordero_Matamoros_I_2024_vlsi/simulation/tarea_2,compleja,schematic testSuiteName saeSession4 cmdArgs {default 1 1 0 0 0} taskId 3
[15:27:48.23] /o false
[15:27:48.24] /i db::setAttr geometry -of [gi::getFrames 1] -value 1014x710+5+52
[15:27:48.24] /i ::sa::_backgroundSaeShell::exit
[15:27:48.24] /o saeInterBGSaeShell:  ::sa::_backgroundSaeShell::childFormallyExiting
[15:27:49.69] /o Shutdown time: Mon Apr 15 15:27:49 2024
[15:27:49.69] /o Elapsed session real time: 0.23 minutes
[15:27:49.69] /o Session terminated. Log is at /mnt/vol_NFS_rh003/Est_VLSI_I_2024/Cordero_Matamoros_I_2024_vlsi/tarea_2/synopsys_custom/logs/primewave.Cordero_Matamoros_I_2024_vlsi.2024_4_15_152733_111229.log
