[15:46:08.37] /o 
              /c                    PrimeWave Design Environment
              /c 
              /c            Version U-2023.03-SP2 for linux64 - Aug 24, 2023 00:53:01 
              /c 
              /c                     Copyright (c) 2000 - 2023 Synopsys, Inc.
              /c    This software and the associated documentation are proprietary to Synopsys,
              /c  Inc. This software may only be used in accordance with the terms and conditions
              /c  of a written license agreement with Synopsys, Inc. All other use, reproduction,
              /c    or distribution of this software is strictly prohibited.  Licensed Products
              /c      communicate with Synopsys servers for the purpose of providing software
              /c     updates, detecting software piracy and verifying that customers are using
              /c     Licensed Products in conformity with the applicable License Key for such
              /c   Licensed Products. Synopsys will use information gathered in connection with
              /c     this process to deliver software updates and pursue software pirates and
              /c                                    infringers.
              /c 
              /c  Inclusivity & Diversity - Visit SolvNetPlus to read the "Synopsys Statement on
              /c             Inclusivity and Diversity" (Refer to article 000036315 at
              /c                         https://solvnetplus.synopsys.com)
              /c 
              /c Build  (OPT) Config 9117514 compiled on Wed Aug 23 10:56:58 2023 for CentOS64 7.3
              /c Invocation: /mnt/vol_synopsys2023/synopsys/primewave/U-2023.03-SP2/linux64/platform/bin/primewave_st -gui 0 -log pw_shell_session12_job2 -libDefFile /mnt/vol_NFS_rh003/Est_VLSI_I_2024/Cordero_Matamoros_I_2024_vlsi/tarea_2/lib.defs
              /c Execution time: Mon Apr 15 15:46:06 2024
              /c Host: redhat003
              /c 
[15:46:08.39] /m Information: Started sharing "Custom WaveView ADV" license. (WAVEFORM-110)
[15:46:08.39] /m Information: Started sharing "Primewave" license. (WAVEFORM-110)
[15:46:08.40] /m Information: Feature 'SynopsysCustomSAE' checked out. (LICENSE-003)
[15:46:10.88] /r giShowFrameTabs true
[15:46:10.88] /r giWindowId 1
[15:46:10.88] /r giWindowGeometry 1040x800
[15:46:10.93] /i ::sa::_backgroundSaeShell::signalProcessReady 1713217564 75160
[15:46:10.93] /o saeInterBGSaeShell:  ::sa::_backgroundSaeShell::processReady 6
[15:51:12.13] /o saeInterBGSaeShell:  ::sa::_backgroundSaeShell::pingBack
[15:51:12.17] /i ::sa::_backgroundSaeShell::parentRunning
[15:51:12.17] /o false
[15:51:13.47] /m Information: Feature 'SynopsysCustomSAE' checked in. (LICENSE-004)
[15:51:13.47] /m Information: Stopped sharing "Primewave" license. (WAVEFORM-111)
[15:51:13.47] /m Information: Stopped sharing "Custom WaveView ADV" license. (WAVEFORM-111)
[15:56:13.33] /o saeInterBGSaeShell:  ::sa::_backgroundSaeShell::pingBack
[15:56:13.47] /i ::sa::_backgroundSaeShell::parentRunning
[15:56:13.47] /o false
[16:01:14.53] /o saeInterBGSaeShell:  ::sa::_backgroundSaeShell::pingBack
[16:01:14.66] /i ::sa::_backgroundSaeShell::parentRunning
[16:01:14.67] /o false
[16:06:15.73] /o saeInterBGSaeShell:  ::sa::_backgroundSaeShell::pingBack
[16:06:15.76] /i ::sa::_backgroundSaeShell::parentRunning
[16:06:15.77] /o false
[16:11:16.93] /o saeInterBGSaeShell:  ::sa::_backgroundSaeShell::pingBack
[16:11:16.97] /i ::sa::_backgroundSaeShell::parentRunning
[16:11:16.97] /o false
[16:16:18.13] /o saeInterBGSaeShell:  ::sa::_backgroundSaeShell::pingBack
[16:16:18.27] /i ::sa::_backgroundSaeShell::parentRunning
[16:16:18.27] /o false
[16:17:43.74] /i ::wf::viewerExited
[16:18:48.37] /i ::wf::viewerExited
[16:18:49.46] /i ::wf::updateViewerLicense 2
[16:19:29.02] /i ::wf::viewerExited
[16:21:19.31] /o saeInterBGSaeShell:  ::sa::_backgroundSaeShell::pingBack
[16:21:19.47] /i ::sa::_backgroundSaeShell::parentRunning
[16:21:19.47] /o false
[16:26:20.51] /o saeInterBGSaeShell:  ::sa::_backgroundSaeShell::pingBack
[16:26:20.56] /i ::sa::_backgroundSaeShell::parentRunning
[16:26:20.56] /o false
[16:31:21.71] /o saeInterBGSaeShell:  ::sa::_backgroundSaeShell::pingBack
[16:31:21.76] /i ::sa::_backgroundSaeShell::parentRunning
[16:31:21.77] /o false
[16:31:50.57] /i ::wf::viewerExited
[16:31:51.64] /i ::wf::updateViewerLicense 2
[16:36:22.93] /o saeInterBGSaeShell:  ::sa::_backgroundSaeShell::pingBack
[16:36:23.07] /i ::sa::_backgroundSaeShell::parentRunning
[16:36:23.07] /o false
[16:41:24.13] /o saeInterBGSaeShell:  ::sa::_backgroundSaeShell::pingBack
[16:41:24.27] /i ::sa::_backgroundSaeShell::parentRunning
[16:41:24.27] /o false
[16:46:25.33] /o saeInterBGSaeShell:  ::sa::_backgroundSaeShell::pingBack
[16:46:25.47] /i ::sa::_backgroundSaeShell::parentRunning
[16:46:25.47] /o false
[16:51:26.53] /o saeInterBGSaeShell:  ::sa::_backgroundSaeShell::pingBack
[16:51:26.57] /i ::sa::_backgroundSaeShell::parentRunning
[16:51:26.57] /o false
[16:56:27.73] /o saeInterBGSaeShell:  ::sa::_backgroundSaeShell::pingBack
[16:56:27.77] /i ::sa::_backgroundSaeShell::parentRunning
[16:56:27.77] /o false
[17:01:28.95] /o saeInterBGSaeShell:  ::sa::_backgroundSaeShell::pingBack
[17:01:29.07] /i ::sa::_backgroundSaeShell::parentRunning
[17:01:29.07] /o false
[17:06:30.29] /o saeInterBGSaeShell:  ::sa::_backgroundSaeShell::pingBack
[17:06:30.47] /i ::sa::_backgroundSaeShell::parentRunning
[17:06:30.47] /o false
[17:11:31.72] /o saeInterBGSaeShell:  ::sa::_backgroundSaeShell::pingBack
[17:11:31.87] /i ::sa::_backgroundSaeShell::parentRunning
[17:11:31.87] /o false
[17:16:32.92] /o saeInterBGSaeShell:  ::sa::_backgroundSaeShell::pingBack
[17:16:33.07] /i ::sa::_backgroundSaeShell::parentRunning
[17:16:33.07] /o false
[17:21:34.12] /o saeInterBGSaeShell:  ::sa::_backgroundSaeShell::pingBack
[17:21:34.17] /i ::sa::_backgroundSaeShell::parentRunning
[17:21:34.17] /o false
[17:26:35.32] /o saeInterBGSaeShell:  ::sa::_backgroundSaeShell::pingBack
[17:26:35.47] /i ::sa::_backgroundSaeShell::parentRunning
[17:26:35.47] /o false
[17:31:36.56] /o saeInterBGSaeShell:  ::sa::_backgroundSaeShell::pingBack
[17:31:36.56] /i ::sa::_backgroundSaeShell::parentRunning
[17:31:36.57] /o false
[17:36:37.88] /o saeInterBGSaeShell:  ::sa::_backgroundSaeShell::pingBack
[17:36:38.07] /i ::sa::_backgroundSaeShell::parentRunning
[17:36:38.07] /o false
[17:41:39.08] /o saeInterBGSaeShell:  ::sa::_backgroundSaeShell::pingBack
[17:41:39.16] /i ::sa::_backgroundSaeShell::parentRunning
[17:41:39.16] /o false
[17:46:40.28] /o saeInterBGSaeShell:  ::sa::_backgroundSaeShell::pingBack
[17:46:40.36] /i ::sa::_backgroundSaeShell::parentRunning
[17:46:40.37] /o false
[17:51:41.48] /o saeInterBGSaeShell:  ::sa::_backgroundSaeShell::pingBack
[17:51:41.57] /i ::sa::_backgroundSaeShell::parentRunning
[17:51:41.57] /o false
[17:56:42.68] /o saeInterBGSaeShell:  ::sa::_backgroundSaeShell::pingBack
[17:56:42.77] /i ::sa::_backgroundSaeShell::parentRunning
[17:56:42.77] /o false
[18:01:43.88] /o saeInterBGSaeShell:  ::sa::_backgroundSaeShell::pingBack
[18:01:43.96] /i ::sa::_backgroundSaeShell::parentRunning
[18:01:43.97] /o false
[18:06:45.08] /o saeInterBGSaeShell:  ::sa::_backgroundSaeShell::pingBack
[18:06:45.27] /i ::sa::_backgroundSaeShell::parentRunning
[18:06:45.27] /o false
[18:11:46.28] /o saeInterBGSaeShell:  ::sa::_backgroundSaeShell::pingBack
[18:11:46.37] /i ::sa::_backgroundSaeShell::parentRunning
[18:11:46.37] /o false
[18:16:47.48] /o saeInterBGSaeShell:  ::sa::_backgroundSaeShell::pingBack
[18:16:47.57] /i ::sa::_backgroundSaeShell::parentRunning
[18:16:47.57] /o false
[18:21:48.68] /o saeInterBGSaeShell:  ::sa::_backgroundSaeShell::pingBack
[18:21:48.86] /i ::sa::_backgroundSaeShell::parentRunning
[18:21:48.86] /o false
[18:22:10.49] /i ::sa::_backgroundSaeShell::exit
[18:22:10.49] /o saeInterBGSaeShell:  ::sa::_backgroundSaeShell::childFormallyExiting
[18:22:11.42] /o Shutdown time: Mon Apr 15 18:22:11 2024
[18:22:11.42] /o Elapsed session real time: 2 hours 36.05 minutes
[18:22:11.42] /o Session terminated. Log is at /mnt/vol_NFS_rh003/Est_VLSI_I_2024/Cordero_Matamoros_I_2024_vlsi/tarea_2/synopsys_custom/logs/primewave.Cordero_Matamoros_I_2024_vlsi.2024_4_15_154606_120565.log
