[19:27:32.97] /o 
              /c                    PrimeWave Design Environment
              /c 
              /c            Version U-2023.03-SP2 for linux64 - Aug 24, 2023 00:53:01 
              /c 
              /c                     Copyright (c) 2000 - 2023 Synopsys, Inc.
              /c    This software and the associated documentation are proprietary to Synopsys,
              /c  Inc. This software may only be used in accordance with the terms and conditions
              /c  of a written license agreement with Synopsys, Inc. All other use, reproduction,
              /c    or distribution of this software is strictly prohibited.  Licensed Products
              /c      communicate with Synopsys servers for the purpose of providing software
              /c     updates, detecting software piracy and verifying that customers are using
              /c     Licensed Products in conformity with the applicable License Key for such
              /c   Licensed Products. Synopsys will use information gathered in connection with
              /c     this process to deliver software updates and pursue software pirates and
              /c                                    infringers.
              /c 
              /c  Inclusivity & Diversity - Visit SolvNetPlus to read the "Synopsys Statement on
              /c             Inclusivity and Diversity" (Refer to article 000036315 at
              /c                         https://solvnetplus.synopsys.com)
              /c 
              /c Build  (OPT) Config 9117514 compiled on Wed Aug 23 10:56:58 2023 for CentOS64 7.3
              /c Invocation: /mnt/vol_synopsys2023/synopsys/primewave/U-2023.03-SP2/linux64/platform/bin/primewave_st -gui 0 -log pw_shell_session16_job1 -libDefFile /mnt/vol_NFS_rh003/Est_VLSI_I_2024/Cordero_Matamoros_I_2024_vlsi/tarea_2/lib.defs
              /c Execution time: Mon Apr 15 19:27:30 2024
              /c Host: redhat003
              /c 
[19:27:33.00] /m Information: Started sharing "Custom WaveView ADV" license. (WAVEFORM-110)
[19:27:33.00] /m Information: Started sharing "Primewave" license. (WAVEFORM-110)
[19:27:33.00] /m Information: Feature 'SynopsysCustomSAE' checked out. (LICENSE-003)
[19:27:35.84] /r giShowFrameTabs true
[19:27:35.84] /r giWindowId 1
[19:27:35.84] /r giWindowGeometry 1040x800
[19:27:35.88] /i ::sa::_backgroundSaeShell::signalProcessReady 1713230848 75160
[19:27:35.88] /o saeInterBGSaeShell:  ::sa::_backgroundSaeShell::processReady 7
[19:27:35.89] /i ::wf::updateViewerLicense 2
[19:27:35.98] /i ::wf::updateViewerLicense 2
[19:28:08.76] /i ::sa::_backgroundSaeShell::runScript /home/Cordero_Matamoros_I_2024_vlsi/simulation/tarea_2,compleja,schematic/bg_script.tcl 0 sa::_testSuite::netlistAndRun::structNetlistingDone scriptDir /home/Cordero_Matamoros_I_2024_vlsi/simulation/tarea_2,compleja,schematic testSuiteName saeSession9 cmdArgs {default 1 1 0 1 0} taskId 9 isReRun 1
[19:28:09.16] /w Warning: The environment option caseSensitive is reset to HSPICE default.
[19:28:09.16] /w Warning: The environment option enableMultiThreading is reset to HSPICE default.
[19:28:09.16] /w Warning: The environment option numThreads is reset to HSPICE default.
[19:28:09.16] /w Warning: The environment option outputDataFormat is reset to HSPICE default.
[19:28:09.16] /w Warning: The environment option commandLineOptions is reset to HSPICE default.
[19:28:09.16] /w Warning: The environment option switchViewList is reset to HSPICE default.
[19:28:09.16] /w Warning: The environment option stopViewList is reset to HSPICE default.
[19:28:09.39] /o 
[19:28:09.39] /o <> -------------------------------------------
[19:28:09.39] /o <>
[19:28:09.39] /o <> Loading XFAB PDK components
[19:28:09.39] /o <>  basic                            O.K
[19:28:09.40] /o <>  exports                          O.K
[19:28:09.41] /o <>  custom                           O.K
[19:28:09.41] /o <>  cdf                              O.K
[19:28:09.42] /o <>  netlisting                       O.K
[19:28:09.43] /o <>  useability                       WRN
[19:28:09.43] /e Error: "Following error happened during execution of ::gi::_giConsoleMessenger::_addToWindowType procedure during TCL callback Error: There are no registered attributes for object type 'string'. (TCL_OBJECT-008)" (POSTMAN-005)
[19:28:09.44] /o <>  synopsys                         O.K
[19:28:09.47] /o <>  pcellkit                         O.K
[19:28:09.49] /o <>  trigger_callbacks                O.K
[19:28:09.49] /o <> Loading XFAB PDK preferences
[19:28:09.49] /w Warning: Could not set the value of preference xtDRCTool because it does not exist. (PREFERENCE-016)
[19:28:09.49] /w Warning: Could not set the value of preference xtLVSTool because it does not exist. (PREFERENCE-016)
[19:28:09.49] /w Warning: Could not set the value of preference xtLVSSchNetlister because it does not exist. (PREFERENCE-016)
[19:28:09.49] /w Warning: Could not set the value of preference xtLPELVSTool because it does not exist. (PREFERENCE-016)
[19:28:09.49] /w Warning: Could not set the value of preference lxSplit because it does not exist. (PREFERENCE-016)
[19:28:09.49] /w Warning: Could not set the value of preference lxMFactorNames because it does not exist. (PREFERENCE-016)
[19:28:09.49] /w Warning: Could not set the value of preference lxTopBottomPinLPP because it does not exist. (PREFERENCE-016)
[19:28:09.49] /w Warning: Could not set the value of preference lxLeftRightPinLPP because it does not exist. (PREFERENCE-016)
[19:28:09.49] /w Warning: Preference 'nlPromoteTerms' is deprecated and scheduled for removal in a future release with no replacement. For migration assistance, see the Custom Compiler Tcl Reference Manual. (PREFERENCE-058)
[19:28:09.49] /w Warning: Could not set the value of preference xtPVLayerMapFile because it does not exist. (PREFERENCE-016)
[19:28:09.49] /w Warning: Could not set the value of preference xtLPEStarRunsetFile because it does not exist. (PREFERENCE-016)
[19:28:09.49] /w Warning: Could not set the value of preference xtStarTcadGrdFile because it does not exist. (PREFERENCE-016)
[19:28:09.49] /w Warning: Could not set the value of preference xtDRCICVIncludePaths because it does not exist. (PREFERENCE-016)
[19:28:09.49] /w Warning: Could not set the value of preference xtLVSICVIncludePaths because it does not exist. (PREFERENCE-016)
[19:28:09.49] /w Warning: Could not set the value of preference xtCDLViewSearchList because it does not exist. (PREFERENCE-016)
[19:28:09.49] /w Warning: Could not set the value of preference xtCDLViewStopList because it does not exist. (PREFERENCE-016)
[19:28:09.49] /w Warning: Could not set the value of preference xtDRCICVRunsetFile because it does not exist. (PREFERENCE-016)
[19:28:09.49] /w Warning: Could not set the value of preference xtLVSICVRunsetFile because it does not exist. (PREFERENCE-016)
[19:28:09.50] /w Warning: Could not set the value of preference xtDRCICVControlVars because it does not exist. (PREFERENCE-016)
[19:28:09.50] /w Warning: Could not set the value of preference xtLVSICVControlVars because it does not exist. (PREFERENCE-016)
[19:28:09.50] /o <> Loading Calibre presets for XFAB PDK
[19:28:09.50] /w Warning: Could not set the value of preference xtCalibreNetlistExportNetlisterEnabled because it does not exist. (PREFERENCE-016)
[19:28:09.50] /w Warning: Could not set the value of preference xtCalibreNetlistExportNetlister because it does not exist. (PREFERENCE-016)
[19:28:09.50] /w Warning: Could not set the value of preference xtCalibreNetlistExportViewList because it does not exist. (PREFERENCE-016)
[19:28:09.50] /w Warning: Could not set the value of preference xtCalibreNetlistExportStopList because it does not exist. (PREFERENCE-016)
[19:28:09.50] /o <> Loading .xfabrc user script
[19:28:09.50] /o <>
[19:28:09.50] /o <> -------------------------------------------
[19:28:09.50] /o <>
[19:28:09.50] /o <> Technology     xt018
[19:28:09.50] /o <> Version        v12_1_1_1
[19:28:09.50] /o <> LibCode        1243
[19:28:09.50] /o <> Core           LP 1.8V
[19:28:09.50] /o <> Metal          Thin4
[19:28:09.50] /o <> TopMetal       METTP&METTPL
[19:28:09.50] /o <>
[19:28:09.50] /o <> -------------------------------------------
[19:28:09.50] /o 
[19:28:09.50] /m Information: WARNLOAD  /mnt/vol_synopsys2023/pdks/xfab/design/xkit/xt018/synopsys/v12_1/PDK/CustomCompiler/v12_1_1_1/scripts/useability/xt018_mimant_check.tcl
[19:28:09.82] /w Warning: Preference 'dbParamTrimTrailingZeroesAfterDecimalPoint' is deprecated and scheduled for removal in a future release with no replacement. For migration assistance, see the Custom Compiler Tcl Reference Manual. (PREFERENCE-058)
[19:28:09.86] /w Warning: Error: Initializing startup file ':/auxx/layout_editor/startup.tcl' failed:
              /c Error: Initializing startup file ':/auxx/constraints/startup.tcl' failed:
              /c Error: Initializing startup file ':/auxx/constraints/bindings.tcl' failed:
              /c Error: Could not execute command 'gi::createBinding' because the supplied object 'cmDelete' for argument '-action' is invalid: Action with specified name does not exist. (COMMAND-026) (STARTUP-002) (STARTUP-002) (STARTUP-002)
[19:28:09.87] /w Warning: Preference 'nlNanoSimShortPropNames' is deprecated and scheduled for removal in a future release. Use 'nlNanoSimIgnorePropNames' instead. For migration assistance, see the Custom Compiler Tcl Reference Manual. (PREFERENCE-070)
[19:28:09.87] /w Warning: Preference 'nlCDLPromoteConnectDefsAtTop' is deprecated and scheduled for removal in a future release. Use 'nlCDLTopVirtualTerms' instead. For migration assistance, see the Custom Compiler Tcl Reference Manual. (PREFERENCE-070)
[19:28:09.87] /w Warning: Preference 'nlVerilogShortPropNames' is deprecated and scheduled for removal in a future release. Use 'nlVerilogIgnorePropNames' instead. For migration assistance, see the Custom Compiler Tcl Reference Manual. (PREFERENCE-070)
[19:28:09.87] /w Warning: Preference 'nlCDLShortPropNames' is deprecated and scheduled for removal in a future release. Use 'nlCDLIgnorePropNames' instead. For migration assistance, see the Custom Compiler Tcl Reference Manual. (PREFERENCE-070)
[19:28:09.87] /w Warning: Preference 'nlEldoShortPropNames' is deprecated and scheduled for removal in a future release. Use 'nlEldoIgnorePropNames' instead. For migration assistance, see the Custom Compiler Tcl Reference Manual. (PREFERENCE-070)
[19:28:09.87] /w Warning: Preference 'nlHSPICEShortPropNames' is deprecated and scheduled for removal in a future release. Use 'nlHSPICEIgnorePropNames' instead. For migration assistance, see the Custom Compiler Tcl Reference Manual. (PREFERENCE-070)
[19:28:09.87] /w Warning: Preference 'nlSpectreAMSShortPropNames' is deprecated and scheduled for removal in a future release. Use 'nlSpectreAMSIgnorePropNames' instead. For migration assistance, see the Custom Compiler Tcl Reference Manual. (PREFERENCE-070)
[19:28:09.87] /w Warning: Preference 'nlVHDLShortPropNames' is deprecated and scheduled for removal in a future release. Use 'nlVHDLIgnorePropNames' instead. For migration assistance, see the Custom Compiler Tcl Reference Manual. (PREFERENCE-070)
[19:28:09.87] /w Warning: Preference 'nlVerilogICCShortPropNames' is deprecated and scheduled for removal in a future release. Use 'nlVerilogICCIgnorePropNames' instead. For migration assistance, see the Custom Compiler Tcl Reference Manual. (PREFERENCE-070)
[19:28:09.87] /w Warning: Preference 'nlAMSShortPropNames' is deprecated and scheduled for removal in a future release. Use 'nlAMSIgnorePropNames' instead. For migration assistance, see the Custom Compiler Tcl Reference Manual. (PREFERENCE-070)
[19:28:09.87] /w Warning: Preference 'nlSpectreShortPropNames' is deprecated and scheduled for removal in a future release. Use 'nlSpectreIgnorePropNames' instead. For migration assistance, see the Custom Compiler Tcl Reference Manual. (PREFERENCE-070)
[19:28:09.87] /w Warning: Preference 'nlPromoteTerms' is deprecated and scheduled for removal in a future release with no replacement. For migration assistance, see the Custom Compiler Tcl Reference Manual. (PREFERENCE-058)
[19:28:09.90] /o saeInterBGSaeShell:  ::sa::netlistAndRun::updateBgNRunMsg /home/Cordero_Matamoros_I_2024_vlsi/simulation/tarea_2,compleja,schematic/history_1/simulation/default/PrimeSimHSPICE/nominal/results "Creating structural netlist for testbench default ..." 0 1
[19:28:09.91] /m Information: "Starting incremental netlisting for design "tarea_2/compleja/schematic"..." (NETLISTING-010)
[19:28:09.99] /o Netlisting
[19:28:09.99] /o Creating output directories
[19:28:10.31] /o No Design Integrity rule violations found in "tarea_2/compleja/schematic"
[19:28:10.31] /o Scanning: tarea_2/compleja/schematic
[19:28:10.38] /o Computing terminal lists
[19:28:10.38] /o Processing terminals of module tarea_2/compleja/schematic
[19:28:10.38] /o Starting netlisting
[19:28:10.40] /o Formatting tarea_2/compleja/schematic
[19:28:10.45] /m Information: "tarea_2 compleja schematic" renetlisted. (NETLISTING-056)
[19:28:10.45] /m Information: "Netlisting design "tarea_2/compleja/schematic" finished successfully." (NETLISTING-012)
[19:28:10.46] /m Information: Composing simulator input file for design "tarea_2/compleja/schematic"...
[19:28:10.51] /m Information: Simulator input file composed successfully for design "tarea_2/compleja/schematic"
[19:28:10.51] /o saeInterBGSaeShell:  ::sa::netlistAndRun::updateBgNRunMsg /home/Cordero_Matamoros_I_2024_vlsi/simulation/tarea_2,compleja,schematic/history_1/simulation/default/PrimeSimHSPICE/nominal/results "Creating final netlist for testbench default ..." 0 0
[19:28:10.69] /o 
[19:28:10.91] /o saeInterBGSaeShell:  ::sa::netlistAndRun::updateBgNRunMsg /home/Cordero_Matamoros_I_2024_vlsi/simulation/tarea_2,compleja,schematic/history_1/simulation/default/PrimeSimHSPICE/nominal/results "Composing simulation job for testbench default - Nominal " 1 1
[19:28:10.92] /o saeInterBGSaeShell:  ::sa::_backgroundSaeShell::scriptFinished 2.1 {} sa::_testSuite::netlistAndRun::structNetlistingDone scriptDir /home/Cordero_Matamoros_I_2024_vlsi/simulation/tarea_2,compleja,schematic testSuiteName saeSession9 cmdArgs {default 1 1 0 1 0} taskId 9 isReRun 1
[19:28:10.92] /o false
[19:28:10.93] /i db::setAttr geometry -of [gi::getFrames 1] -value 1014x710+5+52
[19:28:42.00] /i ::sa::_backgroundSaeShell::runScript /home/Cordero_Matamoros_I_2024_vlsi/simulation/tarea_2,compleja,schematic/bg_script.tcl 0 sa::_testSuite::netlistAndRun::structNetlistingDone scriptDir /home/Cordero_Matamoros_I_2024_vlsi/simulation/tarea_2,compleja,schematic testSuiteName saeSession9 cmdArgs {default 1 1 0 1 0} taskId 10 isReRun 1
[19:28:42.02] /m Information: Feature 'SynopsysCustomSAE' checked in. (LICENSE-004)
[19:28:42.02] /o 
[19:28:42.03] /m Information: Feature 'SynopsysCustomSAE' checked out. (LICENSE-003)
[19:28:42.21] /w Warning: The environment option digitalOutputDataFormat is reset to FineSimProVCS default.
[19:28:42.21] /w Warning: The environment option mergedFile is reset to FineSimProVCS default.
[19:28:42.21] /w Warning: The environment option compilationOptions is reset to FineSimProVCS default.
[19:28:42.21] /w Warning: The environment option vhdlanOptions is reset to FineSimProVCS default.
[19:28:42.21] /w Warning: The environment option elaborationOptions is reset to FineSimProVCS default.
[19:28:42.21] /w Warning: The environment option analogSimulatorOptions is reset to FineSimProVCS default.
[19:28:42.21] /w Warning: The environment option numProcesses is reset to FineSimProVCS default.
[19:28:42.21] /w Warning: The environment option outputDataFormat is reset to FineSimProVCS default.
[19:28:42.22] /w Warning: The environment option commandLineOptions is reset to FineSimProVCS default.
[19:28:42.22] /w Warning: The environment option switchViewList is reset to FineSimProVCS default.
[19:28:42.22] /w Warning: The environment option stopViewList is reset to FineSimProVCS default.
[19:28:42.57] /w Warning: Preference 'dbParamTrimTrailingZeroesAfterDecimalPoint' is deprecated and scheduled for removal in a future release with no replacement. For migration assistance, see the Custom Compiler Tcl Reference Manual. (PREFERENCE-058)
[19:28:42.61] /w Warning: Preference 'nlNanoSimShortPropNames' is deprecated and scheduled for removal in a future release. Use 'nlNanoSimIgnorePropNames' instead. For migration assistance, see the Custom Compiler Tcl Reference Manual. (PREFERENCE-070)
[19:28:42.61] /w Warning: Preference 'nlCDLPromoteConnectDefsAtTop' is deprecated and scheduled for removal in a future release. Use 'nlCDLTopVirtualTerms' instead. For migration assistance, see the Custom Compiler Tcl Reference Manual. (PREFERENCE-070)
[19:28:42.61] /w Warning: Preference 'nlVerilogShortPropNames' is deprecated and scheduled for removal in a future release. Use 'nlVerilogIgnorePropNames' instead. For migration assistance, see the Custom Compiler Tcl Reference Manual. (PREFERENCE-070)
[19:28:42.61] /w Warning: Preference 'nlCDLShortPropNames' is deprecated and scheduled for removal in a future release. Use 'nlCDLIgnorePropNames' instead. For migration assistance, see the Custom Compiler Tcl Reference Manual. (PREFERENCE-070)
[19:28:42.61] /w Warning: Preference 'nlEldoShortPropNames' is deprecated and scheduled for removal in a future release. Use 'nlEldoIgnorePropNames' instead. For migration assistance, see the Custom Compiler Tcl Reference Manual. (PREFERENCE-070)
[19:28:42.61] /w Warning: Preference 'nlHSPICEShortPropNames' is deprecated and scheduled for removal in a future release. Use 'nlHSPICEIgnorePropNames' instead. For migration assistance, see the Custom Compiler Tcl Reference Manual. (PREFERENCE-070)
[19:28:42.61] /w Warning: Preference 'nlSpectreAMSShortPropNames' is deprecated and scheduled for removal in a future release. Use 'nlSpectreAMSIgnorePropNames' instead. For migration assistance, see the Custom Compiler Tcl Reference Manual. (PREFERENCE-070)
[19:28:42.61] /w Warning: Preference 'nlVHDLShortPropNames' is deprecated and scheduled for removal in a future release. Use 'nlVHDLIgnorePropNames' instead. For migration assistance, see the Custom Compiler Tcl Reference Manual. (PREFERENCE-070)
[19:28:42.61] /w Warning: Preference 'nlVerilogICCShortPropNames' is deprecated and scheduled for removal in a future release. Use 'nlVerilogICCIgnorePropNames' instead. For migration assistance, see the Custom Compiler Tcl Reference Manual. (PREFERENCE-070)
[19:28:42.61] /w Warning: Preference 'nlAMSShortPropNames' is deprecated and scheduled for removal in a future release. Use 'nlAMSIgnorePropNames' instead. For migration assistance, see the Custom Compiler Tcl Reference Manual. (PREFERENCE-070)
[19:28:42.61] /w Warning: Preference 'nlSpectreShortPropNames' is deprecated and scheduled for removal in a future release. Use 'nlSpectreIgnorePropNames' instead. For migration assistance, see the Custom Compiler Tcl Reference Manual. (PREFERENCE-070)
[19:28:42.61] /w Warning: Preference 'nlPromoteTerms' is deprecated and scheduled for removal in a future release with no replacement. For migration assistance, see the Custom Compiler Tcl Reference Manual. (PREFERENCE-058)
[19:28:42.64] /o saeInterBGSaeShell:  ::sa::netlistAndRun::updateBgNRunMsg /home/Cordero_Matamoros_I_2024_vlsi/simulation/tarea_2,compleja,schematic/history_1/simulation/default/FineSimProVCS/nominal/results "Creating structural netlist for testbench default ..." 0 1
[19:28:42.65] /m Information: "Starting incremental netlisting for design "tarea_2/compleja/schematic"..." (NETLISTING-010)
[19:28:42.66] /o Netlisting
[19:28:42.71] /o No Design Integrity rule violations found in "tarea_2/compleja/schematic"
[19:28:42.71] /o Scanning: tarea_2/compleja/schematic
[19:28:42.80] /o Computing terminal lists
[19:28:42.80] /o Processing terminals of module tarea_2/compleja/schematic
[19:28:42.80] /o Creating output directories
[19:28:42.82] /o Netlisting
[19:28:42.83] /o Formatting tarea_2/compleja/schematic
[19:28:42.88] /m Information: "tarea_2 compleja schematic" renetlisted. (NETLISTING-056)
[19:28:42.88] /m Information: "Netlisting design "tarea_2/compleja/schematic" finished successfully." (NETLISTING-012)
[19:28:42.89] /m Information: Composing simulator input file for design "tarea_2/compleja/schematic"...
[19:28:44.91] /o 
[19:28:44.91] /o Analyzing Hierarchy
[19:28:44.91] /o Finalizing
[19:28:44.91] /m Information: Simulator input file composed successfully for design "tarea_2/compleja/schematic"
[19:28:44.91] /o saeInterBGSaeShell:  ::sa::netlistAndRun::updateBgNRunMsg /home/Cordero_Matamoros_I_2024_vlsi/simulation/tarea_2,compleja,schematic/history_1/simulation/default/FineSimProVCS/nominal/results "Creating final netlist for testbench default ..." 0 0
[19:28:45.01] /o 
[19:28:45.51] /m Information: Forcing full re-compile due to simulator change (Could not match current simulator versions with those used by the existing results, '/home/Cordero_Matamoros_I_2024_vlsi/simulation/tarea_2,compleja,schematic/history_1/simulation/default/FineSimProVCS/nominal/results/simulatorVersions.txt': FineSimProVCS changed to 'U-2023.03-SP2' from ' ')
[19:28:45.63] /o saeInterBGSaeShell:  ::sa::netlistAndRun::updateBgNRunMsg /home/Cordero_Matamoros_I_2024_vlsi/simulation/tarea_2,compleja,schematic/history_1/simulation/default/FineSimProVCS/nominal/results "Composing simulation job for testbench default - Nominal " 1 1
[19:28:45.65] /o saeInterBGSaeShell:  ::sa::_backgroundSaeShell::scriptFinished 3.6 {} sa::_testSuite::netlistAndRun::structNetlistingDone scriptDir /home/Cordero_Matamoros_I_2024_vlsi/simulation/tarea_2,compleja,schematic testSuiteName saeSession9 cmdArgs {default 1 1 0 1 0} taskId 10 isReRun 1
[19:28:45.65] /o false
[19:29:22.74] /i ::sa::_backgroundSaeShell::runScript /home/Cordero_Matamoros_I_2024_vlsi/simulation/tarea_2,compleja,schematic/history_1/simulation/default/FineSimProVCS/nominal/.bg_measurement_script.tcl 0 sa::_resultsDatabase::saeShellProcessingCompletedProc testSuiteName saeSession9 uniqueSessionName {} testbenchName default resultsDir /home/Cordero_Matamoros_I_2024_vlsi/simulation/tarea_2,compleja,schematic/history_1/simulation/default/FineSimProVCS/nominal/results testSuiteDir /home/Cordero_Matamoros_I_2024_vlsi/simulation/tarea_2,compleja,schematic/history_1/simulation/default/FineSimProVCS/nominal databaseName /home/Cordero_Matamoros_I_2024_vlsi/simulation/tarea_2,compleja,schematic/history_1/simulation/default/FineSimProVCS/nominal/resultsDatabase remoteRun {} testbenchId 1 saveImages true
[19:29:22.77] /m Information: Feature 'SynopsysCustomSAE' checked in. (LICENSE-004)
[19:29:22.77] /o 
[19:29:22.77] /m Information: Feature 'SynopsysCustomSAE' checked out. (LICENSE-003)
[19:29:22.96] /w Warning: The environment option digitalOutputDataFormat is reset to FineSimProVCS default.
[19:29:22.96] /w Warning: The environment option mergedFile is reset to FineSimProVCS default.
[19:29:22.96] /w Warning: The environment option compilationOptions is reset to FineSimProVCS default.
[19:29:22.96] /w Warning: The environment option vhdlanOptions is reset to FineSimProVCS default.
[19:29:22.96] /w Warning: The environment option elaborationOptions is reset to FineSimProVCS default.
[19:29:22.96] /w Warning: The environment option analogSimulatorOptions is reset to FineSimProVCS default.
[19:29:22.97] /w Warning: The environment option numProcesses is reset to FineSimProVCS default.
[19:29:22.97] /w Warning: The environment option outputDataFormat is reset to FineSimProVCS default.
[19:29:22.97] /w Warning: The environment option commandLineOptions is reset to FineSimProVCS default.
[19:29:22.97] /w Warning: The environment option switchViewList is reset to FineSimProVCS default.
[19:29:22.97] /w Warning: The environment option stopViewList is reset to FineSimProVCS default.
[19:29:23.21] /m Information: Loading preferences from /home/Cordero_Matamoros_I_2024_vlsi/simulation/tarea_2,compleja,schematic/history_1/simulation/default/FineSimProVCS/nominal/pw_shell_session_prefs.xml
[19:29:23.75] /e Error: "Enabling/disabling freezing is not allowed if there are open superMasters" (PCELL_FREEZING-005)
[19:29:23.75] /w Warning: Preference cannot be modified (Value 'false' for preference 'dbPcellFreezeEnabled' is invalid.). (PREFERENCE-035)
[19:29:23.84] /m Information: Start incremental database creation...
[19:29:23.86] /m Information: Create Iter role param id map
[19:29:23.87] /o saeInterBGSaeShell:  ::sa::_backgroundSaeShell::scriptFinished 1.1 {} sa::_resultsDatabase::saeShellProcessingCompletedProc testSuiteName saeSession9 uniqueSessionName {} testbenchName default resultsDir /home/Cordero_Matamoros_I_2024_vlsi/simulation/tarea_2,compleja,schematic/history_1/simulation/default/FineSimProVCS/nominal/results testSuiteDir /home/Cordero_Matamoros_I_2024_vlsi/simulation/tarea_2,compleja,schematic/history_1/simulation/default/FineSimProVCS/nominal databaseName /home/Cordero_Matamoros_I_2024_vlsi/simulation/tarea_2,compleja,schematic/history_1/simulation/default/FineSimProVCS/nominal/resultsDatabase remoteRun {} testbenchId 1 saveImages true
[19:29:23.87] /o false
[19:29:23.87] /i ::wf::viewerExited
[19:30:23.63] /i ::sa::_backgroundSaeShell::runScript /home/Cordero_Matamoros_I_2024_vlsi/simulation/tarea_2,compleja,schematic/bg_script.tcl 0 sa::_testSuite::netlistAndRun::structNetlistingDone scriptDir /home/Cordero_Matamoros_I_2024_vlsi/simulation/tarea_2,compleja,schematic testSuiteName saeSession9 cmdArgs {default 1 1 0 1 0} taskId 11 isReRun 1
[19:30:23.64] /m Information: Feature 'SynopsysCustomSAE' checked in. (LICENSE-004)
[19:30:23.64] /o 
[19:30:23.64] /m Information: Feature 'SynopsysCustomSAE' checked out. (LICENSE-003)
[19:30:23.71] /w Warning: The environment option digitalOutputDataFormat is reset to FineSimProVCS default.
[19:30:23.71] /w Warning: The environment option mergedFile is reset to FineSimProVCS default.
[19:30:23.71] /w Warning: The environment option compilationOptions is reset to FineSimProVCS default.
[19:30:23.71] /w Warning: The environment option vhdlanOptions is reset to FineSimProVCS default.
[19:30:23.71] /w Warning: The environment option elaborationOptions is reset to FineSimProVCS default.
[19:30:23.71] /w Warning: The environment option analogSimulatorOptions is reset to FineSimProVCS default.
[19:30:23.71] /w Warning: The environment option numProcesses is reset to FineSimProVCS default.
[19:30:23.71] /w Warning: The environment option outputDataFormat is reset to FineSimProVCS default.
[19:30:23.71] /w Warning: The environment option commandLineOptions is reset to FineSimProVCS default.
[19:30:23.71] /w Warning: The environment option switchViewList is reset to FineSimProVCS default.
[19:30:23.71] /w Warning: The environment option stopViewList is reset to FineSimProVCS default.
[19:30:24.03] /w Warning: Preference 'dbParamTrimTrailingZeroesAfterDecimalPoint' is deprecated and scheduled for removal in a future release with no replacement. For migration assistance, see the Custom Compiler Tcl Reference Manual. (PREFERENCE-058)
[19:30:24.13] /w Warning: Preference 'nlNanoSimShortPropNames' is deprecated and scheduled for removal in a future release. Use 'nlNanoSimIgnorePropNames' instead. For migration assistance, see the Custom Compiler Tcl Reference Manual. (PREFERENCE-070)
[19:30:24.13] /w Warning: Preference 'nlCDLPromoteConnectDefsAtTop' is deprecated and scheduled for removal in a future release. Use 'nlCDLTopVirtualTerms' instead. For migration assistance, see the Custom Compiler Tcl Reference Manual. (PREFERENCE-070)
[19:30:24.13] /w Warning: Preference 'nlVerilogShortPropNames' is deprecated and scheduled for removal in a future release. Use 'nlVerilogIgnorePropNames' instead. For migration assistance, see the Custom Compiler Tcl Reference Manual. (PREFERENCE-070)
[19:30:24.13] /w Warning: Preference 'nlCDLShortPropNames' is deprecated and scheduled for removal in a future release. Use 'nlCDLIgnorePropNames' instead. For migration assistance, see the Custom Compiler Tcl Reference Manual. (PREFERENCE-070)
[19:30:24.13] /w Warning: Preference 'nlEldoShortPropNames' is deprecated and scheduled for removal in a future release. Use 'nlEldoIgnorePropNames' instead. For migration assistance, see the Custom Compiler Tcl Reference Manual. (PREFERENCE-070)
[19:30:24.13] /w Warning: Preference 'nlHSPICEShortPropNames' is deprecated and scheduled for removal in a future release. Use 'nlHSPICEIgnorePropNames' instead. For migration assistance, see the Custom Compiler Tcl Reference Manual. (PREFERENCE-070)
[19:30:24.13] /w Warning: Preference 'nlSpectreAMSShortPropNames' is deprecated and scheduled for removal in a future release. Use 'nlSpectreAMSIgnorePropNames' instead. For migration assistance, see the Custom Compiler Tcl Reference Manual. (PREFERENCE-070)
[19:30:24.13] /w Warning: Preference 'nlVHDLShortPropNames' is deprecated and scheduled for removal in a future release. Use 'nlVHDLIgnorePropNames' instead. For migration assistance, see the Custom Compiler Tcl Reference Manual. (PREFERENCE-070)
[19:30:24.13] /w Warning: Preference 'nlVerilogICCShortPropNames' is deprecated and scheduled for removal in a future release. Use 'nlVerilogICCIgnorePropNames' instead. For migration assistance, see the Custom Compiler Tcl Reference Manual. (PREFERENCE-070)
[19:30:24.13] /w Warning: Preference 'nlAMSShortPropNames' is deprecated and scheduled for removal in a future release. Use 'nlAMSIgnorePropNames' instead. For migration assistance, see the Custom Compiler Tcl Reference Manual. (PREFERENCE-070)
[19:30:24.13] /w Warning: Preference 'nlSpectreShortPropNames' is deprecated and scheduled for removal in a future release. Use 'nlSpectreIgnorePropNames' instead. For migration assistance, see the Custom Compiler Tcl Reference Manual. (PREFERENCE-070)
[19:30:24.13] /w Warning: Preference 'nlPromoteTerms' is deprecated and scheduled for removal in a future release with no replacement. For migration assistance, see the Custom Compiler Tcl Reference Manual. (PREFERENCE-058)
[19:30:24.15] /o saeInterBGSaeShell:  ::sa::netlistAndRun::updateBgNRunMsg /home/Cordero_Matamoros_I_2024_vlsi/simulation/tarea_2,compleja,schematic/history_1/simulation/default/FineSimProVCS/nominal/results "Creating structural netlist for testbench default ..." 0 1
[19:30:24.16] /m Information: "Starting incremental netlisting for design "tarea_2/compleja/schematic"..." (NETLISTING-010)
[19:30:24.17] /o Netlisting
[19:30:24.19] /o No Design Integrity rule violations found in "tarea_2/compleja/schematic"
[19:30:24.19] /o Scanning: tarea_2/compleja/schematic
[19:30:24.22] /o Computing terminal lists
[19:30:24.22] /o Processing terminals of module tarea_2/compleja/schematic
[19:30:24.22] /o Creating output directories
[19:30:24.24] /o Netlisting
[19:30:24.25] /m Information: "Netlisting design "tarea_2/compleja/schematic" finished successfully." (NETLISTING-012)
[19:30:24.25] /m Information: Composing simulator input file for design "tarea_2/compleja/schematic"...
[19:30:25.24] /o 
[19:30:25.24] /o Analyzing Hierarchy
[19:30:25.25] /o Finalizing
[19:30:25.25] /m Information: Simulator input file composed successfully for design "tarea_2/compleja/schematic"
[19:30:25.25] /o saeInterBGSaeShell:  ::sa::netlistAndRun::updateBgNRunMsg /home/Cordero_Matamoros_I_2024_vlsi/simulation/tarea_2,compleja,schematic/history_1/simulation/default/FineSimProVCS/nominal/results "Creating final netlist for testbench default ..." 0 0
[19:30:25.34] /o 
[19:30:25.41] /m Information: Forcing full re-compile due to simulator change (Could not match current simulator versions with those used by the existing results, '/home/Cordero_Matamoros_I_2024_vlsi/simulation/tarea_2,compleja,schematic/history_1/simulation/default/FineSimProVCS/nominal/results/simulatorVersions.txt': FineSimProVCS changed to 'U-2023.03-SP2' from ' ')
[19:30:25.55] /o saeInterBGSaeShell:  ::sa::netlistAndRun::updateBgNRunMsg /home/Cordero_Matamoros_I_2024_vlsi/simulation/tarea_2,compleja,schematic/history_1/simulation/default/FineSimProVCS/nominal/results "Composing simulation job for testbench default - Nominal " 1 1
[19:30:25.57] /o saeInterBGSaeShell:  ::sa::_backgroundSaeShell::scriptFinished 1.9 {} sa::_testSuite::netlistAndRun::structNetlistingDone scriptDir /home/Cordero_Matamoros_I_2024_vlsi/simulation/tarea_2,compleja,schematic testSuiteName saeSession9 cmdArgs {default 1 1 0 1 0} taskId 11 isReRun 1
[19:30:25.57] /o false
[19:30:54.52] /i ::sa::_backgroundSaeShell::runScript /home/Cordero_Matamoros_I_2024_vlsi/simulation/tarea_2,compleja,schematic/history_1/simulation/default/FineSimProVCS/nominal/.bg_measurement_script.tcl 0 sa::_resultsDatabase::saeShellProcessingCompletedProc testSuiteName saeSession9 uniqueSessionName {} testbenchName default resultsDir /home/Cordero_Matamoros_I_2024_vlsi/simulation/tarea_2,compleja,schematic/history_1/simulation/default/FineSimProVCS/nominal/results testSuiteDir /home/Cordero_Matamoros_I_2024_vlsi/simulation/tarea_2,compleja,schematic/history_1/simulation/default/FineSimProVCS/nominal databaseName /home/Cordero_Matamoros_I_2024_vlsi/simulation/tarea_2,compleja,schematic/history_1/simulation/default/FineSimProVCS/nominal/resultsDatabase remoteRun {} testbenchId 1 saveImages true
[19:30:54.53] /m Information: Feature 'SynopsysCustomSAE' checked in. (LICENSE-004)
[19:30:54.53] /o 
[19:30:54.54] /m Information: Feature 'SynopsysCustomSAE' checked out. (LICENSE-003)
[19:30:54.58] /w Warning: The environment option digitalOutputDataFormat is reset to FineSimProVCS default.
[19:30:54.58] /w Warning: The environment option mergedFile is reset to FineSimProVCS default.
[19:30:54.58] /w Warning: The environment option compilationOptions is reset to FineSimProVCS default.
[19:30:54.58] /w Warning: The environment option vhdlanOptions is reset to FineSimProVCS default.
[19:30:54.58] /w Warning: The environment option elaborationOptions is reset to FineSimProVCS default.
[19:30:54.58] /w Warning: The environment option analogSimulatorOptions is reset to FineSimProVCS default.
[19:30:54.58] /w Warning: The environment option numProcesses is reset to FineSimProVCS default.
[19:30:54.59] /w Warning: The environment option outputDataFormat is reset to FineSimProVCS default.
[19:30:54.59] /w Warning: The environment option commandLineOptions is reset to FineSimProVCS default.
[19:30:54.59] /w Warning: The environment option switchViewList is reset to FineSimProVCS default.
[19:30:54.59] /w Warning: The environment option stopViewList is reset to FineSimProVCS default.
[19:30:54.64] /m Information: Loading preferences from /home/Cordero_Matamoros_I_2024_vlsi/simulation/tarea_2,compleja,schematic/history_1/simulation/default/FineSimProVCS/nominal/pw_shell_session_prefs.xml
[19:30:55.40] /e Error: "Enabling/disabling freezing is not allowed if there are open superMasters" (PCELL_FREEZING-005)
[19:30:55.40] /w Warning: Preference cannot be modified (Value 'false' for preference 'dbPcellFreezeEnabled' is invalid.). (PREFERENCE-035)
[19:30:55.67] /m Information: Start incremental database creation...
[19:30:55.69] /m Information: Create Iter role param id map
[19:30:55.72] /o saeInterBGSaeShell:  ::sa::_backgroundSaeShell::scriptFinished 1.2 {} sa::_resultsDatabase::saeShellProcessingCompletedProc testSuiteName saeSession9 uniqueSessionName {} testbenchName default resultsDir /home/Cordero_Matamoros_I_2024_vlsi/simulation/tarea_2,compleja,schematic/history_1/simulation/default/FineSimProVCS/nominal/results testSuiteDir /home/Cordero_Matamoros_I_2024_vlsi/simulation/tarea_2,compleja,schematic/history_1/simulation/default/FineSimProVCS/nominal databaseName /home/Cordero_Matamoros_I_2024_vlsi/simulation/tarea_2,compleja,schematic/history_1/simulation/default/FineSimProVCS/nominal/resultsDatabase remoteRun {} testbenchId 1 saveImages true
[19:30:55.72] /o false
[19:30:55.73] /i ::wf::viewerExited
[19:33:40.37] /i ::wf::viewerExited
[19:33:41.24] /i ::wf::updateViewerLicense 2
[19:33:47.76] /i ::sa::_backgroundSaeShell::exit
[19:33:47.76] /o saeInterBGSaeShell:  ::sa::_backgroundSaeShell::childFormallyExiting
[19:33:49.55] /o Shutdown time: Mon Apr 15 19:33:49 2024
[19:33:49.55] /o Elapsed session real time: 6.28 minutes
[19:33:49.55] /o Session terminated. Log is at /mnt/vol_NFS_rh003/Est_VLSI_I_2024/Cordero_Matamoros_I_2024_vlsi/tarea_2/synopsys_custom/logs/primewave.Cordero_Matamoros_I_2024_vlsi.2024_4_15_192730_371603.log
