[21:50:18.10] /o 
              /c                    PrimeWave Design Environment
              /c 
              /c            Version U-2023.03-SP2 for linux64 - Aug 24, 2023 00:53:01 
              /c 
              /c                     Copyright (c) 2000 - 2023 Synopsys, Inc.
              /c    This software and the associated documentation are proprietary to Synopsys,
              /c  Inc. This software may only be used in accordance with the terms and conditions
              /c  of a written license agreement with Synopsys, Inc. All other use, reproduction,
              /c    or distribution of this software is strictly prohibited.  Licensed Products
              /c      communicate with Synopsys servers for the purpose of providing software
              /c     updates, detecting software piracy and verifying that customers are using
              /c     Licensed Products in conformity with the applicable License Key for such
              /c   Licensed Products. Synopsys will use information gathered in connection with
              /c     this process to deliver software updates and pursue software pirates and
              /c                                    infringers.
              /c 
              /c  Inclusivity & Diversity - Visit SolvNetPlus to read the "Synopsys Statement on
              /c             Inclusivity and Diversity" (Refer to article 000036315 at
              /c                         https://solvnetplus.synopsys.com)
              /c 
              /c Build  (OPT) Config 9117514 compiled on Wed Aug 23 10:56:58 2023 for CentOS64 7.3
              /c Invocation: /mnt/vol_synopsys2023/synopsys/primewave/U-2023.03-SP2/linux64/platform/bin/primewave_st -gui 0 -log pw_shell_session0_job1 -libDefFile /mnt/vol_NFS_rh003/Est_VLSI_I_2024/Cordero_Matamoros_I_2024_vlsi/tarea_2/lib.defs
              /c Execution time: Tue Apr 23 21:50:14 2024
              /c Host: redhat003
              /c 
[21:50:18.12] /m Information: Started sharing "Custom WaveView ADV" license. (WAVEFORM-110)
[21:50:18.12] /m Information: Started sharing "Primewave" license. (WAVEFORM-110)
[21:50:18.12] /m Information: Feature 'SynopsysCustomSAE' checked out. (LICENSE-003)
[21:50:20.86] /r giShowFrameTabs true
[21:50:20.86] /r giWindowId 1
[21:50:20.86] /r giWindowGeometry 1040x800
[21:50:20.97] /i ::sa::_backgroundSaeShell::signalProcessReady 1713930612 1815048
[21:50:20.98] /o saeInterBGSaeShell:  ::sa::_backgroundSaeShell::processReady 8
[21:50:20.99] /i ::wf::updateViewerLicense 2
[21:50:21.49] /i ::wf::updateViewerLicense 2
[21:53:27.08] /i ::sa::_backgroundSaeShell::runScript /home/Cordero_Matamoros_I_2024_vlsi/simulation/tarea_2,compleja_def_prueba,schematic/bg_script.tcl 0 sa::_testSuite::netlistAndRun::structNetlistingDone scriptDir /home/Cordero_Matamoros_I_2024_vlsi/simulation/tarea_2,compleja_def_prueba,schematic testSuiteName saeSession0 cmdArgs {default 1 1 0 1 1} taskId 0
[21:53:28.70] /w Warning: The environment option digitalOutputDataFormat is reset to FineSimProVCS default.
[21:53:28.70] /w Warning: The environment option mergedFile is reset to FineSimProVCS default.
[21:53:28.70] /w Warning: The environment option compilationOptions is reset to FineSimProVCS default.
[21:53:28.70] /w Warning: The environment option vhdlanOptions is reset to FineSimProVCS default.
[21:53:28.70] /w Warning: The environment option elaborationOptions is reset to FineSimProVCS default.
[21:53:28.70] /w Warning: The environment option analogSimulatorOptions is reset to FineSimProVCS default.
[21:53:28.70] /w Warning: The environment option numProcesses is reset to FineSimProVCS default.
[21:53:28.70] /w Warning: The environment option outputDataFormat is reset to FineSimProVCS default.
[21:53:28.70] /w Warning: The environment option commandLineOptions is reset to FineSimProVCS default.
[21:53:28.70] /w Warning: The environment option switchViewList is reset to FineSimProVCS default.
[21:53:28.70] /w Warning: The environment option stopViewList is reset to FineSimProVCS default.
[21:53:29.17] /o 
[21:53:29.17] /o <> -------------------------------------------
[21:53:29.17] /o <>
[21:53:29.17] /o <> Loading XFAB PDK components
[21:53:29.18] /o <>  basic                            O.K
[21:53:29.24] /o <>  exports                          O.K
[21:53:29.49] /o <>  custom                           O.K
[21:53:29.49] /o <>  cdf                              O.K
[21:53:29.50] /o <>  netlisting                       O.K
[21:53:29.52] /o <>  useability                       WRN
[21:53:29.53] /e Error: "Following error happened during execution of ::gi::_giConsoleMessenger::_addToWindowType procedure during TCL callback Error: There are no registered attributes for object type 'string'. (TCL_OBJECT-008)" (POSTMAN-005)
[21:53:29.53] /o <>  synopsys                         O.K
[21:53:29.58] /o <>  pcellkit                         O.K
[21:53:29.74] /o <>  trigger_callbacks                O.K
[21:53:29.74] /o <> Loading XFAB PDK preferences
[21:53:29.77] /w Warning: Could not set the value of preference xtDRCTool because it does not exist. (PREFERENCE-016)
[21:53:29.77] /w Warning: Could not set the value of preference xtLVSTool because it does not exist. (PREFERENCE-016)
[21:53:29.77] /w Warning: Could not set the value of preference xtLVSSchNetlister because it does not exist. (PREFERENCE-016)
[21:53:29.77] /w Warning: Could not set the value of preference xtLPELVSTool because it does not exist. (PREFERENCE-016)
[21:53:29.77] /w Warning: Could not set the value of preference lxSplit because it does not exist. (PREFERENCE-016)
[21:53:29.77] /w Warning: Could not set the value of preference lxMFactorNames because it does not exist. (PREFERENCE-016)
[21:53:29.77] /w Warning: Could not set the value of preference lxTopBottomPinLPP because it does not exist. (PREFERENCE-016)
[21:53:29.77] /w Warning: Could not set the value of preference lxLeftRightPinLPP because it does not exist. (PREFERENCE-016)
[21:53:29.77] /w Warning: Preference 'nlPromoteTerms' is deprecated and scheduled for removal in a future release with no replacement. For migration assistance, see the Custom Compiler Tcl Reference Manual. (PREFERENCE-058)
[21:53:29.77] /w Warning: Could not set the value of preference xtPVLayerMapFile because it does not exist. (PREFERENCE-016)
[21:53:29.77] /w Warning: Could not set the value of preference xtLPEStarRunsetFile because it does not exist. (PREFERENCE-016)
[21:53:29.77] /w Warning: Could not set the value of preference xtStarTcadGrdFile because it does not exist. (PREFERENCE-016)
[21:53:29.77] /w Warning: Could not set the value of preference xtDRCICVIncludePaths because it does not exist. (PREFERENCE-016)
[21:53:29.77] /w Warning: Could not set the value of preference xtLVSICVIncludePaths because it does not exist. (PREFERENCE-016)
[21:53:29.77] /w Warning: Could not set the value of preference xtCDLViewSearchList because it does not exist. (PREFERENCE-016)
[21:53:29.77] /w Warning: Could not set the value of preference xtCDLViewStopList because it does not exist. (PREFERENCE-016)
[21:53:29.77] /w Warning: Could not set the value of preference xtDRCICVRunsetFile because it does not exist. (PREFERENCE-016)
[21:53:29.77] /w Warning: Could not set the value of preference xtLVSICVRunsetFile because it does not exist. (PREFERENCE-016)
[21:53:29.78] /w Warning: Could not set the value of preference xtDRCICVControlVars because it does not exist. (PREFERENCE-016)
[21:53:29.78] /w Warning: Could not set the value of preference xtLVSICVControlVars because it does not exist. (PREFERENCE-016)
[21:53:29.78] /o <> Loading Calibre presets for XFAB PDK
[21:53:29.78] /w Warning: Could not set the value of preference xtCalibreNetlistExportNetlisterEnabled because it does not exist. (PREFERENCE-016)
[21:53:29.78] /w Warning: Could not set the value of preference xtCalibreNetlistExportNetlister because it does not exist. (PREFERENCE-016)
[21:53:29.78] /w Warning: Could not set the value of preference xtCalibreNetlistExportViewList because it does not exist. (PREFERENCE-016)
[21:53:29.78] /w Warning: Could not set the value of preference xtCalibreNetlistExportStopList because it does not exist. (PREFERENCE-016)
[21:53:29.78] /o <> Loading .xfabrc user script
[21:53:29.78] /o <>
[21:53:29.78] /o <> -------------------------------------------
[21:53:29.78] /o <>
[21:53:29.78] /o <> Technology     xt018
[21:53:29.78] /o <> Version        v12_1_1_1
[21:53:29.78] /o <> LibCode        1243
[21:53:29.78] /o <> Core           LP 1.8V
[21:53:29.78] /o <> Metal          Thin4
[21:53:29.78] /o <> TopMetal       METTP&METTPL
[21:53:29.78] /o <>
[21:53:29.78] /o <> -------------------------------------------
[21:53:29.78] /o 
[21:53:29.78] /m Information: WARNLOAD  /mnt/vol_synopsys2023/pdks/xfab/design/xkit/xt018/synopsys/v12_1/PDK/CustomCompiler/v12_1_1_1/scripts/useability/xt018_mimant_check.tcl
[21:53:30.77] /w Warning: Preference 'dbParamTrimTrailingZeroesAfterDecimalPoint' is deprecated and scheduled for removal in a future release with no replacement. For migration assistance, see the Custom Compiler Tcl Reference Manual. (PREFERENCE-058)
[21:53:31.00] /w Warning: Error: Initializing startup file ':/auxx/layout_editor/startup.tcl' failed:
              /c Error: Initializing startup file ':/auxx/constraints/startup.tcl' failed:
              /c Error: Initializing startup file ':/auxx/constraints/bindings.tcl' failed:
              /c Error: Could not execute command 'gi::createBinding' because the supplied object 'cmDelete' for argument '-action' is invalid: Action with specified name does not exist. (COMMAND-026) (STARTUP-002) (STARTUP-002) (STARTUP-002)
[21:53:31.02] /w Warning: Preference 'nlNanoSimShortPropNames' is deprecated and scheduled for removal in a future release. Use 'nlNanoSimIgnorePropNames' instead. For migration assistance, see the Custom Compiler Tcl Reference Manual. (PREFERENCE-070)
[21:53:31.02] /w Warning: Preference 'nlCDLPromoteConnectDefsAtTop' is deprecated and scheduled for removal in a future release. Use 'nlCDLTopVirtualTerms' instead. For migration assistance, see the Custom Compiler Tcl Reference Manual. (PREFERENCE-070)
[21:53:31.02] /w Warning: Preference 'nlVerilogShortPropNames' is deprecated and scheduled for removal in a future release. Use 'nlVerilogIgnorePropNames' instead. For migration assistance, see the Custom Compiler Tcl Reference Manual. (PREFERENCE-070)
[21:53:31.02] /w Warning: Preference 'nlCDLShortPropNames' is deprecated and scheduled for removal in a future release. Use 'nlCDLIgnorePropNames' instead. For migration assistance, see the Custom Compiler Tcl Reference Manual. (PREFERENCE-070)
[21:53:31.02] /w Warning: Preference 'nlEldoShortPropNames' is deprecated and scheduled for removal in a future release. Use 'nlEldoIgnorePropNames' instead. For migration assistance, see the Custom Compiler Tcl Reference Manual. (PREFERENCE-070)
[21:53:31.02] /w Warning: Preference 'nlSpectreAMSShortPropNames' is deprecated and scheduled for removal in a future release. Use 'nlSpectreAMSIgnorePropNames' instead. For migration assistance, see the Custom Compiler Tcl Reference Manual. (PREFERENCE-070)
[21:53:31.02] /w Warning: Preference 'nlVHDLShortPropNames' is deprecated and scheduled for removal in a future release. Use 'nlVHDLIgnorePropNames' instead. For migration assistance, see the Custom Compiler Tcl Reference Manual. (PREFERENCE-070)
[21:53:31.02] /w Warning: Preference 'nlVerilogICCShortPropNames' is deprecated and scheduled for removal in a future release. Use 'nlVerilogICCIgnorePropNames' instead. For migration assistance, see the Custom Compiler Tcl Reference Manual. (PREFERENCE-070)
[21:53:31.02] /w Warning: Preference 'nlPromoteTerms' is deprecated and scheduled for removal in a future release with no replacement. For migration assistance, see the Custom Compiler Tcl Reference Manual. (PREFERENCE-058)
[21:53:31.02] /w Warning: Preference 'nlAMSShortPropNames' is deprecated and scheduled for removal in a future release. Use 'nlAMSIgnorePropNames' instead. For migration assistance, see the Custom Compiler Tcl Reference Manual. (PREFERENCE-070)
[21:53:31.02] /w Warning: Preference 'nlSpectreShortPropNames' is deprecated and scheduled for removal in a future release. Use 'nlSpectreIgnorePropNames' instead. For migration assistance, see the Custom Compiler Tcl Reference Manual. (PREFERENCE-070)
[21:53:31.02] /w Warning: Preference 'nlHSPICEShortPropNames' is deprecated and scheduled for removal in a future release. Use 'nlHSPICEIgnorePropNames' instead. For migration assistance, see the Custom Compiler Tcl Reference Manual. (PREFERENCE-070)
[21:53:31.18] /o saeInterBGSaeShell:  ::sa::netlistAndRun::updateBgNRunMsg /home/Cordero_Matamoros_I_2024_vlsi/simulation/tarea_2,compleja_def_prueba,schematic/history_1/simulation/default/FineSimProVCS/nominal/results "Creating structural netlist for testbench default ..." 0 1
[21:53:31.19] /m Information: "Starting incremental netlisting for design "tarea_2/compleja_def_prueba/schematic"..." (NETLISTING-010)
[21:53:31.43] /o Netlisting
[21:53:32.15] /o No Design Integrity rule violations found in "tarea_2/compleja_def_prueba/schematic"
[21:53:32.15] /o Scanning: tarea_2/compleja_def_prueba/schematic
[21:53:32.40] /o Computing terminal lists
[21:53:32.40] /o Processing terminals of module tarea_2/compleja_def_prueba/schematic
[21:53:32.42] /o Creating output directories
[21:53:32.44] /o Netlisting
[21:53:32.44] /o Formatting tarea_2/compleja_def_prueba/schematic
[21:53:32.57] /m Information: "tarea_2 compleja_def_prueba schematic" renetlisted. (NETLISTING-056)
[21:53:32.57] /m Information: "Netlisting design "tarea_2/compleja_def_prueba/schematic" finished successfully." (NETLISTING-012)
[21:53:32.58] /m Information: Composing simulator input file for design "tarea_2/compleja_def_prueba/schematic"...
[21:53:37.86] /o 
[21:53:37.86] /o Analyzing Hierarchy
[21:53:37.86] /o Finalizing
[21:53:37.86] /m Information: Simulator input file composed successfully for design "tarea_2/compleja_def_prueba/schematic"
[21:53:37.86] /o saeInterBGSaeShell:  ::sa::netlistAndRun::updateBgNRunMsg /home/Cordero_Matamoros_I_2024_vlsi/simulation/tarea_2,compleja_def_prueba,schematic/history_1/simulation/default/FineSimProVCS/nominal/results "Creating final netlist for testbench default ..." 0 0
[21:53:38.18] /o 
[21:53:40.41] /o saeInterBGSaeShell:  ::sa::netlistAndRun::updateBgNRunMsg /home/Cordero_Matamoros_I_2024_vlsi/simulation/tarea_2,compleja_def_prueba,schematic/history_1/simulation/default/FineSimProVCS/nominal/results "Composing simulation job for testbench default - Nominal " 1 1
[21:53:40.49] /o saeInterBGSaeShell:  ::sa::_backgroundSaeShell::scriptFinished 13.4 {} sa::_testSuite::netlistAndRun::structNetlistingDone scriptDir /home/Cordero_Matamoros_I_2024_vlsi/simulation/tarea_2,compleja_def_prueba,schematic testSuiteName saeSession0 cmdArgs {default 1 1 0 1 1} taskId 0
[21:53:40.49] /o false
[21:53:40.50] /i db::setAttr geometry -of [gi::getFrames 1] -value 1014x710+5+52
[21:54:37.78] /i ::sa::_backgroundSaeShell::runScript /home/Cordero_Matamoros_I_2024_vlsi/simulation/tarea_2,compleja_def_prueba,schematic/history_1/simulation/default/FineSimProVCS/nominal/.bg_measurement_script.tcl 0 sa::_resultsDatabase::saeShellProcessingCompletedProc testSuiteName saeSession0 uniqueSessionName {} testbenchName default resultsDir /home/Cordero_Matamoros_I_2024_vlsi/simulation/tarea_2,compleja_def_prueba,schematic/history_1/simulation/default/FineSimProVCS/nominal/results testSuiteDir /home/Cordero_Matamoros_I_2024_vlsi/simulation/tarea_2,compleja_def_prueba,schematic/history_1/simulation/default/FineSimProVCS/nominal databaseName /home/Cordero_Matamoros_I_2024_vlsi/simulation/tarea_2,compleja_def_prueba,schematic/history_1/simulation/default/FineSimProVCS/nominal/resultsDatabase remoteRun {} testbenchId 1 saveImages true
[21:54:37.79] /m Information: Feature 'SynopsysCustomSAE' checked in. (LICENSE-004)
[21:54:37.79] /o 
[21:54:37.79] /m Information: Feature 'SynopsysCustomSAE' checked out. (LICENSE-003)
[21:54:37.83] /w Warning: The environment option digitalOutputDataFormat is reset to FineSimProVCS default.
[21:54:37.83] /w Warning: The environment option mergedFile is reset to FineSimProVCS default.
[21:54:37.83] /w Warning: The environment option compilationOptions is reset to FineSimProVCS default.
[21:54:37.83] /w Warning: The environment option vhdlanOptions is reset to FineSimProVCS default.
[21:54:37.83] /w Warning: The environment option elaborationOptions is reset to FineSimProVCS default.
[21:54:37.83] /w Warning: The environment option analogSimulatorOptions is reset to FineSimProVCS default.
[21:54:37.83] /w Warning: The environment option numProcesses is reset to FineSimProVCS default.
[21:54:37.84] /w Warning: The environment option outputDataFormat is reset to FineSimProVCS default.
[21:54:37.84] /w Warning: The environment option commandLineOptions is reset to FineSimProVCS default.
[21:54:37.84] /w Warning: The environment option switchViewList is reset to FineSimProVCS default.
[21:54:37.84] /w Warning: The environment option stopViewList is reset to FineSimProVCS default.
[21:54:37.89] /m Information: Loading preferences from /home/Cordero_Matamoros_I_2024_vlsi/simulation/tarea_2,compleja_def_prueba,schematic/history_1/simulation/default/FineSimProVCS/nominal/pw_shell_session_prefs.xml
[21:54:38.71] /e Error: "Enabling/disabling freezing is not allowed if there are open superMasters" (PCELL_FREEZING-005)
[21:54:38.72] /w Warning: Preference cannot be modified (Value 'false' for preference 'dbPcellFreezeEnabled' is invalid.). (PREFERENCE-035)
[21:54:38.79] /m Information: Start incremental database creation...
[21:54:38.81] /m Information: Create Iter role param id map
[21:54:38.99] /o saeInterBGSaeShell:  ::sa::_backgroundSaeShell::scriptFinished 1.2 {} sa::_resultsDatabase::saeShellProcessingCompletedProc testSuiteName saeSession0 uniqueSessionName {} testbenchName default resultsDir /home/Cordero_Matamoros_I_2024_vlsi/simulation/tarea_2,compleja_def_prueba,schematic/history_1/simulation/default/FineSimProVCS/nominal/results testSuiteDir /home/Cordero_Matamoros_I_2024_vlsi/simulation/tarea_2,compleja_def_prueba,schematic/history_1/simulation/default/FineSimProVCS/nominal databaseName /home/Cordero_Matamoros_I_2024_vlsi/simulation/tarea_2,compleja_def_prueba,schematic/history_1/simulation/default/FineSimProVCS/nominal/resultsDatabase remoteRun {} testbenchId 1 saveImages true
[21:54:38.99] /o false
[21:54:38.99] /i ::wf::viewerExited
[21:54:51.90] /i ::wf::viewerExited
[21:54:53.64] /i ::wf::updateViewerLicense 2
[21:54:56.57] /i ::sa::_backgroundSaeShell::exit
[21:54:56.57] /o saeInterBGSaeShell:  ::sa::_backgroundSaeShell::childFormallyExiting
[21:54:58.63] /o Shutdown time: Tue Apr 23 21:54:58 2024
[21:54:58.63] /o Elapsed session real time: 4.68 minutes
[21:54:58.63] /o Session terminated. Log is at /mnt/vol_NFS_rh003/Est_VLSI_I_2024/Cordero_Matamoros_I_2024_vlsi/tarea_2/synopsys_custom/logs/primewave.Cordero_Matamoros_I_2024_vlsi.2024_4_23_215014_2526749.log
