[21:48:58.03] /o 
              /c                    PrimeWave Design Environment
              /c 
              /c            Version U-2023.03-SP2 for linux64 - Aug 24, 2023 00:53:01 
              /c 
              /c                     Copyright (c) 2000 - 2023 Synopsys, Inc.
              /c    This software and the associated documentation are proprietary to Synopsys,
              /c  Inc. This software may only be used in accordance with the terms and conditions
              /c  of a written license agreement with Synopsys, Inc. All other use, reproduction,
              /c    or distribution of this software is strictly prohibited.  Licensed Products
              /c      communicate with Synopsys servers for the purpose of providing software
              /c     updates, detecting software piracy and verifying that customers are using
              /c     Licensed Products in conformity with the applicable License Key for such
              /c   Licensed Products. Synopsys will use information gathered in connection with
              /c     this process to deliver software updates and pursue software pirates and
              /c                                    infringers.
              /c 
              /c  Inclusivity & Diversity - Visit SolvNetPlus to read the "Synopsys Statement on
              /c             Inclusivity and Diversity" (Refer to article 000036315 at
              /c                         https://solvnetplus.synopsys.com)
              /c 
              /c Build  (OPT) Config 9117514 compiled on Wed Aug 23 10:56:58 2023 for CentOS64 7.3
              /c Invocation: /mnt/vol_synopsys2023/synopsys/primewave/U-2023.03-SP2/linux64/platform/bin/primewave_st -gui 0 -log pw_shell_session5_job1 -libDefFile /mnt/vol_NFS_rh003/Est_VLSI_I_2024/Cordero_Matamoros_I_2024_vlsi/tarea_2/lib.defs
              /c Execution time: Sun Apr 28 21:48:55 2024
              /c Host: redhat003
              /c 
[21:48:58.06] /m Information: Started sharing "Custom WaveView ADV" license. (WAVEFORM-110)
[21:48:58.06] /m Information: Started sharing "Primewave" license. (WAVEFORM-110)
[21:48:58.06] /m Information: Feature 'SynopsysCustomSAE' checked out. (LICENSE-003)
[21:49:00.70] /r giShowFrameTabs true
[21:49:00.70] /r giWindowId 1
[21:49:00.70] /r giWindowGeometry 1040x800
[21:49:00.77] /i ::sa::_backgroundSaeShell::signalProcessReady 1714362534 87317
[21:49:00.77] /o saeInterBGSaeShell:  ::sa::_backgroundSaeShell::processReady 6
[21:49:00.78] /i ::wf::updateViewerLicense 2
[21:49:00.90] /i ::wf::updateViewerLicense 2
[21:50:21.08] /i ::sa::_backgroundSaeShell::runScript /home/Cordero_Matamoros_I_2024_vlsi/simulation/tarea_2,compleja_def,schematic/bg_script.tcl 0 sa::_testSuite::netlistAndRun::structNetlistingDone scriptDir /home/Cordero_Matamoros_I_2024_vlsi/simulation/tarea_2,compleja_def,schematic testSuiteName saeSession2 cmdArgs {default 1 1 0 1 0} taskId 13 isReRun 1
[21:50:21.59] /w Warning: The environment option digitalOutputDataFormat is reset to FineSimProVCS default.
[21:50:21.59] /w Warning: The environment option mergedFile is reset to FineSimProVCS default.
[21:50:21.59] /w Warning: The environment option compilationOptions is reset to FineSimProVCS default.
[21:50:21.59] /w Warning: The environment option vhdlanOptions is reset to FineSimProVCS default.
[21:50:21.59] /w Warning: The environment option elaborationOptions is reset to FineSimProVCS default.
[21:50:21.59] /w Warning: The environment option analogSimulatorOptions is reset to FineSimProVCS default.
[21:50:21.59] /w Warning: The environment option numProcesses is reset to FineSimProVCS default.
[21:50:21.59] /w Warning: The environment option outputDataFormat is reset to FineSimProVCS default.
[21:50:21.59] /w Warning: The environment option commandLineOptions is reset to FineSimProVCS default.
[21:50:21.59] /w Warning: The environment option switchViewList is reset to FineSimProVCS default.
[21:50:21.59] /w Warning: The environment option stopViewList is reset to FineSimProVCS default.
[21:50:21.81] /o 
[21:50:21.81] /o <> -------------------------------------------
[21:50:21.81] /o <>
[21:50:21.81] /o <> Loading XFAB PDK components
[21:50:21.81] /o <>  basic                            O.K
[21:50:21.83] /o <>  exports                          O.K
[21:50:21.84] /o <>  custom                           O.K
[21:50:21.84] /o <>  cdf                              O.K
[21:50:21.85] /o <>  netlisting                       O.K
[21:50:21.87] /o <>  useability                       WRN
[21:50:21.87] /e Error: "Following error happened during execution of ::gi::_giConsoleMessenger::_addToWindowType procedure during TCL callback Error: There are no registered attributes for object type 'string'. (TCL_OBJECT-008)" (POSTMAN-005)
[21:50:21.88] /o <>  synopsys                         O.K
[21:50:21.92] /o <>  pcellkit                         O.K
[21:50:21.94] /o <>  trigger_callbacks                O.K
[21:50:21.94] /o <> Loading XFAB PDK preferences
[21:50:21.95] /w Warning: Could not set the value of preference xtDRCTool because it does not exist. (PREFERENCE-016)
[21:50:21.95] /w Warning: Could not set the value of preference xtLVSTool because it does not exist. (PREFERENCE-016)
[21:50:21.95] /w Warning: Could not set the value of preference xtLVSSchNetlister because it does not exist. (PREFERENCE-016)
[21:50:21.95] /w Warning: Could not set the value of preference xtLPELVSTool because it does not exist. (PREFERENCE-016)
[21:50:21.95] /w Warning: Could not set the value of preference lxSplit because it does not exist. (PREFERENCE-016)
[21:50:21.95] /w Warning: Could not set the value of preference lxMFactorNames because it does not exist. (PREFERENCE-016)
[21:50:21.95] /w Warning: Could not set the value of preference lxTopBottomPinLPP because it does not exist. (PREFERENCE-016)
[21:50:21.95] /w Warning: Could not set the value of preference lxLeftRightPinLPP because it does not exist. (PREFERENCE-016)
[21:50:21.95] /w Warning: Preference 'nlPromoteTerms' is deprecated and scheduled for removal in a future release with no replacement. For migration assistance, see the Custom Compiler Tcl Reference Manual. (PREFERENCE-058)
[21:50:21.95] /w Warning: Could not set the value of preference xtPVLayerMapFile because it does not exist. (PREFERENCE-016)
[21:50:21.95] /w Warning: Could not set the value of preference xtLPEStarRunsetFile because it does not exist. (PREFERENCE-016)
[21:50:21.95] /w Warning: Could not set the value of preference xtStarTcadGrdFile because it does not exist. (PREFERENCE-016)
[21:50:21.95] /w Warning: Could not set the value of preference xtDRCICVIncludePaths because it does not exist. (PREFERENCE-016)
[21:50:21.95] /w Warning: Could not set the value of preference xtLVSICVIncludePaths because it does not exist. (PREFERENCE-016)
[21:50:21.95] /w Warning: Could not set the value of preference xtCDLViewSearchList because it does not exist. (PREFERENCE-016)
[21:50:21.95] /w Warning: Could not set the value of preference xtCDLViewStopList because it does not exist. (PREFERENCE-016)
[21:50:21.95] /w Warning: Could not set the value of preference xtDRCICVRunsetFile because it does not exist. (PREFERENCE-016)
[21:50:21.95] /w Warning: Could not set the value of preference xtLVSICVRunsetFile because it does not exist. (PREFERENCE-016)
[21:50:21.95] /w Warning: Could not set the value of preference xtDRCICVControlVars because it does not exist. (PREFERENCE-016)
[21:50:21.95] /w Warning: Could not set the value of preference xtLVSICVControlVars because it does not exist. (PREFERENCE-016)
[21:50:21.95] /o <> Loading Calibre presets for XFAB PDK
[21:50:21.95] /w Warning: Could not set the value of preference xtCalibreNetlistExportNetlisterEnabled because it does not exist. (PREFERENCE-016)
[21:50:21.95] /w Warning: Could not set the value of preference xtCalibreNetlistExportNetlister because it does not exist. (PREFERENCE-016)
[21:50:21.95] /w Warning: Could not set the value of preference xtCalibreNetlistExportViewList because it does not exist. (PREFERENCE-016)
[21:50:21.95] /w Warning: Could not set the value of preference xtCalibreNetlistExportStopList because it does not exist. (PREFERENCE-016)
[21:50:21.95] /o <> Loading .xfabrc user script
[21:50:21.95] /o <>
[21:50:21.95] /o <> -------------------------------------------
[21:50:21.95] /o <>
[21:50:21.95] /o <> Technology     xt018
[21:50:21.95] /o <> Version        v12_1_1_1
[21:50:21.95] /o <> LibCode        1243
[21:50:21.95] /o <> Core           LP 1.8V
[21:50:21.95] /o <> Metal          Thin4
[21:50:21.95] /o <> TopMetal       METTP&METTPL
[21:50:21.95] /o <>
[21:50:21.95] /o <> -------------------------------------------
[21:50:21.95] /o 
[21:50:21.95] /m Information: WARNLOAD  /mnt/vol_synopsys2023/pdks/xfab/design/xkit/xt018/synopsys/v12_1/PDK/CustomCompiler/v12_1_1_1/scripts/useability/xt018_mimant_check.tcl
[21:50:22.29] /w Warning: Preference 'dbParamTrimTrailingZeroesAfterDecimalPoint' is deprecated and scheduled for removal in a future release with no replacement. For migration assistance, see the Custom Compiler Tcl Reference Manual. (PREFERENCE-058)
[21:50:22.33] /w Warning: Error: Initializing startup file ':/auxx/layout_editor/startup.tcl' failed:
              /c Error: Initializing startup file ':/auxx/constraints/startup.tcl' failed:
              /c Error: Initializing startup file ':/auxx/constraints/bindings.tcl' failed:
              /c Error: Could not execute command 'gi::createBinding' because the supplied object 'cmDelete' for argument '-action' is invalid: Action with specified name does not exist. (COMMAND-026) (STARTUP-002) (STARTUP-002) (STARTUP-002)
[21:50:22.35] /w Warning: Preference 'nlNanoSimShortPropNames' is deprecated and scheduled for removal in a future release. Use 'nlNanoSimIgnorePropNames' instead. For migration assistance, see the Custom Compiler Tcl Reference Manual. (PREFERENCE-070)
[21:50:22.35] /w Warning: Preference 'nlCDLPromoteConnectDefsAtTop' is deprecated and scheduled for removal in a future release. Use 'nlCDLTopVirtualTerms' instead. For migration assistance, see the Custom Compiler Tcl Reference Manual. (PREFERENCE-070)
[21:50:22.35] /w Warning: Preference 'nlVerilogShortPropNames' is deprecated and scheduled for removal in a future release. Use 'nlVerilogIgnorePropNames' instead. For migration assistance, see the Custom Compiler Tcl Reference Manual. (PREFERENCE-070)
[21:50:22.35] /w Warning: Preference 'nlCDLShortPropNames' is deprecated and scheduled for removal in a future release. Use 'nlCDLIgnorePropNames' instead. For migration assistance, see the Custom Compiler Tcl Reference Manual. (PREFERENCE-070)
[21:50:22.35] /w Warning: Preference 'nlEldoShortPropNames' is deprecated and scheduled for removal in a future release. Use 'nlEldoIgnorePropNames' instead. For migration assistance, see the Custom Compiler Tcl Reference Manual. (PREFERENCE-070)
[21:50:22.35] /w Warning: Preference 'nlSpectreAMSShortPropNames' is deprecated and scheduled for removal in a future release. Use 'nlSpectreAMSIgnorePropNames' instead. For migration assistance, see the Custom Compiler Tcl Reference Manual. (PREFERENCE-070)
[21:50:22.35] /w Warning: Preference 'nlVHDLShortPropNames' is deprecated and scheduled for removal in a future release. Use 'nlVHDLIgnorePropNames' instead. For migration assistance, see the Custom Compiler Tcl Reference Manual. (PREFERENCE-070)
[21:50:22.35] /w Warning: Preference 'nlVerilogICCShortPropNames' is deprecated and scheduled for removal in a future release. Use 'nlVerilogICCIgnorePropNames' instead. For migration assistance, see the Custom Compiler Tcl Reference Manual. (PREFERENCE-070)
[21:50:22.35] /w Warning: Preference 'nlPromoteTerms' is deprecated and scheduled for removal in a future release with no replacement. For migration assistance, see the Custom Compiler Tcl Reference Manual. (PREFERENCE-058)
[21:50:22.35] /w Warning: Preference 'nlAMSShortPropNames' is deprecated and scheduled for removal in a future release. Use 'nlAMSIgnorePropNames' instead. For migration assistance, see the Custom Compiler Tcl Reference Manual. (PREFERENCE-070)
[21:50:22.35] /w Warning: Preference 'nlSpectreShortPropNames' is deprecated and scheduled for removal in a future release. Use 'nlSpectreIgnorePropNames' instead. For migration assistance, see the Custom Compiler Tcl Reference Manual. (PREFERENCE-070)
[21:50:22.36] /w Warning: Preference 'nlHSPICEShortPropNames' is deprecated and scheduled for removal in a future release. Use 'nlHSPICEIgnorePropNames' instead. For migration assistance, see the Custom Compiler Tcl Reference Manual. (PREFERENCE-070)
[21:50:22.39] /o saeInterBGSaeShell:  ::sa::netlistAndRun::updateBgNRunMsg /home/Cordero_Matamoros_I_2024_vlsi/simulation/tarea_2,compleja_def,schematic/history_1/simulation/default/FineSimProVCS/nominal/results "Creating structural netlist for testbench default ..." 0 1
[21:50:22.40] /m Information: "Starting incremental netlisting for design "tarea_2/compleja_def/schematic"..." (NETLISTING-010)
[21:50:22.42] /o Netlisting
[21:50:22.63] /o No Design Integrity rule violations found in "tarea_2/compleja_def/schematic"
[21:50:22.63] /o Scanning: tarea_2/compleja_def/schematic
[21:50:22.70] /o Scanning: D_CELLS_HDLL/INHDLLX0/functional
[21:50:22.79] /o Computing terminal lists
[21:50:22.79] /o Processing terminals of module tarea_2/compleja_def/schematic
[21:50:22.80] /o Creating output directories
[21:50:22.83] /o Netlisting
[21:50:22.84] /o Formatting tarea_2/compleja_def/schematic
[21:50:22.90] /m Information: "tarea_2 compleja_def schematic" renetlisted. (NETLISTING-056)
[21:50:22.91] /m Information: "Netlisting design "tarea_2/compleja_def/schematic" finished successfully." (NETLISTING-012)
[21:50:22.92] /m Information: Composing simulator input file for design "tarea_2/compleja_def/schematic"...
[21:50:26.67] /o 
[21:50:26.67] /o Analyzing Hierarchy
[21:50:26.68] /o Writing A2D Lines
[21:50:26.71] /o Finalizing
[21:50:26.71] /m Information: Simulator input file composed successfully for design "tarea_2/compleja_def/schematic"
[21:50:26.72] /o saeInterBGSaeShell:  ::sa::netlistAndRun::updateBgNRunMsg /home/Cordero_Matamoros_I_2024_vlsi/simulation/tarea_2,compleja_def,schematic/history_1/simulation/default/FineSimProVCS/nominal/results "Creating final netlist for testbench default ..." 0 0
[21:50:26.81] /o 
[21:50:27.85] /o saeInterBGSaeShell:  ::sa::netlistAndRun::updateBgNRunMsg /home/Cordero_Matamoros_I_2024_vlsi/simulation/tarea_2,compleja_def,schematic/history_1/simulation/default/FineSimProVCS/nominal/results "Composing simulation job for testbench default - Nominal " 1 1
[21:50:27.86] /o saeInterBGSaeShell:  ::sa::_backgroundSaeShell::scriptFinished 6.7 {} sa::_testSuite::netlistAndRun::structNetlistingDone scriptDir /home/Cordero_Matamoros_I_2024_vlsi/simulation/tarea_2,compleja_def,schematic testSuiteName saeSession2 cmdArgs {default 1 1 0 1 0} taskId 13 isReRun 1
[21:50:27.86] /o false
[21:50:27.87] /i db::setAttr geometry -of [gi::getFrames 1] -value 1014x710+5+52
[21:50:58.20] /i ::sa::_backgroundSaeShell::runScript /home/Cordero_Matamoros_I_2024_vlsi/simulation/tarea_2,compleja_def,schematic/history_1/simulation/default/FineSimProVCS/nominal/.bg_measurement_script.tcl 0 sa::_resultsDatabase::saeShellProcessingCompletedProc testSuiteName saeSession2 uniqueSessionName {} testbenchName default resultsDir /home/Cordero_Matamoros_I_2024_vlsi/simulation/tarea_2,compleja_def,schematic/history_1/simulation/default/FineSimProVCS/nominal/results testSuiteDir /home/Cordero_Matamoros_I_2024_vlsi/simulation/tarea_2,compleja_def,schematic/history_1/simulation/default/FineSimProVCS/nominal databaseName /home/Cordero_Matamoros_I_2024_vlsi/simulation/tarea_2,compleja_def,schematic/history_1/simulation/default/FineSimProVCS/nominal/resultsDatabase remoteRun {} testbenchId 1 saveImages true
[21:50:58.21] /m Information: Feature 'SynopsysCustomSAE' checked in. (LICENSE-004)
[21:50:58.21] /o 
[21:50:58.22] /m Information: Feature 'SynopsysCustomSAE' checked out. (LICENSE-003)
[21:50:58.25] /w Warning: The environment option digitalOutputDataFormat is reset to FineSimProVCS default.
[21:50:58.25] /w Warning: The environment option mergedFile is reset to FineSimProVCS default.
[21:50:58.25] /w Warning: The environment option compilationOptions is reset to FineSimProVCS default.
[21:50:58.25] /w Warning: The environment option vhdlanOptions is reset to FineSimProVCS default.
[21:50:58.25] /w Warning: The environment option elaborationOptions is reset to FineSimProVCS default.
[21:50:58.25] /w Warning: The environment option analogSimulatorOptions is reset to FineSimProVCS default.
[21:50:58.25] /w Warning: The environment option numProcesses is reset to FineSimProVCS default.
[21:50:58.25] /w Warning: The environment option outputDataFormat is reset to FineSimProVCS default.
[21:50:58.25] /w Warning: The environment option commandLineOptions is reset to FineSimProVCS default.
[21:50:58.25] /w Warning: The environment option switchViewList is reset to FineSimProVCS default.
[21:50:58.25] /w Warning: The environment option stopViewList is reset to FineSimProVCS default.
[21:50:58.29] /m Information: Loading preferences from /home/Cordero_Matamoros_I_2024_vlsi/simulation/tarea_2,compleja_def,schematic/history_1/simulation/default/FineSimProVCS/nominal/pw_shell_session_prefs.xml
[21:50:58.45] /e Error: "Enabling/disabling freezing is not allowed if there are open superMasters" (PCELL_FREEZING-005)
[21:50:58.45] /w Warning: Preference cannot be modified (Value 'false' for preference 'dbPcellFreezeEnabled' is invalid.). (PREFERENCE-035)
[21:50:58.52] /m Information: Start incremental database creation...
[21:50:58.53] /m Information: Create Iter role param id map
[21:50:58.54] /o saeInterBGSaeShell:  ::sa::_backgroundSaeShell::scriptFinished 0.3 {} sa::_resultsDatabase::saeShellProcessingCompletedProc testSuiteName saeSession2 uniqueSessionName {} testbenchName default resultsDir /home/Cordero_Matamoros_I_2024_vlsi/simulation/tarea_2,compleja_def,schematic/history_1/simulation/default/FineSimProVCS/nominal/results testSuiteDir /home/Cordero_Matamoros_I_2024_vlsi/simulation/tarea_2,compleja_def,schematic/history_1/simulation/default/FineSimProVCS/nominal databaseName /home/Cordero_Matamoros_I_2024_vlsi/simulation/tarea_2,compleja_def,schematic/history_1/simulation/default/FineSimProVCS/nominal/resultsDatabase remoteRun {} testbenchId 1 saveImages true
[21:50:58.54] /o false
[21:50:58.54] /i ::wf::viewerExited
[21:51:16.11] /i ::sa::_backgroundSaeShell::runScript /home/Cordero_Matamoros_I_2024_vlsi/simulation/tarea_2,compleja_def,schematic/bg_script.tcl 0 sa::_testSuite::netlistAndRun::structNetlistingDone scriptDir /home/Cordero_Matamoros_I_2024_vlsi/simulation/tarea_2,compleja_def,schematic testSuiteName saeSession2 cmdArgs {default 1 1 0 1 0} taskId 14 isReRun 1
[21:51:16.12] /m Information: Feature 'SynopsysCustomSAE' checked in. (LICENSE-004)
[21:51:16.13] /o 
[21:51:16.13] /m Information: Feature 'SynopsysCustomSAE' checked out. (LICENSE-003)
[21:51:16.18] /w Warning: The environment option digitalOutputDataFormat is reset to FineSimProVCS default.
[21:51:16.18] /w Warning: The environment option mergedFile is reset to FineSimProVCS default.
[21:51:16.18] /w Warning: The environment option compilationOptions is reset to FineSimProVCS default.
[21:51:16.18] /w Warning: The environment option vhdlanOptions is reset to FineSimProVCS default.
[21:51:16.18] /w Warning: The environment option elaborationOptions is reset to FineSimProVCS default.
[21:51:16.18] /w Warning: The environment option analogSimulatorOptions is reset to FineSimProVCS default.
[21:51:16.18] /w Warning: The environment option numProcesses is reset to FineSimProVCS default.
[21:51:16.18] /w Warning: The environment option outputDataFormat is reset to FineSimProVCS default.
[21:51:16.19] /w Warning: The environment option commandLineOptions is reset to FineSimProVCS default.
[21:51:16.19] /w Warning: The environment option switchViewList is reset to FineSimProVCS default.
[21:51:16.19] /w Warning: The environment option stopViewList is reset to FineSimProVCS default.
[21:51:16.41] /w Warning: Preference 'dbParamTrimTrailingZeroesAfterDecimalPoint' is deprecated and scheduled for removal in a future release with no replacement. For migration assistance, see the Custom Compiler Tcl Reference Manual. (PREFERENCE-058)
[21:51:16.49] /w Warning: Preference 'nlNanoSimShortPropNames' is deprecated and scheduled for removal in a future release. Use 'nlNanoSimIgnorePropNames' instead. For migration assistance, see the Custom Compiler Tcl Reference Manual. (PREFERENCE-070)
[21:51:16.49] /w Warning: Preference 'nlCDLPromoteConnectDefsAtTop' is deprecated and scheduled for removal in a future release. Use 'nlCDLTopVirtualTerms' instead. For migration assistance, see the Custom Compiler Tcl Reference Manual. (PREFERENCE-070)
[21:51:16.49] /w Warning: Preference 'nlVerilogShortPropNames' is deprecated and scheduled for removal in a future release. Use 'nlVerilogIgnorePropNames' instead. For migration assistance, see the Custom Compiler Tcl Reference Manual. (PREFERENCE-070)
[21:51:16.49] /w Warning: Preference 'nlCDLShortPropNames' is deprecated and scheduled for removal in a future release. Use 'nlCDLIgnorePropNames' instead. For migration assistance, see the Custom Compiler Tcl Reference Manual. (PREFERENCE-070)
[21:51:16.49] /w Warning: Preference 'nlEldoShortPropNames' is deprecated and scheduled for removal in a future release. Use 'nlEldoIgnorePropNames' instead. For migration assistance, see the Custom Compiler Tcl Reference Manual. (PREFERENCE-070)
[21:51:16.49] /w Warning: Preference 'nlSpectreAMSShortPropNames' is deprecated and scheduled for removal in a future release. Use 'nlSpectreAMSIgnorePropNames' instead. For migration assistance, see the Custom Compiler Tcl Reference Manual. (PREFERENCE-070)
[21:51:16.49] /w Warning: Preference 'nlVHDLShortPropNames' is deprecated and scheduled for removal in a future release. Use 'nlVHDLIgnorePropNames' instead. For migration assistance, see the Custom Compiler Tcl Reference Manual. (PREFERENCE-070)
[21:51:16.49] /w Warning: Preference 'nlVerilogICCShortPropNames' is deprecated and scheduled for removal in a future release. Use 'nlVerilogICCIgnorePropNames' instead. For migration assistance, see the Custom Compiler Tcl Reference Manual. (PREFERENCE-070)
[21:51:16.49] /w Warning: Preference 'nlPromoteTerms' is deprecated and scheduled for removal in a future release with no replacement. For migration assistance, see the Custom Compiler Tcl Reference Manual. (PREFERENCE-058)
[21:51:16.49] /w Warning: Preference 'nlAMSShortPropNames' is deprecated and scheduled for removal in a future release. Use 'nlAMSIgnorePropNames' instead. For migration assistance, see the Custom Compiler Tcl Reference Manual. (PREFERENCE-070)
[21:51:16.49] /w Warning: Preference 'nlSpectreShortPropNames' is deprecated and scheduled for removal in a future release. Use 'nlSpectreIgnorePropNames' instead. For migration assistance, see the Custom Compiler Tcl Reference Manual. (PREFERENCE-070)
[21:51:16.49] /w Warning: Preference 'nlHSPICEShortPropNames' is deprecated and scheduled for removal in a future release. Use 'nlHSPICEIgnorePropNames' instead. For migration assistance, see the Custom Compiler Tcl Reference Manual. (PREFERENCE-070)
[21:51:16.51] /o saeInterBGSaeShell:  ::sa::netlistAndRun::updateBgNRunMsg /home/Cordero_Matamoros_I_2024_vlsi/simulation/tarea_2,compleja_def,schematic/history_1/simulation/default/FineSimProVCS/nominal/results "Creating structural netlist for testbench default ..." 0 1
[21:51:16.52] /m Information: "Starting incremental netlisting for design "tarea_2/compleja_def/schematic"..." (NETLISTING-010)
[21:51:16.53] /o Netlisting
[21:51:16.55] /o No Design Integrity rule violations found in "tarea_2/compleja_def/schematic"
[21:51:16.55] /o Scanning: tarea_2/compleja_def/schematic
[21:51:16.55] /o Scanning: D_CELLS_HDLL/INHDLLX0/functional
[21:51:16.57] /o Computing terminal lists
[21:51:16.57] /o Processing terminals of module tarea_2/compleja_def/schematic
[21:51:16.58] /o Creating output directories
[21:51:16.59] /o Netlisting
[21:51:16.60] /m Information: "Netlisting design "tarea_2/compleja_def/schematic" finished successfully." (NETLISTING-012)
[21:51:16.61] /m Information: Composing simulator input file for design "tarea_2/compleja_def/schematic"...
[21:51:17.50] /o 
[21:51:17.50] /o Analyzing Hierarchy
[21:51:17.50] /o Writing A2D Lines
[21:51:17.51] /o Finalizing
[21:51:17.52] /m Information: Simulator input file composed successfully for design "tarea_2/compleja_def/schematic"
[21:51:17.52] /o saeInterBGSaeShell:  ::sa::netlistAndRun::updateBgNRunMsg /home/Cordero_Matamoros_I_2024_vlsi/simulation/tarea_2,compleja_def,schematic/history_1/simulation/default/FineSimProVCS/nominal/results "Creating final netlist for testbench default ..." 0 0
[21:51:17.59] /o 
[21:51:18.00] /o saeInterBGSaeShell:  ::sa::netlistAndRun::updateBgNRunMsg /home/Cordero_Matamoros_I_2024_vlsi/simulation/tarea_2,compleja_def,schematic/history_1/simulation/default/FineSimProVCS/nominal/results "Composing simulation job for testbench default - Nominal " 1 1
[21:51:18.02] /o saeInterBGSaeShell:  ::sa::_backgroundSaeShell::scriptFinished 1.9 {} sa::_testSuite::netlistAndRun::structNetlistingDone scriptDir /home/Cordero_Matamoros_I_2024_vlsi/simulation/tarea_2,compleja_def,schematic testSuiteName saeSession2 cmdArgs {default 1 1 0 1 0} taskId 14 isReRun 1
[21:51:18.02] /o false
[21:51:46.11] /i ::sa::_backgroundSaeShell::runScript /home/Cordero_Matamoros_I_2024_vlsi/simulation/tarea_2,compleja_def,schematic/history_1/simulation/default/FineSimProVCS/nominal/.bg_measurement_script.tcl 0 sa::_resultsDatabase::saeShellProcessingCompletedProc testSuiteName saeSession2 uniqueSessionName {} testbenchName default resultsDir /home/Cordero_Matamoros_I_2024_vlsi/simulation/tarea_2,compleja_def,schematic/history_1/simulation/default/FineSimProVCS/nominal/results testSuiteDir /home/Cordero_Matamoros_I_2024_vlsi/simulation/tarea_2,compleja_def,schematic/history_1/simulation/default/FineSimProVCS/nominal databaseName /home/Cordero_Matamoros_I_2024_vlsi/simulation/tarea_2,compleja_def,schematic/history_1/simulation/default/FineSimProVCS/nominal/resultsDatabase remoteRun {} testbenchId 1 saveImages true
[21:51:46.12] /m Information: Feature 'SynopsysCustomSAE' checked in. (LICENSE-004)
[21:51:46.12] /o 
[21:51:46.13] /m Information: Feature 'SynopsysCustomSAE' checked out. (LICENSE-003)
[21:51:46.18] /w Warning: The environment option digitalOutputDataFormat is reset to FineSimProVCS default.
[21:51:46.18] /w Warning: The environment option mergedFile is reset to FineSimProVCS default.
[21:51:46.18] /w Warning: The environment option compilationOptions is reset to FineSimProVCS default.
[21:51:46.18] /w Warning: The environment option vhdlanOptions is reset to FineSimProVCS default.
[21:51:46.18] /w Warning: The environment option elaborationOptions is reset to FineSimProVCS default.
[21:51:46.18] /w Warning: The environment option analogSimulatorOptions is reset to FineSimProVCS default.
[21:51:46.18] /w Warning: The environment option numProcesses is reset to FineSimProVCS default.
[21:51:46.18] /w Warning: The environment option outputDataFormat is reset to FineSimProVCS default.
[21:51:46.18] /w Warning: The environment option commandLineOptions is reset to FineSimProVCS default.
[21:51:46.18] /w Warning: The environment option switchViewList is reset to FineSimProVCS default.
[21:51:46.18] /w Warning: The environment option stopViewList is reset to FineSimProVCS default.
[21:51:46.23] /m Information: Loading preferences from /home/Cordero_Matamoros_I_2024_vlsi/simulation/tarea_2,compleja_def,schematic/history_1/simulation/default/FineSimProVCS/nominal/pw_shell_session_prefs.xml
[21:51:46.39] /e Error: "Enabling/disabling freezing is not allowed if there are open superMasters" (PCELL_FREEZING-005)
[21:51:46.39] /w Warning: Preference cannot be modified (Value 'false' for preference 'dbPcellFreezeEnabled' is invalid.). (PREFERENCE-035)
[21:51:46.46] /m Information: Start incremental database creation...
[21:51:46.47] /m Information: Create Iter role param id map
[21:51:46.48] /o saeInterBGSaeShell:  ::sa::_backgroundSaeShell::scriptFinished 0.3 {} sa::_resultsDatabase::saeShellProcessingCompletedProc testSuiteName saeSession2 uniqueSessionName {} testbenchName default resultsDir /home/Cordero_Matamoros_I_2024_vlsi/simulation/tarea_2,compleja_def,schematic/history_1/simulation/default/FineSimProVCS/nominal/results testSuiteDir /home/Cordero_Matamoros_I_2024_vlsi/simulation/tarea_2,compleja_def,schematic/history_1/simulation/default/FineSimProVCS/nominal databaseName /home/Cordero_Matamoros_I_2024_vlsi/simulation/tarea_2,compleja_def,schematic/history_1/simulation/default/FineSimProVCS/nominal/resultsDatabase remoteRun {} testbenchId 1 saveImages true
[21:51:46.48] /o false
[21:51:46.48] /i ::wf::viewerExited
[21:52:59.83] /i ::sa::_backgroundSaeShell::runScript /home/Cordero_Matamoros_I_2024_vlsi/simulation/tarea_2,compleja_def,schematic/bg_script.tcl 0 sa::_testSuite::netlistAndRun::structNetlistingDone scriptDir /home/Cordero_Matamoros_I_2024_vlsi/simulation/tarea_2,compleja_def,schematic testSuiteName saeSession2 cmdArgs {default 1 1 0 1 0} taskId 15 isReRun 1
[21:52:59.84] /m Information: Feature 'SynopsysCustomSAE' checked in. (LICENSE-004)
[21:52:59.84] /o 
[21:52:59.84] /m Information: Feature 'SynopsysCustomSAE' checked out. (LICENSE-003)
[21:52:59.92] /w Warning: The environment option digitalOutputDataFormat is reset to FineSimProVCS default.
[21:52:59.92] /w Warning: The environment option mergedFile is reset to FineSimProVCS default.
[21:52:59.92] /w Warning: The environment option compilationOptions is reset to FineSimProVCS default.
[21:52:59.92] /w Warning: The environment option vhdlanOptions is reset to FineSimProVCS default.
[21:52:59.92] /w Warning: The environment option elaborationOptions is reset to FineSimProVCS default.
[21:52:59.92] /w Warning: The environment option analogSimulatorOptions is reset to FineSimProVCS default.
[21:52:59.92] /w Warning: The environment option numProcesses is reset to FineSimProVCS default.
[21:52:59.92] /w Warning: The environment option outputDataFormat is reset to FineSimProVCS default.
[21:52:59.92] /w Warning: The environment option commandLineOptions is reset to FineSimProVCS default.
[21:52:59.92] /w Warning: The environment option switchViewList is reset to FineSimProVCS default.
[21:52:59.92] /w Warning: The environment option stopViewList is reset to FineSimProVCS default.
[21:53:00.21] /w Warning: Preference 'dbParamTrimTrailingZeroesAfterDecimalPoint' is deprecated and scheduled for removal in a future release with no replacement. For migration assistance, see the Custom Compiler Tcl Reference Manual. (PREFERENCE-058)
[21:53:00.30] /w Warning: Preference 'nlNanoSimShortPropNames' is deprecated and scheduled for removal in a future release. Use 'nlNanoSimIgnorePropNames' instead. For migration assistance, see the Custom Compiler Tcl Reference Manual. (PREFERENCE-070)
[21:53:00.30] /w Warning: Preference 'nlCDLPromoteConnectDefsAtTop' is deprecated and scheduled for removal in a future release. Use 'nlCDLTopVirtualTerms' instead. For migration assistance, see the Custom Compiler Tcl Reference Manual. (PREFERENCE-070)
[21:53:00.30] /w Warning: Preference 'nlVerilogShortPropNames' is deprecated and scheduled for removal in a future release. Use 'nlVerilogIgnorePropNames' instead. For migration assistance, see the Custom Compiler Tcl Reference Manual. (PREFERENCE-070)
[21:53:00.30] /w Warning: Preference 'nlCDLShortPropNames' is deprecated and scheduled for removal in a future release. Use 'nlCDLIgnorePropNames' instead. For migration assistance, see the Custom Compiler Tcl Reference Manual. (PREFERENCE-070)
[21:53:00.30] /w Warning: Preference 'nlEldoShortPropNames' is deprecated and scheduled for removal in a future release. Use 'nlEldoIgnorePropNames' instead. For migration assistance, see the Custom Compiler Tcl Reference Manual. (PREFERENCE-070)
[21:53:00.30] /w Warning: Preference 'nlSpectreAMSShortPropNames' is deprecated and scheduled for removal in a future release. Use 'nlSpectreAMSIgnorePropNames' instead. For migration assistance, see the Custom Compiler Tcl Reference Manual. (PREFERENCE-070)
[21:53:00.30] /w Warning: Preference 'nlVHDLShortPropNames' is deprecated and scheduled for removal in a future release. Use 'nlVHDLIgnorePropNames' instead. For migration assistance, see the Custom Compiler Tcl Reference Manual. (PREFERENCE-070)
[21:53:00.30] /w Warning: Preference 'nlVerilogICCShortPropNames' is deprecated and scheduled for removal in a future release. Use 'nlVerilogICCIgnorePropNames' instead. For migration assistance, see the Custom Compiler Tcl Reference Manual. (PREFERENCE-070)
[21:53:00.30] /w Warning: Preference 'nlPromoteTerms' is deprecated and scheduled for removal in a future release with no replacement. For migration assistance, see the Custom Compiler Tcl Reference Manual. (PREFERENCE-058)
[21:53:00.30] /w Warning: Preference 'nlAMSShortPropNames' is deprecated and scheduled for removal in a future release. Use 'nlAMSIgnorePropNames' instead. For migration assistance, see the Custom Compiler Tcl Reference Manual. (PREFERENCE-070)
[21:53:00.30] /w Warning: Preference 'nlSpectreShortPropNames' is deprecated and scheduled for removal in a future release. Use 'nlSpectreIgnorePropNames' instead. For migration assistance, see the Custom Compiler Tcl Reference Manual. (PREFERENCE-070)
[21:53:00.30] /w Warning: Preference 'nlHSPICEShortPropNames' is deprecated and scheduled for removal in a future release. Use 'nlHSPICEIgnorePropNames' instead. For migration assistance, see the Custom Compiler Tcl Reference Manual. (PREFERENCE-070)
[21:53:00.33] /o saeInterBGSaeShell:  ::sa::netlistAndRun::updateBgNRunMsg /home/Cordero_Matamoros_I_2024_vlsi/simulation/tarea_2,compleja_def,schematic/history_1/simulation/default/FineSimProVCS/nominal/results "Creating structural netlist for testbench default ..." 0 1
[21:53:00.34] /m Information: "Starting incremental netlisting for design "tarea_2/compleja_def/schematic"..." (NETLISTING-010)
[21:53:00.35] /o Netlisting
[21:53:00.37] /o No Design Integrity rule violations found in "tarea_2/compleja_def/schematic"
[21:53:00.37] /o Scanning: tarea_2/compleja_def/schematic
[21:53:00.37] /o Scanning: D_CELLS_HDLL/INHDLLX0/functional
[21:53:00.39] /w Warning: The following design(s) are outdated: tarea_2/compleja_def/schematic (NETLISTING-112)
[21:53:00.40] /o Computing terminal lists
[21:53:00.40] /o Processing terminals of module tarea_2/compleja_def/schematic
[21:53:00.41] /o Creating output directories
[21:53:00.43] /o Netlisting
[21:53:00.44] /m Information: "Netlisting design "tarea_2/compleja_def/schematic" finished successfully." (NETLISTING-012)
[21:53:00.45] /m Information: Composing simulator input file for design "tarea_2/compleja_def/schematic"...
[21:53:01.38] /o 
[21:53:01.38] /o Analyzing Hierarchy
[21:53:01.38] /o Writing A2D Lines
[21:53:01.40] /o Finalizing
[21:53:01.40] /m Information: Simulator input file composed successfully for design "tarea_2/compleja_def/schematic"
[21:53:01.40] /o saeInterBGSaeShell:  ::sa::netlistAndRun::updateBgNRunMsg /home/Cordero_Matamoros_I_2024_vlsi/simulation/tarea_2,compleja_def,schematic/history_1/simulation/default/FineSimProVCS/nominal/results "Creating final netlist for testbench default ..." 0 0
[21:53:01.50] /o 
[21:53:01.80] /o saeInterBGSaeShell:  ::sa::netlistAndRun::updateBgNRunMsg /home/Cordero_Matamoros_I_2024_vlsi/simulation/tarea_2,compleja_def,schematic/history_1/simulation/default/FineSimProVCS/nominal/results "Composing simulation job for testbench default - Nominal " 1 1
[21:53:01.81] /o saeInterBGSaeShell:  ::sa::_backgroundSaeShell::scriptFinished 1.9 {} sa::_testSuite::netlistAndRun::structNetlistingDone scriptDir /home/Cordero_Matamoros_I_2024_vlsi/simulation/tarea_2,compleja_def,schematic testSuiteName saeSession2 cmdArgs {default 1 1 0 1 0} taskId 15 isReRun 1
[21:53:01.81] /o false
[21:53:28.48] /i ::sa::_backgroundSaeShell::runScript /home/Cordero_Matamoros_I_2024_vlsi/simulation/tarea_2,compleja_def,schematic/history_1/simulation/default/FineSimProVCS/nominal/.bg_measurement_script.tcl 0 sa::_resultsDatabase::saeShellProcessingCompletedProc testSuiteName saeSession2 uniqueSessionName {} testbenchName default resultsDir /home/Cordero_Matamoros_I_2024_vlsi/simulation/tarea_2,compleja_def,schematic/history_1/simulation/default/FineSimProVCS/nominal/results testSuiteDir /home/Cordero_Matamoros_I_2024_vlsi/simulation/tarea_2,compleja_def,schematic/history_1/simulation/default/FineSimProVCS/nominal databaseName /home/Cordero_Matamoros_I_2024_vlsi/simulation/tarea_2,compleja_def,schematic/history_1/simulation/default/FineSimProVCS/nominal/resultsDatabase remoteRun {} testbenchId 1 saveImages true
[21:53:28.49] /m Information: Feature 'SynopsysCustomSAE' checked in. (LICENSE-004)
[21:53:28.50] /o 
[21:53:28.50] /m Information: Feature 'SynopsysCustomSAE' checked out. (LICENSE-003)
[21:53:28.54] /w Warning: The environment option digitalOutputDataFormat is reset to FineSimProVCS default.
[21:53:28.54] /w Warning: The environment option mergedFile is reset to FineSimProVCS default.
[21:53:28.54] /w Warning: The environment option compilationOptions is reset to FineSimProVCS default.
[21:53:28.54] /w Warning: The environment option vhdlanOptions is reset to FineSimProVCS default.
[21:53:28.54] /w Warning: The environment option elaborationOptions is reset to FineSimProVCS default.
[21:53:28.54] /w Warning: The environment option analogSimulatorOptions is reset to FineSimProVCS default.
[21:53:28.54] /w Warning: The environment option numProcesses is reset to FineSimProVCS default.
[21:53:28.54] /w Warning: The environment option outputDataFormat is reset to FineSimProVCS default.
[21:53:28.54] /w Warning: The environment option commandLineOptions is reset to FineSimProVCS default.
[21:53:28.54] /w Warning: The environment option switchViewList is reset to FineSimProVCS default.
[21:53:28.54] /w Warning: The environment option stopViewList is reset to FineSimProVCS default.
[21:53:28.59] /m Information: Loading preferences from /home/Cordero_Matamoros_I_2024_vlsi/simulation/tarea_2,compleja_def,schematic/history_1/simulation/default/FineSimProVCS/nominal/pw_shell_session_prefs.xml
[21:53:28.77] /e Error: "Enabling/disabling freezing is not allowed if there are open superMasters" (PCELL_FREEZING-005)
[21:53:28.77] /w Warning: Preference cannot be modified (Value 'false' for preference 'dbPcellFreezeEnabled' is invalid.). (PREFERENCE-035)
[21:53:28.84] /m Information: Start incremental database creation...
[21:53:28.86] /m Information: Create Iter role param id map
[21:53:28.87] /o saeInterBGSaeShell:  ::sa::_backgroundSaeShell::scriptFinished 0.3 {} sa::_resultsDatabase::saeShellProcessingCompletedProc testSuiteName saeSession2 uniqueSessionName {} testbenchName default resultsDir /home/Cordero_Matamoros_I_2024_vlsi/simulation/tarea_2,compleja_def,schematic/history_1/simulation/default/FineSimProVCS/nominal/results testSuiteDir /home/Cordero_Matamoros_I_2024_vlsi/simulation/tarea_2,compleja_def,schematic/history_1/simulation/default/FineSimProVCS/nominal databaseName /home/Cordero_Matamoros_I_2024_vlsi/simulation/tarea_2,compleja_def,schematic/history_1/simulation/default/FineSimProVCS/nominal/resultsDatabase remoteRun {} testbenchId 1 saveImages true
[21:53:28.87] /o false
[21:53:28.88] /i ::wf::viewerExited
[21:58:09.72] /i ::wf::viewerExited
[21:58:10.90] /i ::wf::updateViewerLicense 2
[21:58:14.99] /i ::sa::_backgroundSaeShell::runScript /home/Cordero_Matamoros_I_2024_vlsi/simulation/tarea_2,compleja_def,schematic/bg_script.tcl 0 sa::_testSuite::netlistAndRun::structNetlistingDone scriptDir /home/Cordero_Matamoros_I_2024_vlsi/simulation/tarea_2,compleja_def,schematic testSuiteName saeSession2 cmdArgs {default 1 1 0 1 0} taskId 16 isReRun 1
[21:58:15.00] /m Information: Feature 'SynopsysCustomSAE' checked in. (LICENSE-004)
[21:58:15.01] /o 
[21:58:15.01] /m Information: Feature 'SynopsysCustomSAE' checked out. (LICENSE-003)
[21:58:15.09] /w Warning: The environment option digitalOutputDataFormat is reset to FineSimProVCS default.
[21:58:15.09] /w Warning: The environment option mergedFile is reset to FineSimProVCS default.
[21:58:15.09] /w Warning: The environment option compilationOptions is reset to FineSimProVCS default.
[21:58:15.09] /w Warning: The environment option vhdlanOptions is reset to FineSimProVCS default.
[21:58:15.09] /w Warning: The environment option elaborationOptions is reset to FineSimProVCS default.
[21:58:15.09] /w Warning: The environment option analogSimulatorOptions is reset to FineSimProVCS default.
[21:58:15.09] /w Warning: The environment option numProcesses is reset to FineSimProVCS default.
[21:58:15.10] /w Warning: The environment option outputDataFormat is reset to FineSimProVCS default.
[21:58:15.10] /w Warning: The environment option commandLineOptions is reset to FineSimProVCS default.
[21:58:15.10] /w Warning: The environment option switchViewList is reset to FineSimProVCS default.
[21:58:15.10] /w Warning: The environment option stopViewList is reset to FineSimProVCS default.
[21:58:15.47] /w Warning: Preference 'dbParamTrimTrailingZeroesAfterDecimalPoint' is deprecated and scheduled for removal in a future release with no replacement. For migration assistance, see the Custom Compiler Tcl Reference Manual. (PREFERENCE-058)
[21:58:15.63] /w Warning: Preference 'nlNanoSimShortPropNames' is deprecated and scheduled for removal in a future release. Use 'nlNanoSimIgnorePropNames' instead. For migration assistance, see the Custom Compiler Tcl Reference Manual. (PREFERENCE-070)
[21:58:15.63] /w Warning: Preference 'nlCDLPromoteConnectDefsAtTop' is deprecated and scheduled for removal in a future release. Use 'nlCDLTopVirtualTerms' instead. For migration assistance, see the Custom Compiler Tcl Reference Manual. (PREFERENCE-070)
[21:58:15.63] /w Warning: Preference 'nlVerilogShortPropNames' is deprecated and scheduled for removal in a future release. Use 'nlVerilogIgnorePropNames' instead. For migration assistance, see the Custom Compiler Tcl Reference Manual. (PREFERENCE-070)
[21:58:15.63] /w Warning: Preference 'nlCDLShortPropNames' is deprecated and scheduled for removal in a future release. Use 'nlCDLIgnorePropNames' instead. For migration assistance, see the Custom Compiler Tcl Reference Manual. (PREFERENCE-070)
[21:58:15.63] /w Warning: Preference 'nlEldoShortPropNames' is deprecated and scheduled for removal in a future release. Use 'nlEldoIgnorePropNames' instead. For migration assistance, see the Custom Compiler Tcl Reference Manual. (PREFERENCE-070)
[21:58:15.63] /w Warning: Preference 'nlSpectreAMSShortPropNames' is deprecated and scheduled for removal in a future release. Use 'nlSpectreAMSIgnorePropNames' instead. For migration assistance, see the Custom Compiler Tcl Reference Manual. (PREFERENCE-070)
[21:58:15.63] /w Warning: Preference 'nlVHDLShortPropNames' is deprecated and scheduled for removal in a future release. Use 'nlVHDLIgnorePropNames' instead. For migration assistance, see the Custom Compiler Tcl Reference Manual. (PREFERENCE-070)
[21:58:15.63] /w Warning: Preference 'nlVerilogICCShortPropNames' is deprecated and scheduled for removal in a future release. Use 'nlVerilogICCIgnorePropNames' instead. For migration assistance, see the Custom Compiler Tcl Reference Manual. (PREFERENCE-070)
[21:58:15.63] /w Warning: Preference 'nlPromoteTerms' is deprecated and scheduled for removal in a future release with no replacement. For migration assistance, see the Custom Compiler Tcl Reference Manual. (PREFERENCE-058)
[21:58:15.63] /w Warning: Preference 'nlAMSShortPropNames' is deprecated and scheduled for removal in a future release. Use 'nlAMSIgnorePropNames' instead. For migration assistance, see the Custom Compiler Tcl Reference Manual. (PREFERENCE-070)
[21:58:15.63] /w Warning: Preference 'nlSpectreShortPropNames' is deprecated and scheduled for removal in a future release. Use 'nlSpectreIgnorePropNames' instead. For migration assistance, see the Custom Compiler Tcl Reference Manual. (PREFERENCE-070)
[21:58:15.63] /w Warning: Preference 'nlHSPICEShortPropNames' is deprecated and scheduled for removal in a future release. Use 'nlHSPICEIgnorePropNames' instead. For migration assistance, see the Custom Compiler Tcl Reference Manual. (PREFERENCE-070)
[21:58:15.68] /o saeInterBGSaeShell:  ::sa::netlistAndRun::updateBgNRunMsg /home/Cordero_Matamoros_I_2024_vlsi/simulation/tarea_2,compleja_def,schematic/history_1/simulation/default/FineSimProVCS/nominal/results "Creating structural netlist for testbench default ..." 0 1
[21:58:15.70] /m Information: "Starting incremental netlisting for design "tarea_2/compleja_def/schematic"..." (NETLISTING-010)
[21:58:15.71] /o Netlisting
[21:58:15.73] /o No Design Integrity rule violations found in "tarea_2/compleja_def/schematic"
[21:58:15.73] /o Scanning: tarea_2/compleja_def/schematic
[21:58:15.74] /o Scanning: D_CELLS_HDLL/INHDLLX0/functional
[21:58:15.76] /w Warning: The following design(s) are outdated: tarea_2/compleja_def/schematic (NETLISTING-112)
[21:58:15.77] /o Computing terminal lists
[21:58:15.77] /o Processing terminals of module tarea_2/compleja_def/schematic
[21:58:15.78] /o Creating output directories
[21:58:15.81] /o Netlisting
[21:58:15.83] /m Information: "Netlisting design "tarea_2/compleja_def/schematic" finished successfully." (NETLISTING-012)
[21:58:15.84] /m Information: Composing simulator input file for design "tarea_2/compleja_def/schematic"...
[21:58:16.81] /o 
[21:58:16.81] /o Analyzing Hierarchy
[21:58:16.81] /o Writing A2D Lines
[21:58:16.83] /o Finalizing
[21:58:16.83] /m Information: Simulator input file composed successfully for design "tarea_2/compleja_def/schematic"
[21:58:16.83] /o saeInterBGSaeShell:  ::sa::netlistAndRun::updateBgNRunMsg /home/Cordero_Matamoros_I_2024_vlsi/simulation/tarea_2,compleja_def,schematic/history_1/simulation/default/FineSimProVCS/nominal/results "Creating final netlist for testbench default ..." 0 0
[21:58:16.98] /o 
[21:58:17.41] /o saeInterBGSaeShell:  ::sa::netlistAndRun::updateBgNRunMsg /home/Cordero_Matamoros_I_2024_vlsi/simulation/tarea_2,compleja_def,schematic/history_1/simulation/default/FineSimProVCS/nominal/results "Composing simulation job for testbench default - Nominal " 1 1
[21:58:17.44] /o saeInterBGSaeShell:  ::sa::_backgroundSaeShell::scriptFinished 2.4 {} sa::_testSuite::netlistAndRun::structNetlistingDone scriptDir /home/Cordero_Matamoros_I_2024_vlsi/simulation/tarea_2,compleja_def,schematic testSuiteName saeSession2 cmdArgs {default 1 1 0 1 0} taskId 16 isReRun 1
[21:58:17.44] /o false
[21:58:54.22] /i ::sa::_backgroundSaeShell::runScript /home/Cordero_Matamoros_I_2024_vlsi/simulation/tarea_2,compleja_def,schematic/history_1/simulation/default/FineSimProVCS/nominal/.bg_measurement_script.tcl 0 sa::_resultsDatabase::saeShellProcessingCompletedProc testSuiteName saeSession2 uniqueSessionName {} testbenchName default resultsDir /home/Cordero_Matamoros_I_2024_vlsi/simulation/tarea_2,compleja_def,schematic/history_1/simulation/default/FineSimProVCS/nominal/results testSuiteDir /home/Cordero_Matamoros_I_2024_vlsi/simulation/tarea_2,compleja_def,schematic/history_1/simulation/default/FineSimProVCS/nominal databaseName /home/Cordero_Matamoros_I_2024_vlsi/simulation/tarea_2,compleja_def,schematic/history_1/simulation/default/FineSimProVCS/nominal/resultsDatabase remoteRun {} testbenchId 1 saveImages true
[21:58:54.23] /m Information: Feature 'SynopsysCustomSAE' checked in. (LICENSE-004)
[21:58:54.24] /o 
[21:58:54.24] /m Information: Feature 'SynopsysCustomSAE' checked out. (LICENSE-003)
[21:58:54.28] /w Warning: The environment option digitalOutputDataFormat is reset to FineSimProVCS default.
[21:58:54.28] /w Warning: The environment option mergedFile is reset to FineSimProVCS default.
[21:58:54.28] /w Warning: The environment option compilationOptions is reset to FineSimProVCS default.
[21:58:54.28] /w Warning: The environment option vhdlanOptions is reset to FineSimProVCS default.
[21:58:54.29] /w Warning: The environment option elaborationOptions is reset to FineSimProVCS default.
[21:58:54.29] /w Warning: The environment option analogSimulatorOptions is reset to FineSimProVCS default.
[21:58:54.29] /w Warning: The environment option numProcesses is reset to FineSimProVCS default.
[21:58:54.29] /w Warning: The environment option outputDataFormat is reset to FineSimProVCS default.
[21:58:54.29] /w Warning: The environment option commandLineOptions is reset to FineSimProVCS default.
[21:58:54.29] /w Warning: The environment option switchViewList is reset to FineSimProVCS default.
[21:58:54.29] /w Warning: The environment option stopViewList is reset to FineSimProVCS default.
[21:58:54.36] /m Information: Loading preferences from /home/Cordero_Matamoros_I_2024_vlsi/simulation/tarea_2,compleja_def,schematic/history_1/simulation/default/FineSimProVCS/nominal/pw_shell_session_prefs.xml
[21:58:54.62] /e Error: "Enabling/disabling freezing is not allowed if there are open superMasters" (PCELL_FREEZING-005)
[21:58:54.62] /w Warning: Preference cannot be modified (Value 'false' for preference 'dbPcellFreezeEnabled' is invalid.). (PREFERENCE-035)
[21:58:54.73] /m Information: Start incremental database creation...
[21:58:54.75] /m Information: Create Iter role param id map
[21:58:54.78] /o saeInterBGSaeShell:  ::sa::_backgroundSaeShell::scriptFinished 0.5 {} sa::_resultsDatabase::saeShellProcessingCompletedProc testSuiteName saeSession2 uniqueSessionName {} testbenchName default resultsDir /home/Cordero_Matamoros_I_2024_vlsi/simulation/tarea_2,compleja_def,schematic/history_1/simulation/default/FineSimProVCS/nominal/results testSuiteDir /home/Cordero_Matamoros_I_2024_vlsi/simulation/tarea_2,compleja_def,schematic/history_1/simulation/default/FineSimProVCS/nominal databaseName /home/Cordero_Matamoros_I_2024_vlsi/simulation/tarea_2,compleja_def,schematic/history_1/simulation/default/FineSimProVCS/nominal/resultsDatabase remoteRun {} testbenchId 1 saveImages true
[21:58:54.78] /o false
[21:58:54.79] /i ::wf::viewerExited
[22:03:58.42] /m Information: Feature 'SynopsysCustomSAE' checked in. (LICENSE-004)
[22:03:58.42] /m Information: Stopped sharing "Primewave" license. (WAVEFORM-111)
[22:03:58.42] /m Information: Stopped sharing "Custom WaveView ADV" license. (WAVEFORM-111)
[22:03:58.79] /o saeInterBGSaeShell:  ::sa::_backgroundSaeShell::pingBack
[22:03:58.92] /i ::sa::_backgroundSaeShell::parentRunning
[22:03:58.92] /o false
[22:09:00.09] /o saeInterBGSaeShell:  ::sa::_backgroundSaeShell::pingBack
[22:09:00.12] /i ::sa::_backgroundSaeShell::parentRunning
[22:09:00.12] /o false
[22:14:01.29] /o saeInterBGSaeShell:  ::sa::_backgroundSaeShell::pingBack
[22:14:01.42] /i ::sa::_backgroundSaeShell::parentRunning
[22:14:01.42] /o false
[22:19:02.49] /o saeInterBGSaeShell:  ::sa::_backgroundSaeShell::pingBack
[22:19:02.62] /i ::sa::_backgroundSaeShell::parentRunning
[22:19:02.62] /o false
[22:24:03.67] /o saeInterBGSaeShell:  ::sa::_backgroundSaeShell::pingBack
[22:24:03.72] /i ::sa::_backgroundSaeShell::parentRunning
[22:24:03.72] /o false
[22:29:04.87] /o saeInterBGSaeShell:  ::sa::_backgroundSaeShell::pingBack
[22:29:05.02] /i ::sa::_backgroundSaeShell::parentRunning
[22:29:05.02] /o false
[22:30:16.34] /i ::sa::_backgroundSaeShell::exit
[22:30:16.35] /o saeInterBGSaeShell:  ::sa::_backgroundSaeShell::childFormallyExiting
[22:30:18.72] /o Shutdown time: Sun Apr 28 22:30:18 2024
[22:30:18.72] /o Elapsed session real time: 41.35 minutes
[22:30:18.73] /o Session terminated. Log is at /mnt/vol_NFS_rh003/Est_VLSI_I_2024/Cordero_Matamoros_I_2024_vlsi/tarea_2/synopsys_custom/logs/primewave.Cordero_Matamoros_I_2024_vlsi.2024_4_28_214855_242384.log
