[20:04:59.14] /o 
              /c                    PrimeWave Design Environment
              /c 
              /c            Version U-2023.03-SP2 for linux64 - Aug 24, 2023 00:53:01 
              /c 
              /c                     Copyright (c) 2000 - 2023 Synopsys, Inc.
              /c    This software and the associated documentation are proprietary to Synopsys,
              /c  Inc. This software may only be used in accordance with the terms and conditions
              /c  of a written license agreement with Synopsys, Inc. All other use, reproduction,
              /c    or distribution of this software is strictly prohibited.  Licensed Products
              /c      communicate with Synopsys servers for the purpose of providing software
              /c     updates, detecting software piracy and verifying that customers are using
              /c     Licensed Products in conformity with the applicable License Key for such
              /c   Licensed Products. Synopsys will use information gathered in connection with
              /c     this process to deliver software updates and pursue software pirates and
              /c                                    infringers.
              /c 
              /c  Inclusivity & Diversity - Visit SolvNetPlus to read the "Synopsys Statement on
              /c             Inclusivity and Diversity" (Refer to article 000036315 at
              /c                         https://solvnetplus.synopsys.com)
              /c 
              /c Build  (OPT) Config 9117514 compiled on Wed Aug 23 10:56:58 2023 for CentOS64 7.3
              /c Invocation: /mnt/vol_synopsys2023/synopsys/primewave/U-2023.03-SP2/linux64/platform/bin/primewave_st -gui 0 -log pw_shell_session18_job2 -libDefFile /mnt/vol_NFS_rh003/Est_VLSI_I_2024/Cordero_Matamoros_I_2024_vlsi/tarea_2/lib.defs
              /c Execution time: Mon Apr 15 20:04:55 2024
              /c Host: redhat003
              /c 
[20:04:59.16] /m Information: Started sharing "Custom WaveView ADV" license. (WAVEFORM-110)
[20:04:59.16] /m Information: Started sharing "Primewave" license. (WAVEFORM-110)
[20:04:59.16] /m Information: Feature 'SynopsysCustomSAE' checked out. (LICENSE-003)
[20:05:04.28] /r giShowFrameTabs true
[20:05:04.28] /r giWindowId 1
[20:05:04.28] /r giWindowGeometry 1040x800
[20:05:04.33] /i ::sa::_backgroundSaeShell::signalProcessReady 1713233093 75160
[20:05:04.33] /o saeInterBGSaeShell:  ::sa::_backgroundSaeShell::processReady 11
[20:05:34.10] /i ::wf::viewerExited
[20:07:19.07] /i ::wf::viewerExited
[20:07:20.10] /i ::wf::updateViewerLicense 2
[20:07:24.97] /i ::sa::_backgroundSaeShell::exit
[20:07:24.97] /o saeInterBGSaeShell:  ::sa::_backgroundSaeShell::childFormallyExiting
[20:07:27.55] /o Shutdown time: Mon Apr 15 20:07:27 2024
[20:07:27.55] /o Elapsed session real time: 2.48 minutes
[20:07:27.55] /o Session terminated. Log is at /mnt/vol_NFS_rh003/Est_VLSI_I_2024/Cordero_Matamoros_I_2024_vlsi/tarea_2/synopsys_custom/logs/primewave.Cordero_Matamoros_I_2024_vlsi.2024_4_15_200455_526200.log
