[21:05:40.64] /o 
              /c                    PrimeWave Design Environment
              /c 
              /c            Version U-2023.03-SP2 for linux64 - Aug 24, 2023 00:53:01 
              /c 
              /c                     Copyright (c) 2000 - 2023 Synopsys, Inc.
              /c    This software and the associated documentation are proprietary to Synopsys,
              /c  Inc. This software may only be used in accordance with the terms and conditions
              /c  of a written license agreement with Synopsys, Inc. All other use, reproduction,
              /c    or distribution of this software is strictly prohibited.  Licensed Products
              /c      communicate with Synopsys servers for the purpose of providing software
              /c     updates, detecting software piracy and verifying that customers are using
              /c     Licensed Products in conformity with the applicable License Key for such
              /c   Licensed Products. Synopsys will use information gathered in connection with
              /c     this process to deliver software updates and pursue software pirates and
              /c                                    infringers.
              /c 
              /c  Inclusivity & Diversity - Visit SolvNetPlus to read the "Synopsys Statement on
              /c             Inclusivity and Diversity" (Refer to article 000036315 at
              /c                         https://solvnetplus.synopsys.com)
              /c 
              /c Build  (OPT) Config 9117514 compiled on Wed Aug 23 10:56:58 2023 for CentOS64 7.3
              /c Invocation: /mnt/vol_synopsys2023/synopsys/primewave/U-2023.03-SP2/linux64/platform/bin/primewave_st -gui 0 -log pw_shell_session3_job2 -libDefFile /mnt/vol_NFS_rh003/Est_VLSI_I_2024/Cordero_Matamoros_I_2024_vlsi/tarea_2/lib.defs
              /c Execution time: Sun Apr 28 21:05:36 2024
              /c Host: redhat003
              /c 
[21:05:40.66] /m Information: Started sharing "Custom WaveView ADV" license. (WAVEFORM-110)
[21:05:40.66] /m Information: Started sharing "Primewave" license. (WAVEFORM-110)
[21:05:40.67] /m Information: Feature 'SynopsysCustomSAE' checked out. (LICENSE-003)
[21:05:50.03] /r giShowFrameTabs true
[21:05:50.03] /r giWindowId 1
[21:05:50.03] /r giWindowGeometry 1040x800
[21:05:50.24] /i ::sa::_backgroundSaeShell::signalProcessReady 1714359933 87317
[21:05:50.25] /o saeInterBGSaeShell:  ::sa::_backgroundSaeShell::processReady 17
[21:07:07.82] /i ::wf::viewerExited
[21:09:27.92] /i ::wf::viewerExited
[21:09:29.23] /i ::wf::updateViewerLicense 2
[21:10:13.04] /i ::wf::viewerExited
[21:10:23.12] /i ::wf::viewerExited
[21:10:24.21] /i ::wf::updateViewerLicense 2
[21:10:45.42] /m Information: Feature 'SynopsysCustomSAE' checked in. (LICENSE-004)
[21:10:45.42] /m Information: Stopped sharing "Primewave" license. (WAVEFORM-111)
[21:10:45.42] /m Information: Stopped sharing "Custom WaveView ADV" license. (WAVEFORM-111)
[21:10:51.47] /o saeInterBGSaeShell:  ::sa::_backgroundSaeShell::pingBack
[21:10:51.52] /i ::sa::_backgroundSaeShell::parentRunning
[21:10:51.52] /o false
[21:15:52.68] /o saeInterBGSaeShell:  ::sa::_backgroundSaeShell::pingBack
[21:15:52.82] /i ::sa::_backgroundSaeShell::parentRunning
[21:15:52.82] /o false
[21:17:47.49] /i ::wf::viewerExited
[21:20:46.02] /i ::wf::viewerExited
[21:20:47.13] /i ::wf::updateViewerLicense 2
[21:20:53.87] /o saeInterBGSaeShell:  ::sa::_backgroundSaeShell::pingBack
[21:20:54.02] /i ::sa::_backgroundSaeShell::parentRunning
[21:20:54.02] /o false
[21:21:40.14] /i ::wf::viewerExited
[21:23:22.40] /i ::wf::viewerExited
[21:25:46.15] /i ::wf::viewerExited
[21:25:55.10] /o saeInterBGSaeShell:  ::sa::_backgroundSaeShell::pingBack
[21:26:01.41] /i ::sa::_backgroundSaeShell::parentRunning
[21:26:01.43] /o false
[21:26:04.57] /i ::wf::updateViewerLicense 2
[21:27:19.08] /i ::wf::viewerExited
[21:30:09.32] /i ::wf::viewerExited
[21:30:10.45] /i ::wf::updateViewerLicense 2
[21:31:05.12] /i ::wf::viewerExited
[21:31:06.38] /o saeInterBGSaeShell:  ::sa::_backgroundSaeShell::pingBack
[21:31:06.52] /i ::sa::_backgroundSaeShell::parentRunning
[21:31:06.52] /o false
[21:32:55.52] /i ::wf::viewerExited
[21:32:56.64] /i ::wf::updateViewerLicense 2
[21:34:04.82] /i ::wf::viewerExited
[21:36:07.58] /o saeInterBGSaeShell:  ::sa::_backgroundSaeShell::pingBack
[21:36:07.72] /i ::sa::_backgroundSaeShell::parentRunning
[21:36:07.72] /o false
[21:39:54.88] /i ::wf::viewerExited
[21:40:03.52] /i ::wf::viewerExited
[21:40:04.41] /i ::wf::updateViewerLicense 2
[21:41:08.78] /o saeInterBGSaeShell:  ::sa::_backgroundSaeShell::pingBack
[21:41:08.92] /i ::sa::_backgroundSaeShell::parentRunning
[21:41:08.92] /o false
[21:43:00.85] /i ::wf::viewerExited
[21:44:59.18] /i ::wf::viewerExited
[21:46:09.98] /o saeInterBGSaeShell:  ::sa::_backgroundSaeShell::pingBack
[21:46:10.02] /i ::sa::_backgroundSaeShell::parentRunning
[21:46:10.02] /o false
[21:48:05.48] /i ::wf::viewerExited
[21:48:18.22] /i ::wf::viewerExited
[21:48:19.09] /i ::wf::updateViewerLicense 2
[21:48:20.69] /i ::sa::_backgroundSaeShell::exit
[21:48:20.69] /o saeInterBGSaeShell:  ::sa::_backgroundSaeShell::childFormallyExiting
[21:48:21.57] /o Shutdown time: Sun Apr 28 21:48:21 2024
[21:48:21.57] /o Elapsed session real time: 42.7 minutes
[21:48:21.58] /o Session terminated. Log is at /mnt/vol_NFS_rh003/Est_VLSI_I_2024/Cordero_Matamoros_I_2024_vlsi/tarea_2/synopsys_custom/logs/primewave.Cordero_Matamoros_I_2024_vlsi.2024_4_28_210536_157686.log
