
                                  PYDB_Server 

          Version U-2022.12-SP4 for linux64 - Aug 28, 2023 cl#9133772

                    Copyright (c) 2007 - 2023 Synopsys, Inc.
   This software and the associated documentation are proprietary to Synopsys,
 Inc. This software may only be used in accordance with the terms and conditions
 of a written license agreement with Synopsys, Inc. All other use, reproduction,
   or distribution of this software is strictly prohibited.  Licensed Products
     communicate with Synopsys servers for the purpose of providing software
    updates, detecting software piracy and verifying that customers are using
    Licensed Products in conformity with the applicable License Key for such
  Licensed Products. Synopsys will use information gathered in connection with
    this process to deliver software updates and pursue software pirates and
                                   infringers.

 Inclusivity & Diversity - Visit SolvNetPlus to read the "Synopsys Statement on
            Inclusivity and Diversity" (Refer to article 000036315 at
                        https://solvnetplus.synopsys.com)

variable width coordinate support enabled.
Removing old database /mnt/vol_NFS_rh003/Est_VLSI_I_2024/Cordero_Matamoros_I_2024_vlsi/tarea_2/synopsys_custom/compleja.icv.drc/pydb/PYDB_compleja
Listening for connections on port 56589
PYDB_Server Started on host redhat003, Wed 04/17/2024 11:05:15
Verified current licenses.
Creating file:/mnt/vol_NFS_rh003/Est_VLSI_I_2024/Cordero_Matamoros_I_2024_vlsi/tarea_2/synopsys_custom/compleja.icv.drc/pydb/PYDB_compleja?nolock=1
SQLite page_size=65536
SQLite cache_size=65536
SQLite mmap_size=0
SQLite journal_mode=OFF
SQLite version 3.33.0
Client redhat003(2174618):19 connected (1 total client)
Client redhat003(2174819):20 connected (2 total clients)
Client redhat003(2174820):21 connected (3 total clients)
Client redhat003(2174819):20 connection closed
Client redhat003(2174819):20 disconnected (2 clients remain)
Client redhat003(2174819):20 connected (3 total clients)
Client redhat003(2174820):21 connection closed
Client redhat003(2174820):21 disconnected (2 clients remain)
Client redhat003(2174820):21 connected (3 total clients)
Client redhat003(2174819):20 connection closed
Client redhat003(2174819):20 disconnected (2 clients remain)
Client redhat003(2174819):20 connected (3 total clients)
Begin error insertion: /mnt/vol_synopsys2023/pdks/xfab/design/xkit/xt018/synopsys/v12_1/ICValidator/v12_1_1/xt018.rs:6944:external1
Error insertion complete: /mnt/vol_synopsys2023/pdks/xfab/design/xkit/xt018/synopsys/v12_1/ICValidator/v12_1_1/xt018.rs:6944:external1
  Error Insertion Time=0:00:00  User=0.00 Sys=0.00 Mem=0.001 GB SQLite=0.007 GB Unpooled=0.000 GB
Begin error insertion: /mnt/vol_synopsys2023/pdks/xfab/design/xkit/xt018/synopsys/v12_1/ICValidator/v12_1_1/xt018.rs:7149:external2
Error insertion complete: /mnt/vol_synopsys2023/pdks/xfab/design/xkit/xt018/synopsys/v12_1/ICValidator/v12_1_1/xt018.rs:7149:external2
  Error Insertion Time=0:00:00  User=0.00 Sys=0.00 Mem=0.001 GB SQLite=0.007 GB Unpooled=0.000 GB
Begin error insertion: /mnt/vol_synopsys2023/pdks/xfab/design/xkit/xt018/synopsys/v12_1/ICValidator/v12_1_1/xt018.rs:4164:outside
Error insertion complete: /mnt/vol_synopsys2023/pdks/xfab/design/xkit/xt018/synopsys/v12_1/ICValidator/v12_1_1/xt018.rs:4164:outside
  Error Insertion Time=0:00:00  User=0.00 Sys=0.00 Mem=0.001 GB SQLite=0.008 GB Unpooled=0.000 GB
Client redhat003(2174820):21 connection closed
Client redhat003(2174820):21 disconnected (2 clients remain)
Client redhat003(2174820):21 connected (3 total clients)
Client redhat003(2174819):20 connection closed
Client redhat003(2174819):20 disconnected (2 clients remain)
Client redhat003(2174820):21 connection closed
Client redhat003(2174820):21 disconnected (1 client remains)
 Total error insertion Time=0:00:54  User=0.00 Sys=0.00 Mem=0.001 GB SQLite=0.008 GB Unpooled=0.000 GB
  Total Commands: 3
  Total Errors: 14
  Avg Time/Cmd: Wall=0 User=0.00 Sys=0.00 Mem=0.001 GB MySQL Mem=0.000 GB
Generating /mnt/vol_NFS_rh003/Est_VLSI_I_2024/Cordero_Matamoros_I_2024_vlsi/tarea_2/synopsys_custom/compleja.icv.drc/compleja.TOP_LAYOUT_ERRORS
  Generation Time=0:00:00  User=0.00 Sys=0.00 Mem=0.001 GB
Flushing database cache
  Flush Time=0:00:00  User=0.00 Sys=0.00 Mem=0.001 GB SQLite=0.008 GB Unpooled=0.000 GB
Shutdown requested by client redhat003(2174618):19
0 clients remain connected
Client redhat003(2174618):19 connection closed
Overall server Time=0:01:18  User=0.04 Sys=0.05 Mem=0.001 GB SQLite=0.008 GB Unpooled=0.000 GB

                                  PYDB_Server 

          Version U-2022.12-SP4 for linux64 - Aug 28, 2023 cl#9133772

                    Copyright (c) 2007 - 2023 Synopsys, Inc.
   This software and the associated documentation are proprietary to Synopsys,
 Inc. This software may only be used in accordance with the terms and conditions
 of a written license agreement with Synopsys, Inc. All other use, reproduction,
   or distribution of this software is strictly prohibited.  Licensed Products
     communicate with Synopsys servers for the purpose of providing software
    updates, detecting software piracy and verifying that customers are using
    Licensed Products in conformity with the applicable License Key for such
  Licensed Products. Synopsys will use information gathered in connection with
    this process to deliver software updates and pursue software pirates and
                                   infringers.

 Inclusivity & Diversity - Visit SolvNetPlus to read the "Synopsys Statement on
            Inclusivity and Diversity" (Refer to article 000036315 at
                        https://solvnetplus.synopsys.com)

variable width coordinate support enabled.
Listening for connections on port 34485
PYDB_Server Started on host redhat003, Wed 04/17/2024 11:06:39
Client redhat003(2176775):6 connected (1 total client)
Verified current licenses.
Opening file:/mnt/vol_NFS_rh003/Est_VLSI_I_2024/Cordero_Matamoros_I_2024_vlsi/tarea_2/synopsys_custom/compleja.icv.drc/pydb/PYDB_compleja?nolock=1 in read-write mode
SQLite page_size=65536
SQLite cache_size=65536
SQLite mmap_size=0
SQLite journal_mode=OFF
SQLite version 3.33.0

                                  PYDB_Server 

          Version U-2022.12-SP4 for linux64 - Aug 28, 2023 cl#9133772

                    Copyright (c) 2007 - 2023 Synopsys, Inc.
   This software and the associated documentation are proprietary to Synopsys,
 Inc. This software may only be used in accordance with the terms and conditions
 of a written license agreement with Synopsys, Inc. All other use, reproduction,
   or distribution of this software is strictly prohibited.  Licensed Products
     communicate with Synopsys servers for the purpose of providing software
    updates, detecting software piracy and verifying that customers are using
    Licensed Products in conformity with the applicable License Key for such
  Licensed Products. Synopsys will use information gathered in connection with
    this process to deliver software updates and pursue software pirates and
                                   infringers.

 Inclusivity & Diversity - Visit SolvNetPlus to read the "Synopsys Statement on
            Inclusivity and Diversity" (Refer to article 000036315 at
                        https://solvnetplus.synopsys.com)

variable width coordinate support enabled.
Listening for connections on port 59237
PYDB_Server Started on host redhat003, Mon 04/22/2024 20:09:27
Verified current licenses.
Opening file:/mnt/vol_NFS_rh003/Est_VLSI_I_2024/Cordero_Matamoros_I_2024_vlsi/tarea_2/synopsys_custom/compleja.icv.drc/pydb/PYDB_compleja?nolock=1 in read-write mode
SQLite page_size=65536
SQLite cache_size=65536
SQLite mmap_size=0
SQLite journal_mode=OFF
Client redhat003(1319856):11 connected (1 total client)
SQLite version 3.33.0
Shutdown requested by client redhat003(1319856):11
0 clients remain connected
Client redhat003(1319856):11 connection closed
Overall server Time=0:00:52  User=0.01 Sys=0.01 Mem=0.000 GB SQLite=0.003 GB Unpooled=0.000 GB
