### Custom WaveView ADV log file, revision U-2023.03-SP2 (build Aug 24, ) ###
### created at 21:03:53 on Mon Apr 15 2024 (Linux AMD64) ###
### Host Name: redhat003   User ID: Cordero_Matamoros_I_2024_vlsi   PID: 730628   ###
wv_start_log
# (0) running in waveview only mode
# (0) SW_SX_PERL_LIB defined
# (0) SW_SX_TCL_LIB defined
# (0) HOME defined
sx_open_sim_file_read {h_spice_compleja.tr0}
wv_expand_tree_item {Custom WaveView} {} {hierview} {D0:h_spice_compleja.tr0(0)} {+sep=@}
wv_select_tree_item {Custom WaveView} {} {hierview} {D0:h_spice_compleja.tr0(0)@toplevel(0)} {0} {+sep=@}
wv_select_list_item {Custom WaveView} {} {sigview} {0} 0
wv_select_list_item {Custom WaveView} {} {sigview} {net73} 8
wv_drag_list_item {Custom WaveView} {} {sigview} {net73} 8
wv_select_list_item {Custom WaveView} {} {sigview} {net73} 8
wv_select_list_item {Custom WaveView} {} {sigview} {net73} 8
wv_drag_list_item {Custom WaveView} {} {sigview} {net73} 8
wv_drag_enter WV1
wv_drop_on WV1
wv_select_waveview 1 {waveview 1}
wv_select_toolbar_item {Custom WaveView} {waveview 1:1} {Zoom Mode} 
wv_select_waveview 1 {waveview 1}
wv_select_panel WV1.PANEL1:1 1.65536e-08 1.93245
wv_drag_item_to WV1 249 60
wv_zoom_x WV1.PANEL1:1 1.65536e-08 2.98507e-08
wv_select_list_item {Custom WaveView} {} {sigview} {a} 1
wv_select_list_item {Custom WaveView} {} {sigview} {a} 1
wv_drag_list_item {Custom WaveView} {} {sigview} {a} 1
wv_drag_enter WV1
wv_drag_to WV1 2 357
wv_drop_on WV1
wv_select_waveview 1 {waveview 1}
wv_select_toolbar_item {Custom WaveView} {waveview 1:1} {Vertical Cursor} 
wv_select_waveview 1 {waveview 1}
wv_select_wv_item WV1.PANEL1:1.CURSOR1
wv_drag_item_to WV1 900 190
wv_move_wv_item WV1.PANEL1:1.CURSOR1 413 223
wv_select_waveview 1 {waveview 1}
wv_select_wv_item WV1.PANEL1:1.CURSOR1
wv_move_wv_item WV1.PANEL1:1.CURSOR1 406 168
wv_select_waveview 1 {waveview 1}
wv_select_wv_item WV1.PANEL1:1.CURSORX1
wv_drag_item_to WV1 406 104
wv_move_wv_item WV1.PANEL1:1.CURSOR1 399 118
wv_select_waveview 1 {waveview 1}
wv_select_panel WV1.PANEL1:1 1.85015e-08 1.72057
wv_select_panel WV1.PANEL1:1 1.85015e-08 1.72057 btnup
wv_select_waveview 1 {waveview 1}
wv_select_panel WV1.PANEL1:1 1.83786e-08 1.60388
wv_drag_item_to WV1 378 168
wv_zoom_x WV1.PANEL1:1 1.83786e-08 1.89555e-08
wv_select_waveview 1 {waveview 1}
wv_select_toolbar_item {Custom WaveView} {waveview 1:1} {Full Unzoom} 
wv_select_waveview 1 {waveview 1}
wv_select_toolbar_item {Custom WaveView} {waveview 1:1} {Zoom Mode} 
wv_select_waveview 1 {waveview 1}
wv_select_panel WV1.PANEL1:1 1.43875e-08 1.8956
wv_drag_item_to WV1 299 71
wv_zoom_y WV1.PANEL1:1 1.8956 1.82497
wv_select_waveview 1 {waveview 1}
wv_select_wv_item WV1.PANEL1:1.LINE1
wv_select_line WV1.PANEL1:1.LINE1
wv_select_waveview 1 {waveview 1}
wv_select_wv_item WV1.PANEL1:1.LINE2
wv_select_line WV1.PANEL1:1.LINE2
wv_select_waveview 1 {waveview 1}
wv_select_toolbar_item {Custom WaveView} {waveview 1:1} {Full Unzoom} 
wv_select_waveview 1 {waveview 1}
wv_select_toolbar_item {Custom WaveView} {waveview 1:1} {Zoom Mode} 
wv_select_waveview 1 {waveview 1}
wv_select_toolbar_item {Custom WaveView} {waveview 1:1} {Zoom Mode} 
wv_select_waveview 1 {waveview 1}
wv_select_panel WV1.PANEL1:1 1.48148e-08 1.8956
wv_drag_item_to WV1 302 71
wv_zoom_x WV1.PANEL1:1 1.48148e-08 2.63533e-08
wv_select_waveview 1 {waveview 1}
wv_select_toolbar_item {Custom WaveView} {waveview 1:1} {Browser} 
wv_select_waveview 1 {waveview 1}
wv_select_wv_item WV1.PANEL1:1.CURSOR1
wv_move_wv_item WV1.PANEL1:1.CURSOR1 706 59
wv_select_waveview 1 {waveview 1}
wv_select_wv_item WV1.PANEL1:1.CURSOR1
wv_drag_item_to WV1 704 59
wv_move_wv_item WV1.PANEL1:1.CURSOR1 713 59
wv_select_waveview 1 {waveview 1}
wv_select_wv_item WV1.PANEL1:1.CURSOR1
wv_drag_item_to WV1 714 59
wv_move_wv_item WV1.PANEL1:1.CURSOR1 761 63
wv_select_waveview 1 {waveview 1}
wv_select_toolbar_item {Custom WaveView} {waveview 1:1} {Waveform Monitor} 
wv_move_window {MonitorSettings} {} 708 186
wv_select_dialog {MonitorSettings} 
wv_set_radion {MonitorSettings} {} {CursorAverage} 
wv_set_radion {MonitorSettings} {} {CursorAverage} 
wv_set_radion {MonitorSettings} {} {CursorValue} 
wv_select_combox_item {MonitorSettings} {} {UnitScale} "  auto" 0
wv_press_button {MonitorSettings} {} {Ok} 
wv_press_tool_button {Custom WaveView} {} {WaveformMeasurementTool0} 
wv_select_dialog {MeasurementTool} 
wv_move_scrollbar {MeasurementTool} {} {TypeList.VScrollBar} {3}
wv_move_scrollbar {MeasurementTool} {} {TypeList.VScrollBar} {6}
wv_move_scrollbar {MeasurementTool} {} {TypeList.VScrollBar} {24}
wv_set_check {MeasurementTool} {} {LockedLevel} 1
wv_set_check {MeasurementTool} {} {LockPPercentage} 0
wv_set_text {MeasurementTool} {} {AtValue} "0.9"
wv_set_radion {MeasurementTool} {} {RiseEdge} 
wv_set_radion {MeasurementTool} {} {EitherEdge} 
wv_set_check {MeasurementTool} {} {PUDvsX} 1
wv_press_button {MeasurementTool} {} {Apply} 
wv_close_dialog {MeasurementTool} 
wv_select_window {Custom WaveView} 
wv_select_waveview 1 {waveview 1}
wv_waveview_context_menu WV1.PANEL2:1.LEGEND
wv_select_waveview 1 {waveview 1}
wv_select_menu_item {Custom WaveView} {waveview 1:1} {PanelPopMenu.Delete} 
wv_move_window {Confirmation} {} 839 449
wv_move_window {Confirmation} {} 849 453
wv_select_dialog {Confirmation} 
wv_press_button {Confirmation} {} {Ok} 
wv_select_waveview 1 {waveview 1}
wv_select_toolbar_item {Custom WaveView} {waveview 1:1} {Vertical Cursor} 
wv_select_waveview 1 {waveview 1}
wv_select_panel WV1.PANEL1:1 2.05156e-08 1.99693
wv_drag_item_to WV1 1035 38
wv_zoom_x WV1.PANEL1:1 2.05156e-08 2.00222e-08
wv_select_waveview 1 {waveview 1}
wv_select_toolbar_item {Custom WaveView} {waveview 1:1} {Full Unzoom} 
wv_select_waveview 1 {waveview 1}
wv_select_wv_item WV1.PANEL1:1.CURSOR1
wv_move_wv_item WV1.PANEL1:1.CURSOR1 407 51
wv_select_waveview 1 {waveview 1}
wv_release_wv_item WV1 461 58
wv_select_waveview 1 {waveview 1}
wv_select_wv_item WV1.PANEL1:1.CURSOR1
wv_drag_item_to WV1 409 65
wv_move_wv_item WV1.PANEL1:1.CURSOR1 412 68
wv_select_waveview 1 {waveview 1}
wv_select_wv_item WV1.PANEL1:1.CURSOR1
wv_drag_item_to WV1 414 80
wv_move_wv_item WV1.PANEL1:1.CURSOR1 377 86
wv_select_waveview 1 {waveview 1}
wv_select_wv_item WV1.PANEL1:1.CURSOR2
wv_drag_item_to WV1 427 71
wv_move_wv_item WV1.PANEL1:1.CURSOR2 430 70
wv_dclick_wv_item WV1.PANEL1:1.CURSOR2
wv_move_window {CursorJumpParameters} {} 647 314
wv_move_window {CursorJumpParameters} {} 637 299
wv_select_dialog {CursorJumpParameters} 
wv_release_wv_item WV1 430 70
wv_close_dialog {CursorJumpParameters} 
wv_select_window {Custom WaveView} 
wv_select_waveview 1 {waveview 1}
wv_select_toolbar_item {Custom WaveView} {waveview 1:1} {Zoom Mode} 
wv_select_waveview 1 {waveview 1}
wv_select_toolbar_item {Custom WaveView} {waveview 1:1} {Zoom Mode} 
wv_select_waveview 1 {waveview 1}
wv_select_toolbar_item {Custom WaveView} {waveview 1:1} {Zoom Mode} 
wv_select_waveview 1 {waveview 1}
wv_select_panel WV1.PANEL1:1 9.57179e-09 1.90481
wv_drag_item_to WV1 343 69
wv_zoom_x WV1.PANEL1:1 9.57179e-09 2.40554e-08
wv_select_waveview 1 {waveview 1}
wv_select_wv_item WV1.PANEL1:1.LEGEND
wv_select_panel WV1.PANEL1:1.LEGEND
wv_press_key Esc 70 253
wv_select_waveview 1 {waveview 1}
wv_select_wv_item WV1.PANEL1:1.CURSOR1
wv_drag_item_to WV1 722 232
wv_move_wv_item WV1.PANEL1:1.CURSOR1 1262 367
wv_select_waveview 1 {waveview 1}
wv_select_panel WV1.PANEL1:1 2.05801e-08 1.71443
wv_move_wv_item WV1.PANEL1:1.CURSOR1 1463 130
wv_select_waveview 1 {waveview 1}
wv_select_wv_item WV1.PANEL1:1.CURSOR1
wv_move_wv_item WV1.PANEL1:1.CURSOR1 1458 131
wv_select_waveview 1 {waveview 1}
wv_select_panel WV1.PANEL1:1 1.87219e-08 0.937533
wv_select_panel WV1.PANEL1:1 1.87219e-08 0.937533 btnup
wv_select_waveview 1 {waveview 1}
wv_select_wv_item WV1.PANEL1:1.CURSOR1
wv_move_wv_item WV1.PANEL1:1.CURSOR1 1257 376
wv_select_waveview 1 {waveview 1}
wv_select_wv_item WV1.PANEL1:1.CURSOR1
wv_drag_item_to WV1 1257 203
wv_move_wv_item WV1.PANEL1:1.CURSOR1 1267 205
wv_select_waveview 1 {waveview 1}
wv_select_panel WV1.PANEL1:1 1.84121e-08 1.50255
wv_drag_item_to WV1 1224 199
wv_move_wv_item WV1.PANEL1:1.CURSOR1 1224 199
wv_select_waveview 1 {waveview 1}
wv_select_wv_item WV1.PANEL1:1.CURSOR1
wv_drag_item_to WV1 1222 198
wv_move_wv_item WV1.PANEL1:1.CURSOR1 1250 215
wv_select_waveview 1 {waveview 1}
wv_select_panel WV1.PANEL1:1 1.87036e-08 1.09721
wv_drag_item_to WV1 1257 332
wv_select_panel WV1.PANEL1:1 1.87036e-08 1.09414 btnup
wv_select_waveview 1 {waveview 1}
wv_select_wv_item WV1.PANEL1:1.CURSOR1
wv_drag_item_to WV1 1257 288
wv_move_wv_item WV1.PANEL1:1.CURSOR1 1262 294
wv_select_waveview 1 {waveview 1}
wv_select_wv_item WV1.PANEL1:1.CURSOR2
wv_move_wv_item WV1.PANEL1:1.CURSOR2 1457 88
wv_select_waveview 1 {waveview 1}
wv_select_wv_item WV1.PANEL1:1.CURSOR2
wv_drag_item_to WV1 1457 89
wv_move_wv_item WV1.PANEL1:1.CURSOR2 1453 90
wv_select_waveview 1 {waveview 1}
wv_select_toolbar_item {Custom WaveView} {waveview 1:1} {Zoom In} 
wv_select_waveview 1 {waveview 1}
wv_select_wv_item WV1.HSLIDER 949 741
wv_drag_item_to WV1 950 741
wv_drag_item_to WV1 981 741
wv_horz_scroll WV1 136
wv_select_waveview 1 {waveview 1}
wv_select_wv_item WV1.PANEL1:1.CURSOR2
wv_drag_item_to WV1 956 250
wv_move_wv_item WV1.PANEL1:1.CURSOR2 958 248
wv_select_waveview 1 {waveview 1}
wv_select_wv_item WV1.PANEL1:1.CURSOR2
wv_drag_item_to WV1 956 281
wv_move_wv_item WV1.PANEL1:1.CURSOR2 957 276
wv_select_waveview 1 {waveview 1}
wv_select_wv_item WV1.PANEL1:1.LINE1
wv_select_line WV1.PANEL1:1.LINE1
wv_select_waveview 1 {waveview 1}
wv_select_wv_item WV1.PANEL1:1.LINE1
wv_select_line WV1.PANEL1:1.LINE1
wv_release_wv_item WV1 103 32
wv_select_waveview 1 {waveview 1}
wv_waveview_context_menu WV1.PANEL1:1.VALUECOL1
wv_select_waveview 1 {waveview 1}
wv_select_menu_item {Custom WaveView} {waveview 1:1} {MonitorPopMenu.Link to Cursor} 
wv_move_window {SelectCursor} {} 791 367
wv_move_window {SelectCursor} {} 801 370
wv_select_dialog {SelectCursor} 
wv_select_list_item {SelectCursor} {} {CursorList} {cursor 1 @ X=  18.749n} 1
wv_select_list_item {SelectCursor} {} {CursorList} {cursor 1 @ X=  18.749n} 1
wv_list_context_menu {SelectCursor} {} {CursorList} {cursor 1 @ X=  18.749n} 1 108 32
wv_select_list_item {SelectCursor} {} {CursorList} {cursor 1 @ X=  18.749n} 1
wv_dclick_list_item {SelectCursor} {} {CursorList} {cursor 1 @ X=  18.749n} 1
wv_select_window {Custom WaveView} 
wv_select_waveview 1 {waveview 1}
wv_select_wv_item WV1.PANEL1:1.LINE1
wv_select_line WV1.PANEL1:1.LINE1
wv_select_menu_item {Custom WaveView} {} {AxisCursor.Add H-Cursor} 
wv_select_waveview 1 {waveview 1}
wv_select_wv_item WV1.PANEL1:1.CURSOR3
wv_drag_item_to WV1 462 367
wv_move_wv_item WV1.PANEL1:1.CURSOR3 465 352
wv_select_waveview 1 {waveview 1}
wv_select_panel WV1.PANEL1:1 1.73879e-08 0.983594
wv_move_wv_item WV1.PANEL1:1.CURSOR3 276 368
wv_dclick_wv_item WV1.PANEL1:1.CURSOR3
wv_move_window {CursorJumpParameters} {} 647 186
wv_move_window {CursorJumpParameters} {} 637 171
wv_select_dialog {CursorJumpParameters} 
wv_release_wv_item WV1 276 368
wv_set_text {CursorJumpParameters} {} {XValue} "09"
wv_press_key_text {CursorJumpParameters} {} {XValue} {Return}
wv_select_window {Custom WaveView} 
wv_select_waveview 1 {waveview 1}
wv_select_wv_item WV1.PANEL1:1.YAXIS1
wv_move_wv_item WV1.PANEL1:1.CURSOR3 250 39
wv_dclick_wv_item WV1.PANEL1:1.YAXIS1
wv_move_window {AxisAttributesDialog} {} 755 248
wv_move_window {AxisAttributesDialog} {} 745 233
wv_select_dialog {AxisAttributesDialog} 
wv_release_wv_item WV1 250 39
wv_close_dialog {AxisAttributesDialog} 
wv_select_window {Custom WaveView} 
wv_select_waveview 1 {waveview 1}
wv_select_wv_item WV1.PANEL1:1.CURSOR3
wv_move_wv_item WV1.PANEL1:1.CURSOR3 273 50
wv_select_waveview 1 {waveview 1}
wv_select_wv_item WV1.PANEL1:1.CURSOR3
wv_move_wv_item WV1.PANEL1:1.CURSOR3 273 50
wv_select_waveview 1 {waveview 1}
wv_select_panel WV1.PANEL1:1 1.74244e-08 1.91709
wv_move_wv_item WV1.PANEL1:1.CURSOR3 284 64
wv_dclick_wv_item WV1.PANEL1:1.CURSOR3
wv_move_window {CursorJumpParameters} {} 647 186
wv_move_window {CursorJumpParameters} {} 637 171
wv_select_dialog {CursorJumpParameters} 
wv_release_wv_item WV1 284 64
wv_set_text {CursorJumpParameters} {} {XValue} "0.9"
wv_press_key_text {CursorJumpParameters} {} {XValue} {Return}
wv_select_window {Custom WaveView} 
wv_select_waveview 1 {waveview 1}
wv_select_panel WV1.PANEL1:1 2.05124e-08 1.82497
wv_move_wv_item WV1.PANEL1:1.CURSOR3 962 94
wv_select_waveview 1 {waveview 1}
wv_select_wv_item WV1.PANEL1:1.CURSOR2
wv_move_wv_item WV1.PANEL1:1.CURSOR2 958 123
wv_select_waveview 1 {waveview 1}
wv_select_wv_item WV1.PANEL1:1.CURSOR2
wv_move_wv_item WV1.PANEL1:1.CURSOR2 959 144
wv_dclick_wv_item WV1.PANEL1:1.CURSOR2
wv_move_window {CursorJumpParameters} {} 647 277
wv_move_window {CursorJumpParameters} {} 637 299
wv_select_dialog {CursorJumpParameters} 
wv_release_wv_item WV1 959 144
wv_set_radion {CursorJumpParameters} {} {To} 
wv_close_dialog {CursorJumpParameters} 
wv_select_window {Custom WaveView} 
wv_select_waveview 1 {waveview 1}
wv_release_wv_item WV1 985 40
wv_dclick_wv_item WV1.PANEL1:1.CURSORDBOX2
wv_move_window {CursorSetDistanceValue} {} 784 439
wv_move_window {CursorSetDistanceValue} {} 794 443
wv_select_dialog {CursorSetDistanceValue} 
wv_close_dialog {CursorSetDistanceValue} 
wv_select_window {Custom WaveView} 
wv_select_waveview 1 {waveview 1}
wv_waveview_context_menu WV1.PANEL1:1.CURSOR2
wv_select_waveview 1 {waveview 1}
wv_select_menu_item {Custom WaveView} {waveview 1:1} {HairPopMenu.Set as Reference Cursor} 
wv_select_waveview 1 {waveview 1}
wv_waveview_context_menu WV1.PANEL1:1.CURSOR1
wv_select_waveview 1 {waveview 1}
wv_select_menu_item {Custom WaveView} {waveview 1:1} {HairPopMenu.Set as Reference Cursor} 
wv_select_waveview 1 {waveview 1}
wv_select_wv_item WV1.PANEL1:1.CURSOR3
wv_drag_item_to WV1 1400 95
wv_move_wv_item WV1.PANEL1:1.CURSOR3 1353 236
wv_select_waveview 1 {waveview 1}
wv_select_panel WV1.PANEL1:1 1.73652e-08 1.35208
wv_move_wv_item WV1.PANEL1:1.CURSOR3 271 248
wv_dclick_wv_item WV1.PANEL1:1.CURSOR3
wv_move_window {CursorJumpParameters} {} 647 186
wv_move_window {CursorJumpParameters} {} 637 171
wv_select_dialog {CursorJumpParameters} 
wv_release_wv_item WV1 271 248
wv_set_text {CursorJumpParameters} {} {XValue} "0.9"
wv_press_key_text {CursorJumpParameters} {} {XValue} {Return}
wv_select_window {Custom WaveView} 
wv_select_waveview 1 {waveview 1}
wv_select_panel WV1.PANEL1:1 1.88181e-08 1.25382
wv_move_wv_item WV1.PANEL1:1.CURSOR3 590 280
wv_select_waveview 1 {waveview 1}
wv_select_wv_item WV1.PANEL1:1.YAXIS1
wv_drag_item_to WV1 247 386
wv_move_wv_item WV1.PANEL1:1.CURSOR3 247 386
wv_select_waveview 1 {waveview 1}
wv_waveview_context_menu WV1.PANEL1:1.CURSORPBOX3
wv_select_waveview 1 {waveview 1}
wv_select_menu_item {Custom WaveView} {waveview 1:1} {HairPBoxPopMenu.Set Y Value} 
wv_move_window {CursorSnapXYValue} {} 788 439
wv_move_window {CursorSnapXYValue} {} 798 443
wv_select_dialog {CursorSnapXYValue} 
wv_set_check {CursorSnapXYValue} {} {CsrLockXY} 1
wv_set_text {CursorSnapXYValue} {} {CsrXYValue} "0.9"
wv_press_button {CursorSnapXYValue} {} {Ok} 
wv_select_window {Custom WaveView} 
wv_select_waveview 1 {waveview 1}
wv_select_panel WV1.PANEL1:1 1.98155e-08 1.25689
wv_drag_item_to WV1 810 279
wv_zoom_y WV1.PANEL1:1 1.25689 1.18933
wv_select_waveview 1 {waveview 1}
wv_select_toolbar_item {Custom WaveView} {waveview 1:1} {Full Unzoom} 
wv_select_waveview 1 {waveview 1}
wv_select_toolbar_item {Custom WaveView} {waveview 1:1} {Zoom Mode} 
wv_select_waveview 1 {waveview 1}
wv_select_wv_item WV1.PANEL1:1.XAXIS1
wv_drag_item_to WV1 397 18
wv_zoom_x WV1.PANEL1:1 1.64987e-08 2.54408e-08
wv_select_waveview 1 {waveview 1}
wv_select_toolbar_item {Custom WaveView} {waveview 1:1} {Full Unzoom} 
wv_select_waveview 1 {waveview 1}
wv_select_toolbar_item {Custom WaveView} {waveview 1:1} {Full Unzoom} 
wv_select_waveview 1 {waveview 1}
wv_select_wv_item WV1.PANEL1:1.CURSOR2
wv_move_wv_item WV1.PANEL1:1.CURSOR2 962 146
wv_select_waveview 1 {waveview 1}
wv_select_wv_item WV1.PANEL1:1.CURSOR2
wv_move_wv_item WV1.PANEL1:1.CURSOR2 961 153
wv_select_waveview 1 {waveview 1}
wv_waveview_context_menu WV1.PANEL1:1.CURSOR2
wv_select_waveview 1 {waveview 1}
wv_select_menu_item {Custom WaveView} {waveview 1:1} {HairPopMenu.Set as Reference Cursor} 
wv_select_waveview 1 {waveview 1}
wv_select_wv_item WV1.PANEL1:1.CURSOR2
wv_drag_item_to WV1 962 320
wv_move_wv_item WV1.PANEL1:1.CURSOR2 958 323
wv_select_waveview 1 {waveview 1}
wv_waveview_context_menu WV1.PANEL1:1.CURSOR2
wv_select_waveview 1 {waveview 1}
wv_select_menu_item {Custom WaveView} {waveview 1:1} {HairPopMenu.Attributes...} 
wv_move_window {CursorJumpParameters} {} 637 299
wv_select_dialog {CursorJumpParameters} 
wv_set_radion {CursorJumpParameters} {} {To} 
wv_close_dialog {CursorJumpParameters} 
wv_select_window {Custom WaveView} 
wv_select_waveview 1 {waveview 1}
wv_select_wv_item WV1.PANEL1:1.CURSOR3
wv_move_wv_item WV1.PANEL1:1.CURSOR3 791 401
wv_select_waveview 1 {waveview 1}
wv_select_wv_item WV1.PANEL1:1.CURSOR2
wv_move_wv_item WV1.PANEL1:1.CURSOR2 958 166
wv_select_waveview 1 {waveview 1}
wv_select_wv_item WV1.PANEL1:1.CURSOR2
wv_drag_item_to WV1 958 168
wv_move_wv_item WV1.PANEL1:1.CURSOR2 961 179
wv_select_waveview 1 {waveview 1}
wv_select_toolbar_item {Custom WaveView} {waveview 1:1} {Zoom Mode} 
wv_select_waveview 1 {waveview 1}
wv_select_toolbar_item {Custom WaveView} {waveview 1:1} {Zoom Mode} 
wv_select_waveview 1 {waveview 1}
wv_select_panel WV1.PANEL1:1 1.83697e-08 1.8956
wv_drag_item_to WV1 583 73
wv_zoom_x WV1.PANEL1:1 1.83697e-08 2.06868e-08
wv_press_key Esc 96 202
wv_select_waveview 1 {waveview 1}
wv_select_wv_item WV1.PANEL1:1.CURSORX2
wv_drag_item_to WV1 1728 416
wv_move_wv_item WV1.PANEL1:1.CURSOR2 1716 390
wv_select_waveview 1 {waveview 1}
wv_select_wv_item WV1.PANEL1:1.CURSOR2
wv_drag_item_to WV1 1729 324
wv_move_wv_item WV1.PANEL1:1.CURSOR2 1727 324
wv_select_waveview 1 {waveview 1}
wv_select_wv_item WV1.PANEL1:1.CURSOR2
wv_drag_item_to WV1 1726 320
wv_move_wv_item WV1.PANEL1:1.CURSOR2 1722 318
wv_select_waveview 1 {waveview 1}
wv_select_wv_item WV1.PANEL1:1.CURSOR1
wv_move_wv_item WV1.PANEL1:1.CURSOR1 519 176
wv_select_waveview 1 {waveview 1}
wv_select_wv_item WV1.PANEL1:1.CURSOR1
wv_drag_item_to WV1 520 180
wv_move_wv_item WV1.PANEL1:1.CURSOR1 525 184
wv_select_waveview 1 {waveview 1}
wv_release_wv_item WV1 497 44
wv_select_waveview 1 {waveview 1}
wv_release_wv_item WV1 498 40
wv_dclick_wv_item WV1.PANEL1:1.CURSORDBOX1
wv_move_window {CursorSetDistanceValue} {} 784 439
wv_move_window {CursorSetDistanceValue} {} 794 443
wv_select_dialog {CursorSetDistanceValue} 
wv_close_dialog {CursorSetDistanceValue} 
wv_select_window {Custom WaveView} 
wv_select_waveview 1 {waveview 1}
wv_release_wv_item WV1 501 39
wv_dclick_wv_item WV1.PANEL1:1.CURSORDBOX1
wv_move_window {CursorSetDistanceValue} {} 784 439
wv_move_window {CursorSetDistanceValue} {} 794 443
wv_select_dialog {CursorSetDistanceValue} 
wv_close_dialog {CursorSetDistanceValue} 
wv_select_window {Custom WaveView} 
wv_select_waveview 1 {waveview 1}
wv_select_panel WV1.PANEL1:1 2.04759e-08 1.71135
wv_move_wv_item WV1.PANEL1:1.CURSOR1 1710 131
wv_select_waveview 1 {waveview 1}
wv_select_wv_item WV1.PANEL1:1.CURSOR2
wv_move_wv_item WV1.PANEL1:1.CURSOR2 1719 131
wv_select_waveview 1 {waveview 1}
wv_select_wv_item WV1.PANEL1:1.CURSOR2
wv_drag_item_to WV1 1713 131
wv_move_wv_item WV1.PANEL1:1.CURSOR2 768 163
wv_press_key Delete 772 328
wv_move_window {Confirmation} {} 834 449
wv_move_window {Confirmation} {} 844 453
wv_select_dialog {Confirmation} 
wv_press_button {Confirmation} {} {Ok} 
wv_select_waveview 1 {waveview 1}
wv_select_wv_item WV1.PANEL1:1.CURSOR2
wv_move_wv_item WV1.PANEL1:1.CURSOR2 772 313
wv_select_waveview 1 {waveview 1}
wv_select_wv_item WV1.PANEL1:1.CURSOR2
wv_move_wv_item WV1.PANEL1:1.CURSOR2 772 315
wv_press_key Delete 776 479
wv_move_window {Confirmation} {} 839 449
wv_move_window {Confirmation} {} 849 453
wv_select_dialog {Confirmation} 
wv_press_button {Confirmation} {} {Ok} 
wv_select_waveview 1 {waveview 1}
wv_select_toolbar_item {Custom WaveView} {waveview 1:1} {Browser} 
wv_select_tree_item {Custom WaveView} {} {hierview} {D0:h_spice_compleja.tr0(0)@toplevel(0)} {0} {+sep=@}
wv_select_list_item {Custom WaveView} {} {sigview} {a} 1
wv_select_list_item {Custom WaveView} {} {sigview} {net73} 8
wv_select_list_item {Custom WaveView} {} {sigview} {net73} 8
wv_select_list_item {Custom WaveView} {} {sigview} {net73} 8
wv_drag_list_item {Custom WaveView} {} {sigview} {net73} 8
wv_drag_enter WV1
wv_drop_on WV1
wv_select_list_item {Custom WaveView} {} {sigview} {a} 1
wv_select_list_item {Custom WaveView} {} {sigview} {a} 1
wv_drag_list_item {Custom WaveView} {} {sigview} {a} 1
wv_drag_enter WV1
wv_drag_to WV1 19 401
wv_drop_on WV1
wv_select_waveview 1 {waveview 1}
wv_select_wv_item WV1.PANEL1:1.LINE2
wv_select_line WV1.PANEL1:1.LINE2
wv_select_waveview 1 {waveview 1}
wv_select_wv_item WV1.PANEL1:1.LEGEND
wv_select_panel WV1.PANEL1:1.LEGEND
wv_select_waveview 1 {waveview 1}
wv_select_wv_item WV1.PANEL1:1.LEGEND
wv_drag_item_to WV1 36 29
wv_select_panel WV1.PANEL1:1.LEGEND
wv_select_waveview 1 {waveview 1}
wv_select_wv_item WV1.PANEL1:1.LINE2
wv_select_line WV1.PANEL1:1.LINE2
wv_select_waveview 1 {waveview 1}
wv_select_wv_item WV1.PANEL1:1.LINE1
wv_select_line WV1.PANEL1:1.LINE1
wv_select_waveview 1 {waveview 1}
wv_select_wv_item WV1.PANEL1:1.LINE2
wv_select_line WV1.PANEL1:1.LINE2
wv_select_waveview 1 {waveview 1}
wv_select_wv_item WV1.PANEL1:1.LINE2
wv_select_line WV1.PANEL1:1.LINE2
wv_select_waveview 1 {waveview 1}
wv_select_toolbar_item {Custom WaveView} {waveview 1:1} {Zoom Mode} 
wv_select_waveview 1 {waveview 1}
wv_select_toolbar_item {Custom WaveView} {waveview 1:1} {Zoom Mode} 
wv_select_waveview 1 {waveview 1}
wv_select_toolbar_item {Custom WaveView} {waveview 1:1} {Zoom Mode} 
wv_select_waveview 1 {waveview 1}
wv_select_panel WV1.PANEL1:1 1.57395e-08 1.88639
wv_drag_item_to WV1 243 78
wv_zoom_x WV1.PANEL1:1 1.57395e-08 2.84939e-08
wv_select_waveview 1 {waveview 1}
wv_select_panel WV1.PANEL1:1 2.37517e-08 2.03071
wv_drag_item_to WV1 1044 31
wv_zoom_x WV1.PANEL1:1 2.37517e-08 2.5359e-08
wv_select_menu_item {Custom WaveView} {} {AxisCursor.Add Cross-Cursor} 
wv_select_waveview 1 {waveview 1}
wv_select_wv_item WV1.PANEL1:1.CURSOR1 854 624
wv_drag_item_to WV1 854 622
wv_move_wv_item WV1.PANEL1:1.CURSOR1 642 601
wv_select_waveview 1 {waveview 1}
wv_select_wv_item WV1.TEXT1
wv_move_wv_item WV1.TEXT1 683 670
wv_select_waveview 1 {waveview 1}
wv_select_wv_item WV1.TEXT1
wv_move_wv_item WV1.TEXT1 683 677
wv_release_wv_item WV1 683 677
wv_select_waveview 1 {waveview 1}
wv_select_wv_item WV1.TEXT1
wv_move_wv_item WV1.TEXT1 683 677
wv_release_wv_item WV1 683 677
wv_select_waveview 1 {waveview 1}
wv_waveview_context_menu WV1.TEXT1
wv_select_waveview 1 {waveview 1}
wv_select_menu_item {Custom WaveView} {waveview 1:1} {LabelPopMenu.Set X/Y Value} 
wv_move_window {CursorSnapXYValue} {} 787 439
wv_move_window {CursorSnapXYValue} {} 797 442
wv_select_dialog {CursorSnapXYValue} 
wv_set_text {CursorSnapXYValue} {} {CsrXYValue2} "0.9"
wv_press_button {CursorSnapXYValue} {} {Ok} 
wv_select_window {Custom WaveView} 
wv_select_menu_item {Custom WaveView} {} {AxisCursor.Add Cross-Cursor} 
wv_select_waveview 1 {waveview 1}
wv_select_wv_item WV1.PANEL1:1.CURSOR2 859 335
wv_drag_item_to WV1 860 335
wv_move_wv_item WV1.PANEL1:1.CURSOR2 973 339
wv_press_key Esc 1230 472
wv_select_waveview 1 {waveview 1}
wv_select_wv_item WV1.PANEL1:1.CURSOR2 972 308
wv_move_wv_item WV1.PANEL1:1.CURSOR2 972 308
wv_select_waveview 1 {waveview 1}
wv_waveview_context_menu WV1.PANEL1:1.CURSOR2
wv_select_waveview 1 {waveview 1}
wv_select_menu_item {Custom WaveView} {waveview 1:1} {HairPopMenu.Delete} 
wv_select_waveview 1 {waveview 1}
wv_select_wv_item WV1.PANEL1:1.CURSOR1 638 210
wv_move_wv_item WV1.PANEL1:1.CURSOR1 638 210
wv_select_waveview 1 {waveview 1}
wv_select_wv_item WV1.PANEL1:1.CURSOR1 641 208
wv_drag_item_to WV1 644 209
wv_move_wv_item WV1.PANEL1:1.CURSOR1 625 211
wv_select_waveview 1 {waveview 1}
wv_select_panel WV1.PANEL1:1 2.47079e-08 1.46877
wv_move_wv_item WV1.PANEL1:1.CURSOR1 1007 210
wv_dclick_wv_item WV1.PANEL1:1.CURSOR1
wv_move_window {CursorJumpParameters} {} 612 327
wv_move_window {CursorJumpParameters} {} 602 312
wv_select_dialog {CursorJumpParameters} 
wv_release_wv_item WV1 1008 209
wv_set_radion {CursorJumpParameters} {} {To} 
wv_set_radion {CursorJumpParameters} {} {To} 
wv_press_button {CursorJumpParameters} {} {Ok} 
wv_select_window {Custom WaveView} 
wv_select_waveview 1 {waveview 1}
wv_select_wv_item WV1.PANEL1:1.CURSOR1 1005 42
wv_drag_item_to WV1 938 67
wv_move_wv_item WV1.PANEL1:1.CURSOR1 604 262
wv_select_waveview 1 {waveview 1}
wv_waveview_context_menu WV1.TEXT1
wv_select_waveview 1 {waveview 1}
wv_select_menu_item {Custom WaveView} {waveview 1:1} {LabelPopMenu.Set X/Y Value} 
wv_move_window {CursorSnapXYValue} {} 787 439
wv_move_window {CursorSnapXYValue} {} 797 442
wv_select_dialog {CursorSnapXYValue} 
wv_set_text {CursorSnapXYValue} {} {CsrXYValue2} "0.9"
wv_press_button {CursorSnapXYValue} {} {Ok} 
wv_select_window {Custom WaveView} 
wv_select_menu_item {Custom WaveView} {} {AxisCursor.Add Cross-Cursor} 
wv_select_waveview 1 {waveview 1}
wv_select_wv_item WV1.PANEL1:1.CURSOR2 853 512
wv_drag_item_to WV1 855 512
wv_move_wv_item WV1.PANEL1:1.CURSOR2 1031 509
wv_select_waveview 1 {waveview 1}
wv_select_wv_item WV1.TEXT1
wv_move_wv_item WV1.TEXT1 1061 358
wv_select_waveview 1 {waveview 1}
wv_waveview_context_menu WV1.TEXT1
wv_select_waveview 1 {waveview 1}
wv_select_menu_item {Custom WaveView} {waveview 1:1} {LabelPopMenu.Set X/Y Value} 
wv_move_window {CursorSnapXYValue} {} 787 439
wv_move_window {CursorSnapXYValue} {} 797 442
wv_select_dialog {CursorSnapXYValue} 
wv_set_text {CursorSnapXYValue} {} {CsrXYValue2} "0.9"
wv_press_button {CursorSnapXYValue} {} {Ok} 
wv_select_window {Custom WaveView} 
wv_select_waveview 1 {waveview 1}
wv_select_wv_item WV1.TEXT2
wv_move_wv_item WV1.TEXT2 653 676
wv_release_wv_item WV1 653 676
wv_select_waveview 1 {waveview 1}
wv_waveview_context_menu WV1.TEXT2
wv_select_waveview 1 {waveview 1}
wv_select_menu_item {Custom WaveView} {waveview 1:1} {LabelPopMenu.Set X/Y Value} 
wv_move_window {CursorSnapXYValue} {} 787 439
wv_move_window {CursorSnapXYValue} {} 797 442
wv_select_dialog {CursorSnapXYValue} 
wv_close_dialog {CursorSnapXYValue} 
wv_select_window {Custom WaveView} 
wv_select_waveview 1 {waveview 1}
wv_waveview_context_menu WV1.TEXT1
wv_select_waveview 1 {waveview 1}
wv_select_menu_item {Custom WaveView} {waveview 1:1} {LabelPopMenu.Set X/Y Value} 
wv_move_window {CursorSnapXYValue} {} 787 439
wv_move_window {CursorSnapXYValue} {} 797 442
wv_select_dialog {CursorSnapXYValue} 
wv_press_button {CursorSnapXYValue} {} {Ok} 
wv_select_window {Custom WaveView} 
wv_select_waveview 1 {waveview 1}
wv_select_toolbar_item {Custom WaveView} {waveview 1:1} {Zoom Mode} 
wv_select_waveview 1 {waveview 1}
wv_select_panel WV1.PANEL1:1 2.41896e-08 1.14941
wv_drag_item_to WV1 530 314
wv_zoom_y WV1.PANEL1:1 1.14941 0.823916
wv_select_waveview 1 {waveview 1}
wv_select_wv_item WV1.PANEL1:1.CURSOR2 1079 394
wv_move_wv_item WV1.PANEL1:1.CURSOR2 1079 394
wv_dclick_wv_item WV1.PANEL1:1.CURSOR2
wv_move_window {CursorJumpParameters} {} 612 327
wv_move_window {CursorJumpParameters} {} 602 312
wv_select_dialog {CursorJumpParameters} 
wv_release_wv_item WV1 1079 394
wv_close_dialog {CursorJumpParameters} 
wv_select_window {Custom WaveView} 
wv_select_waveview 1 {waveview 1}
wv_select_wv_item WV1.TEXT1
wv_move_wv_item WV1.TEXT1 1083 384
wv_select_waveview 1 {waveview 1}
wv_waveview_context_menu WV1.TEXT1
wv_select_waveview 1 {waveview 1}
wv_select_menu_item {Custom WaveView} {waveview 1:1} {LabelPopMenu.Set X/Y Value} 
wv_move_window {CursorSnapXYValue} {} 787 439
wv_move_window {CursorSnapXYValue} {} 797 442
wv_select_dialog {CursorSnapXYValue} 
wv_set_text {CursorSnapXYValue} {} {CsrXYValue2} "0.9"
wv_press_button {CursorSnapXYValue} {} {Ok} 
wv_select_window {Custom WaveView} 
wv_select_waveview 1 {waveview 1}
wv_select_wv_item WV1.PANEL1:1.CURSOR2 1032 251
wv_drag_item_to WV1 1029 253
wv_move_wv_item WV1.PANEL1:1.CURSOR2 1025 275
wv_select_waveview 1 {waveview 1}
wv_select_wv_item WV1.PANEL1:1.CURSOR2 520 566
wv_move_wv_item WV1.PANEL1:1.CURSOR2 520 566
wv_select_waveview 1 {waveview 1}
wv_select_wv_item WV1.PANEL1:1.CURSOR1 519 433
wv_drag_item_to WV1 504 440
wv_move_wv_item WV1.PANEL1:1.CURSOR1 521 436
wv_select_waveview 1 {waveview 1}
wv_select_wv_item WV1.PANEL1:1.CURSOR1 603 592
wv_drag_item_to WV1 605 594
wv_move_wv_item WV1.PANEL1:1.CURSOR1 586 610
wv_select_waveview 1 {waveview 1}
wv_waveview_context_menu WV1.TEXT1
wv_select_waveview 1 {waveview 1}
wv_select_menu_item {Custom WaveView} {waveview 1:1} {LabelPopMenu.Set X/Y Value} 
wv_move_window {CursorSnapXYValue} {} 787 439
wv_move_window {CursorSnapXYValue} {} 797 442
wv_select_dialog {CursorSnapXYValue} 
wv_close_dialog {CursorSnapXYValue} 
wv_select_window {Custom WaveView} 
wv_select_waveview 1 {waveview 1}
wv_waveview_context_menu WV1.TEXT2
wv_select_waveview 1 {waveview 1}
wv_select_menu_item {Custom WaveView} {waveview 1:1} {LabelPopMenu.Set X/Y Value} 
wv_move_window {CursorSnapXYValue} {} 787 439
wv_move_window {CursorSnapXYValue} {} 797 442
wv_select_dialog {CursorSnapXYValue} 
wv_press_button {CursorSnapXYValue} {} {Ok} 
wv_select_window {Custom WaveView} 
wv_close_window {Custom WaveView} 
wv_move_window {Confirmation} {} 839 449
wv_move_window {Confirmation} {} 849 453
wv_select_dialog {Confirmation} 
#wv_press_button {Confirmation} {} {Ok} 
