[14:12:25.06] /o 
              /c                                 Custom Compiler™ 
              /c 
              /c                Version U-2023.03-SP2 for linux64 - Aug 25, 2023 
              /c 
              /c                     Copyright (c) 2004 - 2023 Synopsys, Inc.
              /c    This software and the associated documentation are proprietary to Synopsys,
              /c  Inc. This software may only be used in accordance with the terms and conditions
              /c  of a written license agreement with Synopsys, Inc. All other use, reproduction,
              /c    or distribution of this software is strictly prohibited.  Licensed Products
              /c      communicate with Synopsys servers for the purpose of providing software
              /c     updates, detecting software piracy and verifying that customers are using
              /c     Licensed Products in conformity with the applicable License Key for such
              /c   Licensed Products. Synopsys will use information gathered in connection with
              /c     this process to deliver software updates and pursue software pirates and
              /c                                    infringers.
              /c 
              /c  Inclusivity & Diversity - Visit SolvNetPlus to read the "Synopsys Statement on
              /c             Inclusivity and Diversity" (Refer to article 000036315 at
              /c                         https://solvnetplus.synopsys.com)
              /c 
              /c Build  (OPT) Config 9128410 compiled on Fri Aug 25 11:03:32 2023 for CentOS64 7.3
              /c Invocation: /mnt/vol_synopsys2023/synopsys/customcompiler/U-2023.03-SP2/linux64/platform/bin/cdesigner -loadAll true
              /c Execution time: Wed Apr 17 14:12:17 2024
              /c Host: redhat003
              /c Working directory: /mnt/vol_NFS_rh003/Est_VLSI_I_2024/Fernandez_Rodriguez_I_2024_vlsi/Tarea_2_vlsi
              /c 
[14:12:38.61] /m Information: Registering ICV PERC package...
[14:12:38.97] /o 
[14:12:38.97] /o <> -------------------------------------------
[14:12:38.97] /o <>
[14:12:38.97] /o <> Loading XFAB PDK components
[14:12:38.98] /o <>  basic                            O.K
[14:12:39.03] /o <>  exports                          O.K
[14:12:39.06] /o <>  custom                           O.K
[14:12:39.07] /o <>  cdf                              O.K
[14:12:39.08] /o <>  netlisting                       O.K
[14:12:39.13] /o <>  useability                       O.K
[14:12:39.14] /o <>  synopsys                         O.K
[14:12:39.23] /o <>  pcellkit                         O.K
[14:12:39.27] /o <>  trigger_callbacks                O.K
[14:12:39.27] /o <> Loading XFAB PDK preferences
[14:12:39.64] /w Warning: Preference 'nlPromoteTerms' is deprecated and scheduled for removal in a future release with no replacement. For migration assistance, see the Custom Compiler Tcl Reference Manual. (PREFERENCE-058)
[14:12:39.66] /w Warning: Preference 'xtStarTcadGrdFile' is deprecated and scheduled for removal in a future release with no replacement. For migration assistance, see the Custom Compiler Tcl Reference Manual. (PREFERENCE-058)
[14:12:39.67] /o <> Loading Calibre presets for XFAB PDK
[14:12:39.67] /o <> Loading .xfabrc user script
[14:12:39.67] /o <>
[14:12:39.67] /o <> -------------------------------------------
[14:12:39.67] /o <>
[14:12:39.67] /o <> Technology     xt018
[14:12:39.67] /o <> Version        v12_1_1_1
[14:12:39.67] /o <> LibCode        1243
[14:12:39.67] /o <> Core           LP 1.8V
[14:12:39.67] /o <> Metal          Thin4
[14:12:39.67] /o <> TopMetal       METTP&METTPL
[14:12:39.67] /o <>
[14:12:39.67] /o <> -------------------------------------------
[14:12:39.67] /o 
[14:12:40.76] /r giShowFrameTabs false
[14:12:58.80] /# gi::executeAction {deOpenDesign} -in [gi::getWindows 0]
[14:12:58.80] /i de::showOpenDesign
[14:12:58.85] /i gi::setActiveDialog [gi::getDialogs {deOpenDesign}]
[14:12:59.14] /i db::setAttr geometry -of [gi::getDialogs {deOpenDesign}] -value 645x491+628+268
[14:14:22.40] /i gi::setCurrentIndex {designLibs} -index {tarea_2} -in [gi::getDialogs {deOpenDesign}]
[14:14:22.49] /i gi::setItemSelection {designLibs} -index {tarea_2} -in [gi::getDialogs {deOpenDesign}]
[14:14:25.87] /i gi::setCurrentIndex {designViews} -index {schematic} -in [gi::getDialogs {deOpenDesign}]
[14:14:25.88] /i gi::setItemSelection {designViews} -index {schematic} -in [gi::getDialogs {deOpenDesign}]
[14:14:42.84] /i gi::pressButton {ok} -in [gi::getDialogs {deOpenDesign}]
[14:14:42.85] /# de::open [dm::findCellView {schematic} -cellName {NORS} -libName {tarea_2}] -readOnly 0
[14:14:42.96] /m Information: Feature 'SynopsysCustomShapes' checked out. (LICENSE-003)
[14:14:43.18] /r giWindowId 1
[14:14:43.18] /r giWindowGeometry 1632x947
[14:14:43.39] /o oa:0x43232a10
[14:14:43.66] /i db::setAttr dockSize -of [gi::getAssistants deMarkerBrowser -from [gi::getWindows 1]] -value 292x818
[14:14:43.76] /i db::setAttr geometry -of [gi::getFrames 1] -value 1632x947+5+55
[14:15:15.80] /# gi::executeAction {deSelectActive} -in [gi::getWindows 1]
[14:15:15.80] /i de::deselectAllLogic -context [de::getContexts -filter {%editDesign==[db::getAttr editDesign -of [db::getNext [de::getContexts -window 1]]]}]
[14:20:09.71] /# gi::executeAction {seDelete} -in [gi::getWindows 1]
[14:20:09.71] /i ise::delete
[14:20:21.29] /# gi::executeAction {deAddPoint} -in [gi::getWindows 1]
[14:20:21.29] /i de::addPoint {3.61875 1.5375} -context [db::getNext [de::getContexts -window 1]]
[14:20:23.59] /# gi::executeAction {deAddPoint} -in [gi::getWindows 1]
[14:20:23.59] /i de::addPoint {3.575 1.24375} -context [db::getNext [de::getContexts -window 1]]
[14:20:37.04] /# gi::executeAction {deStartDrag} -in [gi::getWindows 1]
[14:20:37.04] /i de::startDrag {0.36875 1.325} -context [db::getNext [de::getContexts -window 1]]
[14:20:39.85] /# gi::executeAction {deEndDrag} -in [gi::getWindows 1]
[14:20:39.85] /i de::endDrag {4.09375 -1.3375} -context [db::getNext [de::getContexts -window 1]]
[14:20:40.50] /# gi::executeAction {seDelete} -in [gi::getWindows 1]
[14:20:40.50] /i ise::delete
[14:20:44.37] /# gi::executeAction {deAbortCommand} -in [gi::getWindows 1]
[14:20:44.37] /i de::abortCommand -context [db::getNext [de::getContexts -window 1]]
[14:20:55.73] /# gi::executeAction {seDelete} -in [gi::getWindows 1]
[14:20:55.73] /i ise::delete
[14:20:59.44] /# gi::executeAction {deAddPoint} -in [gi::getWindows 1]
[14:20:59.44] /i de::addPoint {4.1875 1.76875} -context [db::getNext [de::getContexts -window 1]]
[14:21:05.33] /# gi::executeAction {deStartDrag} -in [gi::getWindows 1]
[14:21:05.33] /i de::startDrag {4.85625 3.3} -context [db::getNext [de::getContexts -window 1]]
[14:21:09.00] /# gi::executeAction {deEndDrag} -in [gi::getWindows 1]
[14:21:09.00] /i de::endDrag {6.2875 -0.75625} -context [db::getNext [de::getContexts -window 1]]
[14:21:11.09] /# gi::executeAction {deStartDrag} -in [gi::getWindows 1]
[14:21:11.09] /i de::startDrag {3.05 1.7375} -context [db::getNext [de::getContexts -window 1]]
[14:21:14.01] /# gi::executeAction {deEndDrag} -in [gi::getWindows 1]
[14:21:14.01] /i de::endDrag {5.51875 -0.75625} -context [db::getNext [de::getContexts -window 1]]
[14:21:17.84] /# gi::executeAction {deAddPoint} -in [gi::getWindows 1]
[14:21:17.84] /i de::addPoint {6.475 1.59375} -context [db::getNext [de::getContexts -window 1]]
[14:21:22.60] /# gi::executeAction {deFitEdit} -in [gi::getWindows 1]
[14:21:22.60] /i de::fit -window 1 -fitEdit true
[14:21:30.01] /# gi::executeAction {deAddPoint} -in [gi::getWindows 1]
[14:21:30.01] /i de::addPoint {5.43125 4} -context [db::getNext [de::getContexts -window 1]]
[14:21:33.06] /# gi::executeAction {deAddPoint} -in [gi::getWindows 1]
[14:21:33.06] /i de::addPoint {5.25 4.3} -context [db::getNext [de::getContexts -window 1]]
[14:21:40.06] /# gi::executeAction {deAddPoint} -in [gi::getWindows 1]
[14:21:40.06] /i de::addPoint {5.0875 2.76875} -context [db::getNext [de::getContexts -window 1]]
[14:21:47.40] /# gi::executeAction {seSchCreateWire} -in [gi::getWindows 1]
[14:21:47.40] /i ise::createWire
[14:21:51.90] /# gi::executeAction {deZoomIn} -in [gi::getWindows 1]
[14:21:51.90] /i de::zoom -window 1 -factor 2.0
[14:21:55.22] /# gi::executeAction {deAddPoint} -in [gi::getWindows 1]
[14:21:55.22] /i de::addPoint {2.95 2.70625} -context [db::getNext [de::getContexts -window 1]]
[14:21:55.81] /i de::setCursor -point {2.9375 2.75 }
[14:21:58.11] /# gi::executeAction {deAddPoint} -in [gi::getWindows 1]
[14:21:58.11] /i de::addPoint {3.3375 2.8625} -context [db::getNext [de::getContexts -window 1]]
[14:21:58.95] /i de::setCursor -point {3.375 2.875 }
[14:22:01.12] /# gi::executeAction {deAddPoint} -in [gi::getWindows 1]
[14:22:01.12] /i de::addPoint {3.325 2.85} -context [db::getNext [de::getContexts -window 1]]
[14:22:01.35] /# gi::executeAction {deCompleteShape} -in [gi::getWindows 1]
[14:22:01.35] /i de::completeShape -context [db::getNext [de::getContexts -window 1]]
[14:22:06.01] /# gi::executeAction {deZoomOut} -in [gi::getWindows 1]
[14:22:06.01] /i de::zoom -window 1 -factor 0.5
[14:22:12.11] /# gi::executeAction {seMove} -in [gi::getWindows 1]
[14:22:12.11] /i ise::move
[14:22:15.46] /# gi::executeAction {deAddPoint} -in [gi::getWindows 1]
[14:22:15.46] /i de::addPoint {6.9125 1.58125} -context [db::getNext [de::getContexts -window 1]]
[14:22:20.94] /# gi::executeAction {deAddPoint} -in [gi::getWindows 1]
[14:22:20.94] /i de::addPoint {3.5875 2.81875} -context [db::getNext [de::getContexts -window 1]]
[14:22:24.62] /# gi::executeAction {deFitEdit} -in [gi::getWindows 1]
[14:22:24.62] /i de::fit -window 1 -fitEdit true
[14:22:26.32] /# gi::executeAction {deFitEdit} -in [gi::getWindows 1]
[14:22:26.32] /i de::fit -window 1 -fitEdit true
[14:22:27.14] /# gi::executeAction {deFitEdit} -in [gi::getWindows 1]
[14:22:27.14] /i de::fit -window 1 -fitEdit true
[14:22:27.60] /# gi::executeAction {deFitEdit} -in [gi::getWindows 1]
[14:22:27.60] /i de::fit -window 1 -fitEdit true
[14:22:27.81] /# gi::executeAction {deFitEdit} -in [gi::getWindows 1]
[14:22:27.81] /i de::fit -window 1 -fitEdit true
[14:22:28.04] /# gi::executeAction {deFitEdit} -in [gi::getWindows 1]
[14:22:28.04] /i de::fit -window 1 -fitEdit true
[14:22:33.31] /# gi::executeAction {seDelete} -in [gi::getWindows 1]
[14:22:33.31] /i ise::delete
[14:22:35.41] /# gi::executeAction {deAddPoint} -in [gi::getWindows 1]
[14:22:35.41] /i de::addPoint {3.34375 -0.3375} -context [db::getNext [de::getContexts -window 1]]
[14:22:40.44] /# gi::executeAction {deFitEdit} -in [gi::getWindows 1]
[14:22:40.44] /i de::fit -window 1 -fitEdit true
[14:22:46.38] /# gi::executeAction {seMove} -in [gi::getWindows 1]
[14:22:46.38] /i ise::move
[14:22:49.04] /# gi::executeAction {deStartDrag} -in [gi::getWindows 1]
[14:22:49.04] /i de::startDrag {3.56875 2.85625} -context [db::getNext [de::getContexts -window 1]]
[14:22:52.34] /# gi::executeAction {deEndDrag} -in [gi::getWindows 1]
[14:22:52.34] /i de::endDrag {3.575 2.8875} -context [db::getNext [de::getContexts -window 1]]
[14:22:53.25] /# gi::executeAction {deAddPoint} -in [gi::getWindows 1]
[14:22:53.25] /i de::addPoint {3.575 2.8875} -context [db::getNext [de::getContexts -window 1]]
[14:22:56.22] /# gi::executeAction {deAddPoint} -in [gi::getWindows 1]
[14:22:56.22] /i de::addPoint {3.30625 2.875} -context [db::getNext [de::getContexts -window 1]]
[14:23:03.10] /# gi::executeAction {deAddPoint} -in [gi::getWindows 1]
[14:23:03.10] /i de::addPoint {3.05625 2.84375} -context [db::getNext [de::getContexts -window 1]]
[14:23:03.33] /# gi::executeAction {deCompleteShape} -in [gi::getWindows 1]
[14:23:03.33] /i de::completeShape -context [db::getNext [de::getContexts -window 1]]
[14:23:04.80] /# gi::executeAction {giPostContextMenu} -in [gi::getWindows 1]
[14:23:56.48] /# gi::executeAction {giPostContextMenu} -in [gi::getWindows 1]
[14:24:57.54] /# gi::executeAction {seDelete} -in [gi::getWindows 1]
[14:24:57.54] /i ise::delete
[14:25:29.29] /# gi::executeAction {seDelete} -in [gi::getWindows 1]
[14:25:29.29] /i ise::delete
[14:25:30.94] /# gi::executeAction {deAddPoint} -in [gi::getWindows 1]
[14:25:30.94] /i de::addPoint {0.90625 3.7375} -context [db::getNext [de::getContexts -window 1]]
[14:25:33.57] /# gi::executeAction {deAddPoint} -in [gi::getWindows 1]
[14:25:33.57] /i de::addPoint {0.95 3.50625} -context [db::getNext [de::getContexts -window 1]]
[14:25:38.48] /# gi::executeAction {deAddPoint} -in [gi::getWindows 1]
[14:25:38.48] /i de::addPoint {1.81875 3.33125} -context [db::getNext [de::getContexts -window 1]]
[14:25:43.19] /# gi::executeAction {deAddPoint} -in [gi::getWindows 1]
[14:25:43.19] /i de::addPoint {0.95625 2.625} -context [db::getNext [de::getContexts -window 1]]
[14:25:47.10] /# gi::executeAction {deAddPoint} -in [gi::getWindows 1]
[14:25:47.10] /i de::addPoint {0.9625 2.225} -context [db::getNext [de::getContexts -window 1]]
[14:25:49.05] /# gi::executeAction {deAddPoint} -in [gi::getWindows 1]
[14:25:49.05] /i de::addPoint {1.06875 2.06875} -context [db::getNext [de::getContexts -window 1]]
[14:25:51.23] /# gi::executeAction {deAddPoint} -in [gi::getWindows 1]
[14:25:51.23] /i de::addPoint {0.93125 2.8125} -context [db::getNext [de::getContexts -window 1]]
[14:25:53.28] /# gi::executeAction {deAddPoint} -in [gi::getWindows 1]
[14:25:53.28] /i de::addPoint {0.94375 3.525} -context [db::getNext [de::getContexts -window 1]]
[14:25:55.01] /# gi::executeAction {deAddPoint} -in [gi::getWindows 1]
[14:25:55.01] /i de::addPoint {0.95 3.94375} -context [db::getNext [de::getContexts -window 1]]
[14:26:15.10] /# gi::executeAction {seSchCreateSchematicPin} -in [gi::getWindows 1]
[14:26:15.10] /i ise::createSchematicPin
[14:26:19.35] /# gi::executeAction {deAddPoint} -in [gi::getWindows 1]
[14:26:19.35] /i de::addPoint {0.91875 4.0125} -context [db::getNext [de::getContexts -window 1]]
[14:26:23.94] /# gi::executeAction {deAddPoint} -in [gi::getWindows 1]
[14:26:23.94] /i de::addPoint {0.91875 3.075} -context [db::getNext [de::getContexts -window 1]]
[14:27:11.01] /i gi::executeAction deObjectActivation -in [gi::getWindows 1]
[14:27:11.15] /# gi::executeAction {seOptionsFlipVertical} -in [gi::getWindows 1]
[14:27:11.15] /i de::commandOption MX
[14:27:11.60] /# gi::executeAction {seOptionsFlipVertical} -in [gi::getWindows 1]
[14:27:11.60] /i de::commandOption MX
[14:27:11.85] /i gi::executeAction deObjectActivation -in [gi::getWindows 1]
[14:27:19.30] /# gi::executeAction {deAddPoint} -in [gi::getWindows 1]
[14:27:19.30] /i de::addPoint {3.1625 2.86875} -context [db::getNext [de::getContexts -window 1]]
[14:27:21.69] /# gi::executeAction {giPostContextMenu} -in [gi::getWindows 1]
[14:27:26.26] /# gi::executeAction {deAbortCommand} -in [gi::getWindows 1]
[14:27:26.26] /i de::abortCommand -context [db::getNext [de::getContexts -window 1]]
[14:27:29.23] /# gi::executeAction {seDelete} -in [gi::getWindows 1]
[14:27:29.23] /i ise::delete
[14:27:30.75] /# gi::executeAction {deAddPoint} -in [gi::getWindows 1]
[14:27:30.75] /i de::addPoint {3.3125 2.86875} -context [db::getNext [de::getContexts -window 1]]
[14:27:32.47] /# gi::executeAction {deAddPoint} -in [gi::getWindows 1]
[14:27:32.47] /i de::addPoint {3.28125 2.86875} -context [db::getNext [de::getContexts -window 1]]
[14:27:45.89] /# gi::executeAction {deAddPoint} -in [gi::getWindows 1]
[14:27:45.89] /i de::addPoint {4.1 3.8125} -context [db::getNext [de::getContexts -window 1]]
[14:27:48.08] /# gi::executeAction {deStartDrag} -in [gi::getWindows 1]
[14:27:48.08] /i de::startDrag {3.3625 4.44375} -context [db::getNext [de::getContexts -window 1]]
[14:27:49.52] /# gi::executeAction {deEndDrag} -in [gi::getWindows 1]
[14:27:49.52] /i de::endDrag {4.325 1.95625} -context [db::getNext [de::getContexts -window 1]]
[14:27:51.34] /# gi::executeAction {deAddPoint} -in [gi::getWindows 1]
[14:27:51.34] /i de::addPoint {4.01875 2.05} -context [db::getNext [de::getContexts -window 1]]
[14:27:53.35] /# gi::executeAction {deAddPoint} -in [gi::getWindows 1]
[14:27:53.35] /i de::addPoint {3.80625 4.34375} -context [db::getNext [de::getContexts -window 1]]
[14:27:54.43] /# gi::executeAction {deAddPoint} -in [gi::getWindows 1]
[14:27:54.43] /i de::addPoint {3.80625 4.3} -context [db::getNext [de::getContexts -window 1]]
[14:27:56.77] /# gi::executeAction {seCreateInst} -in [gi::getWindows 1]
[14:27:56.77] /i ise::createInst
[14:27:57.22] /i gi::setField {parametersExpand} -value {false} -in [gi::getDialogs {seCreateInst} -parent [gi::getWindows 1]]
[14:27:57.22] /i gi::setField {parametersExpand} -value {true} -in [gi::getDialogs {seCreateInst} -parent [gi::getWindows 1]]
[14:27:57.27] /i gi::setActiveDialog [gi::getDialogs {seCreateInst} -parent [gi::getWindows 1]]
[14:27:57.56] /i db::setAttr geometry -of [gi::getDialogs {seCreateInst} -parent [gi::getWindows 1]] -value 472x485+0+64
[14:28:14.11] /i gi::setField {parametersExpand} -value {false} -in [gi::getDialogs {seCreateInst} -parent [gi::getWindows 1]]
[14:28:14.11] /i gi::setField {parametersExpand} -value {true} -in [gi::getDialogs {seCreateInst} -parent [gi::getWindows 1]]
[14:28:14.11] /i gi::setField {instMasterLib} -value {analogLib} -in [gi::getDialogs {seCreateInst} -parent [gi::getWindows 1]]
[14:28:14.39] /i db::setAttr geometry -of [gi::getDialogs {seCreateInst} -parent [gi::getWindows 1]] -value 472x454+0+64
[14:28:19.57] /i gi::setField {parametersExpand} -value {false} -in [gi::getDialogs {seCreateInst} -parent [gi::getWindows 1]]
[14:28:19.57] /i gi::setField {parametersExpand} -value {true} -in [gi::getDialogs {seCreateInst} -parent [gi::getWindows 1]]
[14:28:19.57] /i gi::setField {instMasterCell} -value {vdd} -in [gi::getDialogs {seCreateInst} -parent [gi::getWindows 1]]
[14:28:19.91] /i db::setAttr geometry -of [gi::getDialogs {seCreateInst} -parent [gi::getWindows 1]] -value 472x447+0+64
[14:28:36.29] /# gi::executeAction {deAddPoint} -in [gi::getWindows 1]
[14:28:36.29] /i de::addPoint {2.69375 4.20625} -context [db::getNext [de::getContexts -window 1]]
[14:28:39.34] /# gi::executeAction {deAbortCommand} -in [gi::getWindows 1]
[14:28:39.34] /i de::abortCommand -context [db::getNext [de::getContexts -window 1]]
[14:28:42.40] /# gi::executeAction {seDelete} -in [gi::getWindows 1]
[14:28:42.40] /i ise::delete
[14:28:45.23] /# gi::executeAction {deAddPoint} -in [gi::getWindows 1]
[14:28:45.23] /i de::addPoint {2.56875 4.25} -context [db::getNext [de::getContexts -window 1]]
[14:28:56.66] /i gi::executeAction {deSaveDesign} -in [gi::getWindows 1]
[14:28:56.67] /m Information: Saving design 'tarea_2 NORS schematic'. (DESIGN_WINDOW-004)
[14:28:57.30] /i gi::executeAction {deSaveDesign} -in [gi::getWindows 1]
[14:28:57.30] /m Information: Saving design 'tarea_2 NORS schematic'. (DESIGN_WINDOW-004)
[14:28:57.51] /i gi::executeAction {deSaveDesign} -in [gi::getWindows 1]
[14:28:57.52] /m Information: Saving design 'tarea_2 NORS schematic'. (DESIGN_WINDOW-004)
[14:28:59.81] /# gi::executeAction {seSchCheckAndSave} -in [gi::getWindows 1]
[14:28:59.81] /i ise::check
[14:28:59.84] /m Information: 
[14:28:59.84] /o Checking "tarea_2/NORS/schematic"
[14:28:59.86] /o No rule violations found in "tarea_2/NORS/schematic"
[14:28:59.86] /m Information: Checking process is completed: marking the design violations
[14:28:59.92] /m Information: Marking of designs is completed
[14:29:28.44] /# gi::executeAction {seSchCheckAndSave} -in [gi::getWindows 1]
[14:29:28.44] /i ise::check
[14:29:28.47] /m Information: 
[14:29:28.47] /o Checking "tarea_2/NORS/schematic"
[14:29:28.47] /o No rule violations found in "tarea_2/NORS/schematic"
[14:29:28.47] /m Information: Checking process is completed: marking the design violations
[14:29:28.47] /m Information: Marking of designs is completed
[14:29:44.65] /i gi::executeAction {deSaveDesign} -in [gi::getWindows 1]
[14:29:44.66] /m Information: Saving design 'tarea_2 NORS schematic'. (DESIGN_WINDOW-004)
[14:30:06.62] /# gi::executeAction {deAddPoint} -in [gi::getWindows 1]
[14:30:06.62] /i de::addPoint {4.01875 3.74375} -context [db::getNext [de::getContexts -window 1]]
[14:30:09.14] /# gi::executeAction {deAddPoint} -in [gi::getWindows 1]
[14:30:09.14] /i de::addPoint {2.45625 3.80625} -context [db::getNext [de::getContexts -window 1]]
[14:30:27.72] /i de::undoTransaction -design [db::getAttr editDesign -of [de::getContexts -window 1]] -steps 1
[14:30:36.89] /# gi::executeAction {deAbortCommand} -in [gi::getWindows 1]
[14:30:36.89] /i de::abortCommand -context [db::getNext [de::getContexts -window 1]]
[14:30:36.93] /# gi::executeAction {dePropertyEditorToggle} -in [gi::getWindows 1]
[14:30:36.93] /i db::setAttr shown -of [gi::getAssistants dePropertyEditor -from [gi::getWindows 1]] -value true
[14:30:37.25] /i db::setAttr dockSize -of [gi::getAssistants deMarkerBrowser -from [gi::getWindows 1]] -value 292x792
[14:30:37.26] /i db::setAttr dockSize -of [gi::getAssistants dePropertyEditor -from [gi::getWindows 1]] -value 292x792
[14:30:40.50] /# gi::executeAction {deSelectActive} -in [gi::getWindows 1]
[14:30:40.50] /i de::deselectAll [db::getNext [de::getContexts -window 1]]
[14:30:40.50] /i de::select [de::getActiveFigure [gi::getWindows 1] -point {2.56875 3.78125} -index 0 -intent none]
[14:30:40.50] /o oa:0x43914c20
[14:30:41.46] /# gi::executeAction {deSelectActive} -in [gi::getWindows 1]
[14:30:41.46] /i de::deselectAll [db::getNext [de::getContexts -window 1]]
[14:30:41.46] /i de::select [de::getActiveFigure [gi::getWindows 1] -point {2.425 3.8125} -index 0 -intent none]
[14:30:41.46] /o oa:0x42b026b0
[14:30:49.01] /i gi::setItemSelection {parameters} -index {modLimits,all} -in [gi::getAssistants dePropertyEditor -from [gi::getWindows 1]]
[14:30:49.01] /i gi::setCurrentIndex {parameters} -index {modLimits,Value} -in [gi::getAssistants dePropertyEditor -from [gi::getWindows 1]]
[14:30:49.17] /i gi::setField {parameters} -value {0} -index {modLimits,Value} -in [gi::getAssistants dePropertyEditor -from [gi::getWindows 1]]
[14:30:50.78] /i gi::setItemSelection {parameters} -index {w,all} -in [gi::getAssistants dePropertyEditor -from [gi::getWindows 1]]
[14:30:50.79] /i gi::setCurrentIndex {parameters} -index {w,Value} -in [gi::getAssistants dePropertyEditor -from [gi::getWindows 1]]
[14:33:10.49] /# gi::executeAction {deSelectActive} -in [gi::getWindows 1]
[14:33:10.49] /i de::deselectAll [db::getNext [de::getContexts -window 1]]
[14:33:10.53] /r giDialog gi::setActiveDialog [gi::getDialogs {dbSelectionChange} -parent [gi::getWindows 1]]
[14:33:10.84] /r giDialog db::setAttr geometry -of [gi::getDialogs {dbSelectionChange} -parent [gi::getWindows 1]] -value 419x82+612+495
[14:33:15.91] /r giDialog gi::pressButton {discard} -in [gi::getDialogs {dbSelectionChange} -parent [gi::getWindows 1]]
[14:33:15.92] /o 0
[14:33:15.92] /i de::deselectAllLogic -context [de::getContexts -filter {%editDesign==[db::getAttr editDesign -of [db::getNext [de::getContexts -window 1]]]}]
[14:33:18.93] /# gi::executeAction {deSelectActive} -in [gi::getWindows 1]
[14:33:18.93] /i de::deselectAll [db::getNext [de::getContexts -window 1]]
[14:33:18.93] /i de::select [de::getActiveFigure [gi::getWindows 1] -point {2.45 3.85} -index 0 -intent none]
[14:33:18.93] /o oa:0x42b05350
[14:35:10.93] /i gi::setItemSelection {parameters} -index {w,all} -in [gi::getAssistants dePropertyEditor -from [gi::getWindows 1]]
[14:35:10.93] /i gi::setCurrentIndex {parameters} -index {w,Value} -in [gi::getAssistants dePropertyEditor -from [gi::getWindows 1]]
[14:35:36.46] /i gi::setField {parameters} -value {360n} -index {w,Value} -in [gi::getAssistants dePropertyEditor -from [gi::getWindows 1]]
[14:35:36.47] /i gi::executeAction dePropertyEditorApplyChanges -in [gi::getAssistants dePropertyEditor -from [gi::getWindows 1]]
[14:35:39.18] /i gi::setItemSelection {parameters} -index {mtot,all} -in [gi::getAssistants dePropertyEditor -from [gi::getWindows 1]]
[14:35:39.18] /i gi::setCurrentIndex {parameters} -index {mtot,Value} -in [gi::getAssistants dePropertyEditor -from [gi::getWindows 1]]
[14:35:40.36] /i gi::setItemSelection {parameters} -index {m,all} -in [gi::getAssistants dePropertyEditor -from [gi::getWindows 1]]
[14:35:40.36] /i gi::setCurrentIndex {parameters} -index {m,Value} -in [gi::getAssistants dePropertyEditor -from [gi::getWindows 1]]
[14:35:47.49] /i gi::setField {parameters} -value {6} -index {m,Value} -in [gi::getAssistants dePropertyEditor -from [gi::getWindows 1]]
[14:35:47.50] /i gi::executeAction dePropertyEditorApplyChanges -in [gi::getAssistants dePropertyEditor -from [gi::getWindows 1]]
[14:36:23.46] /# gi::executeAction {deSelectActive} -in [gi::getWindows 1]
[14:36:23.46] /i de::deselectAll [db::getNext [de::getContexts -window 1]]
[14:36:23.46] /i de::deselectAllLogic -context [de::getContexts -filter {%editDesign==[db::getAttr editDesign -of [db::getNext [de::getContexts -window 1]]]}]
[14:36:25.29] /# gi::executeAction {deSelectActive} -in [gi::getWindows 1]
[14:36:25.29] /i de::deselectAll [db::getNext [de::getContexts -window 1]]
[14:36:25.29] /i de::select [de::getActiveFigure [gi::getWindows 1] -point {2.45 3.025} -index 0 -intent none]
[14:36:25.29] /o oa:0x331ddf60
[14:36:28.69] /# gi::executeAction {deSelectActive} -in [gi::getWindows 1]
[14:36:28.69] /i de::deselectAll [db::getNext [de::getContexts -window 1]]
[14:36:28.69] /i de::select [de::getActiveFigure [gi::getWindows 1] -point {2.40625 3.80625} -index 0 -intent none]
[14:36:28.69] /o oa:0x42b02870
[14:36:32.73] /# gi::executeAction {deSelectActive} -in [gi::getWindows 1]
[14:36:32.73] /i de::deselectAll [db::getNext [de::getContexts -window 1]]
[14:36:32.73] /i de::select [de::getActiveFigure [gi::getWindows 1] -point {2.4875 3.0625} -index 0 -intent none]
[14:36:32.73] /o oa:0x439cedf0
[14:36:35.40] /i gi::setItemSelection {parameters} -index {w,all} -in [gi::getAssistants dePropertyEditor -from [gi::getWindows 1]]
[14:36:35.41] /i gi::setCurrentIndex {parameters} -index {w,Value} -in [gi::getAssistants dePropertyEditor -from [gi::getWindows 1]]
[14:36:44.15] /i gi::setField {parameters} -value {360n} -index {w,Value} -in [gi::getAssistants dePropertyEditor -from [gi::getWindows 1]]
[14:36:44.16] /i gi::setItemSelection {parameters} -index {ng,all} -in [gi::getAssistants dePropertyEditor -from [gi::getWindows 1]]
[14:36:44.16] /i gi::setCurrentIndex {parameters} -index {ng,Value} -in [gi::getAssistants dePropertyEditor -from [gi::getWindows 1]]
[14:36:47.02] /# gi::executeAction {deSelectActive} -in [gi::getWindows 1]
[14:36:47.02] /i de::deselectAll [db::getNext [de::getContexts -window 1]]
[14:36:47.02] /i de::select [de::getActiveFigure [gi::getWindows 1] -point {2.43125 3.775} -index 0 -intent none]
[14:36:47.02] /o oa:0x439eef30
[14:36:47.05] /r giDialog gi::setActiveDialog [gi::getDialogs {dbSelectionChange} -parent [gi::getWindows 1]]
[14:36:47.36] /r giDialog db::setAttr geometry -of [gi::getDialogs {dbSelectionChange} -parent [gi::getWindows 1]] -value 419x82+612+495
[14:36:49.56] /r giDialog gi::pressButton {apply} -in [gi::getDialogs {dbSelectionChange} -parent [gi::getWindows 1]]
[14:36:52.93] /# gi::executeAction {deSelectActive} -in [gi::getWindows 1]
[14:36:52.93] /i de::deselectAll [db::getNext [de::getContexts -window 1]]
[14:36:52.93] /i de::select [de::getActiveFigure [gi::getWindows 1] -point {2.4375 3.00625} -index 0 -intent none]
[14:36:52.93] /o oa:0x4391b150
[14:37:19.52] /# gi::executeAction {deSelectActive} -in [gi::getWindows 1]
[14:37:19.52] /i de::deselectAll [db::getNext [de::getContexts -window 1]]
[14:37:19.52] /i de::select [de::getActiveFigure [gi::getWindows 1] -point {2.45625 3.86875} -index 0 -intent none]
[14:37:19.52] /o oa:0x43acaef0
[14:37:54.26] /i ise::move -object [de::getActiveFigure [gi::getWindows 1] -point {2.59375 3.9125} -index 0 -intent none] -point {2.625 3.9375}
[14:37:54.34] /# gi::executeAction {deEndDrag} -in [gi::getWindows 1]
[14:37:54.34] /i de::endDrag {2.5875 3.93125} -context [db::getNext [de::getContexts -window 1]]
[14:38:08.05] /# gi::executeAction {deSelectActive} -in [gi::getWindows 1]
[14:38:08.05] /i de::cycleActiveFigure [gi::getWindows 1] -direction next
[14:38:08.05] /o oa:0x2c85aa60
[14:38:41.19] /# gi::executeAction {deSelectActive} -in [gi::getWindows 1]
[14:38:41.19] /i de::deselectAll [db::getNext [de::getContexts -window 1]]
[14:38:41.19] /i de::select [de::getActiveFigure [gi::getWindows 1] -point {1.98125 2.49375} -index 0 -intent none]
[14:38:41.19] /o oa:0x33080920
[14:39:46.90] /i gi::setItemSelection {parameters} -index {w,all} -in [gi::getAssistants dePropertyEditor -from [gi::getWindows 1]]
[14:39:46.90] /i gi::setCurrentIndex {parameters} -index {w,Value} -in [gi::getAssistants dePropertyEditor -from [gi::getWindows 1]]
[14:39:56.42] /i gi::setField {parameters} -value {270n} -index {w,Value} -in [gi::getAssistants dePropertyEditor -from [gi::getWindows 1]]
[14:39:56.43] /i gi::executeAction dePropertyEditorApplyChanges -in [gi::getAssistants dePropertyEditor -from [gi::getWindows 1]]
[14:40:33.93] /i gi::setItemSelection {parameters} -index {m,all} -in [gi::getAssistants dePropertyEditor -from [gi::getWindows 1]]
[14:40:33.93] /i gi::setCurrentIndex {parameters} -index {m,Value} -in [gi::getAssistants dePropertyEditor -from [gi::getWindows 1]]
[14:40:59.92] /i gi::setField {parameters} -value {2} -index {m,Value} -in [gi::getAssistants dePropertyEditor -from [gi::getWindows 1]]
[14:40:59.92] /i gi::executeAction dePropertyEditorApplyChanges -in [gi::getAssistants dePropertyEditor -from [gi::getWindows 1]]
[14:41:12.12] /# gi::executeAction {deSelectActive} -in [gi::getWindows 1]
[14:41:12.12] /i de::deselectAll [db::getNext [de::getContexts -window 1]]
[14:41:12.12] /i de::select [de::getActiveFigure [gi::getWindows 1] -point {2.83125 2.4625} -index 0 -intent none]
[14:41:12.12] /o oa:0x43921420
[14:43:11.72] /# gi::executeAction {deSelectActive} -in [gi::getWindows 1]
[14:43:11.72] /i de::deselectAll [db::getNext [de::getContexts -window 1]]
[14:43:11.72] /i de::select [de::getActiveFigure [gi::getWindows 1] -point {2.025 2.49375} -index 0 -intent none]
[14:43:11.73] /o oa:0x43a25600
[14:43:26.04] /# gi::executeAction {deSelectActive} -in [gi::getWindows 1]
[14:43:26.04] /i de::deselectAll [db::getNext [de::getContexts -window 1]]
[14:43:26.04] /i de::select [de::getActiveFigure [gi::getWindows 1] -point {2.925 2.45} -index 0 -intent none]
[14:43:26.04] /o oa:0x42a8f5f0
[14:43:27.95] /i gi::setItemSelection {parameters} -index {w,all} -in [gi::getAssistants dePropertyEditor -from [gi::getWindows 1]]
[14:43:27.95] /i gi::setCurrentIndex {parameters} -index {w,Value} -in [gi::getAssistants dePropertyEditor -from [gi::getWindows 1]]
[14:43:34.38] /i gi::setField {parameters} -value {270n} -index {w,Value} -in [gi::getAssistants dePropertyEditor -from [gi::getWindows 1]]
[14:43:34.40] /i gi::setItemSelection {parameters} -index {m,all} -in [gi::getAssistants dePropertyEditor -from [gi::getWindows 1]]
[14:43:34.40] /i gi::setCurrentIndex {parameters} -index {m,Value} -in [gi::getAssistants dePropertyEditor -from [gi::getWindows 1]]
[14:43:38.31] /i gi::setField {parameters} -value {2} -index {m,Value} -in [gi::getAssistants dePropertyEditor -from [gi::getWindows 1]]
[14:43:38.32] /i gi::executeAction dePropertyEditorApplyChanges -in [gi::getAssistants dePropertyEditor -from [gi::getWindows 1]]
[14:43:48.33] /# gi::executeAction {deSelectActive} -in [gi::getWindows 1]
[14:43:48.33] /i de::deselectAll [db::getNext [de::getContexts -window 1]]
[14:43:48.33] /i de::deselectAllLogic -context [de::getContexts -filter {%editDesign==[db::getAttr editDesign -of [db::getNext [de::getContexts -window 1]]]}]
[14:43:59.22] /i gi::executeAction {deSaveDesign} -in [gi::getWindows 1]
[14:43:59.22] /m Information: Saving design 'tarea_2 NORS schematic'. (DESIGN_WINDOW-004)
[14:44:01.13] /i gi::executeAction {deSaveDesign} -in [gi::getWindows 1]
[14:44:01.13] /m Information: Saving design 'tarea_2 NORS schematic'. (DESIGN_WINDOW-004)
[14:44:01.94] /i gi::executeAction {deSaveDesign} -in [gi::getWindows 1]
[14:44:01.94] /m Information: Saving design 'tarea_2 NORS schematic'. (DESIGN_WINDOW-004)
[14:44:56.12] /i gi::executeAction {deSaveDesign} -in [gi::getWindows 1]
[14:44:56.12] /m Information: Saving design 'tarea_2 NORS schematic'. (DESIGN_WINDOW-004)
[14:44:56.46] /i gi::executeAction {deSaveDesign} -in [gi::getWindows 1]
[14:44:56.46] /m Information: Saving design 'tarea_2 NORS schematic'. (DESIGN_WINDOW-004)
[14:44:56.62] /i gi::executeAction {deSaveDesign} -in [gi::getWindows 1]
[14:44:56.62] /m Information: Saving design 'tarea_2 NORS schematic'. (DESIGN_WINDOW-004)
[14:44:56.84] /i gi::executeAction {deSaveDesign} -in [gi::getWindows 1]
[14:44:56.85] /m Information: Saving design 'tarea_2 NORS schematic'. (DESIGN_WINDOW-004)
[14:44:57.06] /i gi::executeAction {deSaveDesign} -in [gi::getWindows 1]
[14:44:57.06] /m Information: Saving design 'tarea_2 NORS schematic'. (DESIGN_WINDOW-004)
[14:44:57.28] /i gi::executeAction {deSaveDesign} -in [gi::getWindows 1]
[14:44:57.28] /m Information: Saving design 'tarea_2 NORS schematic'. (DESIGN_WINDOW-004)
[14:44:57.50] /i gi::executeAction {deSaveDesign} -in [gi::getWindows 1]
[14:44:57.50] /m Information: Saving design 'tarea_2 NORS schematic'. (DESIGN_WINDOW-004)
[14:45:32.97] /i gi::executeAction {deSaveDesign} -in [gi::getWindows 1]
[14:45:32.97] /m Information: Saving design 'tarea_2 NORS schematic'. (DESIGN_WINDOW-004)
[14:45:37.34] /i db::setAttr geometry -of [gi::getFrames 1] -value 1632x947+91+207
[14:45:41.17] /i db::setAttr maximized -of [gi::getFrames 1] -value true
[14:45:41.46] /i db::setAttr dockSize -of [gi::getAssistants dePropertyEditor -from [gi::getWindows 1]] -value 292x865
[14:45:41.46] /i db::setAttr geometry -of [gi::getFrames 1] -value 1910x1020+5+55
[14:46:08.65] /i gi::executeAction {deSaveDesign} -in [gi::getWindows 1]
[14:46:08.66] /m Information: Saving design 'tarea_2 NORS schematic'. (DESIGN_WINDOW-004)
[14:46:09.87] /i gi::executeAction {deSaveDesign} -in [gi::getWindows 1]
[14:46:09.87] /m Information: Saving design 'tarea_2 NORS schematic'. (DESIGN_WINDOW-004)
[14:46:10.49] /i gi::executeAction {deSaveDesign} -in [gi::getWindows 1]
[14:46:10.49] /m Information: Saving design 'tarea_2 NORS schematic'. (DESIGN_WINDOW-004)
[14:46:10.72] /i gi::executeAction {deSaveDesign} -in [gi::getWindows 1]
[14:46:10.72] /m Information: Saving design 'tarea_2 NORS schematic'. (DESIGN_WINDOW-004)
[14:46:10.93] /i gi::executeAction {deSaveDesign} -in [gi::getWindows 1]
[14:46:10.93] /m Information: Saving design 'tarea_2 NORS schematic'. (DESIGN_WINDOW-004)
[14:46:18.60] /i gi::executeAction {deSaveDesign} -in [gi::getWindows 1]
[14:46:18.60] /m Information: Saving design 'tarea_2 NORS schematic'. (DESIGN_WINDOW-004)
[14:46:18.80] /i gi::executeAction {deSaveDesign} -in [gi::getWindows 1]
[14:46:18.80] /m Information: Saving design 'tarea_2 NORS schematic'. (DESIGN_WINDOW-004)
[14:46:18.97] /i gi::executeAction {deSaveDesign} -in [gi::getWindows 1]
[14:46:18.97] /m Information: Saving design 'tarea_2 NORS schematic'. (DESIGN_WINDOW-004)
[14:46:19.14] /i gi::executeAction {deSaveDesign} -in [gi::getWindows 1]
[14:46:19.14] /m Information: Saving design 'tarea_2 NORS schematic'. (DESIGN_WINDOW-004)
[14:46:19.30] /i gi::executeAction {deSaveDesign} -in [gi::getWindows 1]
[14:46:19.30] /m Information: Saving design 'tarea_2 NORS schematic'. (DESIGN_WINDOW-004)
[14:46:19.50] /i gi::executeAction {deSaveDesign} -in [gi::getWindows 1]
[14:46:19.50] /m Information: Saving design 'tarea_2 NORS schematic'. (DESIGN_WINDOW-004)
[14:46:19.69] /i gi::executeAction {deSaveDesign} -in [gi::getWindows 1]
[14:46:19.70] /m Information: Saving design 'tarea_2 NORS schematic'. (DESIGN_WINDOW-004)
[14:46:19.88] /i gi::executeAction {deSaveDesign} -in [gi::getWindows 1]
[14:46:19.88] /m Information: Saving design 'tarea_2 NORS schematic'. (DESIGN_WINDOW-004)
[14:46:20.07] /i gi::executeAction {deSaveDesign} -in [gi::getWindows 1]
[14:46:20.08] /m Information: Saving design 'tarea_2 NORS schematic'. (DESIGN_WINDOW-004)
[14:46:20.32] /i gi::executeAction {deSaveDesign} -in [gi::getWindows 1]
[14:46:20.33] /m Information: Saving design 'tarea_2 NORS schematic'. (DESIGN_WINDOW-004)
[14:46:20.53] /i gi::executeAction {deSaveDesign} -in [gi::getWindows 1]
[14:46:20.53] /m Information: Saving design 'tarea_2 NORS schematic'. (DESIGN_WINDOW-004)
[14:46:20.68] /i gi::executeAction {deSaveDesign} -in [gi::getWindows 1]
[14:46:20.68] /m Information: Saving design 'tarea_2 NORS schematic'. (DESIGN_WINDOW-004)
[14:46:20.85] /i gi::executeAction {deSaveDesign} -in [gi::getWindows 1]
[14:46:20.86] /m Information: Saving design 'tarea_2 NORS schematic'. (DESIGN_WINDOW-004)
[14:46:21.14] /i gi::executeAction {deSaveDesign} -in [gi::getWindows 1]
[14:46:21.15] /m Information: Saving design 'tarea_2 NORS schematic'. (DESIGN_WINDOW-004)
[14:46:23.90] /i db::setAttr maximized -of [gi::getFrames 1] -value false
[14:46:24.16] /i db::setAttr dockSize -of [gi::getAssistants dePropertyEditor -from [gi::getWindows 1]] -value 292x792
[14:46:24.95] /i db::setAttr geometry -of [gi::getFrames 1] -value 1632x947+117+121
[14:46:25.67] /i db::setAttr geometry -of [gi::getFrames 1] -value 1632x947+149+115
[14:46:26.18] /i db::setAttr geometry -of [gi::getFrames 1] -value 1632x947+149+114
[14:46:32.43] /i gi::setActiveWindow 0
[14:46:32.43] /i gi::setActiveWindow 0 -raise true
[14:46:34.96] /i db::setAttr geometry -of [gi::getFrames 0] -value 600x300+181+534
[14:46:36.60] /# gi::executeAction {deOpenDesign} -in [gi::getWindows 0]
[14:46:36.60] /i de::showOpenDesign
[14:46:36.62] /i gi::setActiveDialog [gi::getDialogs {deOpenDesign}]
[14:46:36.88] /i db::setAttr geometry -of [gi::getDialogs {deOpenDesign}] -value 645x491+628+268
[14:46:41.83] /i gi::setCurrentIndex {designViews} -index {layout} -in [gi::getDialogs {deOpenDesign}]
[14:46:41.83] /i gi::setItemSelection {designViews} -index {layout} -in [gi::getDialogs {deOpenDesign}]
[14:47:08.35] /i gi::pressButton {ok} -in [gi::getDialogs {deOpenDesign}]
[14:47:08.35] /# de::open [dm::findCellView {layout} -cellName {NORS} -libName {tarea_2}] -readOnly 0
[14:47:09.00] /r giWindowId 2
[14:47:09.00] /r giWindowGeometry 1714x950+68+97
[14:47:09.68] /# gi::setField {heDesignNavigatorLCSelectorButton} -value { Schematic} -in [db::getAttr banner -of [gi::getAssistants heDesignNavigator -from [gi::getWindows 2]]]
[14:47:09.81] /i db::setAttr maximized -of [gi::getFrames 2] -value true
[14:47:10.04] /i db::setAttr dockSize -of [gi::getAssistants heDesignNavigator -from [gi::getWindows 2]] -value 256x491
[14:47:10.04] /i db::setAttr dockSize -of [gi::getAssistants lxSchematicAssistant -from [gi::getWindows 2]] -value 256x290
[14:47:10.04] /i db::setAttr dockSize -of [gi::getAssistants leObjectLayerPanel -from [gi::getWindows 2]] -value 290x787
[14:47:10.10] /i db::setAttr geometry -of [gi::getFrames 2] -value 1714x950+5+55
[14:47:20.19] /# gi::executeAction {leDelete} -in [gi::getWindows 2]
[14:47:22.21] /# gi::executeAction {deStartDrag} -in [gi::getWindows 2]
[14:47:22.21] /i db::setPrefValue deSelectMode -value Replace -scope [db::getScopes [db::getNext [de::getContexts -window 2]]]; ide::selectByRegion -region rectangle -point {-0.51 0.555} 
[14:47:23.69] /# gi::executeAction {deEndDrag} -in [gi::getWindows 2]
[14:47:23.69] /i de::endDrag {11.54 -7.325} -context [db::getNext [de::getContexts -window 2]]
[14:47:23.70] /i gi::expand {/lxSdlAllInstances/lxSdlAllInstancesView} -index {Extra} -in [gi::getAssistants heDesignNavigator -from [gi::getWindows 2]]
[14:47:23.71] /i le::delete [de::getSelected -design [ed]] -partialObject ignore
[14:47:26.27] /# gi::executeAction {deStartDrag} -in [gi::getWindows 2]
[14:47:26.27] /i db::setPrefValue deSelectMode -value Replace -scope [db::getScopes [db::getNext [de::getContexts -window 2]]]; ide::selectByRegion -region rectangle -point {-0.615 0.43} 
[14:47:31.70] /# gi::executeAction {deEndDrag} -in [gi::getWindows 2]
[14:47:31.70] /i de::endDrag {20.34 -11.2} -context [db::getNext [de::getContexts -window 2]]
[14:47:31.72] /i gi::expand {/lxSdlAllInstances/lxSdlAllInstancesView} -index {Extra} -in [gi::getAssistants heDesignNavigator -from [gi::getWindows 2]]
[14:47:31.72] /i le::delete [de::getSelected -design [ed]] -partialObject ignore
[14:47:34.75] /# gi::executeAction {deStartDrag} -in [gi::getWindows 2]
[14:47:34.75] /i db::setPrefValue deSelectMode -value Replace -scope [db::getScopes [db::getNext [de::getContexts -window 2]]]; ide::selectByRegion -region rectangle -point {1.595 2.025} 
[14:47:35.09] /# gi::executeAction {deEndDrag} -in [gi::getWindows 2]
[14:47:35.09] /i de::endDrag {5.07 -0.005} -context [db::getNext [de::getContexts -window 2]]
[14:47:35.10] /i le::delete [de::getSelected -design [ed]] -partialObject ignore
[14:47:37.14] /# gi::executeAction {deFitEdit} -in [gi::getWindows 2]
[14:47:37.14] /i de::fit -window 2 -fitEdit true
[14:47:42.87] /# gi::executeAction {leRectangle} -in [gi::getWindows 2]
[14:48:14.41] /i de::setActiveLPP [de::getLPPs "prBoundary drawing" -from [db::getAttr editDesign -of [de::getContexts -window 2]]]
[14:48:14.41] /# gi::setItemSelection {lpps} -index {} -in [gi::getAssistants leObjectLayerPanel -from [gi::getWindows 2]]
[14:48:14.41] /# gi::setItemSelection {lpps} -index {prBndry drawing} -in [gi::getAssistants leObjectLayerPanel -from [gi::getWindows 2]]
[14:48:14.41] /i de::setActiveLPP [de::getLPPs "prBoundary drawing" -from [db::getAttr editDesign -of [de::getContexts -window 2]]]
[14:48:14.42] /i gi::setField {statusbarLayerSelector} -value {prBndry\ drawing} -in [db::getAttr statusbar -of [gi::getWindows 2]]
[14:48:20.83] /# gi::executeAction {deAddPoint} -in [gi::getWindows 2]
[14:48:28.17] /# gi::executeAction {deAddPoint} -in [gi::getWindows 2]
[14:48:28.18] /i le::createRectangle {{0.36 0.07} {2.695 3.28}} -design [ed] -lpp {prBoundary drawing} 
[14:48:46.48] /# gi::executeAction {dePropertyEditorToggle} -in [gi::getWindows 2]
[14:48:46.48] /i db::setAttr shown -of [gi::getAssistants dePropertyEditor -from [gi::getWindows 2]] -value true
[14:48:46.77] /i db::setAttr dockSize -of [gi::getAssistants leObjectLayerPanel -from [gi::getWindows 2]] -value 290x761
[14:48:46.77] /i db::setAttr dockSize -of [gi::getAssistants dePropertyEditor -from [gi::getWindows 2]] -value 290x761
[14:48:53.16] /# gi::executeAction {deAbortCommand} -in [gi::getWindows 2]
[14:48:54.75] /# gi::executeAction {deSelectActive} -in [gi::getWindows 2]
[14:48:54.75] /i de::deselectAll [db::getNext [de::getContexts -window 2]]
[14:48:54.75] /i de::select [de::getActiveFigure [gi::getWindows 2] -point {2.4 2.103} -index 0 -intent none]
[14:48:54.75] /o oa:0x45c48950
[14:50:08.75] /# gi::executeAction {deSelectActive} -in [gi::getWindows 2]
[14:50:08.75] /i de::cycleActiveFigure [gi::getWindows 2] -direction next
[14:50:08.75] /o oa:0x43979d10
[14:50:12.04] /i gi::setItemSelection {attributes} -index {width,all} -in [gi::getAssistants dePropertyEditor -from [gi::getWindows 2]]
[14:50:12.04] /i gi::setCurrentIndex {attributes} -index {width,Value} -in [gi::getAssistants dePropertyEditor -from [gi::getWindows 2]]
[14:50:13.10] /i gi::setItemSelection {attributes} -index {height,all} -in [gi::getAssistants dePropertyEditor -from [gi::getWindows 2]]
[14:50:13.10] /i gi::setCurrentIndex {attributes} -index {height,Value} -in [gi::getAssistants dePropertyEditor -from [gi::getWindows 2]]
[14:51:07.28] /i gi::setField {attributes} -value {4.48} -index {height,Value} -in [gi::getAssistants dePropertyEditor -from [gi::getWindows 2]]
[14:51:07.28] /i gi::executeAction dePropertyEditorApplyChanges -in [gi::getAssistants dePropertyEditor -from [gi::getWindows 2]]
[14:51:12.51] /i gi::setItemSelection {attributes} -index {width,all} -in [gi::getAssistants dePropertyEditor -from [gi::getWindows 2]]
[14:51:12.51] /i gi::setCurrentIndex {attributes} -index {width,Value} -in [gi::getAssistants dePropertyEditor -from [gi::getWindows 2]]
[14:51:32.47] /i gi::setField {attributes} -value {20} -index {width,Value} -in [gi::getAssistants dePropertyEditor -from [gi::getWindows 2]]
[14:51:32.47] /i gi::executeAction dePropertyEditorApplyChanges -in [gi::getAssistants dePropertyEditor -from [gi::getWindows 2]]
[14:51:38.43] /# gi::executeAction {deFitEdit} -in [gi::getWindows 2]
[14:51:38.43] /i de::fit -window 2 -fitEdit true
[14:53:22.67] /# gi::executeAction {giPostContextMenu} -in [gi::getWindows 2]
[14:53:57.88] /i gi::setItemSelection {attributes} -index {bBox,all} -in [gi::getAssistants dePropertyEditor -from [gi::getWindows 2]]
[14:53:57.88] /i gi::setCurrentIndex {attributes} -index {bBox,Value} -in [gi::getAssistants dePropertyEditor -from [gi::getWindows 2]]
[14:54:16.34] /i gi::setField {attributes} -value {((0,0)(20.36,4.55))} -index {bBox,Value} -in [gi::getAssistants dePropertyEditor -from [gi::getWindows 2]]
[14:54:16.34] /i gi::executeAction dePropertyEditorApplyChanges -in [gi::getAssistants dePropertyEditor -from [gi::getWindows 2]]
[14:54:22.63] /i gi::setItemSelection {attributes} -index {width,all} -in [gi::getAssistants dePropertyEditor -from [gi::getWindows 2]]
[14:54:22.63] /i gi::setCurrentIndex {attributes} -index {width,Value} -in [gi::getAssistants dePropertyEditor -from [gi::getWindows 2]]
[14:54:25.41] /i gi::setField {attributes} -value {20} -index {width,Value} -in [gi::getAssistants dePropertyEditor -from [gi::getWindows 2]]
[14:54:25.41] /i gi::executeAction dePropertyEditorApplyChanges -in [gi::getAssistants dePropertyEditor -from [gi::getWindows 2]]
[14:54:57.71] /i gi::executeAction {lxSDL} -in [gi::getWindows 2]
[14:55:01.98] /i gi::executeAction {lxSDL} -in [gi::getWindows 2]
[14:55:15.32] /# gi::executeAction {lxShowGenerateLayout} -in [gi::getWindows 2]
[14:55:15.32] /i lx::showGenerateLayout
[14:55:15.46] /i gi::setActiveDialog [gi::getDialogs {lxGenerateLayout} -parent [gi::getWindows 2]]
[14:55:15.76] /i db::setAttr geometry -of [gi::getDialogs {lxGenerateLayout} -parent [gi::getWindows 2]] -value 668x596+0+64
[14:55:23.29] /i gi::pressButton {ok} -in [gi::getDialogs {lxGenerateLayout} -parent [gi::getWindows 2]]
[14:55:23.33] /r giDialog gi::setActiveDialog [gi::getDialogs {giPrompt} -parent [gi::getWindows 2]]
[14:55:23.65] /r giDialog db::setAttr geometry -of [gi::getDialogs {giPrompt} -parent [gi::getWindows 2]] -value 272x108+198+308
[14:55:27.60] /r giDialog gi::setField {All Physical} -value {true} -in [gi::getDialogs {giPrompt} -parent [gi::getWindows 2]]
[14:55:28.53] /r giDialog gi::pressButton {continue} -in [gi::getDialogs {giPrompt} -parent [gi::getWindows 2]]
[14:55:28.66] /m Information: Xpc: Instance 'M0.m2' abutted to instance 'M0.m1'.
[14:55:28.73] /m Information: Xpc: Instance 'M1.m2' abutted to instance 'M1.m1'.
[14:55:28.77] /m Information: Xpc: Instance 'M4.m2' abutted to instance 'M4.m1'.
[14:55:28.83] /m Information: Xpc: Instance 'M4.m3' abutted to instance 'M4.m2'.
[14:55:28.86] /m Information: Xpc: Instance 'M4.m4' abutted to instance 'M4.m3'.
[14:55:28.86] /m Information: Xpc: Instance 'M4.m5' abutted to instance 'M4.m4'.
[14:55:28.86] /m Information: Xpc: Instance 'M4.m6' abutted to instance 'M4.m5'.
[14:57:05.24] /i gi::expand {/lxSdlAllInstances/lxSdlAllInstancesView} -index {M4} -in [gi::getAssistants heDesignNavigator -from [gi::getWindows 2]]
[14:57:06.43] /i gi::collapse {/lxSdlAllInstances/lxSdlAllInstancesView} -index {M4} -in [gi::getAssistants heDesignNavigator -from [gi::getWindows 2]]
[14:57:41.04] /i db::setAttr maximized -of [gi::getFrames 2] -value false
[14:57:41.31] /i db::setAttr dockSize -of [gi::getAssistants heDesignNavigator -from [gi::getWindows 2]] -value 256x488
[14:57:41.31] /i db::setAttr dockSize -of [gi::getAssistants lxSchematicAssistant -from [gi::getWindows 2]] -value 256x289
[14:57:41.31] /i db::setAttr dockSize -of [gi::getAssistants dePropertyEditor -from [gi::getWindows 2]] -value 290x757
[14:57:41.36] /i db::setAttr geometry -of [gi::getFrames 2] -value 1707x946+47+289
[14:57:42.66] /i gi::setActiveWindow 1
[14:57:42.66] /i gi::setActiveWindow 1 -raise true
[14:57:45.72] /# gi::executeAction {deSelectActive} -in [gi::getWindows 1]
[14:57:45.72] /i de::deselectAllLogic -context [de::getContexts -filter {%editDesign==[db::getAttr editDesign -of [db::getNext [de::getContexts -window 1]]]}]
[14:57:59.01] /# gi::executeAction {deSelectActive} -in [gi::getWindows 1]
[14:57:59.01] /i de::deselectAll [db::getNext [de::getContexts -window 1]]
[14:57:59.01] /i de::select [de::getActiveFigure [gi::getWindows 1] -point {1.9625 2.5} -index 0 -intent none]
[14:57:59.01] /o oa:0x45a5b520
[14:58:03.78] /# gi::executeAction {deSelectActive} -in [gi::getWindows 1]
[14:58:03.78] /i de::deselectAll [db::getNext [de::getContexts -window 1]]
[14:58:03.78] /i de::select [de::getActiveFigure [gi::getWindows 1] -point {2.85 2.5} -index 0 -intent none]
[14:58:03.78] /o oa:0x309522d0
[14:58:08.83] /# gi::executeAction {deSelectActive} -in [gi::getWindows 1]
[14:58:08.83] /i de::deselectAll [db::getNext [de::getContexts -window 1]]
[14:58:08.83] /i de::select [de::getActiveFigure [gi::getWindows 1] -point {2.4625 3.09375} -index 0 -intent none]
[14:58:08.83] /o oa:0x44fb06d0
[14:58:15.68] /# gi::executeAction {deSelectActive} -in [gi::getWindows 1]
[14:58:15.68] /i de::deselectAll [db::getNext [de::getContexts -window 1]]
[14:58:15.68] /i de::select [de::getActiveFigure [gi::getWindows 1] -point {2.45 3.84375} -index 0 -intent none]
[14:58:15.68] /o oa:0x4697ef80
[14:58:18.18] /# gi::executeAction {deSelectActive} -in [gi::getWindows 1]
[14:58:18.18] /i de::deselectAll [db::getNext [de::getContexts -window 1]]
[14:58:18.18] /i de::select [de::getActiveFigure [gi::getWindows 1] -point {2.41875 3.09375} -index 0 -intent none]
[14:58:18.18] /o oa:0x466e3a00
[14:58:19.65] /i gi::setItemSelection {parameters} -index {m,all} -in [gi::getAssistants dePropertyEditor -from [gi::getWindows 1]]
[14:58:19.65] /i gi::setCurrentIndex {parameters} -index {m,Value} -in [gi::getAssistants dePropertyEditor -from [gi::getWindows 1]]
[14:58:23.52] /i gi::setField {parameters} -value {6} -index {m,Value} -in [gi::getAssistants dePropertyEditor -from [gi::getWindows 1]]
[14:58:23.53] /i gi::executeAction dePropertyEditorApplyChanges -in [gi::getAssistants dePropertyEditor -from [gi::getWindows 1]]
[14:58:38.84] /# gi::executeAction {deSelectActive} -in [gi::getWindows 1]
[14:58:38.84] /i de::deselectAll [db::getNext [de::getContexts -window 1]]
[14:58:38.84] /i de::deselectAllLogic -context [de::getContexts -filter {%editDesign==[db::getAttr editDesign -of [db::getNext [de::getContexts -window 1]]]}]
[14:58:42.53] /i gi::executeAction {deSaveDesign} -in [gi::getWindows 1]
[14:58:42.53] /m Information: Saving design 'tarea_2 NORS schematic'. (DESIGN_WINDOW-004)
[14:58:43.98] /i gi::setActiveWindow 2
[14:58:43.98] /i gi::setActiveWindow 2 -raise true
[14:58:47.24] /i db::setAttr maximized -of [gi::getFrames 2] -value true
[14:58:47.53] /i db::setAttr dockSize -of [gi::getAssistants heDesignNavigator -from [gi::getWindows 2]] -value 256x534
[14:58:47.53] /i db::setAttr dockSize -of [gi::getAssistants lxSchematicAssistant -from [gi::getWindows 2]] -value 256x317
[14:58:47.53] /i db::setAttr dockSize -of [gi::getAssistants dePropertyEditor -from [gi::getWindows 2]] -value 290x831
[14:58:47.56] /i db::setAttr geometry -of [gi::getFrames 2] -value 1910x1020+5+55
[14:58:48.24] /i db::setAttr maximized -of [gi::getFrames 2] -value false
[14:58:48.46] /i db::setAttr dockSize -of [gi::getAssistants heDesignNavigator -from [gi::getWindows 2]] -value 256x488
[14:58:48.46] /i db::setAttr dockSize -of [gi::getAssistants lxSchematicAssistant -from [gi::getWindows 2]] -value 256x289
[14:58:48.46] /i db::setAttr dockSize -of [gi::getAssistants dePropertyEditor -from [gi::getWindows 2]] -value 290x757
[14:58:48.55] /i db::setAttr geometry -of [gi::getFrames 2] -value 1707x946+51+55
[14:58:57.52] /i de::undoTransaction -design [db::getAttr editDesign -of [de::getContexts -window 2]] -steps 1
[14:59:08.68] /# gi::executeAction {lxShowGenerateLayout} -in [gi::getWindows 2]
[14:59:08.69] /i lx::showGenerateLayout
[14:59:08.79] /i gi::setActiveDialog [gi::getDialogs {lxGenerateLayout} -parent [gi::getWindows 2]]
[14:59:09.06] /i db::setAttr geometry -of [gi::getDialogs {lxGenerateLayout} -parent [gi::getWindows 2]] -value 668x596+0+64
[14:59:11.80] /i gi::pressButton {ok} -in [gi::getDialogs {lxGenerateLayout} -parent [gi::getWindows 2]]
[14:59:11.85] /r giDialog gi::setActiveDialog [gi::getDialogs {giPrompt} -parent [gi::getWindows 2]]
[14:59:12.16] /r giDialog db::setAttr geometry -of [gi::getDialogs {giPrompt} -parent [gi::getWindows 2]] -value 272x108+198+308
[14:59:13.63] /r giDialog gi::pressButton {continue} -in [gi::getDialogs {giPrompt} -parent [gi::getWindows 2]]
[14:59:13.73] /m Information: Xpc: Instance 'M0.m2' abutted to instance 'M0.m1'.
[14:59:13.79] /m Information: Xpc: Instance 'M1.m2' abutted to instance 'M1.m1'.
[14:59:13.82] /m Information: Xpc: Instance 'M4.m2' abutted to instance 'M4.m1'.
[14:59:13.89] /m Information: Xpc: Instance 'M4.m3' abutted to instance 'M4.m2'.
[14:59:13.92] /m Information: Xpc: Instance 'M4.m4' abutted to instance 'M4.m3'.
[14:59:13.92] /m Information: Xpc: Instance 'M4.m5' abutted to instance 'M4.m4'.
[14:59:13.92] /m Information: Xpc: Instance 'M4.m6' abutted to instance 'M4.m5'.
[14:59:13.92] /m Information: Xpc: Instance 'M5.m2' abutted to instance 'M5.m1'.
[14:59:13.92] /m Information: Xpc: Instance 'M5.m3' abutted to instance 'M5.m2'.
[14:59:13.92] /m Information: Xpc: Instance 'M5.m4' abutted to instance 'M5.m3'.
[14:59:13.92] /m Information: Xpc: Instance 'M5.m5' abutted to instance 'M5.m4'.
[14:59:13.92] /m Information: Xpc: Instance 'M5.m6' abutted to instance 'M5.m5'.
[15:00:16.17] /# gi::executeAction {leMove} -in [gi::getWindows 2]
[15:00:16.17] /i ile::move
[15:00:18.99] /# gi::executeAction {deStartDrag} -in [gi::getWindows 2]
[15:00:18.99] /i de::startDrag {2.104 -1.785} -context [db::getNext [de::getContexts -window 2]]
[15:00:22.10] /# gi::executeAction {deEndDrag} -in [gi::getWindows 2]
[15:00:22.10] /i de::endDrag {9.196 -2.127} -context [db::getNext [de::getContexts -window 2]]
[15:00:23.89] /# gi::executeAction {deStartDrag} -in [gi::getWindows 2]
[15:00:23.89] /i de::startDrag {8.835 -2.127} -context [db::getNext [de::getContexts -window 2]]
[15:00:26.07] /# gi::executeAction {deAbortCommand} -in [gi::getWindows 2]
[15:00:26.07] /i de::abortCommand -context [db::getNext [de::getContexts -window 2]]
[15:00:26.29] /# gi::executeAction {deCanvasDragEnd} -in [gi::getWindows 2]
[15:00:29.54] /# gi::executeAction {deSelectByWindow} -in [gi::getWindows 2]
[15:00:29.55] /i db::setPrefValue deSelectMode -value Replace -scope [db::getScopes [db::getNext [de::getContexts -window 2]]]; ide::selectByRegion -region rectangle -point {1.46 -1.545} 
[15:00:31.25] /# gi::executeAction {deEndDrag} -in [gi::getWindows 2]
[15:00:31.25] /i de::endDrag {9.096 -2.127} -context [db::getNext [de::getContexts -window 2]]
[15:00:32.56] /# gi::executeAction {deSelectByWindow} -in [gi::getWindows 2]
[15:00:32.56] /i db::setPrefValue deSelectMode -value Replace -scope [db::getScopes [db::getNext [de::getContexts -window 2]]]; ide::selectByRegion -region rectangle -point {8.895 -2.125} 
[15:00:33.39] /# gi::executeAction {deEndDrag} -in [gi::getWindows 2]
[15:00:33.39] /i de::endDrag {9.96 -1.725} -context [db::getNext [de::getContexts -window 2]]
[15:00:34.90] /# gi::executeAction {deSelectActive} -in [gi::getWindows 2]
[15:00:34.90] /i de::deselectAll [db::getNext [de::getContexts -window 2]]
[15:00:34.90] /i de::select [de::getActiveFigure [gi::getWindows 2] -point {8.393 -1.665} -index 0 -intent none]
[15:00:34.90] /o oa:0x44c33250
[15:00:36.35] /# gi::executeAction {deSelectActive} -in [gi::getWindows 2]
[15:00:36.35] /i de::deselectAll [db::getNext [de::getContexts -window 2]]
[15:00:51.20] /# gi::executeAction {leGroup} -in [gi::getWindows 2]
[15:00:51.20] /i ile::createFigGroup
[15:00:53.59] /# gi::executeAction {deStartDrag} -in [gi::getWindows 2]
[15:00:53.59] /i de::startDrag {2.144 0.445} -context [db::getNext [de::getContexts -window 2]]
[15:00:54.88] /# gi::executeAction {deEndDrag} -in [gi::getWindows 2]
[15:00:54.88] /i de::endDrag {9.538 -1.625} -context [db::getNext [de::getContexts -window 2]]
[15:00:55.97] /# gi::executeAction {leApply} -in [gi::getWindows 2]
[15:00:55.97] /i de::commandOption apply -point {9.538 -1.625}
[15:00:57.78] /# gi::executeAction {deStartDrag} -in [gi::getWindows 2]
[15:00:57.78] /i de::startDrag {1.983 -0.982} -context [db::getNext [de::getContexts -window 2]]
[15:00:58.93] /# gi::executeAction {deEndDrag} -in [gi::getWindows 2]
[15:00:58.93] /i de::endDrag {9.076 -3.272} -context [db::getNext [de::getContexts -window 2]]
[15:01:00.64] /# gi::executeAction {leApply} -in [gi::getWindows 2]
[15:01:00.64] /i de::commandOption apply -point {9.076 -3.272}
[15:01:43.42] /# gi::executeAction {deStartDrag} -in [gi::getWindows 2]
[15:01:43.42] /i de::startDrag {12.23 -2.69} -context [db::getNext [de::getContexts -window 2]]
[15:01:45.43] /# gi::executeAction {deEndDrag} -in [gi::getWindows 2]
[15:01:45.43] /i de::endDrag {8.895 -3.815} -context [db::getNext [de::getContexts -window 2]]
[15:01:47.32] /# gi::executeAction {deStartDrag} -in [gi::getWindows 2]
[15:01:47.32] /i de::startDrag {8.172 -3.071} -context [db::getNext [de::getContexts -window 2]]
[15:01:48.53] /# gi::executeAction {deEndDrag} -in [gi::getWindows 2]
[15:01:48.54] /i de::endDrag {12.471 -3.815} -context [db::getNext [de::getContexts -window 2]]
[15:01:51.36] /# gi::executeAction {deStartDrag} -in [gi::getWindows 2]
[15:01:51.36] /i de::startDrag {8.835 -2.368} -context [db::getNext [de::getContexts -window 2]]
[15:01:52.43] /# gi::executeAction {deEndDrag} -in [gi::getWindows 2]
[15:01:52.43] /i de::endDrag {12.853 -3.955} -context [db::getNext [de::getContexts -window 2]]
[15:01:54.35] /# gi::executeAction {deAddPoint} -in [gi::getWindows 2]
[15:01:54.35] /i de::addPoint {12.19 -2.87} -context [db::getNext [de::getContexts -window 2]]
[15:01:57.60] /# gi::executeAction {deStartDrag} -in [gi::getWindows 2]
[15:01:57.60] /i de::startDrag {11.828 -2.227} -context [db::getNext [de::getContexts -window 2]]
[15:01:59.32] /# gi::executeAction {deEndDrag} -in [gi::getWindows 2]
[15:01:59.32] /i de::endDrag {8.453 -4.518} -context [db::getNext [de::getContexts -window 2]]
[15:02:01.94] /# gi::executeAction {leApply} -in [gi::getWindows 2]
[15:02:01.94] /i de::commandOption apply -point {11.527 -1.765}
[15:02:27.12] /# gi::executeAction {deStartDrag} -in [gi::getWindows 2]
[15:02:27.12] /i de::startDrag {-0.468 -2.147} -context [db::getNext [de::getContexts -window 2]]
[15:02:29.20] /# gi::executeAction {deEndDrag} -in [gi::getWindows 2]
[15:02:29.20] /i de::endDrag {2.727 -3.835} -context [db::getNext [de::getContexts -window 2]]
[15:02:30.85] /# gi::executeAction {leApply} -in [gi::getWindows 2]
[15:02:30.85] /i de::commandOption apply -point {2.727 -3.835}
[15:03:46.59] /i gi::collapse {/lxSdlAllInstances/lxSdlAllInstancesView} -index {M5} -in [gi::getAssistants heDesignNavigator -from [gi::getWindows 2]]
[15:03:48.93] /i gi::collapse {/lxSdlAllInstances/lxSdlAllInstancesView} -index {M1} -in [gi::getAssistants heDesignNavigator -from [gi::getWindows 2]]
[15:04:16.14] /# gi::executeAction {leMove} -in [gi::getWindows 2]
[15:04:16.15] /i ile::move
[15:04:31.88] /# gi::executeAction {deFitEdit} -in [gi::getWindows 2]
[15:04:31.88] /i de::fit -window 2 -fitEdit true
[15:04:32.86] /# gi::executeAction {deFitEdit} -in [gi::getWindows 2]
[15:04:32.86] /i de::fit -window 2 -fitEdit true
[15:04:35.03] /# gi::executeAction {deStartDrag} -in [gi::getWindows 2]
[15:04:35.03] /i de::startDrag {2.124 -1.544} -context [db::getNext [de::getContexts -window 2]]
[15:04:36.63] /# gi::executeAction {deEndDrag} -in [gi::getWindows 2]
[15:04:36.63] /i de::endDrag {9.337 -2.428} -context [db::getNext [de::getContexts -window 2]]
[15:04:38.53] /# gi::executeAction {deStartDrag} -in [gi::getWindows 2]
[15:04:38.53] /i de::startDrag {2.023 -0.801} -context [db::getNext [de::getContexts -window 2]]
[15:04:40.29] /# gi::executeAction {deEndDrag} -in [gi::getWindows 2]
[15:04:40.29] /i de::endDrag {8.975 -2.73} -context [db::getNext [de::getContexts -window 2]]
[15:04:42.30] /# gi::executeAction {deAddPoint} -in [gi::getWindows 2]
[15:04:42.30] /i de::addPoint {8.272 -1.765} -context [db::getNext [de::getContexts -window 2]]
[15:04:54.25] /i gi::setField {editAngleMode} -value {Any Angle} -in [gi::getToolbars {deCommandOptions} -from [gi::getWindows 2]]
[15:05:05.91] /# gi::executeAction {deAddPoint} -in [gi::getWindows 2]
[15:05:05.91] /i de::addPoint {8.352 1.409} -context [db::getNext [de::getContexts -window 2]]
[15:05:28.21] /# gi::executeAction {deAddPoint} -in [gi::getWindows 2]
[15:05:28.21] /i de::addPoint {5.499 1.49} -context [db::getNext [de::getContexts -window 2]]
[15:05:31.03] /# gi::executeAction {deCanvasZoomOutAtPoint} -in [gi::getWindows 2]
[15:05:31.03] /i de::zoom -window [gi::getWindows 2] -factor [expr {1.0/[db::getPrefValue deCanvasMouseZoomFactor]}] -center {7.388 -0.299}
[15:05:31.34] /# gi::executeAction {deCanvasZoomOutAtPoint} -in [gi::getWindows 2]
[15:05:31.34] /i de::zoom -window [gi::getWindows 2] -factor [expr {1.0/[db::getPrefValue deCanvasMouseZoomFactor]}] -center {7.388 -0.298}
[15:05:32.21] /# gi::executeAction {deCanvasZoomInAtPoint} -in [gi::getWindows 2]
[15:05:32.21] /i de::zoom -window [gi::getWindows 2] -factor [db::getPrefValue deCanvasMouseZoomFactor] -center {7.388 -0.298}
[15:05:32.42] /# gi::executeAction {deCanvasZoomInAtPoint} -in [gi::getWindows 2]
[15:05:32.42] /i de::zoom -window [gi::getWindows 2] -factor [db::getPrefValue deCanvasMouseZoomFactor] -center {7.388 -0.298}
[15:05:33.51] /# gi::executeAction {deCanvasZoomOutAtPoint} -in [gi::getWindows 2]
[15:05:33.51] /i de::zoom -window [gi::getWindows 2] -factor [expr {1.0/[db::getPrefValue deCanvasMouseZoomFactor]}] -center {7.388 -0.298}
[15:05:33.59] /# gi::executeAction {deCanvasZoomOutAtPoint} -in [gi::getWindows 2]
[15:05:33.59] /i de::zoom -window [gi::getWindows 2] -factor [expr {1.0/[db::getPrefValue deCanvasMouseZoomFactor]}] -center {7.388 -0.298}
[15:05:34.10] /# gi::executeAction {deCanvasZoomOutAtPoint} -in [gi::getWindows 2]
[15:05:34.10] /i de::zoom -window [gi::getWindows 2] -factor [expr {1.0/[db::getPrefValue deCanvasMouseZoomFactor]}] -center {7.388 -0.298}
[15:05:34.68] /# gi::executeAction {deCanvasZoomInAtPoint} -in [gi::getWindows 2]
[15:05:34.68] /i de::zoom -window [gi::getWindows 2] -factor [db::getPrefValue deCanvasMouseZoomFactor] -center {7.388 -0.298}
[15:05:34.79] /# gi::executeAction {deCanvasZoomInAtPoint} -in [gi::getWindows 2]
[15:05:34.79] /i de::zoom -window [gi::getWindows 2] -factor [db::getPrefValue deCanvasMouseZoomFactor] -center {7.388 -0.298}
[15:05:35.02] /# gi::executeAction {deCanvasZoomInAtPoint} -in [gi::getWindows 2]
[15:05:35.02] /i de::zoom -window [gi::getWindows 2] -factor [db::getPrefValue deCanvasMouseZoomFactor] -center {7.388 -0.298}
[15:05:37.14] /# gi::executeAction {deCanvasZoomOutAtPoint} -in [gi::getWindows 2]
[15:05:37.15] /i de::zoom -window [gi::getWindows 2] -factor [expr {1.0/[db::getPrefValue deCanvasMouseZoomFactor]}] -center {7.388 -0.298}
[15:05:37.44] /# gi::executeAction {deCanvasZoomOutAtPoint} -in [gi::getWindows 2]
[15:05:37.44] /i de::zoom -window [gi::getWindows 2] -factor [expr {1.0/[db::getPrefValue deCanvasMouseZoomFactor]}] -center {7.388 -0.298}
[15:05:37.80] /# gi::executeAction {deCanvasZoomInAtPoint} -in [gi::getWindows 2]
[15:05:37.80] /i de::zoom -window [gi::getWindows 2] -factor [db::getPrefValue deCanvasMouseZoomFactor] -center {7.388 -0.298}
[15:05:37.95] /# gi::executeAction {deCanvasZoomInAtPoint} -in [gi::getWindows 2]
[15:05:37.95] /i de::zoom -window [gi::getWindows 2] -factor [db::getPrefValue deCanvasMouseZoomFactor] -center {7.388 -0.298}
[15:05:38.56] /# gi::executeAction {deCanvasZoomInAtPoint} -in [gi::getWindows 2]
[15:05:38.56] /i de::zoom -window [gi::getWindows 2] -factor [db::getPrefValue deCanvasMouseZoomFactor] -center {7.388 -0.298}
[15:05:39.34] /# gi::executeAction {deCanvasZoomInAtPoint} -in [gi::getWindows 2]
[15:05:39.34] /i de::zoom -window [gi::getWindows 2] -factor [db::getPrefValue deCanvasMouseZoomFactor] -center {7.388 -0.298}
