[20:42:37.53] /o 
              /c                    PrimeWave Design Environment
              /c 
              /c            Version U-2023.03-SP2 for linux64 - Aug 24, 2023 00:53:01 
              /c 
              /c                     Copyright (c) 2000 - 2023 Synopsys, Inc.
              /c    This software and the associated documentation are proprietary to Synopsys,
              /c  Inc. This software may only be used in accordance with the terms and conditions
              /c  of a written license agreement with Synopsys, Inc. All other use, reproduction,
              /c    or distribution of this software is strictly prohibited.  Licensed Products
              /c      communicate with Synopsys servers for the purpose of providing software
              /c     updates, detecting software piracy and verifying that customers are using
              /c     Licensed Products in conformity with the applicable License Key for such
              /c   Licensed Products. Synopsys will use information gathered in connection with
              /c     this process to deliver software updates and pursue software pirates and
              /c                                    infringers.
              /c 
              /c  Inclusivity & Diversity - Visit SolvNetPlus to read the "Synopsys Statement on
              /c             Inclusivity and Diversity" (Refer to article 000036315 at
              /c                         https://solvnetplus.synopsys.com)
              /c 
              /c Build  (OPT) Config 9117514 compiled on Wed Aug 23 10:56:58 2023 for CentOS64 7.3
              /c Invocation: /mnt/vol_synopsys2023/synopsys/primewave/U-2023.03-SP2/linux64/platform/bin/primewave_st -gui 0 -log pw_shell_session15_job2 -libDefFile /mnt/vol_NFS_rh003/Est_VLSI_I_2024/Fernandez_Rodriguez_I_2024_vlsi/Tarea_2_vlsi/lib.defs
              /c Execution time: Mon Apr 15 20:42:34 2024
              /c Host: redhat003
              /c 
[20:42:37.55] /m Information: Started sharing "Custom WaveView ADV" license. (WAVEFORM-110)
[20:42:37.55] /m Information: Started sharing "Primewave" license. (WAVEFORM-110)
[20:42:37.55] /m Information: Feature 'SynopsysCustomSAE' checked out. (LICENSE-003)
[20:42:41.20] /r giShowFrameTabs true
[20:42:41.20] /r giWindowId 1
[20:42:41.20] /r giWindowGeometry 1040x800
[20:42:41.24] /i ::sa::_backgroundSaeShell::signalProcessReady 1713235353 86578
[20:42:41.25] /o saeInterBGSaeShell:  ::sa::_backgroundSaeShell::processReady 8
[20:47:42.45] /o saeInterBGSaeShell:  ::sa::_backgroundSaeShell::pingBack
[20:47:42.46] /m Information: Feature 'SynopsysCustomSAE' checked in. (LICENSE-004)
[20:47:42.47] /m Information: Stopped sharing "Primewave" license. (WAVEFORM-111)
[20:47:42.47] /m Information: Stopped sharing "Custom WaveView ADV" license. (WAVEFORM-111)
[20:47:42.56] /i ::sa::_backgroundSaeShell::parentRunning
[20:47:42.57] /o false
[20:49:40.17] /i ::wf::viewerExited
[20:49:41.05] /i ::wf::updateViewerLicense 2
[20:52:44.18] /o saeInterBGSaeShell:  ::sa::_backgroundSaeShell::pingBack
[20:56:48.97] /i ::sa::_backgroundSaeShell::parentRunning
[20:56:48.97] /o false
[21:01:51.94] /o saeInterBGSaeShell:  ::sa::_backgroundSaeShell::pingBack
[21:01:52.07] /i ::sa::_backgroundSaeShell::parentRunning
[21:01:52.07] /o false
[21:06:53.33] /o saeInterBGSaeShell:  ::sa::_backgroundSaeShell::pingBack
[21:06:53.47] /i ::sa::_backgroundSaeShell::parentRunning
[21:06:53.47] /o false
[21:11:54.59] /o saeInterBGSaeShell:  ::sa::_backgroundSaeShell::pingBack
[21:11:54.77] /i ::sa::_backgroundSaeShell::parentRunning
[21:11:54.77] /o false
[21:16:55.79] /o saeInterBGSaeShell:  ::sa::_backgroundSaeShell::pingBack
[21:16:55.86] /i ::sa::_backgroundSaeShell::parentRunning
[21:16:55.87] /o false
[21:21:57.07] /o saeInterBGSaeShell:  ::sa::_backgroundSaeShell::pingBack
[21:21:57.27] /i ::sa::_backgroundSaeShell::parentRunning
[21:21:57.27] /o false
[21:26:58.19] /o saeInterBGSaeShell:  ::sa::_backgroundSaeShell::pingBack
[21:26:58.36] /i ::sa::_backgroundSaeShell::parentRunning
[21:26:58.36] /o false
[21:32:00.04] /o saeInterBGSaeShell:  ::sa::_backgroundSaeShell::pingBack
[21:32:00.17] /i ::sa::_backgroundSaeShell::parentRunning
[21:32:00.17] /o false
[21:37:02.07] /o saeInterBGSaeShell:  ::sa::_backgroundSaeShell::pingBack
[21:37:02.37] /i ::sa::_backgroundSaeShell::parentRunning
[21:37:02.37] /o false
[21:42:04.27] /o saeInterBGSaeShell:  ::sa::_backgroundSaeShell::pingBack
[21:42:04.47] /i ::sa::_backgroundSaeShell::parentRunning
[21:42:04.47] /o false
[21:47:06.15] /o saeInterBGSaeShell:  ::sa::_backgroundSaeShell::pingBack
[21:47:06.16] /i ::sa::_backgroundSaeShell::parentRunning
[21:47:06.17] /o false
[21:52:07.69] /o saeInterBGSaeShell:  ::sa::_backgroundSaeShell::pingBack
[21:52:07.76] /i ::sa::_backgroundSaeShell::parentRunning
[21:52:07.76] /o false
[21:57:08.82] /o saeInterBGSaeShell:  ::sa::_backgroundSaeShell::pingBack
[21:57:08.97] /i ::sa::_backgroundSaeShell::parentRunning
[21:57:08.97] /o false
[22:02:10.63] /o saeInterBGSaeShell:  ::sa::_backgroundSaeShell::pingBack
[22:02:10.66] /i ::sa::_backgroundSaeShell::parentRunning
[22:02:10.67] /o false
[22:07:11.83] /o saeInterBGSaeShell:  ::sa::_backgroundSaeShell::pingBack
[22:07:11.96] /i ::sa::_backgroundSaeShell::parentRunning
[22:07:11.96] /o false
[22:12:13.02] /o saeInterBGSaeShell:  ::sa::_backgroundSaeShell::pingBack
[22:12:13.16] /i ::sa::_backgroundSaeShell::parentRunning
[22:12:13.17] /o false
[22:17:14.20] /o saeInterBGSaeShell:  ::sa::_backgroundSaeShell::pingBack
[22:17:14.36] /i ::sa::_backgroundSaeShell::parentRunning
[22:17:14.36] /o false
[22:22:15.39] /o saeInterBGSaeShell:  ::sa::_backgroundSaeShell::pingBack
[22:22:15.57] /i ::sa::_backgroundSaeShell::parentRunning
[22:22:15.57] /o false
[22:27:16.58] /o saeInterBGSaeShell:  ::sa::_backgroundSaeShell::pingBack
[22:27:16.76] /i ::sa::_backgroundSaeShell::parentRunning
[22:27:16.77] /o false
[22:32:17.77] /o saeInterBGSaeShell:  ::sa::_backgroundSaeShell::pingBack
[22:32:17.97] /i ::sa::_backgroundSaeShell::parentRunning
[22:32:17.97] /o false
[22:37:18.97] /o saeInterBGSaeShell:  ::sa::_backgroundSaeShell::pingBack
[22:37:19.17] /i ::sa::_backgroundSaeShell::parentRunning
[22:37:19.17] /o false
[22:42:21.18] /o saeInterBGSaeShell:  ::sa::_backgroundSaeShell::pingBack
[22:42:21.37] /i ::sa::_backgroundSaeShell::parentRunning
[22:42:21.37] /o false
[22:47:22.78] /o saeInterBGSaeShell:  ::sa::_backgroundSaeShell::pingBack
[22:47:22.97] /i ::sa::_backgroundSaeShell::parentRunning
[22:47:22.97] /o false
[22:52:24.74] /o saeInterBGSaeShell:  ::sa::_backgroundSaeShell::pingBack
[22:52:24.87] /i ::sa::_backgroundSaeShell::parentRunning
[22:52:24.87] /o false
[22:57:26.32] /o saeInterBGSaeShell:  ::sa::_backgroundSaeShell::pingBack
[22:57:26.47] /i ::sa::_backgroundSaeShell::parentRunning
[22:57:26.47] /o false
[23:02:28.13] /o saeInterBGSaeShell:  ::sa::_backgroundSaeShell::pingBack
[23:02:28.28] /i ::sa::_backgroundSaeShell::parentRunning
[23:02:28.28] /o false
[23:07:30.15] /o saeInterBGSaeShell:  ::sa::_backgroundSaeShell::pingBack
[23:07:30.16] /i ::sa::_backgroundSaeShell::parentRunning
[23:07:30.16] /o false
[23:12:32.43] /o saeInterBGSaeShell:  ::sa::_backgroundSaeShell::pingBack
[23:12:32.57] /i ::sa::_backgroundSaeShell::parentRunning
[23:12:32.57] /o false
[23:17:34.60] /o saeInterBGSaeShell:  ::sa::_backgroundSaeShell::pingBack
[23:17:34.77] /i ::sa::_backgroundSaeShell::parentRunning
[23:17:34.77] /o false
[23:22:36.12] /o saeInterBGSaeShell:  ::sa::_backgroundSaeShell::pingBack
[23:22:36.26] /i ::sa::_backgroundSaeShell::parentRunning
[23:22:36.26] /o false
[23:27:38.72] /o saeInterBGSaeShell:  ::sa::_backgroundSaeShell::pingBack
[23:27:38.87] /i ::sa::_backgroundSaeShell::parentRunning
[23:27:38.87] /o false
[23:32:42.18] /o saeInterBGSaeShell:  ::sa::_backgroundSaeShell::pingBack
[23:32:42.58] /i ::sa::_backgroundSaeShell::parentRunning
[23:32:42.58] /o false
[23:34:40.37] /i ::sa::_backgroundSaeShell::exit
[23:34:40.37] /o saeInterBGSaeShell:  ::sa::_backgroundSaeShell::childFormallyExiting
[23:34:42.78] /o Shutdown time: Mon Apr 15 23:34:42 2024
[23:34:42.78] /o Elapsed session real time: 2 hours 52.1 minutes
[23:34:42.78] /o Session terminated. Log is at /mnt/vol_NFS_rh003/Est_VLSI_I_2024/Fernandez_Rodriguez_I_2024_vlsi/Tarea_2_vlsi/synopsys_custom/logs/primewave.Fernandez_Rodriguez_I_2024_vlsi.2024_4_15_204234_666995.log
