### Custom WaveView ADV log file, revision U-2023.03-SP2 (build Aug 24, ) ###
### created at 21:09:32 on Mon Apr 15 2024 (Linux AMD64) ###
### Host Name: redhat003   User ID: Fernandez_Rodriguez_I_2024_vlsi   PID: 743712   ###
wv_start_log
# (0) running in waveview only mode
# (0) SW_SX_PERL_LIB defined
# (0) SW_SX_TCL_LIB defined
# (0) HOME defined
sx_open_sim_file_read {compueta_nors_prueba.tr0}
wv_expand_tree_item {Custom WaveView} {} {hierview} {D0:compueta_nors_prueba.tr0(0)} {+sep=@}
wv_select_tree_item {Custom WaveView} {} {hierview} {D0:compueta_nors_prueba.tr0(0)@toplevel(0)} {0} {+sep=@}
wv_select_list_item {Custom WaveView} {} {sigview} {y} 11
wv_select_list_item {Custom WaveView} {} {sigview} {y} 11
wv_dclick_list_item {Custom WaveView} {} {sigview} {y} 11
wv_select_list_item {Custom WaveView} {} {sigview} {a} 1
wv_dclick_list_item {Custom WaveView} {} {sigview} {a} 1
wv_select_window {Custom WaveView} 
wv_resize_browser {Custom WaveView} {} {waveview 1:1} 1089 606
wv_resize_window {Custom WaveView} 1349 775
wv_resize_browser {Custom WaveView} {} {WV.Browser} 250 637
wv_resize_browser {Custom WaveView} {} {waveview 1:1} 1096 611
wv_resize_window {Custom WaveView} 1356 780
wv_resize_browser {Custom WaveView} {} {WV.Browser} 250 640
wv_resize_browser {Custom WaveView} {} {waveview 1:1} 1101 614
wv_resize_window {Custom WaveView} 1361 783
wv_resize_browser {Custom WaveView} {} {WV.Browser} 250 644
wv_resize_browser {Custom WaveView} {} {waveview 1:1} 1105 618
wv_resize_window {Custom WaveView} 1365 787
wv_resize_browser {Custom WaveView} {} {WV.Browser} 250 666
wv_resize_browser {Custom WaveView} {} {waveview 1:1} 1142 640
wv_resize_window {Custom WaveView} 1402 809
wv_resize_browser {Custom WaveView} {} {WV.Browser} 250 671
wv_resize_browser {Custom WaveView} {} {waveview 1:1} 1147 645
wv_resize_window {Custom WaveView} 1407 814
wv_resize_browser {Custom WaveView} {} {WV.Browser} 250 682
wv_resize_browser {Custom WaveView} {} {waveview 1:1} 1161 656
wv_resize_window {Custom WaveView} 1421 825
wv_resize_browser {Custom WaveView} {} {WV.Browser} 250 689
wv_resize_browser {Custom WaveView} {} {waveview 1:1} 1170 663
wv_resize_window {Custom WaveView} 1430 832
wv_resize_browser {Custom WaveView} {} {WV.Browser} 250 696
wv_resize_browser {Custom WaveView} {} {waveview 1:1} 1176 670
wv_resize_window {Custom WaveView} 1436 839
wv_resize_browser {Custom WaveView} {} {waveview 1:1} 1178 670
wv_resize_window {Custom WaveView} 1438 839
wv_resize_browser {Custom WaveView} {} {WV.Browser} 250 702
wv_resize_browser {Custom WaveView} {} {waveview 1:1} 1184 676
wv_resize_window {Custom WaveView} 1444 845
wv_resize_browser {Custom WaveView} {} {WV.Browser} 250 704
wv_resize_browser {Custom WaveView} {} {waveview 1:1} 1187 678
wv_resize_window {Custom WaveView} 1447 847
wv_resize_browser {Custom WaveView} {} {WV.Browser} 250 724
wv_resize_browser {Custom WaveView} {} {waveview 1:1} 1205 698
wv_resize_window {Custom WaveView} 1465 867
wv_resize_browser {Custom WaveView} {} {WV.Browser} 250 733
wv_resize_browser {Custom WaveView} {} {waveview 1:1} 1212 707
wv_resize_window {Custom WaveView} 1472 876
wv_resize_browser {Custom WaveView} {} {WV.Browser} 250 738
wv_resize_browser {Custom WaveView} {} {waveview 1:1} 1216 712
wv_resize_window {Custom WaveView} 1476 881
wv_select_window {Custom WaveView} 
wv_close_window {Custom WaveView} 
wv_move_window {Confirmation} {} 863 418
wv_move_window {Confirmation} {} 873 422
wv_select_dialog {Confirmation} 
#wv_press_button {Confirmation} {} {Ok} 
