[20:41:40.32] /o 
              /c                    PrimeWave Design Environment
              /c 
              /c            Version U-2023.03-SP2 for linux64 - Aug 24, 2023 00:53:01 
              /c 
              /c                     Copyright (c) 2000 - 2023 Synopsys, Inc.
              /c    This software and the associated documentation are proprietary to Synopsys,
              /c  Inc. This software may only be used in accordance with the terms and conditions
              /c  of a written license agreement with Synopsys, Inc. All other use, reproduction,
              /c    or distribution of this software is strictly prohibited.  Licensed Products
              /c      communicate with Synopsys servers for the purpose of providing software
              /c     updates, detecting software piracy and verifying that customers are using
              /c     Licensed Products in conformity with the applicable License Key for such
              /c   Licensed Products. Synopsys will use information gathered in connection with
              /c     this process to deliver software updates and pursue software pirates and
              /c                                    infringers.
              /c 
              /c  Inclusivity & Diversity - Visit SolvNetPlus to read the "Synopsys Statement on
              /c             Inclusivity and Diversity" (Refer to article 000036315 at
              /c                         https://solvnetplus.synopsys.com)
              /c 
              /c Build  (OPT) Config 9117514 compiled on Wed Aug 23 10:56:58 2023 for CentOS64 7.3
              /c Invocation: /mnt/vol_synopsys2023/synopsys/primewave/U-2023.03-SP2/linux64/platform/bin/primewave_st -gui 0 -log pw_shell_session15_job1 -libDefFile /mnt/vol_NFS_rh003/Est_VLSI_I_2024/Fernandez_Rodriguez_I_2024_vlsi/Tarea_2_vlsi/lib.defs
              /c Execution time: Mon Apr 15 20:41:38 2024
              /c Host: redhat003
              /c 
[20:41:40.34] /m Information: Started sharing "Custom WaveView ADV" license. (WAVEFORM-110)
[20:41:40.34] /m Information: Started sharing "Primewave" license. (WAVEFORM-110)
[20:41:40.34] /m Information: Feature 'SynopsysCustomSAE' checked out. (LICENSE-003)
[20:41:42.91] /r giShowFrameTabs true
[20:41:42.91] /r giWindowId 1
[20:41:42.91] /r giWindowGeometry 1040x800
[20:41:42.95] /i ::sa::_backgroundSaeShell::signalProcessReady 1713235296 86578
[20:41:42.96] /o saeInterBGSaeShell:  ::sa::_backgroundSaeShell::processReady 6
[20:41:42.96] /i ::wf::updateViewerLicense 2
[20:41:43.47] /i ::wf::updateViewerLicense 2
[20:42:33.12] /i ::sa::_backgroundSaeShell::runScript /home/Fernandez_Rodriguez_I_2024_vlsi/simulation/tarea_2,NORS,schematic/history_1/simulation/FineSim_VCS_default/FineSimProVCS/nominal/.bg_measurement_script.tcl 0 sa::_resultsDatabase::saeShellProcessingCompletedProc testSuiteName saeSession6 uniqueSessionName {} testbenchName FineSim_VCS_default resultsDir /home/Fernandez_Rodriguez_I_2024_vlsi/simulation/tarea_2,NORS,schematic/history_1/simulation/FineSim_VCS_default/FineSimProVCS/nominal/results testSuiteDir /home/Fernandez_Rodriguez_I_2024_vlsi/simulation/tarea_2,NORS,schematic/history_1/simulation/FineSim_VCS_default/FineSimProVCS/nominal databaseName /home/Fernandez_Rodriguez_I_2024_vlsi/simulation/tarea_2,NORS,schematic/history_1/simulation/FineSim_VCS_default/FineSimProVCS/nominal/resultsDatabase remoteRun {} testbenchId 1 saveImages true
[20:42:33.39] /w Warning: The environment option digitalOutputDataFormat is reset to FineSimProVCS default.
[20:42:33.39] /w Warning: The environment option mergedFile is reset to FineSimProVCS default.
[20:42:33.39] /w Warning: The environment option compilationOptions is reset to FineSimProVCS default.
[20:42:33.39] /w Warning: The environment option vhdlanOptions is reset to FineSimProVCS default.
[20:42:33.39] /w Warning: The environment option elaborationOptions is reset to FineSimProVCS default.
[20:42:33.39] /w Warning: The environment option analogSimulatorOptions is reset to FineSimProVCS default.
[20:42:33.39] /w Warning: The environment option outputDataFormat is reset to FineSimProVCS default.
[20:42:33.40] /w Warning: The environment option commandLineOptions is reset to FineSimProVCS default.
[20:42:33.40] /w Warning: The environment option switchViewList is reset to FineSimProVCS default.
[20:42:33.40] /w Warning: The environment option stopViewList is reset to FineSimProVCS default.
[20:42:33.46] /m Information: Loading preferences from /home/Fernandez_Rodriguez_I_2024_vlsi/simulation/tarea_2,NORS,schematic/history_1/simulation/FineSim_VCS_default/FineSimProVCS/nominal/pw_shell_session_prefs.xml
[20:42:33.62] /o 
[20:42:33.62] /o <> -------------------------------------------
[20:42:33.62] /o <>
[20:42:33.62] /o <> Loading XFAB PDK components
[20:42:33.62] /o <>  basic                            O.K
[20:42:33.64] /o <>  exports                          O.K
[20:42:33.65] /o <>  custom                           O.K
[20:42:33.66] /o <>  cdf                              O.K
[20:42:33.66] /o <>  netlisting                       O.K
[20:42:33.68] /o <>  useability                       WRN
[20:42:33.68] /o <>  synopsys                         O.K
[20:42:33.72] /o <>  pcellkit                         O.K
[20:42:33.73] /o <>  trigger_callbacks                O.K
[20:42:33.73] /o <> Loading XFAB PDK preferences
[20:42:33.73] /w Warning: Could not set the value of preference xtDRCTool because it does not exist. (PREFERENCE-016)
[20:42:33.73] /w Warning: Could not set the value of preference xtLVSTool because it does not exist. (PREFERENCE-016)
[20:42:33.74] /w Warning: Could not set the value of preference xtLVSSchNetlister because it does not exist. (PREFERENCE-016)
[20:42:33.74] /w Warning: Could not set the value of preference xtLPELVSTool because it does not exist. (PREFERENCE-016)
[20:42:33.74] /w Warning: Could not set the value of preference lxSplit because it does not exist. (PREFERENCE-016)
[20:42:33.74] /w Warning: Could not set the value of preference lxMFactorNames because it does not exist. (PREFERENCE-016)
[20:42:33.74] /w Warning: Could not set the value of preference lxTopBottomPinLPP because it does not exist. (PREFERENCE-016)
[20:42:33.74] /w Warning: Could not set the value of preference lxLeftRightPinLPP because it does not exist. (PREFERENCE-016)
[20:42:33.74] /w Warning: Preference 'nlPromoteTerms' is deprecated and scheduled for removal in a future release with no replacement. For migration assistance, see the Custom Compiler Tcl Reference Manual. (PREFERENCE-058)
[20:42:33.74] /w Warning: Could not set the value of preference xtPVLayerMapFile because it does not exist. (PREFERENCE-016)
[20:42:33.74] /w Warning: Could not set the value of preference xtLPEStarRunsetFile because it does not exist. (PREFERENCE-016)
[20:42:33.74] /w Warning: Could not set the value of preference xtStarTcadGrdFile because it does not exist. (PREFERENCE-016)
[20:42:33.74] /w Warning: Could not set the value of preference xtDRCICVIncludePaths because it does not exist. (PREFERENCE-016)
[20:42:33.74] /w Warning: Could not set the value of preference xtLVSICVIncludePaths because it does not exist. (PREFERENCE-016)
[20:42:33.74] /w Warning: Could not set the value of preference xtCDLViewSearchList because it does not exist. (PREFERENCE-016)
[20:42:33.74] /w Warning: Could not set the value of preference xtCDLViewStopList because it does not exist. (PREFERENCE-016)
[20:42:33.74] /w Warning: Could not set the value of preference xtDRCICVRunsetFile because it does not exist. (PREFERENCE-016)
[20:42:33.74] /w Warning: Could not set the value of preference xtLVSICVRunsetFile because it does not exist. (PREFERENCE-016)
[20:42:33.74] /w Warning: Could not set the value of preference xtDRCICVControlVars because it does not exist. (PREFERENCE-016)
[20:42:33.74] /w Warning: Could not set the value of preference xtLVSICVControlVars because it does not exist. (PREFERENCE-016)
[20:42:33.74] /o <> Loading Calibre presets for XFAB PDK
[20:42:33.74] /w Warning: Could not set the value of preference xtCalibreNetlistExportNetlisterEnabled because it does not exist. (PREFERENCE-016)
[20:42:33.74] /w Warning: Could not set the value of preference xtCalibreNetlistExportNetlister because it does not exist. (PREFERENCE-016)
[20:42:33.74] /w Warning: Could not set the value of preference xtCalibreNetlistExportViewList because it does not exist. (PREFERENCE-016)
[20:42:33.74] /w Warning: Could not set the value of preference xtCalibreNetlistExportStopList because it does not exist. (PREFERENCE-016)
[20:42:33.74] /o <> Loading .xfabrc user script
[20:42:33.74] /o <>
[20:42:33.74] /o <> -------------------------------------------
[20:42:33.74] /o <>
[20:42:33.74] /o <> Technology     xt018
[20:42:33.74] /o <> Version        v12_1_1_1
[20:42:33.74] /o <> LibCode        1243
[20:42:33.74] /o <> Core           LP 1.8V
[20:42:33.74] /o <> Metal          Thin4
[20:42:33.74] /o <> TopMetal       METTP&METTPL
[20:42:33.74] /o <>
[20:42:33.74] /o <> -------------------------------------------
[20:42:33.74] /o 
[20:42:33.74] /m Information: WARNLOAD  /mnt/vol_synopsys2023/pdks/xfab/design/xkit/xt018/synopsys/v12_1/PDK/CustomCompiler/v12_1_1_1/scripts/useability/xt018_mimant_check.tcl
[20:42:33.99] /m Information: Start incremental database creation...
[20:42:34.00] /m Information: Create Iter role param id map
[20:42:34.02] /o saeInterBGSaeShell:  ::sa::_backgroundSaeShell::scriptFinished 0.8 {} sa::_resultsDatabase::saeShellProcessingCompletedProc testSuiteName saeSession6 uniqueSessionName {} testbenchName FineSim_VCS_default resultsDir /home/Fernandez_Rodriguez_I_2024_vlsi/simulation/tarea_2,NORS,schematic/history_1/simulation/FineSim_VCS_default/FineSimProVCS/nominal/results testSuiteDir /home/Fernandez_Rodriguez_I_2024_vlsi/simulation/tarea_2,NORS,schematic/history_1/simulation/FineSim_VCS_default/FineSimProVCS/nominal databaseName /home/Fernandez_Rodriguez_I_2024_vlsi/simulation/tarea_2,NORS,schematic/history_1/simulation/FineSim_VCS_default/FineSimProVCS/nominal/resultsDatabase remoteRun {} testbenchId 1 saveImages true
[20:42:34.02] /o false
[20:42:34.03] /i ::wf::viewerExited
[20:42:34.14] /i db::setAttr geometry -of [gi::getFrames 1] -value 1014x710+5+52
[20:47:35.20] /o saeInterBGSaeShell:  ::sa::_backgroundSaeShell::pingBack
[20:47:35.26] /i ::sa::_backgroundSaeShell::parentRunning
[20:47:35.26] /o false
[20:47:35.47] /m Information: Feature 'SynopsysCustomSAE' checked in. (LICENSE-004)
[20:47:35.47] /m Information: Stopped sharing "Primewave" license. (WAVEFORM-111)
[20:47:35.47] /m Information: Stopped sharing "Custom WaveView ADV" license. (WAVEFORM-111)
[20:49:40.17] /i ::wf::viewerExited
[20:49:41.05] /i ::wf::updateViewerLicense 2
[20:52:36.48] /o saeInterBGSaeShell:  ::sa::_backgroundSaeShell::pingBack
[20:56:48.97] /i ::sa::_backgroundSaeShell::parentRunning
[20:56:48.97] /o false
[21:01:49.58] /o saeInterBGSaeShell:  ::sa::_backgroundSaeShell::pingBack
[21:01:49.66] /i ::sa::_backgroundSaeShell::parentRunning
[21:01:49.66] /o false
[21:06:51.09] /o saeInterBGSaeShell:  ::sa::_backgroundSaeShell::pingBack
[21:06:51.16] /i ::sa::_backgroundSaeShell::parentRunning
[21:06:51.16] /o false
[21:11:52.27] /o saeInterBGSaeShell:  ::sa::_backgroundSaeShell::pingBack
[21:11:52.36] /i ::sa::_backgroundSaeShell::parentRunning
[21:11:52.36] /o false
[21:16:53.47] /o saeInterBGSaeShell:  ::sa::_backgroundSaeShell::pingBack
[21:16:53.57] /i ::sa::_backgroundSaeShell::parentRunning
[21:16:53.57] /o false
[21:21:54.91] /o saeInterBGSaeShell:  ::sa::_backgroundSaeShell::pingBack
[21:21:54.96] /i ::sa::_backgroundSaeShell::parentRunning
[21:21:54.97] /o false
[21:26:56.11] /o saeInterBGSaeShell:  ::sa::_backgroundSaeShell::pingBack
[21:26:56.16] /i ::sa::_backgroundSaeShell::parentRunning
[21:26:56.16] /o false
[21:31:57.66] /o saeInterBGSaeShell:  ::sa::_backgroundSaeShell::pingBack
[21:31:57.66] /i ::sa::_backgroundSaeShell::parentRunning
[21:31:57.67] /o false
[21:36:59.45] /o saeInterBGSaeShell:  ::sa::_backgroundSaeShell::pingBack
[21:36:59.64] /i ::sa::_backgroundSaeShell::parentRunning
[21:36:59.64] /o false
[21:42:01.91] /o saeInterBGSaeShell:  ::sa::_backgroundSaeShell::pingBack
[21:42:02.06] /i ::sa::_backgroundSaeShell::parentRunning
[21:42:02.07] /o false
[21:47:03.37] /o saeInterBGSaeShell:  ::sa::_backgroundSaeShell::pingBack
[21:47:03.47] /i ::sa::_backgroundSaeShell::parentRunning
[21:47:03.47] /o false
[21:52:05.02] /o saeInterBGSaeShell:  ::sa::_backgroundSaeShell::pingBack
[21:52:05.16] /i ::sa::_backgroundSaeShell::parentRunning
[21:52:05.17] /o false
[21:57:06.47] /o saeInterBGSaeShell:  ::sa::_backgroundSaeShell::pingBack
[21:57:06.66] /i ::sa::_backgroundSaeShell::parentRunning
[21:57:06.66] /o false
[22:02:08.15] /o saeInterBGSaeShell:  ::sa::_backgroundSaeShell::pingBack
[22:02:08.16] /i ::sa::_backgroundSaeShell::parentRunning
[22:02:08.16] /o false
[22:07:09.35] /o saeInterBGSaeShell:  ::sa::_backgroundSaeShell::pingBack
[22:07:09.36] /i ::sa::_backgroundSaeShell::parentRunning
[22:07:09.36] /o false
[22:12:10.67] /o saeInterBGSaeShell:  ::sa::_backgroundSaeShell::pingBack
[22:12:10.88] /i ::sa::_backgroundSaeShell::parentRunning
[22:12:10.88] /o false
[22:17:11.70] /o saeInterBGSaeShell:  ::sa::_backgroundSaeShell::pingBack
[22:17:11.76] /i ::sa::_backgroundSaeShell::parentRunning
[22:17:11.76] /o false
[22:22:12.93] /o saeInterBGSaeShell:  ::sa::_backgroundSaeShell::pingBack
[22:22:13.06] /i ::sa::_backgroundSaeShell::parentRunning
[22:22:13.06] /o false
[22:27:14.12] /o saeInterBGSaeShell:  ::sa::_backgroundSaeShell::pingBack
[22:27:14.16] /i ::sa::_backgroundSaeShell::parentRunning
[22:27:14.16] /o false
[22:32:15.31] /o saeInterBGSaeShell:  ::sa::_backgroundSaeShell::pingBack
[22:32:15.36] /i ::sa::_backgroundSaeShell::parentRunning
[22:32:15.36] /o false
[22:37:16.51] /o saeInterBGSaeShell:  ::sa::_backgroundSaeShell::pingBack
[22:37:16.57] /i ::sa::_backgroundSaeShell::parentRunning
[22:37:16.57] /o false
[22:42:18.46] /o saeInterBGSaeShell:  ::sa::_backgroundSaeShell::pingBack
[22:42:18.56] /i ::sa::_backgroundSaeShell::parentRunning
[22:42:18.56] /o false
[22:47:19.69] /o saeInterBGSaeShell:  ::sa::_backgroundSaeShell::pingBack
[22:47:19.76] /i ::sa::_backgroundSaeShell::parentRunning
[22:47:19.77] /o false
[22:52:21.16] /o saeInterBGSaeShell:  ::sa::_backgroundSaeShell::pingBack
[22:52:21.17] /i ::sa::_backgroundSaeShell::parentRunning
[22:52:21.17] /o false
[22:57:23.00] /o saeInterBGSaeShell:  ::sa::_backgroundSaeShell::pingBack
[22:57:23.06] /i ::sa::_backgroundSaeShell::parentRunning
[22:57:23.07] /o false
[23:02:25.18] /o saeInterBGSaeShell:  ::sa::_backgroundSaeShell::pingBack
[23:02:25.73] /i ::sa::_backgroundSaeShell::parentRunning
[23:02:25.73] /o false
[23:07:27.48] /o saeInterBGSaeShell:  ::sa::_backgroundSaeShell::pingBack
[23:07:27.58] /i ::sa::_backgroundSaeShell::parentRunning
[23:07:27.58] /o false
[23:12:29.91] /o saeInterBGSaeShell:  ::sa::_backgroundSaeShell::pingBack
[23:12:30.06] /i ::sa::_backgroundSaeShell::parentRunning
[23:12:30.07] /o false
[23:17:31.96] /o saeInterBGSaeShell:  ::sa::_backgroundSaeShell::pingBack
[23:17:32.06] /i ::sa::_backgroundSaeShell::parentRunning
[23:17:32.07] /o false
[23:22:33.32] /o saeInterBGSaeShell:  ::sa::_backgroundSaeShell::pingBack
[23:22:33.36] /i ::sa::_backgroundSaeShell::parentRunning
[23:22:33.36] /o false
[23:27:36.12] /o saeInterBGSaeShell:  ::sa::_backgroundSaeShell::pingBack
[23:27:36.27] /i ::sa::_backgroundSaeShell::parentRunning
[23:27:36.27] /o false
[23:32:39.26] /o saeInterBGSaeShell:  ::sa::_backgroundSaeShell::pingBack
[23:32:39.27] /i ::sa::_backgroundSaeShell::parentRunning
[23:32:39.27] /o false
[23:34:40.36] /i ::sa::_backgroundSaeShell::exit
[23:34:40.36] /o saeInterBGSaeShell:  ::sa::_backgroundSaeShell::childFormallyExiting
[23:34:44.82] /o Shutdown time: Mon Apr 15 23:34:44 2024
[23:34:44.82] /o Elapsed session real time: 2 hours 53.08 minutes
[23:34:44.82] /o Session terminated. Log is at /mnt/vol_NFS_rh003/Est_VLSI_I_2024/Fernandez_Rodriguez_I_2024_vlsi/Tarea_2_vlsi/synopsys_custom/logs/primewave.Fernandez_Rodriguez_I_2024_vlsi.2024_4_15_204138_651875.log
