[20:07:36.78] /o 
              /c                    PrimeWave Design Environment
              /c 
              /c            Version U-2023.03-SP2 for linux64 - Aug 24, 2023 00:53:01 
              /c 
              /c                     Copyright (c) 2000 - 2023 Synopsys, Inc.
              /c    This software and the associated documentation are proprietary to Synopsys,
              /c  Inc. This software may only be used in accordance with the terms and conditions
              /c  of a written license agreement with Synopsys, Inc. All other use, reproduction,
              /c    or distribution of this software is strictly prohibited.  Licensed Products
              /c      communicate with Synopsys servers for the purpose of providing software
              /c     updates, detecting software piracy and verifying that customers are using
              /c     Licensed Products in conformity with the applicable License Key for such
              /c   Licensed Products. Synopsys will use information gathered in connection with
              /c     this process to deliver software updates and pursue software pirates and
              /c                                    infringers.
              /c 
              /c  Inclusivity & Diversity - Visit SolvNetPlus to read the "Synopsys Statement on
              /c             Inclusivity and Diversity" (Refer to article 000036315 at
              /c                         https://solvnetplus.synopsys.com)
              /c 
              /c Build  (OPT) Config 9117514 compiled on Wed Aug 23 10:56:58 2023 for CentOS64 7.3
              /c Invocation: /mnt/vol_synopsys2023/synopsys/primewave/U-2023.03-SP2/linux64/platform/bin/primewave_st -gui 0 -log pw_shell_session12_job2 -libDefFile /mnt/vol_NFS_rh003/Est_VLSI_I_2024/Fernandez_Rodriguez_I_2024_vlsi/Tarea_2_vlsi/lib.defs
              /c Execution time: Mon Apr 15 20:07:33 2024
              /c Host: redhat003
              /c 
[20:07:36.80] /m Information: Started sharing "Custom WaveView ADV" license. (WAVEFORM-110)
[20:07:36.80] /m Information: Started sharing "Primewave" license. (WAVEFORM-110)
[20:07:36.80] /m Information: Feature 'SynopsysCustomSAE' checked out. (LICENSE-003)
[20:07:43.47] /r giShowFrameTabs true
[20:07:43.47] /r giWindowId 1
[20:07:43.47] /r giWindowGeometry 1040x800
[20:07:43.52] /i ::sa::_backgroundSaeShell::signalProcessReady 1713233250 86578
[20:07:43.53] /o saeInterBGSaeShell:  ::sa::_backgroundSaeShell::processReady 13
[20:12:39.47] /m Information: Feature 'SynopsysCustomSAE' checked in. (LICENSE-004)
[20:12:39.47] /m Information: Stopped sharing "Primewave" license. (WAVEFORM-111)
[20:12:39.47] /m Information: Stopped sharing "Custom WaveView ADV" license. (WAVEFORM-111)
[20:12:44.80] /o saeInterBGSaeShell:  ::sa::_backgroundSaeShell::pingBack
[20:12:44.97] /i ::sa::_backgroundSaeShell::parentRunning
[20:12:44.97] /o false
[20:13:39.88] /i ::wf::viewerExited
[20:16:04.77] /i ::wf::viewerExited
[20:16:05.65] /i ::wf::updateViewerLicense 2
[20:17:45.98] /o saeInterBGSaeShell:  ::sa::_backgroundSaeShell::pingBack
[20:17:46.17] /i ::sa::_backgroundSaeShell::parentRunning
[20:17:46.17] /o false
[20:22:47.18] /o saeInterBGSaeShell:  ::sa::_backgroundSaeShell::pingBack
[20:22:47.36] /i ::sa::_backgroundSaeShell::parentRunning
[20:22:47.37] /o false
[20:26:35.23] /i ::sa::_backgroundSaeShell::exit
[20:26:35.23] /o saeInterBGSaeShell:  ::sa::_backgroundSaeShell::childFormallyExiting
[20:26:36.14] /o Shutdown time: Mon Apr 15 20:26:36 2024
[20:26:36.14] /o Elapsed session real time: 19 minutes
[20:26:36.14] /o Session terminated. Log is at /mnt/vol_NFS_rh003/Est_VLSI_I_2024/Fernandez_Rodriguez_I_2024_vlsi/Tarea_2_vlsi/synopsys_custom/logs/primewave.Fernandez_Rodriguez_I_2024_vlsi.2024_4_15_200733_542728.log
