[15:46:44.69] /o 
              /c                    PrimeWave Design Environment
              /c 
              /c            Version U-2023.03-SP2 for linux64 - Aug 24, 2023 00:53:01 
              /c 
              /c                     Copyright (c) 2000 - 2023 Synopsys, Inc.
              /c    This software and the associated documentation are proprietary to Synopsys,
              /c  Inc. This software may only be used in accordance with the terms and conditions
              /c  of a written license agreement with Synopsys, Inc. All other use, reproduction,
              /c    or distribution of this software is strictly prohibited.  Licensed Products
              /c      communicate with Synopsys servers for the purpose of providing software
              /c     updates, detecting software piracy and verifying that customers are using
              /c     Licensed Products in conformity with the applicable License Key for such
              /c   Licensed Products. Synopsys will use information gathered in connection with
              /c     this process to deliver software updates and pursue software pirates and
              /c                                    infringers.
              /c 
              /c  Inclusivity & Diversity - Visit SolvNetPlus to read the "Synopsys Statement on
              /c             Inclusivity and Diversity" (Refer to article 000036315 at
              /c                         https://solvnetplus.synopsys.com)
              /c 
              /c Build  (OPT) Config 9117514 compiled on Wed Aug 23 10:56:58 2023 for CentOS64 7.3
              /c Invocation: /mnt/vol_synopsys2023/synopsys/primewave/U-2023.03-SP2/linux64/platform/bin/primewave_st -gui 0 -log pw_shell_session0_job1 -libDefFile /mnt/vol_NFS_rh003/Est_VLSI_I_2024/Fernandez_Rodriguez_I_2024_vlsi/Tarea_2_vlsi/lib.defs
              /c Execution time: Mon Apr 15 15:46:42 2024
              /c Host: redhat003
              /c 
[15:46:44.71] /m Information: Started sharing "Custom WaveView ADV" license. (WAVEFORM-110)
[15:46:44.71] /m Information: Started sharing "Primewave" license. (WAVEFORM-110)
[15:46:44.71] /m Information: Feature 'SynopsysCustomSAE' checked out. (LICENSE-003)
[15:46:47.19] /r giShowFrameTabs true
[15:46:47.19] /r giWindowId 1
[15:46:47.19] /r giWindowGeometry 1040x800
[15:46:47.24] /i ::sa::_backgroundSaeShell::signalProcessReady 1713217600 86578
[15:46:47.24] /o saeInterBGSaeShell:  ::sa::_backgroundSaeShell::processReady 7
[15:46:47.25] /i ::wf::updateViewerLicense 2
[15:46:47.48] /i ::wf::updateViewerLicense 2
[15:51:48.43] /o saeInterBGSaeShell:  ::sa::_backgroundSaeShell::pingBack
[15:51:48.46] /i ::sa::_backgroundSaeShell::parentRunning
[15:51:48.47] /o false
[15:51:49.47] /m Information: Feature 'SynopsysCustomSAE' checked in. (LICENSE-004)
[15:51:49.47] /m Information: Stopped sharing "Primewave" license. (WAVEFORM-111)
[15:51:49.47] /m Information: Stopped sharing "Custom WaveView ADV" license. (WAVEFORM-111)
[15:56:49.63] /o saeInterBGSaeShell:  ::sa::_backgroundSaeShell::pingBack
[15:56:49.77] /i ::sa::_backgroundSaeShell::parentRunning
[15:56:49.77] /o false
[16:01:50.83] /o saeInterBGSaeShell:  ::sa::_backgroundSaeShell::pingBack
[16:01:50.87] /i ::sa::_backgroundSaeShell::parentRunning
[16:01:50.87] /o false
[16:06:52.03] /o saeInterBGSaeShell:  ::sa::_backgroundSaeShell::pingBack
[16:06:52.16] /i ::sa::_backgroundSaeShell::parentRunning
[16:06:52.16] /o false
[16:11:53.23] /o saeInterBGSaeShell:  ::sa::_backgroundSaeShell::pingBack
[16:11:53.27] /i ::sa::_backgroundSaeShell::parentRunning
[16:11:53.27] /o false
[16:16:54.43] /o saeInterBGSaeShell:  ::sa::_backgroundSaeShell::pingBack
[16:16:54.47] /i ::sa::_backgroundSaeShell::parentRunning
[16:16:54.47] /o false
[16:21:55.63] /o saeInterBGSaeShell:  ::sa::_backgroundSaeShell::pingBack
[16:21:55.76] /i ::sa::_backgroundSaeShell::parentRunning
[16:21:55.76] /o false
[16:26:56.83] /o saeInterBGSaeShell:  ::sa::_backgroundSaeShell::pingBack
[16:26:56.86] /i ::sa::_backgroundSaeShell::parentRunning
[16:26:56.86] /o false
[16:31:58.04] /o saeInterBGSaeShell:  ::sa::_backgroundSaeShell::pingBack
[16:31:58.17] /i ::sa::_backgroundSaeShell::parentRunning
[16:31:58.17] /o false
[16:36:59.23] /o saeInterBGSaeShell:  ::sa::_backgroundSaeShell::pingBack
[16:36:59.37] /i ::sa::_backgroundSaeShell::parentRunning
[16:36:59.37] /o false
[16:42:00.43] /o saeInterBGSaeShell:  ::sa::_backgroundSaeShell::pingBack
[16:42:00.47] /i ::sa::_backgroundSaeShell::parentRunning
[16:42:00.47] /o false
[16:47:01.63] /o saeInterBGSaeShell:  ::sa::_backgroundSaeShell::pingBack
[16:47:01.77] /i ::sa::_backgroundSaeShell::parentRunning
[16:47:01.77] /o false
[16:52:02.84] /o saeInterBGSaeShell:  ::sa::_backgroundSaeShell::pingBack
[16:52:02.87] /i ::sa::_backgroundSaeShell::parentRunning
[16:52:02.87] /o false
[16:57:04.03] /o saeInterBGSaeShell:  ::sa::_backgroundSaeShell::pingBack
[16:57:04.07] /i ::sa::_backgroundSaeShell::parentRunning
[16:57:04.07] /o false
[17:02:05.23] /o saeInterBGSaeShell:  ::sa::_backgroundSaeShell::pingBack
[17:02:05.37] /i ::sa::_backgroundSaeShell::parentRunning
[17:02:05.37] /o false
[17:07:06.43] /o saeInterBGSaeShell:  ::sa::_backgroundSaeShell::pingBack
[17:07:06.57] /i ::sa::_backgroundSaeShell::parentRunning
[17:07:06.57] /o false
[17:12:07.66] /o saeInterBGSaeShell:  ::sa::_backgroundSaeShell::pingBack
[17:12:07.67] /i ::sa::_backgroundSaeShell::parentRunning
[17:12:07.67] /o false
[17:17:08.85] /o saeInterBGSaeShell:  ::sa::_backgroundSaeShell::pingBack
[17:17:08.97] /i ::sa::_backgroundSaeShell::parentRunning
[17:17:08.97] /o false
[17:22:10.05] /o saeInterBGSaeShell:  ::sa::_backgroundSaeShell::pingBack
[17:22:10.17] /i ::sa::_backgroundSaeShell::parentRunning
[17:22:10.17] /o false
[17:27:11.25] /o saeInterBGSaeShell:  ::sa::_backgroundSaeShell::pingBack
[17:27:11.36] /i ::sa::_backgroundSaeShell::parentRunning
[17:27:11.37] /o false
[17:32:12.45] /o saeInterBGSaeShell:  ::sa::_backgroundSaeShell::pingBack
[17:32:12.56] /i ::sa::_backgroundSaeShell::parentRunning
[17:32:12.57] /o false
[17:37:13.65] /o saeInterBGSaeShell:  ::sa::_backgroundSaeShell::pingBack
[17:37:13.67] /i ::sa::_backgroundSaeShell::parentRunning
[17:37:13.67] /o false
[17:42:14.86] /o saeInterBGSaeShell:  ::sa::_backgroundSaeShell::pingBack
[17:42:14.97] /i ::sa::_backgroundSaeShell::parentRunning
[17:42:14.97] /o false
[17:47:16.05] /o saeInterBGSaeShell:  ::sa::_backgroundSaeShell::pingBack
[17:47:16.17] /i ::sa::_backgroundSaeShell::parentRunning
[17:47:16.17] /o false
[17:52:17.26] /o saeInterBGSaeShell:  ::sa::_backgroundSaeShell::pingBack
[17:52:17.37] /i ::sa::_backgroundSaeShell::parentRunning
[17:52:17.37] /o false
[17:57:18.46] /o saeInterBGSaeShell:  ::sa::_backgroundSaeShell::pingBack
[17:57:18.57] /i ::sa::_backgroundSaeShell::parentRunning
[17:57:18.57] /o false
[18:02:19.65] /o saeInterBGSaeShell:  ::sa::_backgroundSaeShell::pingBack
[18:02:19.77] /i ::sa::_backgroundSaeShell::parentRunning
[18:02:19.77] /o false
[18:07:20.85] /o saeInterBGSaeShell:  ::sa::_backgroundSaeShell::pingBack
[18:07:20.97] /i ::sa::_backgroundSaeShell::parentRunning
[18:07:20.97] /o false
[18:12:22.05] /o saeInterBGSaeShell:  ::sa::_backgroundSaeShell::pingBack
[18:12:22.16] /i ::sa::_backgroundSaeShell::parentRunning
[18:12:22.17] /o false
[18:17:23.25] /o saeInterBGSaeShell:  ::sa::_backgroundSaeShell::pingBack
[18:17:23.26] /i ::sa::_backgroundSaeShell::parentRunning
[18:17:23.26] /o false
[18:22:24.42] /o saeInterBGSaeShell:  ::sa::_backgroundSaeShell::pingBack
[18:22:24.56] /i ::sa::_backgroundSaeShell::parentRunning
[18:22:24.57] /o false
[18:27:25.62] /o saeInterBGSaeShell:  ::sa::_backgroundSaeShell::pingBack
[18:27:25.76] /i ::sa::_backgroundSaeShell::parentRunning
[18:27:25.77] /o false
[18:32:26.83] /o saeInterBGSaeShell:  ::sa::_backgroundSaeShell::pingBack
[18:32:26.86] /i ::sa::_backgroundSaeShell::parentRunning
[18:32:26.87] /o false
[18:37:28.00] /o saeInterBGSaeShell:  ::sa::_backgroundSaeShell::pingBack
[18:37:28.07] /i ::sa::_backgroundSaeShell::parentRunning
[18:37:28.07] /o false
[18:42:29.20] /o saeInterBGSaeShell:  ::sa::_backgroundSaeShell::pingBack
[18:42:29.26] /i ::sa::_backgroundSaeShell::parentRunning
[18:42:29.26] /o false
[18:47:30.40] /o saeInterBGSaeShell:  ::sa::_backgroundSaeShell::pingBack
[18:47:30.46] /i ::sa::_backgroundSaeShell::parentRunning
[18:47:30.47] /o false
[18:52:31.60] /o saeInterBGSaeShell:  ::sa::_backgroundSaeShell::pingBack
[18:52:31.77] /i ::sa::_backgroundSaeShell::parentRunning
[18:52:31.77] /o false
[18:57:32.87] /o saeInterBGSaeShell:  ::sa::_backgroundSaeShell::pingBack
[18:57:32.97] /i ::sa::_backgroundSaeShell::parentRunning
[18:57:32.97] /o false
[19:02:34.12] /o saeInterBGSaeShell:  ::sa::_backgroundSaeShell::pingBack
[19:02:34.16] /i ::sa::_backgroundSaeShell::parentRunning
[19:02:34.16] /o false
[19:07:35.30] /o saeInterBGSaeShell:  ::sa::_backgroundSaeShell::pingBack
[19:07:35.47] /i ::sa::_backgroundSaeShell::parentRunning
[19:07:35.47] /o false
[19:12:36.50] /o saeInterBGSaeShell:  ::sa::_backgroundSaeShell::pingBack
[19:12:36.56] /i ::sa::_backgroundSaeShell::parentRunning
[19:12:36.57] /o false
[19:17:37.69] /o saeInterBGSaeShell:  ::sa::_backgroundSaeShell::pingBack
[19:17:37.86] /i ::sa::_backgroundSaeShell::parentRunning
[19:17:37.86] /o false
[19:22:39.22] /o saeInterBGSaeShell:  ::sa::_backgroundSaeShell::pingBack
[19:22:39.37] /i ::sa::_backgroundSaeShell::parentRunning
[19:22:39.37] /o false
[19:27:40.96] /o saeInterBGSaeShell:  ::sa::_backgroundSaeShell::pingBack
[19:27:40.97] /i ::sa::_backgroundSaeShell::parentRunning
[19:27:40.97] /o false
[19:32:42.51] /o saeInterBGSaeShell:  ::sa::_backgroundSaeShell::pingBack
[19:32:42.66] /i ::sa::_backgroundSaeShell::parentRunning
[19:32:42.67] /o false
[19:35:50.72] /i ::sa::_backgroundSaeShell::exit
[19:35:50.72] /o saeInterBGSaeShell:  ::sa::_backgroundSaeShell::childFormallyExiting
[19:35:51.56] /o Shutdown time: Mon Apr 15 19:35:51 2024
[19:35:51.56] /o Elapsed session real time: 3 hours 49.11 minutes
[19:35:51.57] /o Session terminated. Log is at /mnt/vol_NFS_rh003/Est_VLSI_I_2024/Fernandez_Rodriguez_I_2024_vlsi/Tarea_2_vlsi/synopsys_custom/logs/primewave.Fernandez_Rodriguez_I_2024_vlsi.2024_4_15_154642_127225.log
