
                                  StarRC (TM)

               Version U-2022.12-SP5 for linux64 - Jul 11, 2023 

                    Copyright (c) 1999 - 2023 Synopsys, Inc.
   This software and the associated documentation are proprietary to Synopsys,
 Inc. This software may only be used in accordance with the terms and conditions
 of a written license agreement with Synopsys, Inc. All other use, reproduction,
   or distribution of this software is strictly prohibited.  Licensed Products
     communicate with Synopsys servers for the purpose of providing software
    updates, detecting software piracy and verifying that customers are using
    Licensed Products in conformity with the applicable License Key for such
  Licensed Products. Synopsys will use information gathered in connection with
    this process to deliver software updates and pursue software pirates and
                                   infringers.

 Inclusivity & Diversity - Visit SolvNetPlus to read the "Synopsys Statement on
            Inclusivity and Diversity" (Refer to article 000036315 at
                        https://solvnetplus.synopsys.com)

ExecName: /mnt/vol_synopsys2023/synopsys/starrc/U-2022.12-SP5/linux64_starrc/bin/StarXtract
Version: U-2022.12-SP5
Built on: Jul 11 2023 20:05:46
Start Time: Mon Apr 29 15:00:06 2024

Host ............ redhat003

xTractorName: /mnt/vol_synopsys2023/synopsys/starrc/U-2022.12-SP5/linux64_starrc/bin/xTractor
Version: U-2022.12-SP5
Built on: Jul 11 2023 20:05:39
WARNING: ICV COMPARE option MEMORY_ARRAY_COMPARISON is not supported for XREF extractions. (SX-2192)
WARNING: ICV COMPARE option MEMORY_ARRAY_COMPARISON is not supported for XREF extractions. (SX-2192)
WARNING: ICV COMPARE option MEMORY_ARRAY_COMPARISON is not supported for XREF extractions. (SX-2192)
ERROR: Cannot use MODEL_TYPE:SCHEMATIC with XREF:NO. (SX-0322)
